[travisll][ITW-CORE][2022-11-01 21:05:37.000 CDT][INFO ][net.sourceforge.jnlp.util.logging.filelogs.WriterBasedFileLog][Output controller consumer daemon#2ecbef60] writer-based impl.
[ITW-CORE][2022-11-01 21:05:36.591 CDT][DEBUG][net.adoptopenjdk.icedteaweb.logging.LoggerFactory] init logger factory to net.sourceforge.jnlp.util.logging.OutputControllerLoggerFactory@7382f612
[ITW-CORE][2022-11-01 21:05:36.607 CDT][INFO ][net.sourceforge.jnlp.runtime.EnvironmentPrinter] OpenWebStartLauncher called with args: [-Xnofork, /Applications/admin.jnlp].
[ITW-CORE][2022-11-01 21:05:36.607 CDT][INFO ][net.sourceforge.jnlp.runtime.EnvironmentPrinter] OS: Mac OS X
[ITW-CORE][2022-11-01 21:05:36.607 CDT][INFO ][net.sourceforge.jnlp.runtime.EnvironmentPrinter] Java Runtime Microsoft-17.0.4
[ITW-CORE][2022-11-01 21:05:36.612 CDT][DEBUG][net.sourceforge.jnlp.runtime.JNLPRuntime] using com.openwebstart.extensionpoint.OwsExtensionPoint extension point
[ITW-CORE][2022-11-01 21:05:36.961 CDT][INFO ][net.sourceforge.jnlp.config.DeploymentConfiguration] Ico provider registered correctly.
[ITW-CORE][2022-11-01 21:05:36.971 CDT][INFO ][net.sourceforge.jnlp.config.DeploymentConfiguration] Loading USER level properties from: file:/Users/travisll/.config/icedtea-web/deployment.properties
[ITW-CORE][2022-11-01 21:05:37.000 CDT][DEBUG][net.sourceforge.jnlp.util.logging.FileLog] Start logging into: net.sourceforge.jnlp.util.logging.filelogs.WriterBasedFileLog@47ab8cdb
[ITW-CORE][2022-11-01 21:05:37.472 CDT][DEBUG][net.adoptopenjdk.icedteaweb.client.parts.dialogs.security.SecurityDialogMessageHandler] Starting security dialog thread
[ITW-CORE][2022-11-01 21:05:37.530 CDT][DEBUG][net.sourceforge.jnlp.security.KeyStores] Keystore file /Users/travisll/.config/icedtea-web/security/trusted.clientcerts exists.
[ITW-CORE][2022-11-01 21:05:37.530 CDT][DEBUG][net.sourceforge.jnlp.security.SecurityUtil] Loading Keystore /Users/travisll/.config/icedtea-web/security/trusted.clientcerts
[ITW-CORE][2022-11-01 21:05:37.530 CDT][DEBUG][net.sourceforge.jnlp.security.KeystorePasswordAttempter] Operating Keystore /Users/travisll/.config/icedtea-web/security/trusted.clientcerts
[ITW-CORE][2022-11-01 21:05:37.531 CDT][DEBUG][net.sourceforge.jnlp.security.KeystorePasswordAttempter] Operating Keystore Unknown
[ITW-CORE][2022-11-01 21:05:37.532 CDT][DEBUG][net.sourceforge.jnlp.security.KeyStores] Keystore file /Users/travisll/.asdf/installs/java/microsoft-17.0.4/lib/security/trusted.jssecerts does not exists.
[ITW-CORE][2022-11-01 21:05:37.532 CDT][DEBUG][net.sourceforge.jnlp.security.SecurityUtil] Loading Keystore Unknown
[ITW-CORE][2022-11-01 21:05:37.532 CDT][DEBUG][net.sourceforge.jnlp.security.KeystorePasswordAttempter] Operating Keystore Unknown
[ITW-CORE][2022-11-01 21:05:37.532 CDT][DEBUG][net.sourceforge.jnlp.security.KeyStores] Keystore file /Users/travisll/.asdf/installs/java/microsoft-17.0.4/lib/security/trusted.certs does not exists.
[ITW-CORE][2022-11-01 21:05:37.533 CDT][DEBUG][net.sourceforge.jnlp.security.SecurityUtil] Loading Keystore Unknown
[ITW-CORE][2022-11-01 21:05:37.533 CDT][DEBUG][net.sourceforge.jnlp.security.KeystorePasswordAttempter] Operating Keystore Unknown
[ITW-CORE][2022-11-01 21:05:37.533 CDT][DEBUG][net.sourceforge.jnlp.security.KeyStores] Keystore file /Users/travisll/.config/icedtea-web/security/trusted.jssecerts exists.
[ITW-CORE][2022-11-01 21:05:37.533 CDT][DEBUG][net.sourceforge.jnlp.security.SecurityUtil] Loading Keystore /Users/travisll/.config/icedtea-web/security/trusted.jssecerts
[ITW-CORE][2022-11-01 21:05:37.534 CDT][DEBUG][net.sourceforge.jnlp.security.KeystorePasswordAttempter] Operating Keystore /Users/travisll/.config/icedtea-web/security/trusted.jssecerts
[ITW-CORE][2022-11-01 21:05:37.535 CDT][DEBUG][net.sourceforge.jnlp.security.KeyStores] Keystore file /Users/travisll/.config/icedtea-web/security/trusted.certs exists.
[ITW-CORE][2022-11-01 21:05:37.535 CDT][DEBUG][net.sourceforge.jnlp.security.SecurityUtil] Loading Keystore /Users/travisll/.config/icedtea-web/security/trusted.certs
[ITW-CORE][2022-11-01 21:05:37.535 CDT][DEBUG][net.sourceforge.jnlp.security.KeystorePasswordAttempter] Operating Keystore /Users/travisll/.config/icedtea-web/security/trusted.certs
[ITW-CORE][2022-11-01 21:05:37.563 CDT][DEBUG][net.sourceforge.jnlp.security.KeyStores] Keystore file /Users/travisll/.asdf/installs/java/microsoft-17.0.4/lib/security/jssecacerts does not exists.
[ITW-CORE][2022-11-01 21:05:37.563 CDT][DEBUG][net.sourceforge.jnlp.security.SecurityUtil] Loading Keystore Unknown
[ITW-CORE][2022-11-01 21:05:37.563 CDT][DEBUG][net.sourceforge.jnlp.security.KeystorePasswordAttempter] Operating Keystore Unknown
[ITW-CORE][2022-11-01 21:05:37.564 CDT][DEBUG][net.sourceforge.jnlp.security.KeyStores] Keystore file /Users/travisll/.asdf/installs/java/microsoft-17.0.4/lib/security/cacerts exists.
[ITW-CORE][2022-11-01 21:05:37.564 CDT][DEBUG][net.sourceforge.jnlp.security.SecurityUtil] Loading Keystore /Users/travisll/.asdf/installs/java/microsoft-17.0.4/lib/security/cacerts
[ITW-CORE][2022-11-01 21:05:37.564 CDT][DEBUG][net.sourceforge.jnlp.security.KeystorePasswordAttempter] Operating Keystore /Users/travisll/.asdf/installs/java/microsoft-17.0.4/lib/security/cacerts
[ITW-CORE][2022-11-01 21:05:37.589 CDT][DEBUG][net.sourceforge.jnlp.security.KeyStores] Keystore file /Users/travisll/.config/icedtea-web/security/trusted.jssecacerts exists.
[ITW-CORE][2022-11-01 21:05:37.589 CDT][DEBUG][net.sourceforge.jnlp.security.SecurityUtil] Loading Keystore /Users/travisll/.config/icedtea-web/security/trusted.jssecacerts
[ITW-CORE][2022-11-01 21:05:37.589 CDT][DEBUG][net.sourceforge.jnlp.security.KeystorePasswordAttempter] Operating Keystore /Users/travisll/.config/icedtea-web/security/trusted.jssecacerts
[ITW-CORE][2022-11-01 21:05:37.589 CDT][DEBUG][net.sourceforge.jnlp.security.KeyStores] Keystore file /Users/travisll/.config/icedtea-web/security/trusted.cacerts exists.
[ITW-CORE][2022-11-01 21:05:37.589 CDT][DEBUG][net.sourceforge.jnlp.security.SecurityUtil] Loading Keystore /Users/travisll/.config/icedtea-web/security/trusted.cacerts
[ITW-CORE][2022-11-01 21:05:37.589 CDT][DEBUG][net.sourceforge.jnlp.security.KeystorePasswordAttempter] Operating Keystore /Users/travisll/.config/icedtea-web/security/trusted.cacerts
[ITW-CORE][2022-11-01 21:05:37.590 CDT][DEBUG][net.sourceforge.jnlp.security.KeyStores] Keystore file /Users/travisll/.asdf/installs/java/microsoft-17.0.4/lib/security/trusted.clientcerts does not exists.
[ITW-CORE][2022-11-01 21:05:37.590 CDT][DEBUG][net.sourceforge.jnlp.security.SecurityUtil] Loading Keystore Unknown
[ITW-CORE][2022-11-01 21:05:37.590 CDT][DEBUG][net.sourceforge.jnlp.security.KeystorePasswordAttempter] Operating Keystore Unknown
[ITW-CORE][2022-11-01 21:05:37.590 CDT][DEBUG][net.sourceforge.jnlp.security.KeyStores] Keystore file /Users/travisll/.config/icedtea-web/security/trusted.clientcerts exists.
[ITW-CORE][2022-11-01 21:05:37.591 CDT][DEBUG][net.sourceforge.jnlp.security.SecurityUtil] Loading Keystore /Users/travisll/.config/icedtea-web/security/trusted.clientcerts
[ITW-CORE][2022-11-01 21:05:37.591 CDT][DEBUG][net.sourceforge.jnlp.security.KeystorePasswordAttempter] Operating Keystore /Users/travisll/.config/icedtea-web/security/trusted.clientcerts
[ITW-CORE][2022-11-01 21:05:37.595 CDT][DEBUG][com.openwebstart.proxy.WebStartProxySelector] Selected ProxyProvider : NONE 
[ITW-CORE][2022-11-01 21:05:37.595 CDT][DEBUG][com.openwebstart.proxy.ProxyProviderType] Direct proxy created
[ITW-CORE][2022-11-01 21:05:37.596 CDT][INFO ][net.sourceforge.jnlp.runtime.Boot] Proceeding with jnlp
[ITW-CORE][2022-11-01 21:05:37.596 CDT][INFO ][net.sourceforge.jnlp.runtime.Boot] JNLP file location: /Applications/admin.jnlp
[ITW-CORE][2022-11-01 21:05:37.597 CDT][DEBUG][net.adoptopenjdk.icedteaweb.resources.ResourceTracker] Create resource for 'file:/Applications/admin.jnlp'
[ITW-CORE][2022-11-01 21:05:37.602 CDT][DEBUG][net.adoptopenjdk.icedteaweb.resources.ResourceHandler] Resource is not cacheable: admin.jnlp
[ITW-CORE][2022-11-01 21:05:37.603 CDT][DEBUG][net.adoptopenjdk.icedteaweb.resources.ResourceTracker] Download done. Shutting down executor
[ITW-CORE][2022-11-01 21:05:37.604 CDT][DEBUG][net.sourceforge.jnlp.JNLPFile] Parsing JNLP file
location: file:/Applications/admin.jnlp
codebase: null
content:
<?xml version="1.0" encoding="utf-8"?>
<jnlp spec="1.0+" codebase="https://isy.universal-devices.com/994i/5.3.3" href="admin.jnlp">
<information>
<title>ISY994 Administrative Console</title>
<vendor>Universal Devices, Inc.</vendor>
<description>Configuration Utility for ISY</description>
<homepage href="https://www.universal-devices.com"/>
<description kind="short">ISY Admin Console</description>
<shortcut online="true"><desktop/><menu submenu="ISY994 Series"/></shortcut>
<icon href="udlogo.png" kind="splash"/>
<icon href="isy.jpg" />
<offline-allowed/> 
</information>
<java version="1.7*" vendor="Microsoft"/>
<security><all-permissions/></security>
<update check="background" policy="always"/>
<resources>
<jar href="insteon.jar" download="eager"/>
<jar href="ce.jar" download="lazy"/>
<jar href="chart.jar" download="lazy"/>
<jar href="fp.jar" download="lazy"/>
<jar href="RXTX.jar" download="lazy"/>
<j2se version="1.8+" />
</resources>
<application-desc main-class="com.universaldevices.client.ui.UDClientApplet">
<argument>urn:udi-com:device:X_Insteon_Lighting_Device:1</argument>
</application-desc></jnlp>
[ITW-CORE][2022-11-01 21:05:37.606 CDT][INFO ][net.adoptopenjdk.icedteaweb.xmlparser.MalformedXMLParser] Using MalformedXMLParser
[ITW-CORE][2022-11-01 21:05:37.699 CDT][INFO ][net.sourceforge.jnlp.Parser] Homepage: https://www.universal-devices.com
[ITW-CORE][2022-11-01 21:05:37.699 CDT][INFO ][net.sourceforge.jnlp.Parser] Description: Configuration Utility for ISY
[ITW-CORE][2022-11-01 21:05:37.700 CDT][DEBUG][net.adoptopenjdk.icedteaweb.manifest.ManifestAttributesReader] Jars not ready to provide attribute Application-Name
[ITW-CORE][2022-11-01 21:05:37.700 CDT][INFO ][net.sourceforge.jnlp.JNLPFile] Acceptable vendor tag found, contains: Universal Devices, Inc.
[ITW-CORE][2022-11-01 21:05:37.701 CDT][INFO ][net.sourceforge.jnlp.Parser] good - your JRE - 17.0.4 - match requested JRE - 1.8+
[ITW-CORE][2022-11-01 21:05:37.703 CDT][DEBUG][net.adoptopenjdk.icedteaweb.resources.ResourceTracker] Create resource for 'https://isy.universal-devices.com/994i/5.3.3/admin.jnlp'
[ITW-CORE][2022-11-01 21:05:37.714 CDT][DEBUG][net.adoptopenjdk.icedteaweb.resources.ResourceHandler] Start processing resource: admin.jnlp
[ITW-CORE][2022-11-01 21:05:37.722 CDT][INFO ][net.adoptopenjdk.icedteaweb.resources.cache.CacheImpl] isCached: CacheKey{location=https://isy.universal-devices.com/994i/5.3.3/admin.jnlp, version=null} = true
[ITW-CORE][2022-11-01 21:05:37.723 CDT][DEBUG][net.adoptopenjdk.icedteaweb.resources.initializer.UnversionedResourceInitializer] needsUpdateCheck: https://isy.universal-devices.com/994i/5.3.3/admin.jnlp -> true
[ITW-CORE][2022-11-01 21:05:37.723 CDT][DEBUG][net.adoptopenjdk.icedteaweb.resources.initializer.UnversionedResourceInitializer] Candidate URLs for [l=https://isy.universal-devices.com/994i/5.3.3/admin.jnlp v=null s=I]: [https://isy.universal-devices.com/994i/5.3.3/admin.jnlp]
[ITW-CORE][2022-11-01 21:05:37.726 CDT][DEBUG][com.openwebstart.proxy.direct.DirectProxyProvider] Using NO_PROXY for https://isy.universal-devices.com/994i/5.3.3/admin.jnlp
[ITW-CORE][2022-11-01 21:05:37.782 CDT][DEBUG][com.openwebstart.proxy.direct.DirectProxyProvider] Using NO_PROXY for socket://isy.universal-devices.com:443
[ITW-CORE][2022-11-01 21:05:37.999 CDT][DEBUG][net.adoptopenjdk.icedteaweb.resources.initializer.UrlProber] URL connection 'https://isy.universal-devices.com/994i/5.3.3/admin.jnlp' header fields: {null=[HTTP/1.1 200 OK], X-Cache=[Hit from cloudfront], Alt-Svc=[h3=":443"; ma=86400], Server=[nginx/1.22.0], X-Amz-Cf-Pop=[DFW53-C1], Connection=[keep-alive], Last-Modified=[Mon, 08 Mar 2021 05:32:27 GMT], Date=[Wed, 02 Nov 2022 02:05:35 GMT], Via=[1.1 db3303de5aa8461011e0f5e2356e84a8.cloudfront.net (CloudFront)], Accept-Ranges=[bytes], Strict-Transport-Security=[max-age=31536000; includeSubDomains; preload], ETag=["6045b6eb-451"], X-Amz-Cf-Id=[TcT23K3xDzu1trawV-eaoZawY1LO9ebBBau0e8ExqwF5Rv_Pfd6GjQ==], Content-Length=[1105], Age=[2], Content-Type=[application/x-java-jnlp-file]}
[ITW-CORE][2022-11-01 21:05:37.999 CDT][DEBUG][net.adoptopenjdk.icedteaweb.resources.initializer.BaseResourceInitializer] Best url for [l=https://isy.universal-devices.com/994i/5.3.3/admin.jnlp v=null s=I] is https://isy.universal-devices.com/994i/5.3.3/admin.jnlp by HEAD
[ITW-CORE][2022-11-01 21:05:38.001 CDT][DEBUG][net.adoptopenjdk.icedteaweb.resources.cache.CachedFile] CacheKey{location=https://isy.universal-devices.com/994i/5.3.3/admin.jnlp, version=null}: isCached true
[ITW-CORE][2022-11-01 21:05:38.001 CDT][DEBUG][net.adoptopenjdk.icedteaweb.resources.cache.CachedFile] CacheKey{location=https://isy.universal-devices.com/994i/5.3.3/admin.jnlp, version=null}: lastModified cache:1615181547000 actual:1615181547000 -> isCurrent = true
[ITW-CORE][2022-11-01 21:05:38.001 CDT][INFO ][net.adoptopenjdk.icedteaweb.resources.cache.CacheImpl] isUpToDate: CacheKey{location=https://isy.universal-devices.com/994i/5.3.3/admin.jnlp, version=null} = true
[ITW-CORE][2022-11-01 21:05:38.001 CDT][DEBUG][net.adoptopenjdk.icedteaweb.resources.initializer.UnversionedResourceInitializer] needsUpdate: https://isy.universal-devices.com/994i/5.3.3/admin.jnlp -> false
[ITW-CORE][2022-11-01 21:05:38.003 CDT][DEBUG][net.adoptopenjdk.icedteaweb.resources.initializer.BaseResourceInitializer] Use cached version of resource [l=https://isy.universal-devices.com/994i/5.3.3/admin.jnlp v=null s=D] at /Users/travisll/.cache/icedtea-web/cache/0/0/admin.jnlp
[ITW-CORE][2022-11-01 21:05:38.003 CDT][DEBUG][net.adoptopenjdk.icedteaweb.resources.ResourceTracker] Download done. Shutting down executor
[ITW-CORE][2022-11-01 21:05:38.003 CDT][DEBUG][net.sourceforge.jnlp.JNLPFile] Parsing JNLP file
location: https://isy.universal-devices.com/994i/5.3.3/admin.jnlp
codebase: null
content:
<?xml version="1.0" encoding="utf-8"?>
<jnlp spec="1.0+" codebase="https://isy.universal-devices.com/994i/5.3.3" href="admin.jnlp">
<information>
<title>ISY994 Administrative Console</title>
<vendor>Universal Devices, Inc.</vendor>
<description>Configuration Utility for ISY</description>
<homepage href="https://www.universal-devices.com"/>
<description kind="short">ISY Admin Console</description>
<shortcut online="true"><desktop/><menu submenu="ISY994 Series"/></shortcut>
<icon href="udlogo.png" kind="splash"/>
<icon href="isy.jpg" />
<offline-allowed/> 
</information>
<security><all-permissions/></security>
<update check="background" policy="always"/>
<resources>
<jar href="insteon.jar" download="eager"/>
<jar href="ce.jar" download="lazy"/>
<jar href="chart.jar" download="lazy"/>
<jar href="fp.jar" download="lazy"/>
<jar href="RXTX.jar" download="lazy"/>
<j2se version="1.8+" />
</resources>
<application-desc main-class="com.universaldevices.client.ui.UDClientApplet">
<argument>urn:udi-com:device:X_Insteon_Lighting_Device:1</argument>
</application-desc></jnlp>
[ITW-CORE][2022-11-01 21:05:38.004 CDT][INFO ][net.adoptopenjdk.icedteaweb.xmlparser.MalformedXMLParser] Using MalformedXMLParser
[ITW-CORE][2022-11-01 21:05:38.007 CDT][INFO ][net.sourceforge.jnlp.Parser] Homepage: https://www.universal-devices.com
[ITW-CORE][2022-11-01 21:05:38.007 CDT][INFO ][net.sourceforge.jnlp.Parser] Description: Configuration Utility for ISY
[ITW-CORE][2022-11-01 21:05:38.007 CDT][DEBUG][net.adoptopenjdk.icedteaweb.manifest.ManifestAttributesReader] Jars not ready to provide attribute Application-Name
[ITW-CORE][2022-11-01 21:05:38.007 CDT][INFO ][net.sourceforge.jnlp.JNLPFile] Acceptable vendor tag found, contains: Universal Devices, Inc.
[ITW-CORE][2022-11-01 21:05:38.007 CDT][INFO ][net.sourceforge.jnlp.Parser] good - your JRE - 17.0.4 - match requested JRE - 1.8+
[ITW-CORE][2022-11-01 21:05:38.008 CDT][DEBUG][net.sourceforge.jnlp.runtime.JNLPRuntime] Acquired shared lock on /var/folders/qv/zd44h42s6h5fj4q235rr1_3wzgxmhk/T/travisll/netx/locks/netx_running to indicate javaws is running
[ITW-CORE][2022-11-01 21:05:38.008 CDT][DEBUG][net.adoptopenjdk.icedteaweb.manifest.ManifestAttributesReader] Jars not ready to provide attribute Application-Name
[ITW-CORE][2022-11-01 21:05:38.008 CDT][DEBUG][net.adoptopenjdk.icedteaweb.manifest.ManifestAttributesReader] Jars not ready to provide attribute Application-Name
[ITW-CORE][2022-11-01 21:05:38.009 CDT][DEBUG][net.sourceforge.jnlp.Launcher] Launching Application
[ITW-CORE][2022-11-01 21:05:38.009 CDT][DEBUG][net.sourceforge.jnlp.services.ServiceUtil] call privileged method: checkSingleInstanceRunning
[ITW-CORE][2022-11-01 21:05:38.010 CDT][DEBUG][net.sourceforge.jnlp.services.ServiceUtil] arg: net.sourceforge.jnlp.JNLPFile@6b507b73
[ITW-CORE][2022-11-01 21:05:38.010 CDT][DEBUG][net.sourceforge.jnlp.services.ServiceUtil] result: null
[ITW-CORE][2022-11-01 21:05:38.010 CDT][DEBUG][net.adoptopenjdk.icedteaweb.resources.ResourceTracker] Create resource for 'https://isy.universal-devices.com/994i/5.3.3/udlogo.png'
[ITW-CORE][2022-11-01 21:05:38.010 CDT][DEBUG][net.adoptopenjdk.icedteaweb.resources.ResourceTracker] Prefetching resource udlogo.png
[ITW-CORE][2022-11-01 21:05:38.011 CDT][DEBUG][net.adoptopenjdk.icedteaweb.resources.ResourceHandler] Start processing resource: udlogo.png
[ITW-CORE][2022-11-01 21:05:38.012 CDT][INFO ][net.adoptopenjdk.icedteaweb.resources.cache.CacheImpl] isCached: CacheKey{location=https://isy.universal-devices.com/994i/5.3.3/udlogo.png, version=null} = true
[ITW-CORE][2022-11-01 21:05:38.012 CDT][DEBUG][net.adoptopenjdk.icedteaweb.resources.initializer.UnversionedResourceInitializer] needsUpdateCheck: https://isy.universal-devices.com/994i/5.3.3/udlogo.png -> true
[ITW-CORE][2022-11-01 21:05:38.012 CDT][DEBUG][net.adoptopenjdk.icedteaweb.resources.initializer.UnversionedResourceInitializer] Candidate URLs for [l=https://isy.universal-devices.com/994i/5.3.3/udlogo.png v=null s=I]: [https://isy.universal-devices.com/994i/5.3.3/udlogo.png]
[ITW-CORE][2022-11-01 21:05:38.013 CDT][DEBUG][com.openwebstart.proxy.direct.DirectProxyProvider] Using NO_PROXY for https://isy.universal-devices.com/994i/5.3.3/udlogo.png
[ITW-CORE][2022-11-01 21:05:38.073 CDT][DEBUG][net.adoptopenjdk.icedteaweb.resources.initializer.UrlProber] URL connection 'https://isy.universal-devices.com/994i/5.3.3/udlogo.png' header fields: {null=[HTTP/1.1 200 OK], X-Cache=[RefreshHit from cloudfront], Alt-Svc=[h3=":443"; ma=86400], Server=[nginx/1.22.0], X-Amz-Cf-Pop=[DFW53-C1], Connection=[keep-alive], Last-Modified=[Mon, 08 Mar 2021 05:32:41 GMT], Date=[Wed, 02 Nov 2022 02:05:38 GMT], Via=[1.1 db3303de5aa8461011e0f5e2356e84a8.cloudfront.net (CloudFront)], Accept-Ranges=[bytes], Strict-Transport-Security=[max-age=31536000; includeSubDomains; preload], ETag=["6045b6f9-a18e"], X-Amz-Cf-Id=[906v11XIzruLRwncGj7w-qV47fNSmFR3TvoUD2Butu6a3-VtJTyAkQ==], Vary=[Accept-Encoding], Content-Length=[41358], Content-Type=[image/png]}
[ITW-CORE][2022-11-01 21:05:38.073 CDT][DEBUG][net.adoptopenjdk.icedteaweb.resources.initializer.BaseResourceInitializer] Best url for [l=https://isy.universal-devices.com/994i/5.3.3/udlogo.png v=null s=I] is https://isy.universal-devices.com/994i/5.3.3/udlogo.png by HEAD
[ITW-CORE][2022-11-01 21:05:38.074 CDT][DEBUG][net.adoptopenjdk.icedteaweb.resources.cache.CachedFile] CacheKey{location=https://isy.universal-devices.com/994i/5.3.3/udlogo.png, version=null}: isCached true
[ITW-CORE][2022-11-01 21:05:38.074 CDT][DEBUG][net.adoptopenjdk.icedteaweb.resources.cache.CachedFile] CacheKey{location=https://isy.universal-devices.com/994i/5.3.3/udlogo.png, version=null}: lastModified cache:1615181561000 actual:1615181561000 -> isCurrent = true
[ITW-CORE][2022-11-01 21:05:38.074 CDT][INFO ][net.adoptopenjdk.icedteaweb.resources.cache.CacheImpl] isUpToDate: CacheKey{location=https://isy.universal-devices.com/994i/5.3.3/udlogo.png, version=null} = true
[ITW-CORE][2022-11-01 21:05:38.074 CDT][DEBUG][net.adoptopenjdk.icedteaweb.resources.initializer.UnversionedResourceInitializer] needsUpdate: https://isy.universal-devices.com/994i/5.3.3/udlogo.png -> false
[ITW-CORE][2022-11-01 21:05:38.076 CDT][DEBUG][net.adoptopenjdk.icedteaweb.resources.initializer.BaseResourceInitializer] Use cached version of resource [l=https://isy.universal-devices.com/994i/5.3.3/udlogo.png v=null s=D] at /Users/travisll/.cache/icedtea-web/cache/0/1/udlogo.png
[ITW-CORE][2022-11-01 21:05:38.076 CDT][DEBUG][net.adoptopenjdk.icedteaweb.resources.ResourceTracker] Download done. Shutting down executor
[ITW-CORE][2022-11-01 21:05:38.093 CDT][INFO ][net.sourceforge.jnlp.runtime.classloader.JNLPClassLoader] New classloader: https://isy.universal-devices.com/994i/5.3.3/admin.jnlp
[ITW-CORE][2022-11-01 21:05:38.095 CDT][DEBUG][net.adoptopenjdk.icedteaweb.resources.ResourceTracker] Create resource for 'https://isy.universal-devices.com/994i/5.3.3/insteon.jar'
[ITW-CORE][2022-11-01 21:05:38.095 CDT][DEBUG][net.adoptopenjdk.icedteaweb.resources.ResourceTracker] Prefetching resource insteon.jar
[ITW-CORE][2022-11-01 21:05:38.095 CDT][DEBUG][net.adoptopenjdk.icedteaweb.resources.ResourceTracker] Create resource for 'https://isy.universal-devices.com/994i/5.3.3/ce.jar'
[ITW-CORE][2022-11-01 21:05:38.095 CDT][DEBUG][net.adoptopenjdk.icedteaweb.resources.ResourceHandler] Start processing resource: insteon.jar
[ITW-CORE][2022-11-01 21:05:38.095 CDT][DEBUG][net.adoptopenjdk.icedteaweb.resources.ResourceTracker] Prefetching resource ce.jar
[ITW-CORE][2022-11-01 21:05:38.095 CDT][DEBUG][net.adoptopenjdk.icedteaweb.resources.ResourceTracker] Create resource for 'https://isy.universal-devices.com/994i/5.3.3/chart.jar'
[ITW-CORE][2022-11-01 21:05:38.095 CDT][DEBUG][net.adoptopenjdk.icedteaweb.resources.ResourceHandler] Start processing resource: ce.jar
[ITW-CORE][2022-11-01 21:05:38.095 CDT][DEBUG][net.adoptopenjdk.icedteaweb.resources.ResourceTracker] Prefetching resource chart.jar
[ITW-CORE][2022-11-01 21:05:38.095 CDT][DEBUG][net.adoptopenjdk.icedteaweb.resources.ResourceTracker] Create resource for 'https://isy.universal-devices.com/994i/5.3.3/fp.jar'
[ITW-CORE][2022-11-01 21:05:38.095 CDT][DEBUG][net.adoptopenjdk.icedteaweb.resources.ResourceHandler] Start processing resource: chart.jar
[ITW-CORE][2022-11-01 21:05:38.095 CDT][DEBUG][net.adoptopenjdk.icedteaweb.resources.ResourceTracker] Prefetching resource fp.jar
[ITW-CORE][2022-11-01 21:05:38.096 CDT][DEBUG][net.adoptopenjdk.icedteaweb.resources.ResourceTracker] Create resource for 'https://isy.universal-devices.com/994i/5.3.3/RXTX.jar'
[ITW-CORE][2022-11-01 21:05:38.096 CDT][DEBUG][net.adoptopenjdk.icedteaweb.resources.ResourceHandler] Start processing resource: fp.jar
[ITW-CORE][2022-11-01 21:05:38.096 CDT][DEBUG][net.adoptopenjdk.icedteaweb.resources.ResourceTracker] Prefetching resource RXTX.jar
[ITW-CORE][2022-11-01 21:05:38.096 CDT][DEBUG][net.adoptopenjdk.icedteaweb.resources.ResourceHandler] Start processing resource: RXTX.jar
[ITW-CORE][2022-11-01 21:05:38.096 CDT][DEBUG][net.adoptopenjdk.icedteaweb.manifest.ManifestAttributesReader] Jars not ready to provide attribute Application-Name
[ITW-CORE][2022-11-01 21:05:38.096 CDT][DEBUG][com.openwebstart.download.ApplicationDownloadIndicator] DownloadServiceListener for ISY994 Administrative Console will be created
[ITW-CORE][2022-11-01 21:05:38.096 CDT][INFO ][net.adoptopenjdk.icedteaweb.resources.cache.CacheImpl] isCached: CacheKey{location=https://isy.universal-devices.com/994i/5.3.3/insteon.jar, version=null} = true
[ITW-CORE][2022-11-01 21:05:38.097 CDT][INFO ][net.adoptopenjdk.icedteaweb.resources.cache.CacheImpl] isCached: CacheKey{location=https://isy.universal-devices.com/994i/5.3.3/ce.jar, version=null} = true
[ITW-CORE][2022-11-01 21:05:38.097 CDT][INFO ][net.adoptopenjdk.icedteaweb.resources.cache.CacheImpl] isCached: CacheKey{location=https://isy.universal-devices.com/994i/5.3.3/chart.jar, version=null} = true
[ITW-CORE][2022-11-01 21:05:38.097 CDT][INFO ][net.adoptopenjdk.icedteaweb.resources.cache.CacheImpl] isCached: CacheKey{location=https://isy.universal-devices.com/994i/5.3.3/fp.jar, version=null} = false
[ITW-CORE][2022-11-01 21:05:38.097 CDT][DEBUG][net.adoptopenjdk.icedteaweb.resources.initializer.UnversionedResourceInitializer] Candidate URLs for [l=https://isy.universal-devices.com/994i/5.3.3/fp.jar v=null s=I]: [https://isy.universal-devices.com/994i/5.3.3/fp.jar]
[ITW-CORE][2022-11-01 21:05:38.098 CDT][DEBUG][com.openwebstart.proxy.direct.DirectProxyProvider] Using NO_PROXY for https://isy.universal-devices.com/994i/5.3.3/fp.jar
[ITW-CORE][2022-11-01 21:05:38.098 CDT][INFO ][net.adoptopenjdk.icedteaweb.resources.cache.CacheImpl] isCached: CacheKey{location=https://isy.universal-devices.com/994i/5.3.3/RXTX.jar, version=null} = true
[ITW-CORE][2022-11-01 21:05:38.098 CDT][DEBUG][net.adoptopenjdk.icedteaweb.resources.initializer.UnversionedResourceInitializer] needsUpdateCheck: https://isy.universal-devices.com/994i/5.3.3/insteon.jar -> true
[ITW-CORE][2022-11-01 21:05:38.098 CDT][DEBUG][net.adoptopenjdk.icedteaweb.resources.initializer.UnversionedResourceInitializer] Candidate URLs for [l=https://isy.universal-devices.com/994i/5.3.3/insteon.jar v=null s=I]: [https://isy.universal-devices.com/994i/5.3.3/insteon.jar]
[ITW-CORE][2022-11-01 21:05:38.099 CDT][DEBUG][com.openwebstart.proxy.direct.DirectProxyProvider] Using NO_PROXY for https://isy.universal-devices.com/994i/5.3.3/insteon.jar
[ITW-CORE][2022-11-01 21:05:38.099 CDT][DEBUG][net.adoptopenjdk.icedteaweb.resources.initializer.UnversionedResourceInitializer] needsUpdateCheck: https://isy.universal-devices.com/994i/5.3.3/ce.jar -> true
[ITW-CORE][2022-11-01 21:05:38.099 CDT][DEBUG][com.openwebstart.proxy.direct.DirectProxyProvider] Using NO_PROXY for socket://isy.universal-devices.com:443
[ITW-CORE][2022-11-01 21:05:38.099 CDT][DEBUG][net.adoptopenjdk.icedteaweb.resources.initializer.UnversionedResourceInitializer] Candidate URLs for [l=https://isy.universal-devices.com/994i/5.3.3/ce.jar v=null s=I]: [https://isy.universal-devices.com/994i/5.3.3/ce.jar]
[ITW-CORE][2022-11-01 21:05:38.099 CDT][DEBUG][com.openwebstart.proxy.direct.DirectProxyProvider] Using NO_PROXY for https://isy.universal-devices.com/994i/5.3.3/ce.jar
[ITW-CORE][2022-11-01 21:05:38.099 CDT][DEBUG][com.openwebstart.proxy.direct.DirectProxyProvider] Using NO_PROXY for socket://isy.universal-devices.com:443
[ITW-CORE][2022-11-01 21:05:38.099 CDT][DEBUG][net.adoptopenjdk.icedteaweb.resources.initializer.UnversionedResourceInitializer] needsUpdateCheck: https://isy.universal-devices.com/994i/5.3.3/chart.jar -> true
[ITW-CORE][2022-11-01 21:05:38.099 CDT][DEBUG][net.adoptopenjdk.icedteaweb.resources.initializer.UnversionedResourceInitializer] Candidate URLs for [l=https://isy.universal-devices.com/994i/5.3.3/chart.jar v=null s=I]: [https://isy.universal-devices.com/994i/5.3.3/chart.jar]
[ITW-CORE][2022-11-01 21:05:38.100 CDT][DEBUG][com.openwebstart.proxy.direct.DirectProxyProvider] Using NO_PROXY for https://isy.universal-devices.com/994i/5.3.3/chart.jar
[ITW-CORE][2022-11-01 21:05:38.100 CDT][DEBUG][com.openwebstart.proxy.direct.DirectProxyProvider] Using NO_PROXY for socket://isy.universal-devices.com:443
[ITW-CORE][2022-11-01 21:05:38.100 CDT][DEBUG][net.adoptopenjdk.icedteaweb.resources.initializer.UnversionedResourceInitializer] needsUpdateCheck: https://isy.universal-devices.com/994i/5.3.3/RXTX.jar -> true
[ITW-CORE][2022-11-01 21:05:38.100 CDT][DEBUG][net.adoptopenjdk.icedteaweb.resources.initializer.UnversionedResourceInitializer] Candidate URLs for [l=https://isy.universal-devices.com/994i/5.3.3/RXTX.jar v=null s=I]: [https://isy.universal-devices.com/994i/5.3.3/RXTX.jar]
[ITW-CORE][2022-11-01 21:05:38.100 CDT][DEBUG][com.openwebstart.proxy.direct.DirectProxyProvider] Using NO_PROXY for https://isy.universal-devices.com/994i/5.3.3/RXTX.jar
[ITW-CORE][2022-11-01 21:05:38.100 CDT][DEBUG][com.openwebstart.proxy.direct.DirectProxyProvider] Using NO_PROXY for socket://isy.universal-devices.com:443
[ITW-CORE][2022-11-01 21:05:38.153 CDT][DEBUG][net.adoptopenjdk.icedteaweb.http.HttpUtils]
Following exception should be harmless, but may help in finding root cause.
java.io.FileNotFoundException: https://isy.universal-devices.com/994i/5.3.3/fp.jar
	at java.base/sun.net.www.protocol.http.HttpURLConnection.getInputStream0(HttpURLConnection.java:1993)
	at java.base/sun.net.www.protocol.http.HttpURLConnection$9.run(HttpURLConnection.java:1581)
	at java.base/sun.net.www.protocol.http.HttpURLConnection$9.run(HttpURLConnection.java:1579)
	at java.base/java.security.AccessController.doPrivileged(AccessController.java:712)
	at java.base/java.security.AccessController.doPrivilegedWithCombiner(AccessController.java:962)
	at java.base/sun.net.www.protocol.http.HttpURLConnection.getInputStream(HttpURLConnection.java:1578)
	at java.base/sun.net.www.protocol.https.HttpsURLConnectionImpl.getInputStream(HttpsURLConnectionImpl.java:224)
	at net.adoptopenjdk.icedteaweb.http.CloseableConnection.getInputStream(CloseableConnection.java:58)
	at net.adoptopenjdk.icedteaweb.http.HttpUtils.consumeAndCloseConnection(HttpUtils.java:75)
	at net.adoptopenjdk.icedteaweb.http.HttpUtils.consumeAndCloseConnectionSilently(HttpUtils.java:62)
	at net.adoptopenjdk.icedteaweb.resources.initializer.UrlProber.getUrlResponseCodeWithRedirectionResult(UrlProber.java:67)
	at net.adoptopenjdk.icedteaweb.resources.initializer.BaseResourceInitializer.testUrl(BaseResourceInitializer.java:103)
	at net.adoptopenjdk.icedteaweb.resources.initializer.BaseResourceInitializer.lambda$null$0(BaseResourceInitializer.java:83)
	at java.base/java.util.concurrent.FutureTask.run(FutureTask.java:264)
	at java.base/java.util.concurrent.ThreadPoolExecutor.runWorker(ThreadPoolExecutor.java:1136)
	at java.base/java.util.concurrent.ThreadPoolExecutor$Worker.run(ThreadPoolExecutor.java:635)
	at java.base/java.lang.Thread.run(Thread.java:833)
[ITW-CORE][2022-11-01 21:05:38.153 CDT][DEBUG][net.adoptopenjdk.icedteaweb.resources.initializer.UrlProber] URL connection 'https://isy.universal-devices.com/994i/5.3.3/fp.jar' header fields: {null=[HTTP/1.1 404 Not Found], X-Cache=[Error from cloudfront], Strict-Transport-Security=[max-age=31536000; includeSubDomains; preload], Alt-Svc=[h3=":443"; ma=86400], Server=[nginx/1.22.0], X-Amz-Cf-Pop=[DFW53-C1], Connection=[keep-alive], X-Amz-Cf-Id=[KMNgmPiPC-c661Gkp3dNQS4adLNpjH9V63ySQCviWEIqkHpcdYC5_g==], Content-Length=[153], Date=[Wed, 02 Nov 2022 02:05:38 GMT], Via=[1.1 db3303de5aa8461011e0f5e2356e84a8.cloudfront.net (CloudFront)], Content-Type=[text/html]}
[ITW-CORE][2022-11-01 21:05:38.154 CDT][DEBUG][net.adoptopenjdk.icedteaweb.resources.initializer.BaseResourceInitializer] For [l=https://isy.universal-devices.com/994i/5.3.3/fp.jar v=null s=I] the server returned 404 code for HEAD request for https://isy.universal-devices.com/994i/5.3.3/fp.jar
[ITW-CORE][2022-11-01 21:05:38.154 CDT][DEBUG][net.adoptopenjdk.icedteaweb.resources.initializer.BaseResourceInitializer] failed to determine best URL: java.util.concurrent.ExecutionException: java.lang.RuntimeException: Server returned 404 for https://isy.universal-devices.com/994i/5.3.3/fp.jar
[ITW-CORE][2022-11-01 21:05:38.155 CDT][DEBUG][net.adoptopenjdk.icedteaweb.resources.initializer.UnversionedResourceInitializer] Failed to determine best URL for [l=https://isy.universal-devices.com/994i/5.3.3/fp.jar v=null s=I] will try all of [https://isy.universal-devices.com/994i/5.3.3/fp.jar]
[ITW-CORE][2022-11-01 21:05:38.155 CDT][DEBUG][net.adoptopenjdk.icedteaweb.resources.downloader.BaseResourceDownloader] Will download in background: https://isy.universal-devices.com/994i/5.3.3/fp.jar
[ITW-CORE][2022-11-01 21:05:38.156 CDT][DEBUG][com.openwebstart.proxy.direct.DirectProxyProvider] Using NO_PROXY for https://isy.universal-devices.com/994i/5.3.3/fp.jar
[ITW-CORE][2022-11-01 21:05:38.205 CDT][DEBUG][net.adoptopenjdk.icedteaweb.resources.initializer.UrlProber] URL connection 'https://isy.universal-devices.com/994i/5.3.3/RXTX.jar' header fields: {null=[HTTP/1.1 200 OK], X-Cache=[RefreshHit from cloudfront], Alt-Svc=[h3=":443"; ma=86400], Server=[nginx/1.22.0], X-Amz-Cf-Pop=[DFW53-C1], Connection=[keep-alive], Last-Modified=[Mon, 08 Mar 2021 05:32:39 GMT], Date=[Wed, 02 Nov 2022 02:05:38 GMT], Via=[1.1 f186cba7dd810bedf2eae917a8f565fc.cloudfront.net (CloudFront)], Accept-Ranges=[bytes], Strict-Transport-Security=[max-age=31536000; includeSubDomains; preload], ETag=["6045b6f7-11055"], X-Amz-Cf-Id=[JhH8rNsNG2dN8NaI2eJrJuVmaRlo5enBBCknYfqeEGD7q1Qpsv7OEQ==], Vary=[Accept-Encoding], Content-Length=[69717], Content-Type=[application/java-archive]}
[ITW-CORE][2022-11-01 21:05:38.205 CDT][DEBUG][net.adoptopenjdk.icedteaweb.resources.initializer.BaseResourceInitializer] Best url for [l=https://isy.universal-devices.com/994i/5.3.3/RXTX.jar v=null s=I] is https://isy.universal-devices.com/994i/5.3.3/RXTX.jar by HEAD
[ITW-CORE][2022-11-01 21:05:38.206 CDT][DEBUG][net.adoptopenjdk.icedteaweb.resources.cache.CachedFile] CacheKey{location=https://isy.universal-devices.com/994i/5.3.3/RXTX.jar, version=null}: isCached true
[ITW-CORE][2022-11-01 21:05:38.206 CDT][DEBUG][net.adoptopenjdk.icedteaweb.resources.cache.CachedFile] CacheKey{location=https://isy.universal-devices.com/994i/5.3.3/RXTX.jar, version=null}: lastModified cache:1615181559000 actual:1615181559000 -> isCurrent = true
[ITW-CORE][2022-11-01 21:05:38.206 CDT][INFO ][net.adoptopenjdk.icedteaweb.resources.cache.CacheImpl] isUpToDate: CacheKey{location=https://isy.universal-devices.com/994i/5.3.3/RXTX.jar, version=null} = true
[ITW-CORE][2022-11-01 21:05:38.206 CDT][DEBUG][net.adoptopenjdk.icedteaweb.resources.initializer.UnversionedResourceInitializer] needsUpdate: https://isy.universal-devices.com/994i/5.3.3/RXTX.jar -> false
[ITW-CORE][2022-11-01 21:05:38.207 CDT][DEBUG][net.adoptopenjdk.icedteaweb.resources.initializer.BaseResourceInitializer] Use cached version of resource [l=https://isy.universal-devices.com/994i/5.3.3/RXTX.jar v=null s=D] at /Users/travisll/.cache/icedtea-web/cache/0/3/RXTX.jar
[ITW-CORE][2022-11-01 21:05:38.231 CDT][DEBUG][net.adoptopenjdk.icedteaweb.resources.initializer.UrlProber] URL connection 'https://isy.universal-devices.com/994i/5.3.3/insteon.jar' header fields: {null=[HTTP/1.1 200 OK], X-Cache=[RefreshHit from cloudfront], Alt-Svc=[h3=":443"; ma=86400], Server=[nginx/1.22.0], X-Amz-Cf-Pop=[DFW53-C1], Connection=[keep-alive], Last-Modified=[Mon, 08 Mar 2021 05:32:39 GMT], Date=[Wed, 02 Nov 2022 02:05:38 GMT], Via=[1.1 6c6707b9b2a2151353d87b53eeed3030.cloudfront.net (CloudFront)], Accept-Ranges=[bytes], Strict-Transport-Security=[max-age=31536000; includeSubDomains; preload], ETag=["6045b6f7-412ae0"], X-Amz-Cf-Id=[IM9fl1fIlqav5YmylAtmuqor9IHMXHwC1laBVJbQeMiwQHFK3h3UIQ==], Vary=[Accept-Encoding], Content-Length=[4270816], Content-Type=[application/java-archive]}
[ITW-CORE][2022-11-01 21:05:38.231 CDT][DEBUG][net.adoptopenjdk.icedteaweb.resources.initializer.BaseResourceInitializer] Best url for [l=https://isy.universal-devices.com/994i/5.3.3/insteon.jar v=null s=I] is https://isy.universal-devices.com/994i/5.3.3/insteon.jar by HEAD
[ITW-CORE][2022-11-01 21:05:38.232 CDT][DEBUG][net.adoptopenjdk.icedteaweb.resources.cache.CachedFile] CacheKey{location=https://isy.universal-devices.com/994i/5.3.3/insteon.jar, version=null}: isCached true
[ITW-CORE][2022-11-01 21:05:38.232 CDT][DEBUG][net.adoptopenjdk.icedteaweb.resources.cache.CachedFile] CacheKey{location=https://isy.universal-devices.com/994i/5.3.3/insteon.jar, version=null}: lastModified cache:1615181559000 actual:1615181559000 -> isCurrent = true
[ITW-CORE][2022-11-01 21:05:38.233 CDT][INFO ][net.adoptopenjdk.icedteaweb.resources.cache.CacheImpl] isUpToDate: CacheKey{location=https://isy.universal-devices.com/994i/5.3.3/insteon.jar, version=null} = true
[ITW-CORE][2022-11-01 21:05:38.233 CDT][DEBUG][net.adoptopenjdk.icedteaweb.resources.initializer.UnversionedResourceInitializer] needsUpdate: https://isy.universal-devices.com/994i/5.3.3/insteon.jar -> false
[ITW-CORE][2022-11-01 21:05:38.233 CDT][DEBUG][net.adoptopenjdk.icedteaweb.resources.initializer.UrlProber] URL connection 'https://isy.universal-devices.com/994i/5.3.3/chart.jar' header fields: {null=[HTTP/1.1 200 OK], X-Cache=[RefreshHit from cloudfront], Alt-Svc=[h3=":443"; ma=86400], Server=[nginx/1.22.0], X-Amz-Cf-Pop=[DFW53-C1], Connection=[keep-alive], Last-Modified=[Mon, 08 Mar 2021 05:32:29 GMT], Date=[Wed, 02 Nov 2022 02:05:38 GMT], Via=[1.1 d43b56891dec96acc9d50d3711407498.cloudfront.net (CloudFront)], Accept-Ranges=[bytes], Strict-Transport-Security=[max-age=31536000; includeSubDomains; preload], ETag=["6045b6ed-f0343"], X-Amz-Cf-Id=[AyfTjGiiYlf-HtChlzGbGn7tab9A3aQh9o1bqgAkF16MhRxlVxxIew==], Vary=[Accept-Encoding], Content-Length=[983875], Content-Type=[application/java-archive]}
[ITW-CORE][2022-11-01 21:05:38.233 CDT][DEBUG][net.adoptopenjdk.icedteaweb.resources.initializer.BaseResourceInitializer] Best url for [l=https://isy.universal-devices.com/994i/5.3.3/chart.jar v=null s=I] is https://isy.universal-devices.com/994i/5.3.3/chart.jar by HEAD
[ITW-CORE][2022-11-01 21:05:38.234 CDT][DEBUG][net.adoptopenjdk.icedteaweb.resources.cache.CachedFile] CacheKey{location=https://isy.universal-devices.com/994i/5.3.3/chart.jar, version=null}: isCached true
[ITW-CORE][2022-11-01 21:05:38.234 CDT][DEBUG][net.adoptopenjdk.icedteaweb.resources.cache.CachedFile] CacheKey{location=https://isy.universal-devices.com/994i/5.3.3/chart.jar, version=null}: lastModified cache:1615181549000 actual:1615181549000 -> isCurrent = true
[ITW-CORE][2022-11-01 21:05:38.234 CDT][INFO ][net.adoptopenjdk.icedteaweb.resources.cache.CacheImpl] isUpToDate: CacheKey{location=https://isy.universal-devices.com/994i/5.3.3/chart.jar, version=null} = true
[ITW-CORE][2022-11-01 21:05:38.234 CDT][DEBUG][net.adoptopenjdk.icedteaweb.resources.initializer.UnversionedResourceInitializer] needsUpdate: https://isy.universal-devices.com/994i/5.3.3/chart.jar -> false
[ITW-CORE][2022-11-01 21:05:38.235 CDT][DEBUG][net.adoptopenjdk.icedteaweb.resources.initializer.BaseResourceInitializer] Use cached version of resource [l=https://isy.universal-devices.com/994i/5.3.3/chart.jar v=null s=D] at /Users/travisll/.cache/icedtea-web/cache/0/5/chart.jar
[ITW-CORE][2022-11-01 21:05:38.237 CDT][DEBUG][net.adoptopenjdk.icedteaweb.resources.initializer.UrlProber] URL connection 'https://isy.universal-devices.com/994i/5.3.3/ce.jar' header fields: {null=[HTTP/1.1 200 OK], X-Cache=[RefreshHit from cloudfront], Alt-Svc=[h3=":443"; ma=86400], Server=[nginx/1.22.0], X-Amz-Cf-Pop=[DFW53-C1], Connection=[keep-alive], Last-Modified=[Mon, 08 Mar 2021 05:32:27 GMT], Date=[Wed, 02 Nov 2022 02:05:38 GMT], Via=[1.1 8b0319344ec6822f8be651492ac6dff0.cloudfront.net (CloudFront)], Accept-Ranges=[bytes], Strict-Transport-Security=[max-age=31536000; includeSubDomains; preload], ETag=["6045b6eb-1b3b8"], X-Amz-Cf-Id=[B4dItbX9eT_aeIwb7fc1qCb2QNyyuDio4rMEdSyw03zLwtrMlMhbpw==], Vary=[Accept-Encoding], Content-Length=[111544], Content-Type=[application/java-archive]}
[ITW-CORE][2022-11-01 21:05:38.237 CDT][DEBUG][net.adoptopenjdk.icedteaweb.resources.initializer.BaseResourceInitializer] Best url for [l=https://isy.universal-devices.com/994i/5.3.3/ce.jar v=null s=I] is https://isy.universal-devices.com/994i/5.3.3/ce.jar by HEAD
[ITW-CORE][2022-11-01 21:05:38.238 CDT][DEBUG][net.adoptopenjdk.icedteaweb.resources.initializer.BaseResourceInitializer] Use cached version of resource [l=https://isy.universal-devices.com/994i/5.3.3/insteon.jar v=null s=D] at /Users/travisll/.cache/icedtea-web/cache/0/4/insteon.jar
[ITW-CORE][2022-11-01 21:05:38.238 CDT][DEBUG][net.adoptopenjdk.icedteaweb.resources.ResourceTracker] Download done. Shutting down executor
[ITW-CORE][2022-11-01 21:05:38.238 CDT][DEBUG][com.openwebstart.download.ApplicationDownloadIndicator] DownloadServiceListener will be disposed
[ITW-CORE][2022-11-01 21:05:38.238 CDT][DEBUG][net.adoptopenjdk.icedteaweb.resources.cache.CachedFile] CacheKey{location=https://isy.universal-devices.com/994i/5.3.3/ce.jar, version=null}: isCached true
[ITW-CORE][2022-11-01 21:05:38.238 CDT][DEBUG][net.adoptopenjdk.icedteaweb.resources.cache.CachedFile] CacheKey{location=https://isy.universal-devices.com/994i/5.3.3/ce.jar, version=null}: lastModified cache:1615181547000 actual:1615181547000 -> isCurrent = true
[ITW-CORE][2022-11-01 21:05:38.238 CDT][INFO ][net.adoptopenjdk.icedteaweb.resources.cache.CacheImpl] isUpToDate: CacheKey{location=https://isy.universal-devices.com/994i/5.3.3/ce.jar, version=null} = true
[ITW-CORE][2022-11-01 21:05:38.238 CDT][DEBUG][net.adoptopenjdk.icedteaweb.resources.initializer.UnversionedResourceInitializer] needsUpdate: https://isy.universal-devices.com/994i/5.3.3/ce.jar -> false
[ITW-CORE][2022-11-01 21:05:38.239 CDT][DEBUG][net.adoptopenjdk.icedteaweb.resources.initializer.BaseResourceInitializer] Use cached version of resource [l=https://isy.universal-devices.com/994i/5.3.3/ce.jar v=null s=D] at /Users/travisll/.cache/icedtea-web/cache/0/2/ce.jar
[ITW-CORE][2022-11-01 21:05:38.252 CDT][DEBUG][net.adoptopenjdk.icedteaweb.resources.downloader.BaseResourceDownloader] Exception while downloading resource [l=https://isy.universal-devices.com/994i/5.3.3/fp.jar v=null s=I] from https://isy.universal-devices.com/994i/5.3.3/fp.jar - message: https://isy.universal-devices.com/994i/5.3.3/fp.jar cause: java.io.FileNotFoundException: https://isy.universal-devices.com/994i/5.3.3/fp.jar 
[ITW-CORE][2022-11-01 21:05:38.253 CDT][ERROR][net.adoptopenjdk.icedteaweb.resources.downloader.BaseResourceDownloader] could not download resource [l=https://isy.universal-devices.com/994i/5.3.3/fp.jar v=null s=I] from any of theses urls [https://isy.universal-devices.com/994i/5.3.3/fp.jar] caused byExecutionException: java.io.FileNotFoundException: https://isy.universal-devices.com/994i/5.3.3/fp.jar caused by FileNotFoundException: https://isy.universal-devices.com/994i/5.3.3/fp.jar caused by FileNotFoundException: https://isy.universal-devices.com/994i/5.3.3/fp.jar
[ITW-CORE][2022-11-01 21:05:38.291 CDT][DEBUG][net.sourceforge.jnlp.util.logging.UnixSystemLog] System logger called with result of 0
[ITW-CORE][2022-11-01 21:05:38.298 CDT][DEBUG][net.sourceforge.jnlp.util.logging.UnixSystemLog] System logger called with result of 0
[ITW-CORE][2022-11-01 21:05:38.311 CDT][DEBUG][net.sourceforge.jnlp.util.logging.UnixSystemLog] System logger called with result of 0
[ITW-CORE][2022-11-01 21:05:38.388 CDT][DEBUG][net.sourceforge.jnlp.security.KeyStores] Keystore file /Users/travisll/.asdf/installs/java/microsoft-17.0.4/lib/security/jssecacerts does not exists.
[ITW-CORE][2022-11-01 21:05:38.388 CDT][DEBUG][net.sourceforge.jnlp.security.SecurityUtil] Loading Keystore Unknown
[ITW-CORE][2022-11-01 21:05:38.388 CDT][DEBUG][net.sourceforge.jnlp.security.KeystorePasswordAttempter] Operating Keystore Unknown
[ITW-CORE][2022-11-01 21:05:38.388 CDT][DEBUG][net.sourceforge.jnlp.security.KeyStores] Keystore file /Users/travisll/.asdf/installs/java/microsoft-17.0.4/lib/security/cacerts exists.
[ITW-CORE][2022-11-01 21:05:38.388 CDT][DEBUG][net.sourceforge.jnlp.security.SecurityUtil] Loading Keystore /Users/travisll/.asdf/installs/java/microsoft-17.0.4/lib/security/cacerts
[ITW-CORE][2022-11-01 21:05:38.388 CDT][DEBUG][net.sourceforge.jnlp.security.KeystorePasswordAttempter] Operating Keystore /Users/travisll/.asdf/installs/java/microsoft-17.0.4/lib/security/cacerts
[ITW-CORE][2022-11-01 21:05:38.391 CDT][DEBUG][net.sourceforge.jnlp.security.KeyStores] Keystore file /Users/travisll/.config/icedtea-web/security/trusted.jssecacerts exists.
[ITW-CORE][2022-11-01 21:05:38.391 CDT][DEBUG][net.sourceforge.jnlp.security.SecurityUtil] Loading Keystore /Users/travisll/.config/icedtea-web/security/trusted.jssecacerts
[ITW-CORE][2022-11-01 21:05:38.391 CDT][DEBUG][net.sourceforge.jnlp.security.KeystorePasswordAttempter] Operating Keystore /Users/travisll/.config/icedtea-web/security/trusted.jssecacerts
[ITW-CORE][2022-11-01 21:05:38.392 CDT][DEBUG][net.sourceforge.jnlp.security.KeyStores] Keystore file /Users/travisll/.config/icedtea-web/security/trusted.cacerts exists.
[ITW-CORE][2022-11-01 21:05:38.392 CDT][DEBUG][net.sourceforge.jnlp.security.SecurityUtil] Loading Keystore /Users/travisll/.config/icedtea-web/security/trusted.cacerts
[ITW-CORE][2022-11-01 21:05:38.392 CDT][DEBUG][net.sourceforge.jnlp.security.KeystorePasswordAttempter] Operating Keystore /Users/travisll/.config/icedtea-web/security/trusted.cacerts
[ITW-CORE][2022-11-01 21:05:38.393 CDT][DEBUG][net.sourceforge.jnlp.security.CertificateUtils] CN=GlobalSign,O=GlobalSign,OU=GlobalSign Root CA - R3 found in cacerts (/Users/travisll/.asdf/installs/java/microsoft-17.0.4/lib/security/cacerts)
[ITW-CORE][2022-11-01 21:05:38.393 CDT][DEBUG][net.sourceforge.jnlp.tools.JarCertVerifier] Jar found at /Users/travisll/.cache/icedtea-web/cache/0/4/insteon.jar has been verified as SIGNED_OK
[ITW-CORE][2022-11-01 21:05:38.393 CDT][DEBUG][net.sourceforge.jnlp.security.KeyStores] Keystore file /Users/travisll/.asdf/installs/java/microsoft-17.0.4/lib/security/trusted.jssecerts does not exists.
[ITW-CORE][2022-11-01 21:05:38.393 CDT][DEBUG][net.sourceforge.jnlp.security.SecurityUtil] Loading Keystore Unknown
[ITW-CORE][2022-11-01 21:05:38.393 CDT][DEBUG][net.sourceforge.jnlp.security.KeystorePasswordAttempter] Operating Keystore Unknown
[ITW-CORE][2022-11-01 21:05:38.393 CDT][DEBUG][net.sourceforge.jnlp.security.KeyStores] Keystore file /Users/travisll/.asdf/installs/java/microsoft-17.0.4/lib/security/trusted.certs does not exists.
[ITW-CORE][2022-11-01 21:05:38.393 CDT][DEBUG][net.sourceforge.jnlp.security.SecurityUtil] Loading Keystore Unknown
[ITW-CORE][2022-11-01 21:05:38.393 CDT][DEBUG][net.sourceforge.jnlp.security.KeystorePasswordAttempter] Operating Keystore Unknown
[ITW-CORE][2022-11-01 21:05:38.393 CDT][DEBUG][net.sourceforge.jnlp.security.KeyStores] Keystore file /Users/travisll/.config/icedtea-web/security/trusted.jssecerts exists.
[ITW-CORE][2022-11-01 21:05:38.393 CDT][DEBUG][net.sourceforge.jnlp.security.SecurityUtil] Loading Keystore /Users/travisll/.config/icedtea-web/security/trusted.jssecerts
[ITW-CORE][2022-11-01 21:05:38.393 CDT][DEBUG][net.sourceforge.jnlp.security.KeystorePasswordAttempter] Operating Keystore /Users/travisll/.config/icedtea-web/security/trusted.jssecerts
[ITW-CORE][2022-11-01 21:05:38.393 CDT][DEBUG][net.sourceforge.jnlp.security.KeyStores] Keystore file /Users/travisll/.config/icedtea-web/security/trusted.certs exists.
[ITW-CORE][2022-11-01 21:05:38.393 CDT][DEBUG][net.sourceforge.jnlp.security.SecurityUtil] Loading Keystore /Users/travisll/.config/icedtea-web/security/trusted.certs
[ITW-CORE][2022-11-01 21:05:38.393 CDT][DEBUG][net.sourceforge.jnlp.security.KeystorePasswordAttempter] Operating Keystore /Users/travisll/.config/icedtea-web/security/trusted.certs
[ITW-CORE][2022-11-01 21:05:38.394 CDT][DEBUG][net.sourceforge.jnlp.security.CertificateUtils] 1.2.840.113549.1.9.1=#161d737570706f727440756e6976657273616c2d646576696365732e636f6d,CN=Universal Devices Inc.,OU=ISY,O=Universal Devices Inc.,L=Encino,ST=CA,C=US found in cacerts (/Users/travisll/.config/icedtea-web/security/trusted.certs)
[ITW-CORE][2022-11-01 21:05:38.394 CDT][DEBUG][net.sourceforge.jnlp.security.KeyStores] Keystore file /Users/travisll/.asdf/installs/java/microsoft-17.0.4/lib/security/jssecacerts does not exists.
[ITW-CORE][2022-11-01 21:05:38.394 CDT][DEBUG][net.sourceforge.jnlp.security.SecurityUtil] Loading Keystore Unknown
[ITW-CORE][2022-11-01 21:05:38.394 CDT][DEBUG][net.sourceforge.jnlp.security.KeystorePasswordAttempter] Operating Keystore Unknown
[ITW-CORE][2022-11-01 21:05:38.394 CDT][DEBUG][net.sourceforge.jnlp.security.KeyStores] Keystore file /Users/travisll/.asdf/installs/java/microsoft-17.0.4/lib/security/cacerts exists.
[ITW-CORE][2022-11-01 21:05:38.394 CDT][DEBUG][net.sourceforge.jnlp.security.SecurityUtil] Loading Keystore /Users/travisll/.asdf/installs/java/microsoft-17.0.4/lib/security/cacerts
[ITW-CORE][2022-11-01 21:05:38.394 CDT][DEBUG][net.sourceforge.jnlp.security.KeystorePasswordAttempter] Operating Keystore /Users/travisll/.asdf/installs/java/microsoft-17.0.4/lib/security/cacerts
[ITW-CORE][2022-11-01 21:05:38.396 CDT][DEBUG][net.sourceforge.jnlp.security.KeyStores] Keystore file /Users/travisll/.config/icedtea-web/security/trusted.jssecacerts exists.
[ITW-CORE][2022-11-01 21:05:38.396 CDT][DEBUG][net.sourceforge.jnlp.security.SecurityUtil] Loading Keystore /Users/travisll/.config/icedtea-web/security/trusted.jssecacerts
[ITW-CORE][2022-11-01 21:05:38.396 CDT][DEBUG][net.sourceforge.jnlp.security.KeystorePasswordAttempter] Operating Keystore /Users/travisll/.config/icedtea-web/security/trusted.jssecacerts
[ITW-CORE][2022-11-01 21:05:38.396 CDT][DEBUG][net.sourceforge.jnlp.security.KeyStores] Keystore file /Users/travisll/.config/icedtea-web/security/trusted.cacerts exists.
[ITW-CORE][2022-11-01 21:05:38.396 CDT][DEBUG][net.sourceforge.jnlp.security.SecurityUtil] Loading Keystore /Users/travisll/.config/icedtea-web/security/trusted.cacerts
[ITW-CORE][2022-11-01 21:05:38.397 CDT][DEBUG][net.sourceforge.jnlp.security.KeystorePasswordAttempter] Operating Keystore /Users/travisll/.config/icedtea-web/security/trusted.cacerts
[ITW-CORE][2022-11-01 21:05:38.397 CDT][DEBUG][net.sourceforge.jnlp.tools.JarCertVerifier] App is signed: true
[ITW-CORE][2022-11-01 21:05:38.399 CDT][DEBUG][net.sourceforge.jnlp.tools.JarCertVerifier] App is signed: true
[ITW-CORE][2022-11-01 21:05:38.400 CDT][DEBUG][net.sourceforge.jnlp.runtime.classloader.JNLPClassLoader] Ending check for signed JNLP file...
[ITW-CORE][2022-11-01 21:05:38.400 CDT][DEBUG][net.sourceforge.jnlp.tools.JarCertVerifier] App is signed: true
[ITW-CORE][2022-11-01 21:05:38.400 CDT][DEBUG][net.sourceforge.jnlp.tools.JarCertVerifier] App already has trusted publisher: true
[ITW-CORE][2022-11-01 21:05:38.400 CDT][DEBUG][net.adoptopenjdk.icedteaweb.resources.ResourceTracker] Error flag set for resource 'https://isy.universal-devices.com/994i/5.3.3/fp.jar'. Can not return a local file for the resource
[ITW-CORE][2022-11-01 21:05:38.400 CDT][WARN ][net.sourceforge.jnlp.runtime.classloader.JNLPClassLoader] initializeResource JAR https://isy.universal-devices.com/994i/5.3.3/fp.jar not found. Continuing.
[ITW-CORE][2022-11-01 21:05:38.406 CDT][DEBUG][net.sourceforge.jnlp.util.logging.UnixSystemLog] System logger called with result of 0
[ITW-CORE][2022-11-01 21:05:38.411 CDT][DEBUG][net.sourceforge.jnlp.util.logging.UnixSystemLog] System logger called with result of 0
[ITW-CORE][2022-11-01 21:05:38.413 CDT][DEBUG][net.adoptopenjdk.icedteaweb.resources.ResourceTracker] Error flag set for resource 'https://isy.universal-devices.com/994i/5.3.3/fp.jar'. Can not return a local file for the resource
[ITW-CORE][2022-11-01 21:05:38.414 CDT][DEBUG][net.adoptopenjdk.icedteaweb.manifest.ManifestAttributesChecker] Trusted Only manifest attribute not found. Continuing.
[ITW-CORE][2022-11-01 21:05:38.421 CDT][DEBUG][net.sourceforge.jnlp.util.logging.UnixSystemLog] System logger called with result of 0
[ITW-CORE][2022-11-01 21:05:38.425 CDT][DEBUG][net.adoptopenjdk.icedteaweb.resources.ResourceTracker] Error flag set for resource 'https://isy.universal-devices.com/994i/5.3.3/fp.jar'. Can not return a local file for the resource
[ITW-CORE][2022-11-01 21:05:38.426 CDT][WARN ][net.adoptopenjdk.icedteaweb.manifest.ManifestAttributesChecker] This application does not specify a Codebase in its manifest. Please verify with the applet''s vendor. Continuing. See: http://docs.oracle.com/javase/7/docs/technotes/guides/jweb/security/no_redeploy.html for details.
[ITW-CORE][2022-11-01 21:05:38.431 CDT][DEBUG][net.adoptopenjdk.icedteaweb.manifest.ManifestAttributesChecker] OK - 'https://isy.universal-devices.com/994i/5.3.3' is from codebase 'https://isy.universal-devices.com/994i/5.3.3/'.
[ITW-CORE][2022-11-01 21:05:38.431 CDT][DEBUG][net.adoptopenjdk.icedteaweb.manifest.ManifestAttributesChecker] All applications resources are from codebase https://isy.universal-devices.com/994i/5.3.3/, skipping Application-Library-Allowable-Codebase Attribute check.
[ITW-CORE][2022-11-01 21:05:38.441 CDT][DEBUG][net.sourceforge.jnlp.util.logging.UnixSystemLog] System logger called with result of 0
[ITW-CORE][2022-11-01 21:05:38.444 CDT][DEBUG][net.adoptopenjdk.icedteaweb.resources.ResourceTracker] Error flag set for resource 'https://isy.universal-devices.com/994i/5.3.3/fp.jar'. Can not return a local file for the resource
[ITW-CORE][2022-11-01 21:05:38.445 CDT][DEBUG][net.adoptopenjdk.icedteaweb.manifest.ManifestAttributesChecker] Entry-Point manifest attribute for yours 'com.universaldevices.client.ui.UDClientApplet' not found. Continuing.
[ITW-CORE][2022-11-01 21:05:38.446 CDT][DEBUG][net.sourceforge.jnlp.util.logging.UnixSystemLog] System logger called with result of 0
[ITW-CORE][2022-11-01 21:05:38.450 CDT][DEBUG][net.sourceforge.jnlp.util.logging.UnixSystemLog] System logger called with result of 0
[ITW-CORE][2022-11-01 21:05:38.455 CDT][DEBUG][net.adoptopenjdk.icedteaweb.resources.ResourceTracker] Error flag set for resource 'https://isy.universal-devices.com/994i/5.3.3/fp.jar'. Can not return a local file for the resource
[ITW-CORE][2022-11-01 21:05:38.455 CDT][WARN ][net.sourceforge.jnlp.JNLPFile] Application title was not found in manifest. Check with application vendor
[ITW-CORE][2022-11-01 21:05:38.455 CDT][DEBUG][com.openwebstart.download.ApplicationDownloadIndicator] DownloadServiceListener for ISY994 Administrative Console will be created
[ITW-CORE][2022-11-01 21:05:38.455 CDT][DEBUG][net.adoptopenjdk.icedteaweb.resources.ResourceTracker] Download done. Shutting down executor
[ITW-CORE][2022-11-01 21:05:38.455 CDT][DEBUG][com.openwebstart.download.ApplicationDownloadIndicator] DownloadServiceListener will be disposed
[ITW-CORE][2022-11-01 21:05:38.458 CDT][DEBUG][net.adoptopenjdk.icedteaweb.jdk89access.JarIndexAccess] sun.misc.JarIndex not found - Running jdk9+ ?
[ITW-CORE][2022-11-01 21:05:38.461 CDT][DEBUG][net.sourceforge.jnlp.util.logging.UnixSystemLog] System logger called with result of 0
[ITW-CORE][2022-11-01 21:05:38.472 CDT][DEBUG][net.sourceforge.jnlp.runtime.classloader.JNLPClassLoader] Activate jar: file:/Users/travisll/.cache/icedtea-web/cache/0/4/insteon.jar
[ITW-CORE][2022-11-01 21:05:38.472 CDT][INFO ][net.sourceforge.jnlp.cache.NativeLibraryStorage] Activate native: https://isy.universal-devices.com/994i/5.3.3/insteon.jar
[ITW-CORE][2022-11-01 21:05:38.474 CDT][INFO ][net.sourceforge.jnlp.runtime.classloader.JNLPClassLoader] Permission added: ("java.io.FilePermission" "/Users/travisll/.cache/icedtea-web/cache/0/4/insteon.jar" "read")
[ITW-CORE][2022-11-01 21:05:38.474 CDT][INFO ][net.sourceforge.jnlp.runtime.classloader.JNLPClassLoader] Permission added: ("java.io.FilePermission" "/Users/travisll/.cache/icedtea-web/cache/0/2/ce.jar" "read")
[ITW-CORE][2022-11-01 21:05:38.474 CDT][INFO ][net.sourceforge.jnlp.runtime.classloader.JNLPClassLoader] Permission added: ("java.io.FilePermission" "/Users/travisll/.cache/icedtea-web/cache/0/5/chart.jar" "read")
[ITW-CORE][2022-11-01 21:05:38.474 CDT][DEBUG][net.adoptopenjdk.icedteaweb.resources.ResourceTracker] Error flag set for resource 'https://isy.universal-devices.com/994i/5.3.3/fp.jar'. Can not return a local file for the resource
[ITW-CORE][2022-11-01 21:05:38.474 CDT][DEBUG][net.sourceforge.jnlp.runtime.classloader.JNLPClassLoader] No cache file for cacheable resource 'https://isy.universal-devices.com/994i/5.3.3/fp.jar' found.
[ITW-CORE][2022-11-01 21:05:38.474 CDT][INFO ][net.sourceforge.jnlp.runtime.classloader.JNLPClassLoader] Unable to add permission for https://isy.universal-devices.com/994i/5.3.3/fp.jar
[ITW-CORE][2022-11-01 21:05:38.474 CDT][INFO ][net.sourceforge.jnlp.runtime.classloader.JNLPClassLoader] Permission added: ("java.io.FilePermission" "/Users/travisll/.cache/icedtea-web/cache/0/3/RXTX.jar" "read")
[ITW-CORE][2022-11-01 21:05:38.476 CDT][INFO ][net.sourceforge.jnlp.Launcher] Starting application [com.universaldevices.client.ui.UDClientApplet] ...
[ITW-CORE][2022-11-01 21:05:38.479 CDT][DEBUG][net.sourceforge.jnlp.util.logging.UnixSystemLog] System logger called with result of 0
[ITW-CORE][2022-11-01 21:05:38.479 CDT][DEBUG][net.sourceforge.jnlp.runtime.CachedJarFileCallback] Class-Path attribute cleared for /Users/travisll/.cache/icedtea-web/cache/0/4/insteon.jar
[ITW-CORE][2022-11-01 21:05:38.489 CDT][DEBUG][net.sourceforge.jnlp.util.logging.UnixSystemLog] System logger called with result of 0
[ITW-CORE][2022-11-01 21:05:38.513 CDT][DEBUG][net.sourceforge.jnlp.Launcher] Setting net.sourceforge.jnlp.runtime.classloader.JNLPClassLoader@37358571 as the classloader for thread ISY994 Administrative Console
[ITW-CORE][2022-11-01 21:05:38.513 CDT][DEBUG][net.sourceforge.jnlp.Launcher] Setting net.sourceforge.jnlp.runtime.classloader.JNLPClassLoader@37358571 as the classloader for thread AWT-EventQueue-1
[ITW-CORE][2022-11-01 21:05:38.513 CDT][DEBUG][net.sourceforge.jnlp.Launcher] Setting net.sourceforge.jnlp.runtime.classloader.JNLPClassLoader@37358571 as the classloader for thread TimerQueue
[ITW-CORE][2022-11-01 21:05:38.513 CDT][DEBUG][net.sourceforge.jnlp.Launcher] Setting net.sourceforge.jnlp.runtime.classloader.JNLPClassLoader@37358571 as the classloader for thread ows-daemon-pool-1
[ITW-CORE][2022-11-01 21:05:38.513 CDT][DEBUG][net.sourceforge.jnlp.Launcher] Setting net.sourceforge.jnlp.runtime.classloader.JNLPClassLoader@37358571 as the classloader for thread ows-daemon-pool-2
[ITW-CORE][2022-11-01 21:05:38.523 CDT][DEBUG][net.adoptopenjdk.icedteaweb.resources.ResourceTracker] Error flag set for resource 'https://isy.universal-devices.com/994i/5.3.3/fp.jar'. Can not return a local file for the resource
[ITW-CORE][2022-11-01 21:05:38.523 CDT][WARN ][net.sourceforge.jnlp.JNLPFile] Application title was not found in manifest. Check with application vendor
[ITW-CORE][2022-11-01 21:05:38.523 CDT][DEBUG][com.openwebstart.download.ApplicationDownloadIndicator] DownloadServiceListener for ISY994 Administrative Console will be created
[ITW-CORE][2022-11-01 21:05:38.523 CDT][DEBUG][net.adoptopenjdk.icedteaweb.resources.ResourceTracker] Download done. Shutting down executor
[ITW-CORE][2022-11-01 21:05:38.523 CDT][DEBUG][com.openwebstart.download.ApplicationDownloadIndicator] DownloadServiceListener will be disposed
[ITW-CORE][2022-11-01 21:05:38.528 CDT][DEBUG][net.sourceforge.jnlp.runtime.classloader.JNLPClassLoader] Activate jar: file:/Users/travisll/.cache/icedtea-web/cache/0/2/ce.jar
[ITW-CORE][2022-11-01 21:05:38.528 CDT][INFO ][net.sourceforge.jnlp.cache.NativeLibraryStorage] Activate native: https://isy.universal-devices.com/994i/5.3.3/ce.jar
[ITW-CORE][2022-11-01 21:05:38.529 CDT][DEBUG][net.sourceforge.jnlp.util.logging.UnixSystemLog] System logger called with result of 0
[ITW-CORE][2022-11-01 21:05:38.529 CDT][DEBUG][net.sourceforge.jnlp.runtime.CachedJarFileCallback] Class-Path attribute cleared for /Users/travisll/.cache/icedtea-web/cache/0/2/ce.jar
[ITW-CORE][2022-11-01 21:05:38.533 CDT][DEBUG][net.sourceforge.jnlp.util.logging.UnixSystemLog] System logger called with result of 0
[ITW-CORE][2022-11-01 21:05:38.539 CDT][DEBUG][net.adoptopenjdk.icedteaweb.resources.ResourceTracker] Error flag set for resource 'https://isy.universal-devices.com/994i/5.3.3/fp.jar'. Can not return a local file for the resource
[ITW-CORE][2022-11-01 21:05:38.539 CDT][DEBUG][net.sourceforge.jnlp.util.logging.UnixSystemLog] System logger called with result of 0
[ITW-CORE][2022-11-01 21:05:38.539 CDT][WARN ][net.sourceforge.jnlp.JNLPFile] Application title was not found in manifest. Check with application vendor
[ITW-CORE][2022-11-01 21:05:38.540 CDT][DEBUG][com.openwebstart.download.ApplicationDownloadIndicator] DownloadServiceListener for ISY994 Administrative Console will be created
[ITW-CORE][2022-11-01 21:05:38.540 CDT][DEBUG][net.adoptopenjdk.icedteaweb.resources.ResourceTracker] Download done. Shutting down executor
[ITW-CORE][2022-11-01 21:05:38.540 CDT][DEBUG][com.openwebstart.download.ApplicationDownloadIndicator] DownloadServiceListener will be disposed
[ITW-CORE][2022-11-01 21:05:38.545 CDT][DEBUG][net.sourceforge.jnlp.runtime.classloader.JNLPClassLoader] Activate jar: file:/Users/travisll/.cache/icedtea-web/cache/0/5/chart.jar
[ITW-CORE][2022-11-01 21:05:38.545 CDT][INFO ][net.sourceforge.jnlp.cache.NativeLibraryStorage] Activate native: https://isy.universal-devices.com/994i/5.3.3/chart.jar
[ITW-CORE][2022-11-01 21:05:38.546 CDT][DEBUG][net.sourceforge.jnlp.util.logging.UnixSystemLog] System logger called with result of 0
[ITW-CORE][2022-11-01 21:05:38.547 CDT][DEBUG][net.sourceforge.jnlp.runtime.CachedJarFileCallback] Class-Path attribute cleared for /Users/travisll/.cache/icedtea-web/cache/0/5/chart.jar
[ITW-CORE][2022-11-01 21:05:38.550 CDT][DEBUG][net.adoptopenjdk.icedteaweb.resources.ResourceTracker] Error flag set for resource 'https://isy.universal-devices.com/994i/5.3.3/fp.jar'. Can not return a local file for the resource
[ITW-CORE][2022-11-01 21:05:38.550 CDT][WARN ][net.sourceforge.jnlp.runtime.classloader.JNLPClassLoader] checkForMain JAR https://isy.universal-devices.com/994i/5.3.3/fp.jar not found. Continuing.
[ITW-CORE][2022-11-01 21:05:38.551 CDT][DEBUG][net.sourceforge.jnlp.util.logging.UnixSystemLog] System logger called with result of 0
[ITW-CORE][2022-11-01 21:05:38.557 CDT][DEBUG][net.adoptopenjdk.icedteaweb.resources.ResourceTracker] Error flag set for resource 'https://isy.universal-devices.com/994i/5.3.3/fp.jar'. Can not return a local file for the resource
[ITW-CORE][2022-11-01 21:05:38.558 CDT][WARN ][net.sourceforge.jnlp.JNLPFile] Application title was not found in manifest. Check with application vendor
[ITW-CORE][2022-11-01 21:05:38.558 CDT][DEBUG][com.openwebstart.download.ApplicationDownloadIndicator] DownloadServiceListener for ISY994 Administrative Console will be created
[ITW-CORE][2022-11-01 21:05:38.558 CDT][DEBUG][net.sourceforge.jnlp.util.logging.UnixSystemLog] System logger called with result of 0
[ITW-CORE][2022-11-01 21:05:38.558 CDT][DEBUG][net.adoptopenjdk.icedteaweb.resources.ResourceTracker] Download done. Shutting down executor
[ITW-CORE][2022-11-01 21:05:38.558 CDT][DEBUG][com.openwebstart.download.ApplicationDownloadIndicator] DownloadServiceListener will be disposed
[ITW-CORE][2022-11-01 21:05:38.558 CDT][DEBUG][net.adoptopenjdk.icedteaweb.resources.ResourceTracker] Error flag set for resource 'https://isy.universal-devices.com/994i/5.3.3/fp.jar'. Can not return a local file for the resource
[ITW-CORE][2022-11-01 21:05:38.558 CDT][DEBUG][net.sourceforge.jnlp.runtime.classloader.JNLPClassLoader] Activate jar: https://isy.universal-devices.com/994i/5.3.3/fp.jar
[ITW-CORE][2022-11-01 21:05:38.558 CDT][INFO ][net.sourceforge.jnlp.cache.NativeLibraryStorage] Activate native: https://isy.universal-devices.com/994i/5.3.3/fp.jar
[ITW-CORE][2022-11-01 21:05:38.558 CDT][DEBUG][net.adoptopenjdk.icedteaweb.resources.ResourceTracker] Error flag set for resource 'https://isy.universal-devices.com/994i/5.3.3/fp.jar'. Can not return a local file for the resource
[ITW-CORE][2022-11-01 21:05:38.564 CDT][DEBUG][net.sourceforge.jnlp.util.logging.UnixSystemLog] System logger called with result of 0
[ITW-CORE][2022-11-01 21:05:38.565 CDT][DEBUG][net.adoptopenjdk.icedteaweb.resources.ResourceTracker] Error flag set for resource 'https://isy.universal-devices.com/994i/5.3.3/fp.jar'. Can not return a local file for the resource
[ITW-CORE][2022-11-01 21:05:38.566 CDT][WARN ][net.sourceforge.jnlp.JNLPFile] Application title was not found in manifest. Check with application vendor
[ITW-CORE][2022-11-01 21:05:38.566 CDT][DEBUG][com.openwebstart.download.ApplicationDownloadIndicator] DownloadServiceListener for ISY994 Administrative Console will be created
[ITW-CORE][2022-11-01 21:05:38.566 CDT][DEBUG][net.adoptopenjdk.icedteaweb.resources.ResourceTracker] Download done. Shutting down executor
[ITW-CORE][2022-11-01 21:05:38.566 CDT][DEBUG][com.openwebstart.download.ApplicationDownloadIndicator] DownloadServiceListener will be disposed
[ITW-CORE][2022-11-01 21:05:38.568 CDT][DEBUG][net.sourceforge.jnlp.runtime.classloader.JNLPClassLoader] Activate jar: file:/Users/travisll/.cache/icedtea-web/cache/0/3/RXTX.jar
[ITW-CORE][2022-11-01 21:05:38.568 CDT][INFO ][net.sourceforge.jnlp.cache.NativeLibraryStorage] Activate native: https://isy.universal-devices.com/994i/5.3.3/RXTX.jar
[ITW-CORE][2022-11-01 21:05:38.569 CDT][DEBUG][net.sourceforge.jnlp.runtime.CachedJarFileCallback] Class-Path attribute cleared for /Users/travisll/.cache/icedtea-web/cache/0/3/RXTX.jar
[ITW-CORE][2022-11-01 21:05:38.570 CDT][INFO ][net.sourceforge.jnlp.Launcher] Invoking main() with args: [urn:udi-com:device:X_Insteon_Lighting_Device:1]
[ITW-CORE][2022-11-01 21:05:38.571 CDT][INFO ][net.sourceforge.jnlp.Launcher] main completed
[ITW-CORE][2022-11-01 21:05:38.571 CDT][DEBUG][net.sourceforge.jnlp.runtime.Boot] Exiting Boot.mainWithReturnCode() with 0
[ITW-CORE][2022-11-01 21:05:38.571 CDT][DEBUG][net.sourceforge.jnlp.util.logging.UnixSystemLog] System logger called with result of 0
[ITW-CORE][2022-11-01 21:05:38.576 CDT][DEBUG][net.sourceforge.jnlp.util.logging.UnixSystemLog] System logger called with result of 0
[ITW-CORE][2022-11-01 21:05:38.580 CDT][DEBUG][net.sourceforge.jnlp.util.logging.UnixSystemLog] System logger called with result of 0
[ITW-CORE][2022-11-01 21:05:38.585 CDT][DEBUG][net.sourceforge.jnlp.runtime.CachedJarFileCallback] Class-Path attribute cleared for /Users/travisll/.cache/icedtea-web/cache/0/4/insteon.jar
[ITW-CORE][2022-11-01 21:05:38.587 CDT][DEBUG][net.sourceforge.jnlp.util.logging.UnixSystemLog] System logger called with result of 0
[ITW-CORE][2022-11-01 21:05:38.591 CDT][DEBUG][net.sourceforge.jnlp.util.logging.UnixSystemLog] System logger called with result of 0
[ITW-CORE][2022-11-01 21:05:38.599 CDT][DEBUG][net.sourceforge.jnlp.util.logging.UnixSystemLog] System logger called with result of 0
[ITW-CORE][2022-11-01 21:05:38.605 CDT][DEBUG][net.sourceforge.jnlp.util.logging.UnixSystemLog] System logger called with result of 0
[ITW-CORE][2022-11-01 21:05:38.612 CDT][DEBUG][net.sourceforge.jnlp.util.logging.UnixSystemLog] System logger called with result of 0
[ITW-CORE][2022-11-01 21:05:39.992 CDT][DEBUG][com.openwebstart.download.ApplicationDownloadIndicator] Closing DownloadServiceListener
[ITW-CORE][2022-11-01 21:05:54.132 CDT][DEBUG][com.openwebstart.proxy.direct.DirectProxyProvider] Using NO_PROXY for https://www.universal-devices.com/auto_update/updates_config
[ITW-CORE][2022-11-01 21:05:54.134 CDT][DEBUG][com.openwebstart.proxy.direct.DirectProxyProvider] Using NO_PROXY for socket://www.universal-devices.com:443
[ITW-CORE][2022-11-01 21:05:54.311 CDT][DEBUG][com.openwebstart.proxy.direct.DirectProxyProvider] Using NO_PROXY for https://www.universal-devices.com/auto_update/prod-updates.xml
[ITW-CORE][2022-11-01 21:05:54.400 CDT][DEBUG][com.openwebstart.proxy.direct.DirectProxyProvider] Using NO_PROXY for https://www.universal-devices.com/sales/modules/status?uuid=uuid:00:21:b9:02:19:fc
[ITW-CORE][2022-11-01 21:07:21.570 CDT][DEBUG][net.sourceforge.jnlp.runtime.CachedJarFileCallback] Class-Path attribute cleared for /Users/travisll/.cache/icedtea-web/cache/0/2/ce.jar
[ITW-APP ][2022-11-01 21:07:24.738 CDT][ERROR][java.base/sun.nio.cs.StreamEncoder.writeBytes(StreamEncoder.java:234)] WARNING: row index is bigger than sorter's row count. Most likely this is a wrong sorter usage.
[ITW-CORE][2022-11-01 21:07:33.338 CDT][INFO ][net.sourceforge.jnlp.util.logging.OutputController] Increase polling interval for shutdown phase
[ITW-CORE][2022-11-01 21:07:33.338 CDT][DEBUG][net.sourceforge.jnlp.runtime.JNLPRuntime] Releasing shared lock on /var/folders/qv/zd44h42s6h5fj4q235rr1_3wzgxmhk/T/travisll/netx/locks/netx_running
[ITW-CORE][2022-11-01 21:07:33.338 CDT][DEBUG][net.sourceforge.jnlp.runtime.JNLPRuntime] Closing channel
[ITW-CORE][2022-11-01 21:07:33.338 CDT][DEBUG][net.sourceforge.jnlp.runtime.JNLPRuntime] Releasing done
[ITW-CORE][2022-11-01 21:07:33.339 CDT][DEBUG][net.adoptopenjdk.icedteaweb.resources.cache.CacheImpl] preparing to cleanup the cache
[ITW-CORE][2022-11-01 21:07:33.339 CDT][INFO ][net.adoptopenjdk.icedteaweb.resources.cache.CacheImpl] Other instances of javaws are running
[ITW-CORE][2022-11-01 21:07:33.339 CDT][INFO ][net.adoptopenjdk.icedteaweb.resources.cache.CacheImpl] Cannot clear the cache at this time. Try later. If the problem persists, try closing your browser(s) & JNLP applications. At the end you can try to kill all java applications. You can clear cache by javaws -Xclearcache or via itw-settings Cache -> View files -> Purge
