[travisll][ITW-CORE][2022-09-05 05:36:45.336 CDT][INFO ][net.sourceforge.jnlp.util.logging.filelogs.WriterBasedFileLog][Output controller consumer daemon#52821e0d] writer-based impl.
[ITW-CORE][2022-09-05 05:36:45.172 CDT][DEBUG][net.adoptopenjdk.icedteaweb.logging.LoggerFactory] init logger factory to net.sourceforge.jnlp.util.logging.OutputControllerLoggerFactory@10f87f48
[ITW-CORE][2022-09-05 05:36:45.221 CDT][INFO ][com.openwebstart.launcher.PhaseTwoWebStartLauncher] Starting OpenWebStart 1.6.0
[ITW-CORE][2022-09-05 05:36:45.307 CDT][INFO ][net.sourceforge.jnlp.config.DeploymentConfiguration] Ico provider registered correctly.
[ITW-CORE][2022-09-05 05:36:45.323 CDT][INFO ][net.sourceforge.jnlp.config.DeploymentConfiguration] Ico provider registered correctly.
[ITW-CORE][2022-09-05 05:36:45.324 CDT][INFO ][net.sourceforge.jnlp.config.DeploymentConfiguration] Loading USER level properties from: file:/Users/travisll/.config/icedtea-web/deployment.properties
[ITW-CORE][2022-09-05 05:36:45.336 CDT][DEBUG][net.sourceforge.jnlp.util.logging.FileLog] Start logging into: net.sourceforge.jnlp.util.logging.filelogs.WriterBasedFileLog@13f19cb8
[ITW-CORE][2022-09-05 05:36:45.334 CDT][INFO ][net.sourceforge.jnlp.config.DeploymentConfiguration] Loading USER level properties from: file:/Users/travisll/.config/icedtea-web/deployment.properties
[ITW-CORE][2022-09-05 05:36:45.337 CDT][DEBUG][net.sourceforge.jnlp.runtime.JNLPRuntime] Trying to set download indicator
[ITW-CORE][2022-09-05 05:36:45.337 CDT][DEBUG][net.sourceforge.jnlp.runtime.JNLPRuntime] Setting download indicator to com.openwebstart.download.ApplicationDownloadIndicator@2b552920
[ITW-CORE][2022-09-05 05:36:45.349 CDT][DEBUG][com.openwebstart.launcher.InitialConfigurationCheck] Checking if installation time (1661046380050) is after last initial config time (1661046386579)
[ITW-CORE][2022-09-05 05:36:45.351 CDT][DEBUG][com.openwebstart.launcher.PhaseTwoWebStartLauncher] RelevantJavawsArgs: '[/Users/travisll/Downloads/viewer.jnlp]'
[ITW-CORE][2022-09-05 05:36:45.384 CDT][INFO ][com.openwebstart.install4j.Install4JUpdateHandler] Checking for update on server https://download-openwebstart.com/updates/updates.xml
[ITW-CORE][2022-09-05 05:36:46.103 CDT][INFO ][com.openwebstart.install4j.Install4JUpdateHandler] No update found on server
[ITW-CORE][2022-09-05 05:36:46.103 CDT][INFO ][com.openwebstart.launcher.PhaseTwoWebStartLauncher] Calling ITW Boot with args [/Users/travisll/Downloads/viewer.jnlp].
[ITW-CORE][2022-09-05 05:36:46.106 CDT][INFO ][net.sourceforge.jnlp.runtime.EnvironmentPrinter] OpenWebStartLauncher called with args: [/Users/travisll/Downloads/viewer.jnlp].
[ITW-CORE][2022-09-05 05:36:46.106 CDT][INFO ][net.sourceforge.jnlp.runtime.EnvironmentPrinter] OS: Mac OS X
[ITW-CORE][2022-09-05 05:36:46.106 CDT][INFO ][net.sourceforge.jnlp.runtime.EnvironmentPrinter] Java Runtime BellSoft-1.8.0_332
[ITW-CORE][2022-09-05 05:36:46.108 CDT][DEBUG][net.sourceforge.jnlp.runtime.JNLPRuntime] using com.openwebstart.extensionpoint.OwsExtensionPoint extension point
[ITW-APP ][2022-09-05 05:36:46.414 CDT][ERROR][sun.nio.cs.StreamEncoder.writeBytes(StreamEncoder.java:221)] Warning: the fonts "Times" and "Lucida Bright" are not available for the Java logical font "Serif", which may have unexpected appearance or behavior. Re-enable the "Times" font to remove this warning.
[ITW-CORE][2022-09-05 05:36:46.580 CDT][DEBUG][net.adoptopenjdk.icedteaweb.client.parts.dialogs.security.SecurityDialogMessageHandler] Starting security dialog thread
[ITW-CORE][2022-09-05 05:36:46.581 CDT][DEBUG][net.sourceforge.jnlp.security.KeyStores] Keystore file /Users/travisll/.config/icedtea-web/security/trusted.clientcerts exists.
[ITW-CORE][2022-09-05 05:36:46.581 CDT][DEBUG][net.sourceforge.jnlp.security.SecurityUtil] Loading Keystore /Users/travisll/.config/icedtea-web/security/trusted.clientcerts
[ITW-CORE][2022-09-05 05:36:46.582 CDT][DEBUG][net.sourceforge.jnlp.security.KeystorePasswordAttempter] Operating Keystore /Users/travisll/.config/icedtea-web/security/trusted.clientcerts
[ITW-CORE][2022-09-05 05:36:46.582 CDT][DEBUG][net.sourceforge.jnlp.security.KeystorePasswordAttempter] Operating Keystore Unknown
[ITW-CORE][2022-09-05 05:36:46.583 CDT][DEBUG][net.sourceforge.jnlp.security.KeyStores] Keystore file /Applications/OpenWebStart/.install4j/jre.bundle/Contents/Home/lib/security/trusted.jssecerts does not exists.
[ITW-CORE][2022-09-05 05:36:46.583 CDT][DEBUG][net.sourceforge.jnlp.security.SecurityUtil] Loading Keystore Unknown
[ITW-CORE][2022-09-05 05:36:46.583 CDT][DEBUG][net.sourceforge.jnlp.security.KeystorePasswordAttempter] Operating Keystore Unknown
[ITW-CORE][2022-09-05 05:36:46.583 CDT][DEBUG][net.sourceforge.jnlp.security.KeyStores] Keystore file /Applications/OpenWebStart/.install4j/jre.bundle/Contents/Home/lib/security/trusted.certs does not exists.
[ITW-CORE][2022-09-05 05:36:46.583 CDT][DEBUG][net.sourceforge.jnlp.security.SecurityUtil] Loading Keystore Unknown
[ITW-CORE][2022-09-05 05:36:46.583 CDT][DEBUG][net.sourceforge.jnlp.security.KeystorePasswordAttempter] Operating Keystore Unknown
[ITW-CORE][2022-09-05 05:36:46.583 CDT][DEBUG][net.sourceforge.jnlp.security.KeyStores] Keystore file /Users/travisll/.config/icedtea-web/security/trusted.jssecerts exists.
[ITW-CORE][2022-09-05 05:36:46.583 CDT][DEBUG][net.sourceforge.jnlp.security.SecurityUtil] Loading Keystore /Users/travisll/.config/icedtea-web/security/trusted.jssecerts
[ITW-CORE][2022-09-05 05:36:46.583 CDT][DEBUG][net.sourceforge.jnlp.security.KeystorePasswordAttempter] Operating Keystore /Users/travisll/.config/icedtea-web/security/trusted.jssecerts
[ITW-CORE][2022-09-05 05:36:46.584 CDT][DEBUG][net.sourceforge.jnlp.security.KeyStores] Keystore file /Users/travisll/.config/icedtea-web/security/trusted.certs exists.
[ITW-CORE][2022-09-05 05:36:46.584 CDT][DEBUG][net.sourceforge.jnlp.security.SecurityUtil] Loading Keystore /Users/travisll/.config/icedtea-web/security/trusted.certs
[ITW-CORE][2022-09-05 05:36:46.584 CDT][DEBUG][net.sourceforge.jnlp.security.KeystorePasswordAttempter] Operating Keystore /Users/travisll/.config/icedtea-web/security/trusted.certs
[ITW-CORE][2022-09-05 05:36:46.585 CDT][DEBUG][net.sourceforge.jnlp.security.KeyStores] Keystore file /Applications/OpenWebStart/.install4j/jre.bundle/Contents/Home/lib/security/jssecacerts does not exists.
[ITW-CORE][2022-09-05 05:36:46.585 CDT][DEBUG][net.sourceforge.jnlp.security.SecurityUtil] Loading Keystore Unknown
[ITW-CORE][2022-09-05 05:36:46.585 CDT][DEBUG][net.sourceforge.jnlp.security.KeystorePasswordAttempter] Operating Keystore Unknown
[ITW-CORE][2022-09-05 05:36:46.585 CDT][DEBUG][net.sourceforge.jnlp.security.KeyStores] Keystore file /Applications/OpenWebStart/.install4j/jre.bundle/Contents/Home/lib/security/cacerts exists.
[ITW-CORE][2022-09-05 05:36:46.585 CDT][DEBUG][net.sourceforge.jnlp.security.SecurityUtil] Loading Keystore /Applications/OpenWebStart/.install4j/jre.bundle/Contents/Home/lib/security/cacerts
[ITW-CORE][2022-09-05 05:36:46.586 CDT][DEBUG][net.sourceforge.jnlp.security.KeystorePasswordAttempter] Operating Keystore /Applications/OpenWebStart/.install4j/jre.bundle/Contents/Home/lib/security/cacerts
[ITW-CORE][2022-09-05 05:36:46.589 CDT][DEBUG][net.sourceforge.jnlp.security.KeyStores] Keystore file /Users/travisll/.config/icedtea-web/security/trusted.jssecacerts exists.
[ITW-CORE][2022-09-05 05:36:46.589 CDT][DEBUG][net.sourceforge.jnlp.security.SecurityUtil] Loading Keystore /Users/travisll/.config/icedtea-web/security/trusted.jssecacerts
[ITW-CORE][2022-09-05 05:36:46.589 CDT][DEBUG][net.sourceforge.jnlp.security.KeystorePasswordAttempter] Operating Keystore /Users/travisll/.config/icedtea-web/security/trusted.jssecacerts
[ITW-CORE][2022-09-05 05:36:46.590 CDT][DEBUG][net.sourceforge.jnlp.security.KeyStores] Keystore file /Users/travisll/.config/icedtea-web/security/trusted.cacerts exists.
[ITW-CORE][2022-09-05 05:36:46.590 CDT][DEBUG][net.sourceforge.jnlp.security.SecurityUtil] Loading Keystore /Users/travisll/.config/icedtea-web/security/trusted.cacerts
[ITW-CORE][2022-09-05 05:36:46.590 CDT][DEBUG][net.sourceforge.jnlp.security.KeystorePasswordAttempter] Operating Keystore /Users/travisll/.config/icedtea-web/security/trusted.cacerts
[ITW-CORE][2022-09-05 05:36:46.590 CDT][DEBUG][net.sourceforge.jnlp.security.KeyStores] Keystore file /Applications/OpenWebStart/.install4j/jre.bundle/Contents/Home/lib/security/trusted.clientcerts does not exists.
[ITW-CORE][2022-09-05 05:36:46.590 CDT][DEBUG][net.sourceforge.jnlp.security.SecurityUtil] Loading Keystore Unknown
[ITW-CORE][2022-09-05 05:36:46.590 CDT][DEBUG][net.sourceforge.jnlp.security.KeystorePasswordAttempter] Operating Keystore Unknown
[ITW-CORE][2022-09-05 05:36:46.590 CDT][DEBUG][net.sourceforge.jnlp.security.KeyStores] Keystore file /Users/travisll/.config/icedtea-web/security/trusted.clientcerts exists.
[ITW-CORE][2022-09-05 05:36:46.590 CDT][DEBUG][net.sourceforge.jnlp.security.SecurityUtil] Loading Keystore /Users/travisll/.config/icedtea-web/security/trusted.clientcerts
[ITW-CORE][2022-09-05 05:36:46.590 CDT][DEBUG][net.sourceforge.jnlp.security.KeystorePasswordAttempter] Operating Keystore /Users/travisll/.config/icedtea-web/security/trusted.clientcerts
[ITW-CORE][2022-09-05 05:36:46.592 CDT][DEBUG][com.openwebstart.proxy.WebStartProxySelector] Selected ProxyProvider : NONE 
[ITW-CORE][2022-09-05 05:36:46.592 CDT][DEBUG][com.openwebstart.proxy.ProxyProviderType] Direct proxy created
[ITW-CORE][2022-09-05 05:36:46.596 CDT][INFO ][net.sourceforge.jnlp.runtime.Boot] Proceeding with jnlp
[ITW-CORE][2022-09-05 05:36:46.597 CDT][INFO ][net.sourceforge.jnlp.runtime.Boot] JNLP file location: /Users/travisll/Downloads/viewer.jnlp
[ITW-CORE][2022-09-05 05:36:46.598 CDT][DEBUG][net.adoptopenjdk.icedteaweb.resources.ResourceTracker] Create resource for 'file:/Users/travisll/Downloads/viewer.jnlp'
[ITW-CORE][2022-09-05 05:36:46.604 CDT][DEBUG][net.adoptopenjdk.icedteaweb.resources.ResourceHandler] Resource is not cacheable: viewer.jnlp
[ITW-CORE][2022-09-05 05:36:46.605 CDT][DEBUG][net.adoptopenjdk.icedteaweb.resources.ResourceTracker] Download done. Shutting down executor
[ITW-CORE][2022-09-05 05:36:46.606 CDT][DEBUG][net.sourceforge.jnlp.JNLPFile] Parsing JNLP file
location: file:/Users/travisll/Downloads/viewer.jnlp
codebase: null
content:
<?xml version="1.0" encoding="UTF-8"?>
<jnlp codebase="https://10.9.225.100:443" spec="1.0+">
<information>
  <title>iDRAC6 Virtual Console Client</title>
  <vendor>Dell Inc.</vendor>
   <icon href="https://10.9.225.100:443/images/logo.gif" kind="splash"/>
   <shortcut online="true"/>
 </information>
 <application-desc main-class="com.avocent.idrac.kvm.Main">
   <argument>ip=10.9.225.100</argument>
   <argument>vmprivilege=true</argument>
   <argument>helpurl=https://10.9.225.100:443/help/contents.html</argument>
   <argument>title=okcfileridrac%2C+PowerEdge+R710%2C+User%3Aadmin</argument>
   <argument>user=1681692777</argument>
   <argument>passwd=1714636915</argument>
   <argument>kmport=5900</argument>
   <argument>vport=5900</argument>
   <argument>apcp=1</argument>
   <argument>version=2</argument>
 </application-desc>
 <security>
   <all-permissions/>
 </security>
 <resources>
   <j2se version="1.6+"/>
   <jar href="https://10.9.225.100:443/software/avctKVM.jar" download="eager" main="true" />
 </resources>
 <resources os="Windows" arch="x86">
   <nativelib href="https://10.9.225.100:443/software/avctKVMIOWin32.jar" download="eager"/>
   <nativelib href="https://10.9.225.100:443/software/avctVMWin32.jar" download="eager"/>
 </resources>
 <resources os="Windows" arch="amd64">
   <nativelib href="https://10.9.225.100:443/software/avctKVMIOWin64.jar" download="eager"/>
   <nativelib href="https://10.9.225.100:443/software/avctVMWin64.jar" download="eager"/>
 </resources>
 <resources os="Windows" arch="x86_64">
   <nativelib href="https://10.9.225.100:443/software/avctKVMIOWin64.jar" download="eager"/>
   <nativelib href="https://10.9.225.100:443/software/avctVMWin64.jar" download="eager"/>
 </resources>
  <resources os="Linux" arch="x86">
    <nativelib href="https://10.9.225.100:443/software/avctKVMIOLinux32.jar" download="eager"/>
   <nativelib href="https://10.9.225.100:443/software/avctVMLinux32.jar" download="eager"/>
  </resources>
  <resources os="Linux" arch="i386">
    <nativelib href="https://10.9.225.100:443/software/avctKVMIOLinux32.jar" download="eager"/>
   <nativelib href="https://10.9.225.100:443/software/avctVMLinux32.jar" download="eager"/>
  </resources>
  <resources os="Linux" arch="i586">
    <nativelib href="https://10.9.225.100:443/software/avctKVMIOLinux32.jar" download="eager"/>
   <nativelib href="https://10.9.225.100:443/software/avctVMLinux32.jar" download="eager"/>
  </resources>
  <resources os="Linux" arch="i686">
    <nativelib href="https://10.9.225.100:443/software/avctKVMIOLinux32.jar" download="eager"/>
   <nativelib href="https://10.9.225.100:443/software/avctVMLinux32.jar" download="eager"/>
  </resources>
  <resources os="Linux" arch="amd64">
    <nativelib href="https://10.9.225.100:443/software/avctKVMIOLinux64.jar" download="eager"/>
   <nativelib href="https://10.9.225.100:443/software/avctVMLinux64.jar" download="eager"/>
  </resources>
  <resources os="Linux" arch="x86_64">
    <nativelib href="https://10.9.225.100:443/software/avctKVMIOLinux64.jar" download="eager"/>
   <nativelib href="https://10.9.225.100:443/software/avctVMLinux64.jar" download="eager"/>
  </resources>
  <resources os="Mac OS X" arch="x86_64">
    <nativelib href="https://10.9.225.100:443/software/avctKVMIOMac64.jar" download="eager"/>
   <nativelib href="https://10.9.225.100:443/software/avctVMMac64.jar" download="eager"/>
  </resources>
</jnlp>
[ITW-CORE][2022-09-05 05:36:46.614 CDT][INFO ][net.adoptopenjdk.icedteaweb.xmlparser.MalformedXMLParser] Using MalformedXMLParser
[ITW-CORE][2022-09-05 05:36:46.853 CDT][INFO ][net.sourceforge.jnlp.Parser] Homepage: null
[ITW-CORE][2022-09-05 05:36:46.853 CDT][INFO ][net.sourceforge.jnlp.Parser] Description: null
[ITW-CORE][2022-09-05 05:36:46.854 CDT][DEBUG][net.adoptopenjdk.icedteaweb.manifest.ManifestAttributesReader] Jars not ready to provide attribute Application-Name
[ITW-CORE][2022-09-05 05:36:46.854 CDT][INFO ][net.sourceforge.jnlp.JNLPFile] Acceptable vendor tag found, contains: Dell Inc.
[ITW-CORE][2022-09-05 05:36:46.856 CDT][INFO ][net.sourceforge.jnlp.Parser] good - your JRE - 1.8.0_332 - match requested JRE - 1.6+
[ITW-CORE][2022-09-05 05:36:46.860 CDT][DEBUG][net.adoptopenjdk.icedteaweb.resources.ResourceTracker] Create resource for 'file:/Users/travisll/Downloads/viewer.jnlp'
[ITW-CORE][2022-09-05 05:36:46.861 CDT][DEBUG][net.sourceforge.jnlp.JNLPFile] Parsing JNLP file
location: file:/Users/travisll/Downloads/viewer.jnlp
codebase: null
content:
<?xml version="1.0" encoding="UTF-8"?>
<jnlp codebase="https://10.9.225.100:443" spec="1.0+">
<information>
  <title>iDRAC6 Virtual Console Client</title>
  <vendor>Dell Inc.</vendor>
   <icon href="https://10.9.225.100:443/images/logo.gif" kind="splash"/>
   <shortcut online="true"/>
 </information>
 <application-desc main-class="com.avocent.idrac.kvm.Main">
   <argument>ip=10.9.225.100</argument>
   <argument>vmprivilege=true</argument>
   <argument>helpurl=https://10.9.225.100:443/help/contents.html</argument>
   <argument>title=okcfileridrac%2C+PowerEdge+R710%2C+User%3Aadmin</argument>
   <argument>user=1681692777</argument>
   <argument>passwd=1714636915</argument>
   <argument>kmport=5900</argument>
   <argument>vport=5900</argument>
   <argument>apcp=1</argument>
   <argument>version=2</argument>
 </application-desc>
 <security>
   <all-permissions/>
 </security>
 <resources>
   <j2se version="1.6+"/>
   <jar href="https://10.9.225.100:443/software/avctKVM.jar" download="eager" main="true" />
 </resources>
 <resources os="Windows" arch="x86">
   <nativelib href="https://10.9.225.100:443/software/avctKVMIOWin32.jar" download="eager"/>
   <nativelib href="https://10.9.225.100:443/software/avctVMWin32.jar" download="eager"/>
 </resources>
 <resources os="Windows" arch="amd64">
   <nativelib href="https://10.9.225.100:443/software/avctKVMIOWin64.jar" download="eager"/>
   <nativelib href="https://10.9.225.100:443/software/avctVMWin64.jar" download="eager"/>
 </resources>
 <resources os="Windows" arch="x86_64">
   <nativelib href="https://10.9.225.100:443/software/avctKVMIOWin64.jar" download="eager"/>
   <nativelib href="https://10.9.225.100:443/software/avctVMWin64.jar" download="eager"/>
 </resources>
  <resources os="Linux" arch="x86">
    <nativelib href="https://10.9.225.100:443/software/avctKVMIOLinux32.jar" download="eager"/>
   <nativelib href="https://10.9.225.100:443/software/avctVMLinux32.jar" download="eager"/>
  </resources>
  <resources os="Linux" arch="i386">
    <nativelib href="https://10.9.225.100:443/software/avctKVMIOLinux32.jar" download="eager"/>
   <nativelib href="https://10.9.225.100:443/software/avctVMLinux32.jar" download="eager"/>
  </resources>
  <resources os="Linux" arch="i586">
    <nativelib href="https://10.9.225.100:443/software/avctKVMIOLinux32.jar" download="eager"/>
   <nativelib href="https://10.9.225.100:443/software/avctVMLinux32.jar" download="eager"/>
  </resources>
  <resources os="Linux" arch="i686">
    <nativelib href="https://10.9.225.100:443/software/avctKVMIOLinux32.jar" download="eager"/>
   <nativelib href="https://10.9.225.100:443/software/avctVMLinux32.jar" download="eager"/>
  </resources>
  <resources os="Linux" arch="amd64">
    <nativelib href="https://10.9.225.100:443/software/avctKVMIOLinux64.jar" download="eager"/>
   <nativelib href="https://10.9.225.100:443/software/avctVMLinux64.jar" download="eager"/>
  </resources>
  <resources os="Linux" arch="x86_64">
    <nativelib href="https://10.9.225.100:443/software/avctKVMIOLinux64.jar" download="eager"/>
   <nativelib href="https://10.9.225.100:443/software/avctVMLinux64.jar" download="eager"/>
  </resources>
  <resources os="Mac OS X" arch="x86_64">
    <nativelib href="https://10.9.225.100:443/software/avctKVMIOMac64.jar" download="eager"/>
   <nativelib href="https://10.9.225.100:443/software/avctVMMac64.jar" download="eager"/>
  </resources>
</jnlp>
[ITW-CORE][2022-09-05 05:36:46.861 CDT][INFO ][net.adoptopenjdk.icedteaweb.xmlparser.MalformedXMLParser] Using MalformedXMLParser
[ITW-CORE][2022-09-05 05:36:46.864 CDT][INFO ][net.sourceforge.jnlp.Parser] Homepage: null
[ITW-CORE][2022-09-05 05:36:46.864 CDT][INFO ][net.sourceforge.jnlp.Parser] Description: null
[ITW-CORE][2022-09-05 05:36:46.864 CDT][DEBUG][net.adoptopenjdk.icedteaweb.manifest.ManifestAttributesReader] Jars not ready to provide attribute Application-Name
[ITW-CORE][2022-09-05 05:36:46.864 CDT][INFO ][net.sourceforge.jnlp.JNLPFile] Acceptable vendor tag found, contains: Dell Inc.
[ITW-CORE][2022-09-05 05:36:46.864 CDT][INFO ][net.sourceforge.jnlp.Parser] good - your JRE - 1.8.0_332 - match requested JRE - 1.6+
[ITW-CORE][2022-09-05 05:36:46.867 CDT][DEBUG][net.sourceforge.jnlp.runtime.JNLPRuntime] Acquired shared lock on /var/folders/qv/zd44h42s6h5fj4q235rr1_3wzgxmhk/T/travisll/netx/locks/netx_running to indicate javaws is running
[ITW-CORE][2022-09-05 05:36:46.867 CDT][DEBUG][net.adoptopenjdk.icedteaweb.manifest.ManifestAttributesReader] Jars not ready to provide attribute Application-Name
[ITW-CORE][2022-09-05 05:36:46.867 CDT][DEBUG][net.adoptopenjdk.icedteaweb.manifest.ManifestAttributesReader] Jars not ready to provide attribute Application-Name
[ITW-CORE][2022-09-05 05:36:46.868 CDT][DEBUG][net.sourceforge.jnlp.Launcher] Launching Application
[ITW-CORE][2022-09-05 05:36:46.868 CDT][DEBUG][net.sourceforge.jnlp.services.ServiceUtil] call privileged method: checkSingleInstanceRunning
[ITW-CORE][2022-09-05 05:36:46.868 CDT][DEBUG][net.sourceforge.jnlp.services.ServiceUtil] arg: net.sourceforge.jnlp.JNLPFile@3563e255
[ITW-CORE][2022-09-05 05:36:46.870 CDT][DEBUG][net.sourceforge.jnlp.services.ServiceUtil] result: null
[ITW-CORE][2022-09-05 05:36:46.874 CDT][DEBUG][com.openwebstart.jvm.LocalRuntimeManager] Loading runtime cache from filesystem
[ITW-CORE][2022-09-05 05:36:46.875 CDT][DEBUG][com.openwebstart.jvm.LocalRuntimeManager] Clearing runtime cache
[ITW-CORE][2022-09-05 05:36:46.904 CDT][DEBUG][com.openwebstart.jvm.JavaRuntimeSelector] requested: JRE with version string '1.6+' and vendor '*', require 32 bit = false, from null
[ITW-CORE][2022-09-05 05:36:46.904 CDT][DEBUG][com.openwebstart.jvm.JavaRuntimeSelector] Trying to find local Java runtime. Requested version: '1.6+', vendor: '*', os: 'MACARM64'
[ITW-CORE][2022-09-05 05:36:46.904 CDT][DEBUG][com.openwebstart.jvm.LocalRuntimeManager] Trying to find local Java runtime. Requested version: '1.6+' Requested vendor: '*' requested os: 'MACARM64' active: 'true'
[ITW-CORE][2022-09-05 05:36:46.907 CDT][DEBUG][com.openwebstart.jvm.JavaRuntimeSelector] Local runtime JavaRuntime{version=17.0.4, vendor=Microsoft, operationSystem=MACARM64} found but remote endpoint is checked for newer versions
[ITW-CORE][2022-09-05 05:36:46.908 CDT][DEBUG][com.openwebstart.jvm.RemoteRuntimeManager] Trying to find remote Java runtime. Requested version: '1.6+' Requested vendor: '*' requested os: 'MACARM64'
[ITW-CORE][2022-09-05 05:36:46.908 CDT][DEBUG][com.openwebstart.jvm.RemoteRuntimeManager] Endpoint to request for Java runtimes: https://download-openwebstart.com/jvms.json
[ITW-CORE][2022-09-05 05:36:46.909 CDT][DEBUG][com.openwebstart.proxy.direct.DirectProxyProvider] Using NO_PROXY for https://download-openwebstart.com/jvms.json
[ITW-CORE][2022-09-05 05:36:46.909 CDT][DEBUG][com.openwebstart.proxy.direct.DirectProxyProvider] Using NO_PROXY for socket://download-openwebstart.com:443
[ITW-CORE][2022-09-05 05:36:47.500 CDT][DEBUG][com.openwebstart.jvm.RemoteRuntimeManager] Received 33 possible runtime definitions from server
[ITW-CORE][2022-09-05 05:36:47.502 CDT][DEBUG][com.openwebstart.jvm.JavaRuntimeSelector] No newer version was installed
[ITW-CORE][2022-09-05 05:36:47.502 CDT][DEBUG][com.openwebstart.launcher.OwsJvmLauncher] Found JVM JavaRuntime{version=17.0.4, vendor=Microsoft, operationSystem=MACARM64}
[ITW-CORE][2022-09-05 05:36:47.502 CDT][INFO ][com.openwebstart.launcher.OwsJvmLauncher] using java runtime at '/Users/travisll/.asdf/installs/java/microsoft-17.0.4' for launching managed application
[ITW-CORE][2022-09-05 05:36:47.510 CDT][DEBUG][com.openwebstart.jvm.LocalRuntimeManager] Runtime cache is currently read only, not saving.
[ITW-CORE][2022-09-05 05:36:47.511 CDT][INFO ][com.openwebstart.launcher.OwsJvmLauncher] About to launch process with command:
/Users/travisll/.asdf/installs/java/microsoft-17.0.4/bin/java -Xbootclasspath/a:/Applications/OpenWebStart/openwebstart.jar --add-exports=java.base/sun.net.www.protocol.jar=ALL-UNNAMED,java.desktop --add-exports=java.base/jdk.internal.util.jar=ALL-UNNAMED,java.desktop --add-exports=java.base/com.sun.net.ssl.internal.ssl=ALL-UNNAMED,java.desktop --add-reads=java.naming=ALL-UNNAMED,java.desktop --add-exports=java.desktop/sun.awt.X11=ALL-UNNAMED,java.desktop --add-exports=java.desktop/sun.applet=ALL-UNNAMED,java.desktop,jdk.jsobject --add-exports=java.base/sun.security.action=ALL-UNNAMED,java.desktop --add-reads=java.base=ALL-UNNAMED,java.desktop --add-exports=java.base/sun.net.www.protocol.http=ALL-UNNAMED,java.desktop --add-exports=java.naming/com.sun.jndi.toolkit.url=ALL-UNNAMED,java.desktop --add-exports=java.base/sun.security.util=ALL-UNNAMED,java.desktop --add-reads=java.desktop=ALL-UNNAMED,java.naming --add-exports=java.desktop/sun.awt=ALL-UNNAMED,java.desktop --add-exports=java.base/sun.security.x509=ALL-UNNAMED,java.desktop --add-exports=java.desktop/javax.jnlp=ALL-UNNAMED,java.desktop --add-exports=java.base/sun.security.provider=ALL-UNNAMED,java.desktop --add-exports=java.base/sun.security.validator=ALL-UNNAMED,java.desktop net.sourceforge.jnlp.runtime.Boot -Xnofork /Users/travisll/Downloads/viewer.jnlp
[ITW-CORE][2022-09-05 05:38:32.733 CDT][DEBUG][net.sourceforge.jnlp.runtime.Boot] Exiting Boot.mainWithReturnCode() with 0
[ITW-CORE][2022-09-05 05:38:32.734 CDT][DEBUG][net.sourceforge.jnlp.runtime.JNLPRuntime] Releasing shared lock on /var/folders/qv/zd44h42s6h5fj4q235rr1_3wzgxmhk/T/travisll/netx/locks/netx_running
[ITW-CORE][2022-09-05 05:38:32.735 CDT][INFO ][net.sourceforge.jnlp.util.logging.OutputController] Increase polling interval for shutdown phase
[ITW-CORE][2022-09-05 05:38:32.735 CDT][DEBUG][net.sourceforge.jnlp.runtime.JNLPRuntime] Closing channel
[ITW-CORE][2022-09-05 05:38:32.735 CDT][DEBUG][net.sourceforge.jnlp.runtime.JNLPRuntime] Releasing done
[ITW-CORE][2022-09-05 05:38:32.737 CDT][DEBUG][net.adoptopenjdk.icedteaweb.resources.cache.CacheImpl] preparing to cleanup the cache
[ITW-CORE][2022-09-05 05:38:32.739 CDT][INFO ][net.adoptopenjdk.icedteaweb.resources.cache.CacheImpl] No other instances of javaws are running
[ITW-CORE][2022-09-05 05:38:32.739 CDT][DEBUG][net.adoptopenjdk.icedteaweb.resources.cache.CacheImpl] cleanup cache
[ITW-CORE][2022-09-05 05:38:32.740 CDT][DEBUG][net.adoptopenjdk.icedteaweb.resources.cache.CacheImpl] start cleaning the cache
[ITW-CORE][2022-09-05 05:38:32.756 CDT][DEBUG][net.adoptopenjdk.icedteaweb.resources.cache.CacheImpl] done cleaning the cache
