[travisll][ITW-CORE][2022-12-03 06:32:26.371 CST][INFO ][net.sourceforge.jnlp.util.logging.filelogs.WriterBasedFileLog][Output controller consumer daemon#2ecbef60] writer-based impl.
[ITW-CORE][2022-12-03 06:32:26.105 CST][DEBUG][net.adoptopenjdk.icedteaweb.logging.LoggerFactory] init logger factory to net.sourceforge.jnlp.util.logging.OutputControllerLoggerFactory@7382f612
[ITW-CORE][2022-12-03 06:32:26.118 CST][INFO ][net.sourceforge.jnlp.runtime.EnvironmentPrinter] OpenWebStartLauncher called with args: [-Xnofork, /Applications/admin.jnlp].
[ITW-CORE][2022-12-03 06:32:26.118 CST][INFO ][net.sourceforge.jnlp.runtime.EnvironmentPrinter] OS: Mac OS X
[ITW-CORE][2022-12-03 06:32:26.118 CST][INFO ][net.sourceforge.jnlp.runtime.EnvironmentPrinter] Java Runtime Microsoft-17.0.4
[ITW-CORE][2022-12-03 06:32:26.122 CST][DEBUG][net.sourceforge.jnlp.runtime.JNLPRuntime] using com.openwebstart.extensionpoint.OwsExtensionPoint extension point
[ITW-CORE][2022-12-03 06:32:26.337 CST][INFO ][net.sourceforge.jnlp.config.DeploymentConfiguration] Ico provider registered correctly.
[ITW-CORE][2022-12-03 06:32:26.345 CST][INFO ][net.sourceforge.jnlp.config.DeploymentConfiguration] Loading USER level properties from: file:/Users/travisll/.config/icedtea-web/deployment.properties
[ITW-CORE][2022-12-03 06:32:26.371 CST][DEBUG][net.sourceforge.jnlp.util.logging.FileLog] Start logging into: net.sourceforge.jnlp.util.logging.filelogs.WriterBasedFileLog@47ab8cdb
[ITW-CORE][2022-12-03 06:32:26.778 CST][DEBUG][net.adoptopenjdk.icedteaweb.client.parts.dialogs.security.SecurityDialogMessageHandler] Starting security dialog thread
[ITW-CORE][2022-12-03 06:32:26.818 CST][DEBUG][net.sourceforge.jnlp.security.KeyStores] Keystore file /Users/travisll/.config/icedtea-web/security/trusted.clientcerts exists.
[ITW-CORE][2022-12-03 06:32:26.819 CST][DEBUG][net.sourceforge.jnlp.security.SecurityUtil] Loading Keystore /Users/travisll/.config/icedtea-web/security/trusted.clientcerts
[ITW-CORE][2022-12-03 06:32:26.819 CST][DEBUG][net.sourceforge.jnlp.security.KeystorePasswordAttempter] Operating Keystore /Users/travisll/.config/icedtea-web/security/trusted.clientcerts
[ITW-CORE][2022-12-03 06:32:26.819 CST][DEBUG][net.sourceforge.jnlp.security.KeystorePasswordAttempter] Operating Keystore Unknown
[ITW-CORE][2022-12-03 06:32:26.820 CST][DEBUG][net.sourceforge.jnlp.security.KeyStores] Keystore file /Users/travisll/.asdf/installs/java/microsoft-17.0.4/lib/security/trusted.jssecerts does not exists.
[ITW-CORE][2022-12-03 06:32:26.820 CST][DEBUG][net.sourceforge.jnlp.security.SecurityUtil] Loading Keystore Unknown
[ITW-CORE][2022-12-03 06:32:26.820 CST][DEBUG][net.sourceforge.jnlp.security.KeystorePasswordAttempter] Operating Keystore Unknown
[ITW-CORE][2022-12-03 06:32:26.820 CST][DEBUG][net.sourceforge.jnlp.security.KeyStores] Keystore file /Users/travisll/.asdf/installs/java/microsoft-17.0.4/lib/security/trusted.certs does not exists.
[ITW-CORE][2022-12-03 06:32:26.820 CST][DEBUG][net.sourceforge.jnlp.security.SecurityUtil] Loading Keystore Unknown
[ITW-CORE][2022-12-03 06:32:26.821 CST][DEBUG][net.sourceforge.jnlp.security.KeystorePasswordAttempter] Operating Keystore Unknown
[ITW-CORE][2022-12-03 06:32:26.821 CST][DEBUG][net.sourceforge.jnlp.security.KeyStores] Keystore file /Users/travisll/.config/icedtea-web/security/trusted.jssecerts exists.
[ITW-CORE][2022-12-03 06:32:26.821 CST][DEBUG][net.sourceforge.jnlp.security.SecurityUtil] Loading Keystore /Users/travisll/.config/icedtea-web/security/trusted.jssecerts
[ITW-CORE][2022-12-03 06:32:26.821 CST][DEBUG][net.sourceforge.jnlp.security.KeystorePasswordAttempter] Operating Keystore /Users/travisll/.config/icedtea-web/security/trusted.jssecerts
[ITW-CORE][2022-12-03 06:32:26.821 CST][DEBUG][net.sourceforge.jnlp.security.KeyStores] Keystore file /Users/travisll/.config/icedtea-web/security/trusted.certs exists.
[ITW-CORE][2022-12-03 06:32:26.821 CST][DEBUG][net.sourceforge.jnlp.security.SecurityUtil] Loading Keystore /Users/travisll/.config/icedtea-web/security/trusted.certs
[ITW-CORE][2022-12-03 06:32:26.821 CST][DEBUG][net.sourceforge.jnlp.security.KeystorePasswordAttempter] Operating Keystore /Users/travisll/.config/icedtea-web/security/trusted.certs
[ITW-CORE][2022-12-03 06:32:26.830 CST][DEBUG][net.sourceforge.jnlp.security.KeyStores] Keystore file /Users/travisll/.asdf/installs/java/microsoft-17.0.4/lib/security/jssecacerts does not exists.
[ITW-CORE][2022-12-03 06:32:26.830 CST][DEBUG][net.sourceforge.jnlp.security.SecurityUtil] Loading Keystore Unknown
[ITW-CORE][2022-12-03 06:32:26.830 CST][DEBUG][net.sourceforge.jnlp.security.KeystorePasswordAttempter] Operating Keystore Unknown
[ITW-CORE][2022-12-03 06:32:26.831 CST][DEBUG][net.sourceforge.jnlp.security.KeyStores] Keystore file /Users/travisll/.asdf/installs/java/microsoft-17.0.4/lib/security/cacerts exists.
[ITW-CORE][2022-12-03 06:32:26.831 CST][DEBUG][net.sourceforge.jnlp.security.SecurityUtil] Loading Keystore /Users/travisll/.asdf/installs/java/microsoft-17.0.4/lib/security/cacerts
[ITW-CORE][2022-12-03 06:32:26.831 CST][DEBUG][net.sourceforge.jnlp.security.KeystorePasswordAttempter] Operating Keystore /Users/travisll/.asdf/installs/java/microsoft-17.0.4/lib/security/cacerts
[ITW-CORE][2022-12-03 06:32:26.853 CST][DEBUG][net.sourceforge.jnlp.security.KeyStores] Keystore file /Users/travisll/.config/icedtea-web/security/trusted.jssecacerts exists.
[ITW-CORE][2022-12-03 06:32:26.853 CST][DEBUG][net.sourceforge.jnlp.security.SecurityUtil] Loading Keystore /Users/travisll/.config/icedtea-web/security/trusted.jssecacerts
[ITW-CORE][2022-12-03 06:32:26.853 CST][DEBUG][net.sourceforge.jnlp.security.KeystorePasswordAttempter] Operating Keystore /Users/travisll/.config/icedtea-web/security/trusted.jssecacerts
[ITW-CORE][2022-12-03 06:32:26.854 CST][DEBUG][net.sourceforge.jnlp.security.KeyStores] Keystore file /Users/travisll/.config/icedtea-web/security/trusted.cacerts exists.
[ITW-CORE][2022-12-03 06:32:26.854 CST][DEBUG][net.sourceforge.jnlp.security.SecurityUtil] Loading Keystore /Users/travisll/.config/icedtea-web/security/trusted.cacerts
[ITW-CORE][2022-12-03 06:32:26.854 CST][DEBUG][net.sourceforge.jnlp.security.KeystorePasswordAttempter] Operating Keystore /Users/travisll/.config/icedtea-web/security/trusted.cacerts
[ITW-CORE][2022-12-03 06:32:26.855 CST][DEBUG][net.sourceforge.jnlp.security.KeyStores] Keystore file /Users/travisll/.asdf/installs/java/microsoft-17.0.4/lib/security/trusted.clientcerts does not exists.
[ITW-CORE][2022-12-03 06:32:26.855 CST][DEBUG][net.sourceforge.jnlp.security.SecurityUtil] Loading Keystore Unknown
[ITW-CORE][2022-12-03 06:32:26.855 CST][DEBUG][net.sourceforge.jnlp.security.KeystorePasswordAttempter] Operating Keystore Unknown
[ITW-CORE][2022-12-03 06:32:26.855 CST][DEBUG][net.sourceforge.jnlp.security.KeyStores] Keystore file /Users/travisll/.config/icedtea-web/security/trusted.clientcerts exists.
[ITW-CORE][2022-12-03 06:32:26.855 CST][DEBUG][net.sourceforge.jnlp.security.SecurityUtil] Loading Keystore /Users/travisll/.config/icedtea-web/security/trusted.clientcerts
[ITW-CORE][2022-12-03 06:32:26.855 CST][DEBUG][net.sourceforge.jnlp.security.KeystorePasswordAttempter] Operating Keystore /Users/travisll/.config/icedtea-web/security/trusted.clientcerts
[ITW-CORE][2022-12-03 06:32:26.858 CST][DEBUG][com.openwebstart.proxy.WebStartProxySelector] Selected ProxyProvider : NONE 
[ITW-CORE][2022-12-03 06:32:26.858 CST][DEBUG][com.openwebstart.proxy.ProxyProviderType] Direct proxy created
[ITW-CORE][2022-12-03 06:32:26.859 CST][INFO ][net.sourceforge.jnlp.runtime.Boot] Proceeding with jnlp
[ITW-CORE][2022-12-03 06:32:26.859 CST][INFO ][net.sourceforge.jnlp.runtime.Boot] JNLP file location: /Applications/admin.jnlp
[ITW-CORE][2022-12-03 06:32:26.860 CST][DEBUG][net.adoptopenjdk.icedteaweb.resources.ResourceTracker] Create resource for 'file:/Applications/admin.jnlp'
[ITW-CORE][2022-12-03 06:32:26.864 CST][DEBUG][net.adoptopenjdk.icedteaweb.resources.ResourceHandler] Resource is not cacheable: admin.jnlp
[ITW-CORE][2022-12-03 06:32:26.865 CST][DEBUG][net.adoptopenjdk.icedteaweb.resources.ResourceTracker] Download done. Shutting down executor
[ITW-CORE][2022-12-03 06:32:26.866 CST][DEBUG][net.sourceforge.jnlp.JNLPFile] Parsing JNLP file
location: file:/Applications/admin.jnlp
codebase: null
content:
<?xml version="1.0" encoding="utf-8"?>
<jnlp spec="1.0+" codebase="https://isy.universal-devices.com/994i/5.3.3" href="admin.jnlp">
<information>
<title>ISY994 Administrative Console</title>
<vendor>Universal Devices, Inc.</vendor>
<description>Configuration Utility for ISY</description>
<homepage href="https://www.universal-devices.com"/>
<description kind="short">ISY Admin Console</description>
<shortcut online="true"><desktop/><menu submenu="ISY994 Series"/></shortcut>
<icon href="udlogo.png" kind="splash"/>
<icon href="isy.jpg" />
<offline-allowed/> 
</information>
<java version="1.7*" vendor="Microsoft"/>
<security><all-permissions/></security>
<update check="background" policy="always"/>
<resources>
<jar href="insteon.jar" download="eager"/>
<jar href="ce.jar" download="lazy"/>
<jar href="chart.jar" download="lazy"/>
<jar href="fp.jar" download="lazy"/>
<jar href="RXTX.jar" download="lazy"/>
<j2se version="1.8+" />
</resources>
<application-desc main-class="com.universaldevices.client.ui.UDClientApplet">
<argument>urn:udi-com:device:X_Insteon_Lighting_Device:1</argument>
</application-desc></jnlp>
[ITW-CORE][2022-12-03 06:32:26.867 CST][INFO ][net.adoptopenjdk.icedteaweb.xmlparser.MalformedXMLParser] Using MalformedXMLParser
[ITW-CORE][2022-12-03 06:32:26.980 CST][INFO ][net.sourceforge.jnlp.Parser] Homepage: https://www.universal-devices.com
[ITW-CORE][2022-12-03 06:32:26.980 CST][INFO ][net.sourceforge.jnlp.Parser] Description: Configuration Utility for ISY
[ITW-CORE][2022-12-03 06:32:26.981 CST][DEBUG][net.adoptopenjdk.icedteaweb.manifest.ManifestAttributesReader] Jars not ready to provide attribute Application-Name
[ITW-CORE][2022-12-03 06:32:26.981 CST][INFO ][net.sourceforge.jnlp.JNLPFile] Acceptable vendor tag found, contains: Universal Devices, Inc.
[ITW-CORE][2022-12-03 06:32:26.982 CST][INFO ][net.sourceforge.jnlp.Parser] good - your JRE - 17.0.4 - match requested JRE - 1.8+
[ITW-CORE][2022-12-03 06:32:26.984 CST][DEBUG][net.adoptopenjdk.icedteaweb.resources.ResourceTracker] Create resource for 'https://isy.universal-devices.com/994i/5.3.3/admin.jnlp'
[ITW-CORE][2022-12-03 06:32:26.991 CST][DEBUG][net.adoptopenjdk.icedteaweb.resources.ResourceHandler] Start processing resource: admin.jnlp
[ITW-CORE][2022-12-03 06:32:26.999 CST][INFO ][net.adoptopenjdk.icedteaweb.resources.cache.CacheImpl] isCached: CacheKey{location=https://isy.universal-devices.com/994i/5.3.3/admin.jnlp, version=null} = true
[ITW-CORE][2022-12-03 06:32:27.000 CST][DEBUG][net.adoptopenjdk.icedteaweb.resources.initializer.UnversionedResourceInitializer] needsUpdateCheck: https://isy.universal-devices.com/994i/5.3.3/admin.jnlp -> true
[ITW-CORE][2022-12-03 06:32:27.000 CST][DEBUG][net.adoptopenjdk.icedteaweb.resources.initializer.UnversionedResourceInitializer] Candidate URLs for [l=https://isy.universal-devices.com/994i/5.3.3/admin.jnlp v=null s=I]: [https://isy.universal-devices.com/994i/5.3.3/admin.jnlp]
[ITW-CORE][2022-12-03 06:32:27.003 CST][DEBUG][com.openwebstart.proxy.direct.DirectProxyProvider] Using NO_PROXY for https://isy.universal-devices.com/994i/5.3.3/admin.jnlp
[ITW-CORE][2022-12-03 06:32:27.029 CST][DEBUG][com.openwebstart.proxy.direct.DirectProxyProvider] Using NO_PROXY for socket://isy.universal-devices.com:443
[ITW-CORE][2022-12-03 06:32:27.134 CST][DEBUG][net.adoptopenjdk.icedteaweb.resources.initializer.UrlProber] URL connection 'https://isy.universal-devices.com/994i/5.3.3/admin.jnlp' header fields: {null=[HTTP/1.1 200 OK], X-Cache=[Hit from cloudfront], Alt-Svc=[h3=":443"; ma=86400], Server=[nginx/1.22.1], X-Amz-Cf-Pop=[DFW53-C1], Connection=[keep-alive], Last-Modified=[Mon, 08 Mar 2021 05:32:27 GMT], Date=[Sat, 03 Dec 2022 12:01:15 GMT], Via=[1.1 0bcd0e379c9cf8a77e6550e0c70cfaf8.cloudfront.net (CloudFront)], Accept-Ranges=[bytes], Strict-Transport-Security=[max-age=31536000; includeSubDomains; preload], ETag=["6045b6eb-451"], X-Amz-Cf-Id=[aHbsMZVQ1EYNRz8tOYA3aLa70xVBt7y7OguFRksqgO91i1j6Kuo8KQ==], Content-Length=[1105], Age=[1872], Content-Type=[application/x-java-jnlp-file]}
[ITW-CORE][2022-12-03 06:32:27.134 CST][DEBUG][net.adoptopenjdk.icedteaweb.resources.initializer.BaseResourceInitializer] Best url for [l=https://isy.universal-devices.com/994i/5.3.3/admin.jnlp v=null s=I] is https://isy.universal-devices.com/994i/5.3.3/admin.jnlp by HEAD
[ITW-CORE][2022-12-03 06:32:27.136 CST][DEBUG][net.adoptopenjdk.icedteaweb.resources.cache.CachedFile] CacheKey{location=https://isy.universal-devices.com/994i/5.3.3/admin.jnlp, version=null}: isCached true
[ITW-CORE][2022-12-03 06:32:27.136 CST][DEBUG][net.adoptopenjdk.icedteaweb.resources.cache.CachedFile] CacheKey{location=https://isy.universal-devices.com/994i/5.3.3/admin.jnlp, version=null}: lastModified cache:1615181547000 actual:1615181547000 -> isCurrent = true
[ITW-CORE][2022-12-03 06:32:27.136 CST][INFO ][net.adoptopenjdk.icedteaweb.resources.cache.CacheImpl] isUpToDate: CacheKey{location=https://isy.universal-devices.com/994i/5.3.3/admin.jnlp, version=null} = true
[ITW-CORE][2022-12-03 06:32:27.136 CST][DEBUG][net.adoptopenjdk.icedteaweb.resources.initializer.UnversionedResourceInitializer] needsUpdate: https://isy.universal-devices.com/994i/5.3.3/admin.jnlp -> false
[ITW-CORE][2022-12-03 06:32:27.138 CST][DEBUG][net.adoptopenjdk.icedteaweb.resources.initializer.BaseResourceInitializer] Use cached version of resource [l=https://isy.universal-devices.com/994i/5.3.3/admin.jnlp v=null s=D] at /Users/travisll/.cache/icedtea-web/cache/0/0/admin.jnlp
[ITW-CORE][2022-12-03 06:32:27.139 CST][DEBUG][net.adoptopenjdk.icedteaweb.resources.ResourceTracker] Download done. Shutting down executor
[ITW-CORE][2022-12-03 06:32:27.139 CST][DEBUG][net.sourceforge.jnlp.JNLPFile] Parsing JNLP file
location: https://isy.universal-devices.com/994i/5.3.3/admin.jnlp
codebase: null
content:
<?xml version="1.0" encoding="utf-8"?>
<jnlp spec="1.0+" codebase="https://isy.universal-devices.com/994i/5.3.3" href="admin.jnlp">
<information>
<title>ISY994 Administrative Console</title>
<vendor>Universal Devices, Inc.</vendor>
<description>Configuration Utility for ISY</description>
<homepage href="https://www.universal-devices.com"/>
<description kind="short">ISY Admin Console</description>
<shortcut online="true"><desktop/><menu submenu="ISY994 Series"/></shortcut>
<icon href="udlogo.png" kind="splash"/>
<icon href="isy.jpg" />
<offline-allowed/> 
</information>
<security><all-permissions/></security>
<update check="background" policy="always"/>
<resources>
<jar href="insteon.jar" download="eager"/>
<jar href="ce.jar" download="lazy"/>
<jar href="chart.jar" download="lazy"/>
<jar href="fp.jar" download="lazy"/>
<jar href="RXTX.jar" download="lazy"/>
<j2se version="1.8+" />
</resources>
<application-desc main-class="com.universaldevices.client.ui.UDClientApplet">
<argument>urn:udi-com:device:X_Insteon_Lighting_Device:1</argument>
</application-desc></jnlp>
[ITW-CORE][2022-12-03 06:32:27.139 CST][INFO ][net.adoptopenjdk.icedteaweb.xmlparser.MalformedXMLParser] Using MalformedXMLParser
[ITW-CORE][2022-12-03 06:32:27.142 CST][INFO ][net.sourceforge.jnlp.Parser] Homepage: https://www.universal-devices.com
[ITW-CORE][2022-12-03 06:32:27.142 CST][INFO ][net.sourceforge.jnlp.Parser] Description: Configuration Utility for ISY
[ITW-CORE][2022-12-03 06:32:27.142 CST][DEBUG][net.adoptopenjdk.icedteaweb.manifest.ManifestAttributesReader] Jars not ready to provide attribute Application-Name
[ITW-CORE][2022-12-03 06:32:27.143 CST][INFO ][net.sourceforge.jnlp.JNLPFile] Acceptable vendor tag found, contains: Universal Devices, Inc.
[ITW-CORE][2022-12-03 06:32:27.148 CST][INFO ][net.sourceforge.jnlp.Parser] good - your JRE - 17.0.4 - match requested JRE - 1.8+
[ITW-CORE][2022-12-03 06:32:27.148 CST][DEBUG][net.sourceforge.jnlp.runtime.JNLPRuntime] Acquired shared lock on /var/folders/qv/zd44h42s6h5fj4q235rr1_3wzgxmhk/T/travisll/netx/locks/netx_running to indicate javaws is running
[ITW-CORE][2022-12-03 06:32:27.149 CST][DEBUG][net.adoptopenjdk.icedteaweb.manifest.ManifestAttributesReader] Jars not ready to provide attribute Application-Name
[ITW-CORE][2022-12-03 06:32:27.149 CST][DEBUG][net.adoptopenjdk.icedteaweb.manifest.ManifestAttributesReader] Jars not ready to provide attribute Application-Name
[ITW-CORE][2022-12-03 06:32:27.150 CST][DEBUG][net.sourceforge.jnlp.Launcher] Launching Application
[ITW-CORE][2022-12-03 06:32:27.150 CST][DEBUG][net.sourceforge.jnlp.services.ServiceUtil] call privileged method: checkSingleInstanceRunning
[ITW-CORE][2022-12-03 06:32:27.151 CST][DEBUG][net.sourceforge.jnlp.services.ServiceUtil] arg: net.sourceforge.jnlp.JNLPFile@6b507b73
[ITW-CORE][2022-12-03 06:32:27.151 CST][DEBUG][net.sourceforge.jnlp.services.ServiceUtil] result: null
[ITW-CORE][2022-12-03 06:32:27.151 CST][DEBUG][net.adoptopenjdk.icedteaweb.resources.ResourceTracker] Create resource for 'https://isy.universal-devices.com/994i/5.3.3/udlogo.png'
[ITW-CORE][2022-12-03 06:32:27.151 CST][DEBUG][net.adoptopenjdk.icedteaweb.resources.ResourceTracker] Prefetching resource udlogo.png
[ITW-CORE][2022-12-03 06:32:27.151 CST][DEBUG][net.adoptopenjdk.icedteaweb.resources.ResourceHandler] Start processing resource: udlogo.png
[ITW-CORE][2022-12-03 06:32:27.153 CST][INFO ][net.adoptopenjdk.icedteaweb.resources.cache.CacheImpl] isCached: CacheKey{location=https://isy.universal-devices.com/994i/5.3.3/udlogo.png, version=null} = true
[ITW-CORE][2022-12-03 06:32:27.154 CST][DEBUG][net.adoptopenjdk.icedteaweb.resources.initializer.UnversionedResourceInitializer] needsUpdateCheck: https://isy.universal-devices.com/994i/5.3.3/udlogo.png -> true
[ITW-CORE][2022-12-03 06:32:27.154 CST][DEBUG][net.adoptopenjdk.icedteaweb.resources.initializer.UnversionedResourceInitializer] Candidate URLs for [l=https://isy.universal-devices.com/994i/5.3.3/udlogo.png v=null s=I]: [https://isy.universal-devices.com/994i/5.3.3/udlogo.png]
[ITW-CORE][2022-12-03 06:32:27.154 CST][DEBUG][com.openwebstart.proxy.direct.DirectProxyProvider] Using NO_PROXY for https://isy.universal-devices.com/994i/5.3.3/udlogo.png
[ITW-CORE][2022-12-03 06:32:27.169 CST][DEBUG][net.adoptopenjdk.icedteaweb.resources.initializer.UrlProber] URL connection 'https://isy.universal-devices.com/994i/5.3.3/udlogo.png' header fields: {null=[HTTP/1.1 200 OK], X-Cache=[Hit from cloudfront], Alt-Svc=[h3=":443"; ma=86400], Server=[nginx/1.22.1], X-Amz-Cf-Pop=[DFW53-C1], Connection=[keep-alive], Last-Modified=[Mon, 08 Mar 2021 05:32:41 GMT], Date=[Sat, 03 Dec 2022 12:01:18 GMT], Via=[1.1 0bcd0e379c9cf8a77e6550e0c70cfaf8.cloudfront.net (CloudFront)], Accept-Ranges=[bytes], Strict-Transport-Security=[max-age=31536000; includeSubDomains; preload], ETag=["6045b6f9-a18e"], X-Amz-Cf-Id=[-z5ad_6qph1BWPHZhIvfyFpWDk0t7ZfNp6IfeK95nWlTj2Tj2QRAOw==], Content-Length=[41358], Age=[1869], Content-Type=[image/png]}
[ITW-CORE][2022-12-03 06:32:27.169 CST][DEBUG][net.adoptopenjdk.icedteaweb.resources.initializer.BaseResourceInitializer] Best url for [l=https://isy.universal-devices.com/994i/5.3.3/udlogo.png v=null s=I] is https://isy.universal-devices.com/994i/5.3.3/udlogo.png by HEAD
[ITW-CORE][2022-12-03 06:32:27.171 CST][DEBUG][net.adoptopenjdk.icedteaweb.resources.cache.CachedFile] CacheKey{location=https://isy.universal-devices.com/994i/5.3.3/udlogo.png, version=null}: isCached true
[ITW-CORE][2022-12-03 06:32:27.171 CST][DEBUG][net.adoptopenjdk.icedteaweb.resources.cache.CachedFile] CacheKey{location=https://isy.universal-devices.com/994i/5.3.3/udlogo.png, version=null}: lastModified cache:1615181561000 actual:1615181561000 -> isCurrent = true
[ITW-CORE][2022-12-03 06:32:27.171 CST][INFO ][net.adoptopenjdk.icedteaweb.resources.cache.CacheImpl] isUpToDate: CacheKey{location=https://isy.universal-devices.com/994i/5.3.3/udlogo.png, version=null} = true
[ITW-CORE][2022-12-03 06:32:27.171 CST][DEBUG][net.adoptopenjdk.icedteaweb.resources.initializer.UnversionedResourceInitializer] needsUpdate: https://isy.universal-devices.com/994i/5.3.3/udlogo.png -> false
[ITW-CORE][2022-12-03 06:32:27.172 CST][DEBUG][net.adoptopenjdk.icedteaweb.resources.initializer.BaseResourceInitializer] Use cached version of resource [l=https://isy.universal-devices.com/994i/5.3.3/udlogo.png v=null s=D] at /Users/travisll/.cache/icedtea-web/cache/0/1/udlogo.png
[ITW-CORE][2022-12-03 06:32:27.172 CST][DEBUG][net.adoptopenjdk.icedteaweb.resources.ResourceTracker] Download done. Shutting down executor
[ITW-CORE][2022-12-03 06:32:27.190 CST][INFO ][net.sourceforge.jnlp.runtime.classloader.JNLPClassLoader] New classloader: https://isy.universal-devices.com/994i/5.3.3/admin.jnlp
[ITW-CORE][2022-12-03 06:32:27.191 CST][DEBUG][net.adoptopenjdk.icedteaweb.resources.ResourceTracker] Create resource for 'https://isy.universal-devices.com/994i/5.3.3/insteon.jar'
[ITW-CORE][2022-12-03 06:32:27.191 CST][DEBUG][net.adoptopenjdk.icedteaweb.resources.ResourceTracker] Prefetching resource insteon.jar
[ITW-CORE][2022-12-03 06:32:27.191 CST][DEBUG][net.adoptopenjdk.icedteaweb.resources.ResourceTracker] Create resource for 'https://isy.universal-devices.com/994i/5.3.3/ce.jar'
[ITW-CORE][2022-12-03 06:32:27.191 CST][DEBUG][net.adoptopenjdk.icedteaweb.resources.ResourceHandler] Start processing resource: insteon.jar
[ITW-CORE][2022-12-03 06:32:27.191 CST][DEBUG][net.adoptopenjdk.icedteaweb.resources.ResourceTracker] Prefetching resource ce.jar
[ITW-CORE][2022-12-03 06:32:27.192 CST][DEBUG][net.adoptopenjdk.icedteaweb.resources.ResourceTracker] Create resource for 'https://isy.universal-devices.com/994i/5.3.3/chart.jar'
[ITW-CORE][2022-12-03 06:32:27.192 CST][DEBUG][net.adoptopenjdk.icedteaweb.resources.ResourceTracker] Prefetching resource chart.jar
[ITW-CORE][2022-12-03 06:32:27.192 CST][DEBUG][net.adoptopenjdk.icedteaweb.resources.ResourceHandler] Start processing resource: ce.jar
[ITW-CORE][2022-12-03 06:32:27.192 CST][DEBUG][net.adoptopenjdk.icedteaweb.resources.ResourceHandler] Start processing resource: chart.jar
[ITW-CORE][2022-12-03 06:32:27.192 CST][DEBUG][net.adoptopenjdk.icedteaweb.resources.ResourceTracker] Create resource for 'https://isy.universal-devices.com/994i/5.3.3/fp.jar'
[ITW-CORE][2022-12-03 06:32:27.192 CST][DEBUG][net.adoptopenjdk.icedteaweb.resources.ResourceTracker] Prefetching resource fp.jar
[ITW-CORE][2022-12-03 06:32:27.192 CST][DEBUG][net.adoptopenjdk.icedteaweb.resources.ResourceTracker] Create resource for 'https://isy.universal-devices.com/994i/5.3.3/RXTX.jar'
[ITW-CORE][2022-12-03 06:32:27.192 CST][DEBUG][net.adoptopenjdk.icedteaweb.resources.ResourceHandler] Start processing resource: fp.jar
[ITW-CORE][2022-12-03 06:32:27.192 CST][DEBUG][net.adoptopenjdk.icedteaweb.resources.ResourceTracker] Prefetching resource RXTX.jar
[ITW-CORE][2022-12-03 06:32:27.192 CST][DEBUG][net.adoptopenjdk.icedteaweb.resources.ResourceHandler] Start processing resource: RXTX.jar
[ITW-CORE][2022-12-03 06:32:27.193 CST][DEBUG][net.adoptopenjdk.icedteaweb.manifest.ManifestAttributesReader] Jars not ready to provide attribute Application-Name
[ITW-CORE][2022-12-03 06:32:27.193 CST][INFO ][net.adoptopenjdk.icedteaweb.resources.cache.CacheImpl] isCached: CacheKey{location=https://isy.universal-devices.com/994i/5.3.3/insteon.jar, version=null} = true
[ITW-CORE][2022-12-03 06:32:27.193 CST][DEBUG][com.openwebstart.download.ApplicationDownloadIndicator] DownloadServiceListener for ISY994 Administrative Console will be created
[ITW-CORE][2022-12-03 06:32:27.193 CST][INFO ][net.adoptopenjdk.icedteaweb.resources.cache.CacheImpl] isCached: CacheKey{location=https://isy.universal-devices.com/994i/5.3.3/ce.jar, version=null} = true
[ITW-CORE][2022-12-03 06:32:27.194 CST][INFO ][net.adoptopenjdk.icedteaweb.resources.cache.CacheImpl] isCached: CacheKey{location=https://isy.universal-devices.com/994i/5.3.3/chart.jar, version=null} = true
[ITW-CORE][2022-12-03 06:32:27.194 CST][INFO ][net.adoptopenjdk.icedteaweb.resources.cache.CacheImpl] isCached: CacheKey{location=https://isy.universal-devices.com/994i/5.3.3/fp.jar, version=null} = false
[ITW-CORE][2022-12-03 06:32:27.194 CST][DEBUG][net.adoptopenjdk.icedteaweb.resources.initializer.UnversionedResourceInitializer] Candidate URLs for [l=https://isy.universal-devices.com/994i/5.3.3/fp.jar v=null s=I]: [https://isy.universal-devices.com/994i/5.3.3/fp.jar]
[ITW-CORE][2022-12-03 06:32:27.194 CST][DEBUG][com.openwebstart.proxy.direct.DirectProxyProvider] Using NO_PROXY for https://isy.universal-devices.com/994i/5.3.3/fp.jar
[ITW-CORE][2022-12-03 06:32:27.194 CST][INFO ][net.adoptopenjdk.icedteaweb.resources.cache.CacheImpl] isCached: CacheKey{location=https://isy.universal-devices.com/994i/5.3.3/RXTX.jar, version=null} = true
[ITW-CORE][2022-12-03 06:32:27.195 CST][DEBUG][net.adoptopenjdk.icedteaweb.resources.initializer.UnversionedResourceInitializer] needsUpdateCheck: https://isy.universal-devices.com/994i/5.3.3/insteon.jar -> true
[ITW-CORE][2022-12-03 06:32:27.195 CST][DEBUG][net.adoptopenjdk.icedteaweb.resources.initializer.UnversionedResourceInitializer] Candidate URLs for [l=https://isy.universal-devices.com/994i/5.3.3/insteon.jar v=null s=I]: [https://isy.universal-devices.com/994i/5.3.3/insteon.jar]
[ITW-CORE][2022-12-03 06:32:27.195 CST][DEBUG][com.openwebstart.proxy.direct.DirectProxyProvider] Using NO_PROXY for https://isy.universal-devices.com/994i/5.3.3/insteon.jar
[ITW-CORE][2022-12-03 06:32:27.195 CST][DEBUG][com.openwebstart.proxy.direct.DirectProxyProvider] Using NO_PROXY for socket://isy.universal-devices.com:443
[ITW-CORE][2022-12-03 06:32:27.195 CST][DEBUG][net.adoptopenjdk.icedteaweb.resources.initializer.UnversionedResourceInitializer] needsUpdateCheck: https://isy.universal-devices.com/994i/5.3.3/ce.jar -> true
[ITW-CORE][2022-12-03 06:32:27.195 CST][DEBUG][net.adoptopenjdk.icedteaweb.resources.initializer.UnversionedResourceInitializer] Candidate URLs for [l=https://isy.universal-devices.com/994i/5.3.3/ce.jar v=null s=I]: [https://isy.universal-devices.com/994i/5.3.3/ce.jar]
[ITW-CORE][2022-12-03 06:32:27.196 CST][DEBUG][com.openwebstart.proxy.direct.DirectProxyProvider] Using NO_PROXY for https://isy.universal-devices.com/994i/5.3.3/ce.jar
[ITW-CORE][2022-12-03 06:32:27.196 CST][DEBUG][net.adoptopenjdk.icedteaweb.resources.initializer.UnversionedResourceInitializer] needsUpdateCheck: https://isy.universal-devices.com/994i/5.3.3/chart.jar -> true
[ITW-CORE][2022-12-03 06:32:27.196 CST][DEBUG][net.adoptopenjdk.icedteaweb.resources.initializer.UnversionedResourceInitializer] Candidate URLs for [l=https://isy.universal-devices.com/994i/5.3.3/chart.jar v=null s=I]: [https://isy.universal-devices.com/994i/5.3.3/chart.jar]
[ITW-CORE][2022-12-03 06:32:27.196 CST][DEBUG][com.openwebstart.proxy.direct.DirectProxyProvider] Using NO_PROXY for socket://isy.universal-devices.com:443
[ITW-CORE][2022-12-03 06:32:27.196 CST][DEBUG][com.openwebstart.proxy.direct.DirectProxyProvider] Using NO_PROXY for https://isy.universal-devices.com/994i/5.3.3/chart.jar
[ITW-CORE][2022-12-03 06:32:27.196 CST][DEBUG][net.adoptopenjdk.icedteaweb.resources.initializer.UnversionedResourceInitializer] needsUpdateCheck: https://isy.universal-devices.com/994i/5.3.3/RXTX.jar -> true
[ITW-CORE][2022-12-03 06:32:27.196 CST][DEBUG][net.adoptopenjdk.icedteaweb.resources.initializer.UnversionedResourceInitializer] Candidate URLs for [l=https://isy.universal-devices.com/994i/5.3.3/RXTX.jar v=null s=I]: [https://isy.universal-devices.com/994i/5.3.3/RXTX.jar]
[ITW-CORE][2022-12-03 06:32:27.196 CST][DEBUG][com.openwebstart.proxy.direct.DirectProxyProvider] Using NO_PROXY for socket://isy.universal-devices.com:443
[ITW-CORE][2022-12-03 06:32:27.196 CST][DEBUG][com.openwebstart.proxy.direct.DirectProxyProvider] Using NO_PROXY for https://isy.universal-devices.com/994i/5.3.3/RXTX.jar
[ITW-CORE][2022-12-03 06:32:27.197 CST][DEBUG][com.openwebstart.proxy.direct.DirectProxyProvider] Using NO_PROXY for socket://isy.universal-devices.com:443
[ITW-CORE][2022-12-03 06:32:27.250 CST][DEBUG][net.adoptopenjdk.icedteaweb.resources.initializer.UrlProber] URL connection 'https://isy.universal-devices.com/994i/5.3.3/insteon.jar' header fields: {null=[HTTP/1.1 200 OK], X-Cache=[Hit from cloudfront], Alt-Svc=[h3=":443"; ma=86400], Server=[nginx/1.22.1], X-Amz-Cf-Pop=[DFW53-C1], Connection=[keep-alive], Last-Modified=[Mon, 08 Mar 2021 05:32:39 GMT], Date=[Sat, 03 Dec 2022 12:01:18 GMT], Via=[1.1 6c6707b9b2a2151353d87b53eeed3030.cloudfront.net (CloudFront)], Accept-Ranges=[bytes], Strict-Transport-Security=[max-age=31536000; includeSubDomains; preload], ETag=["6045b6f7-412ae0"], X-Amz-Cf-Id=[5oWJjMljO4_WYp6PT6Ucub7myb2P5HmJJZMZ-mgBixngKHpIC7EFJg==], Content-Length=[4270816], Age=[1869], Content-Type=[application/java-archive]}
[ITW-CORE][2022-12-03 06:32:27.250 CST][DEBUG][net.adoptopenjdk.icedteaweb.resources.initializer.BaseResourceInitializer] Best url for [l=https://isy.universal-devices.com/994i/5.3.3/insteon.jar v=null s=I] is https://isy.universal-devices.com/994i/5.3.3/insteon.jar by HEAD
[ITW-CORE][2022-12-03 06:32:27.251 CST][DEBUG][net.adoptopenjdk.icedteaweb.resources.cache.CachedFile] CacheKey{location=https://isy.universal-devices.com/994i/5.3.3/insteon.jar, version=null}: isCached true
[ITW-CORE][2022-12-03 06:32:27.251 CST][DEBUG][net.adoptopenjdk.icedteaweb.resources.cache.CachedFile] CacheKey{location=https://isy.universal-devices.com/994i/5.3.3/insteon.jar, version=null}: lastModified cache:1615181559000 actual:1615181559000 -> isCurrent = true
[ITW-CORE][2022-12-03 06:32:27.251 CST][INFO ][net.adoptopenjdk.icedteaweb.resources.cache.CacheImpl] isUpToDate: CacheKey{location=https://isy.universal-devices.com/994i/5.3.3/insteon.jar, version=null} = true
[ITW-CORE][2022-12-03 06:32:27.251 CST][DEBUG][net.adoptopenjdk.icedteaweb.resources.initializer.UnversionedResourceInitializer] needsUpdate: https://isy.universal-devices.com/994i/5.3.3/insteon.jar -> false
[ITW-CORE][2022-12-03 06:32:27.254 CST][DEBUG][net.adoptopenjdk.icedteaweb.resources.initializer.BaseResourceInitializer] Use cached version of resource [l=https://isy.universal-devices.com/994i/5.3.3/insteon.jar v=null s=D] at /Users/travisll/.cache/icedtea-web/cache/0/4/insteon.jar
[ITW-CORE][2022-12-03 06:32:27.254 CST][DEBUG][net.adoptopenjdk.icedteaweb.resources.ResourceTracker] Download done. Shutting down executor
[ITW-CORE][2022-12-03 06:32:27.254 CST][DEBUG][com.openwebstart.download.ApplicationDownloadIndicator] DownloadServiceListener will be disposed
[ITW-CORE][2022-12-03 06:32:27.260 CST][DEBUG][net.adoptopenjdk.icedteaweb.resources.initializer.UrlProber] URL connection 'https://isy.universal-devices.com/994i/5.3.3/RXTX.jar' header fields: {null=[HTTP/1.1 200 OK], X-Cache=[Hit from cloudfront], Alt-Svc=[h3=":443"; ma=86400], Server=[nginx/1.22.1], X-Amz-Cf-Pop=[DFW53-C1], Connection=[keep-alive], Last-Modified=[Mon, 08 Mar 2021 05:32:39 GMT], Date=[Sat, 03 Dec 2022 12:01:18 GMT], Via=[1.1 a553956551fbf0c4a86ccb4e98efd3ca.cloudfront.net (CloudFront)], Accept-Ranges=[bytes], Strict-Transport-Security=[max-age=31536000; includeSubDomains; preload], ETag=["6045b6f7-11055"], X-Amz-Cf-Id=[OSPkaGaeST9koAXlbsdv4bFmFnC5wGLgQBKBQlyV4vppVUHD8lHj6A==], Content-Length=[69717], Age=[1869], Content-Type=[application/java-archive]}
[ITW-CORE][2022-12-03 06:32:27.260 CST][DEBUG][net.adoptopenjdk.icedteaweb.resources.initializer.UrlProber] URL connection 'https://isy.universal-devices.com/994i/5.3.3/chart.jar' header fields: {null=[HTTP/1.1 200 OK], X-Cache=[Hit from cloudfront], Alt-Svc=[h3=":443"; ma=86400], Server=[nginx/1.22.1], X-Amz-Cf-Pop=[DFW53-C1], Connection=[keep-alive], Last-Modified=[Mon, 08 Mar 2021 05:32:29 GMT], Date=[Sat, 03 Dec 2022 12:01:18 GMT], Via=[1.1 020e2a0f60b8ede21846567ba9cd50f4.cloudfront.net (CloudFront)], Accept-Ranges=[bytes], Strict-Transport-Security=[max-age=31536000; includeSubDomains; preload], ETag=["6045b6ed-f0343"], X-Amz-Cf-Id=[BKNMNMetSg7bEB-fvX_pFB831Ci_Jvlva_h9SrZBtYI5lkiBHiGMVQ==], Content-Length=[983875], Age=[1869], Content-Type=[application/java-archive]}
[ITW-CORE][2022-12-03 06:32:27.260 CST][DEBUG][net.adoptopenjdk.icedteaweb.resources.initializer.BaseResourceInitializer] Best url for [l=https://isy.universal-devices.com/994i/5.3.3/RXTX.jar v=null s=I] is https://isy.universal-devices.com/994i/5.3.3/RXTX.jar by HEAD
[ITW-CORE][2022-12-03 06:32:27.260 CST][DEBUG][net.adoptopenjdk.icedteaweb.resources.initializer.BaseResourceInitializer] Best url for [l=https://isy.universal-devices.com/994i/5.3.3/chart.jar v=null s=I] is https://isy.universal-devices.com/994i/5.3.3/chart.jar by HEAD
[ITW-CORE][2022-12-03 06:32:27.261 CST][DEBUG][net.adoptopenjdk.icedteaweb.resources.cache.CachedFile] CacheKey{location=https://isy.universal-devices.com/994i/5.3.3/RXTX.jar, version=null}: isCached true
[ITW-CORE][2022-12-03 06:32:27.261 CST][DEBUG][net.adoptopenjdk.icedteaweb.resources.cache.CachedFile] CacheKey{location=https://isy.universal-devices.com/994i/5.3.3/RXTX.jar, version=null}: lastModified cache:1615181559000 actual:1615181559000 -> isCurrent = true
[ITW-CORE][2022-12-03 06:32:27.261 CST][INFO ][net.adoptopenjdk.icedteaweb.resources.cache.CacheImpl] isUpToDate: CacheKey{location=https://isy.universal-devices.com/994i/5.3.3/RXTX.jar, version=null} = true
[ITW-CORE][2022-12-03 06:32:27.261 CST][DEBUG][net.adoptopenjdk.icedteaweb.resources.initializer.UnversionedResourceInitializer] needsUpdate: https://isy.universal-devices.com/994i/5.3.3/RXTX.jar -> false
[ITW-CORE][2022-12-03 06:32:27.261 CST][DEBUG][net.adoptopenjdk.icedteaweb.resources.cache.CachedFile] CacheKey{location=https://isy.universal-devices.com/994i/5.3.3/chart.jar, version=null}: isCached true
[ITW-CORE][2022-12-03 06:32:27.261 CST][DEBUG][net.adoptopenjdk.icedteaweb.resources.cache.CachedFile] CacheKey{location=https://isy.universal-devices.com/994i/5.3.3/chart.jar, version=null}: lastModified cache:1615181549000 actual:1615181549000 -> isCurrent = true
[ITW-CORE][2022-12-03 06:32:27.261 CST][INFO ][net.adoptopenjdk.icedteaweb.resources.cache.CacheImpl] isUpToDate: CacheKey{location=https://isy.universal-devices.com/994i/5.3.3/chart.jar, version=null} = true
[ITW-CORE][2022-12-03 06:32:27.262 CST][DEBUG][net.adoptopenjdk.icedteaweb.resources.initializer.UnversionedResourceInitializer] needsUpdate: https://isy.universal-devices.com/994i/5.3.3/chart.jar -> false
[ITW-CORE][2022-12-03 06:32:27.262 CST][DEBUG][net.adoptopenjdk.icedteaweb.resources.initializer.BaseResourceInitializer] Use cached version of resource [l=https://isy.universal-devices.com/994i/5.3.3/RXTX.jar v=null s=D] at /Users/travisll/.cache/icedtea-web/cache/0/3/RXTX.jar
[ITW-CORE][2022-12-03 06:32:27.263 CST][DEBUG][net.adoptopenjdk.icedteaweb.resources.initializer.BaseResourceInitializer] Use cached version of resource [l=https://isy.universal-devices.com/994i/5.3.3/chart.jar v=null s=D] at /Users/travisll/.cache/icedtea-web/cache/0/5/chart.jar
[ITW-CORE][2022-12-03 06:32:27.304 CST][DEBUG][net.adoptopenjdk.icedteaweb.http.HttpUtils]
Following exception should be harmless, but may help in finding root cause.
java.io.FileNotFoundException: https://isy.universal-devices.com/994i/5.3.3/fp.jar
	at java.base/sun.net.www.protocol.http.HttpURLConnection.getInputStream0(HttpURLConnection.java:1993)
	at java.base/sun.net.www.protocol.http.HttpURLConnection$9.run(HttpURLConnection.java:1581)
	at java.base/sun.net.www.protocol.http.HttpURLConnection$9.run(HttpURLConnection.java:1579)
	at java.base/java.security.AccessController.doPrivileged(AccessController.java:712)
	at java.base/java.security.AccessController.doPrivilegedWithCombiner(AccessController.java:962)
	at java.base/sun.net.www.protocol.http.HttpURLConnection.getInputStream(HttpURLConnection.java:1578)
	at java.base/sun.net.www.protocol.https.HttpsURLConnectionImpl.getInputStream(HttpsURLConnectionImpl.java:224)
	at net.adoptopenjdk.icedteaweb.http.CloseableConnection.getInputStream(CloseableConnection.java:58)
	at net.adoptopenjdk.icedteaweb.http.HttpUtils.consumeAndCloseConnection(HttpUtils.java:75)
	at net.adoptopenjdk.icedteaweb.http.HttpUtils.consumeAndCloseConnectionSilently(HttpUtils.java:62)
	at net.adoptopenjdk.icedteaweb.resources.initializer.UrlProber.getUrlResponseCodeWithRedirectionResult(UrlProber.java:67)
	at net.adoptopenjdk.icedteaweb.resources.initializer.BaseResourceInitializer.testUrl(BaseResourceInitializer.java:103)
	at net.adoptopenjdk.icedteaweb.resources.initializer.BaseResourceInitializer.lambda$null$0(BaseResourceInitializer.java:83)
	at java.base/java.util.concurrent.FutureTask.run(FutureTask.java:264)
	at java.base/java.util.concurrent.ThreadPoolExecutor.runWorker(ThreadPoolExecutor.java:1136)
	at java.base/java.util.concurrent.ThreadPoolExecutor$Worker.run(ThreadPoolExecutor.java:635)
	at java.base/java.lang.Thread.run(Thread.java:833)
[ITW-CORE][2022-12-03 06:32:27.304 CST][DEBUG][net.adoptopenjdk.icedteaweb.resources.initializer.UrlProber] URL connection 'https://isy.universal-devices.com/994i/5.3.3/fp.jar' header fields: {null=[HTTP/1.1 404 Not Found], X-Cache=[Error from cloudfront], Strict-Transport-Security=[max-age=31536000; includeSubDomains; preload], Alt-Svc=[h3=":443"; ma=86400], Server=[nginx/1.22.1], X-Amz-Cf-Pop=[DFW53-C1], Connection=[keep-alive], X-Amz-Cf-Id=[h0po9x_neEITI46KySkeL7Bkd6itPXBzmRG4eNcqObAxco7Mx4SdUQ==], Content-Length=[153], Date=[Sat, 03 Dec 2022 12:32:27 GMT], Via=[1.1 0bcd0e379c9cf8a77e6550e0c70cfaf8.cloudfront.net (CloudFront)], Content-Type=[text/html]}
[ITW-CORE][2022-12-03 06:32:27.305 CST][DEBUG][net.adoptopenjdk.icedteaweb.resources.initializer.BaseResourceInitializer] For [l=https://isy.universal-devices.com/994i/5.3.3/fp.jar v=null s=I] the server returned 404 code for HEAD request for https://isy.universal-devices.com/994i/5.3.3/fp.jar
[ITW-CORE][2022-12-03 06:32:27.306 CST][DEBUG][net.adoptopenjdk.icedteaweb.resources.initializer.BaseResourceInitializer] failed to determine best URL: java.util.concurrent.ExecutionException: java.lang.RuntimeException: Server returned 404 for https://isy.universal-devices.com/994i/5.3.3/fp.jar
[ITW-CORE][2022-12-03 06:32:27.306 CST][DEBUG][net.adoptopenjdk.icedteaweb.resources.initializer.UnversionedResourceInitializer] Failed to determine best URL for [l=https://isy.universal-devices.com/994i/5.3.3/fp.jar v=null s=I] will try all of [https://isy.universal-devices.com/994i/5.3.3/fp.jar]
[ITW-CORE][2022-12-03 06:32:27.307 CST][DEBUG][net.adoptopenjdk.icedteaweb.resources.downloader.BaseResourceDownloader] Will download in background: https://isy.universal-devices.com/994i/5.3.3/fp.jar
[ITW-CORE][2022-12-03 06:32:27.308 CST][DEBUG][com.openwebstart.proxy.direct.DirectProxyProvider] Using NO_PROXY for https://isy.universal-devices.com/994i/5.3.3/fp.jar
[ITW-CORE][2022-12-03 06:32:27.310 CST][DEBUG][net.adoptopenjdk.icedteaweb.resources.initializer.UrlProber] URL connection 'https://isy.universal-devices.com/994i/5.3.3/ce.jar' header fields: {null=[HTTP/1.1 200 OK], X-Cache=[Hit from cloudfront], Alt-Svc=[h3=":443"; ma=86400], Server=[nginx/1.22.1], X-Amz-Cf-Pop=[DFW53-C1], Connection=[keep-alive], Last-Modified=[Mon, 08 Mar 2021 05:32:27 GMT], Date=[Sat, 03 Dec 2022 12:20:22 GMT], Via=[1.1 6c6707b9b2a2151353d87b53eeed3030.cloudfront.net (CloudFront)], Accept-Ranges=[bytes], Strict-Transport-Security=[max-age=31536000; includeSubDomains; preload], ETag=["6045b6eb-1b3b8"], X-Amz-Cf-Id=[MKOtBduoBWBcyhIV2lZK1RYkKoa4I-OSih5tIWA1vNXHzTzEKWGN2A==], Content-Length=[111544], Age=[725], Content-Type=[application/java-archive]}
[ITW-CORE][2022-12-03 06:32:27.310 CST][DEBUG][net.adoptopenjdk.icedteaweb.resources.initializer.BaseResourceInitializer] Best url for [l=https://isy.universal-devices.com/994i/5.3.3/ce.jar v=null s=I] is https://isy.universal-devices.com/994i/5.3.3/ce.jar by HEAD
[ITW-CORE][2022-12-03 06:32:27.312 CST][DEBUG][net.adoptopenjdk.icedteaweb.resources.cache.CachedFile] CacheKey{location=https://isy.universal-devices.com/994i/5.3.3/ce.jar, version=null}: isCached true
[ITW-CORE][2022-12-03 06:32:27.312 CST][DEBUG][net.adoptopenjdk.icedteaweb.resources.cache.CachedFile] CacheKey{location=https://isy.universal-devices.com/994i/5.3.3/ce.jar, version=null}: lastModified cache:1615181547000 actual:1615181547000 -> isCurrent = true
[ITW-CORE][2022-12-03 06:32:27.312 CST][INFO ][net.adoptopenjdk.icedteaweb.resources.cache.CacheImpl] isUpToDate: CacheKey{location=https://isy.universal-devices.com/994i/5.3.3/ce.jar, version=null} = true
[ITW-CORE][2022-12-03 06:32:27.312 CST][DEBUG][net.adoptopenjdk.icedteaweb.resources.initializer.UnversionedResourceInitializer] needsUpdate: https://isy.universal-devices.com/994i/5.3.3/ce.jar -> false
[ITW-CORE][2022-12-03 06:32:27.313 CST][DEBUG][net.adoptopenjdk.icedteaweb.resources.initializer.BaseResourceInitializer] Use cached version of resource [l=https://isy.universal-devices.com/994i/5.3.3/ce.jar v=null s=D] at /Users/travisll/.cache/icedtea-web/cache/0/2/ce.jar
[ITW-CORE][2022-12-03 06:32:27.379 CST][DEBUG][net.adoptopenjdk.icedteaweb.resources.downloader.BaseResourceDownloader] Exception while downloading resource [l=https://isy.universal-devices.com/994i/5.3.3/fp.jar v=null s=I] from https://isy.universal-devices.com/994i/5.3.3/fp.jar - message: https://isy.universal-devices.com/994i/5.3.3/fp.jar cause: java.io.FileNotFoundException: https://isy.universal-devices.com/994i/5.3.3/fp.jar 
[ITW-CORE][2022-12-03 06:32:27.380 CST][ERROR][net.adoptopenjdk.icedteaweb.resources.downloader.BaseResourceDownloader] could not download resource [l=https://isy.universal-devices.com/994i/5.3.3/fp.jar v=null s=I] from any of theses urls [https://isy.universal-devices.com/994i/5.3.3/fp.jar] caused byExecutionException: java.io.FileNotFoundException: https://isy.universal-devices.com/994i/5.3.3/fp.jar caused by FileNotFoundException: https://isy.universal-devices.com/994i/5.3.3/fp.jar caused by FileNotFoundException: https://isy.universal-devices.com/994i/5.3.3/fp.jar
[ITW-CORE][2022-12-03 06:32:27.389 CST][DEBUG][net.sourceforge.jnlp.util.logging.UnixSystemLog] System logger called with result of 0
[ITW-CORE][2022-12-03 06:32:27.393 CST][DEBUG][net.sourceforge.jnlp.util.logging.UnixSystemLog] System logger called with result of 0
[ITW-CORE][2022-12-03 06:32:27.394 CST][DEBUG][net.sourceforge.jnlp.security.KeyStores] Keystore file /Users/travisll/.asdf/installs/java/microsoft-17.0.4/lib/security/jssecacerts does not exists.
[ITW-CORE][2022-12-03 06:32:27.394 CST][DEBUG][net.sourceforge.jnlp.security.SecurityUtil] Loading Keystore Unknown
[ITW-CORE][2022-12-03 06:32:27.394 CST][DEBUG][net.sourceforge.jnlp.security.KeystorePasswordAttempter] Operating Keystore Unknown
[ITW-CORE][2022-12-03 06:32:27.395 CST][DEBUG][net.sourceforge.jnlp.security.KeyStores] Keystore file /Users/travisll/.asdf/installs/java/microsoft-17.0.4/lib/security/cacerts exists.
[ITW-CORE][2022-12-03 06:32:27.395 CST][DEBUG][net.sourceforge.jnlp.security.SecurityUtil] Loading Keystore /Users/travisll/.asdf/installs/java/microsoft-17.0.4/lib/security/cacerts
[ITW-CORE][2022-12-03 06:32:27.395 CST][DEBUG][net.sourceforge.jnlp.security.KeystorePasswordAttempter] Operating Keystore /Users/travisll/.asdf/installs/java/microsoft-17.0.4/lib/security/cacerts
[ITW-CORE][2022-12-03 06:32:27.397 CST][DEBUG][net.sourceforge.jnlp.security.KeyStores] Keystore file /Users/travisll/.config/icedtea-web/security/trusted.jssecacerts exists.
[ITW-CORE][2022-12-03 06:32:27.397 CST][DEBUG][net.sourceforge.jnlp.security.SecurityUtil] Loading Keystore /Users/travisll/.config/icedtea-web/security/trusted.jssecacerts
[ITW-CORE][2022-12-03 06:32:27.397 CST][DEBUG][net.sourceforge.jnlp.security.KeystorePasswordAttempter] Operating Keystore /Users/travisll/.config/icedtea-web/security/trusted.jssecacerts
[ITW-CORE][2022-12-03 06:32:27.398 CST][DEBUG][net.sourceforge.jnlp.security.KeyStores] Keystore file /Users/travisll/.config/icedtea-web/security/trusted.cacerts exists.
[ITW-CORE][2022-12-03 06:32:27.398 CST][DEBUG][net.sourceforge.jnlp.security.SecurityUtil] Loading Keystore /Users/travisll/.config/icedtea-web/security/trusted.cacerts
[ITW-CORE][2022-12-03 06:32:27.398 CST][DEBUG][net.sourceforge.jnlp.security.KeystorePasswordAttempter] Operating Keystore /Users/travisll/.config/icedtea-web/security/trusted.cacerts
[ITW-CORE][2022-12-03 06:32:27.398 CST][DEBUG][net.sourceforge.jnlp.util.logging.UnixSystemLog] System logger called with result of 0
[ITW-CORE][2022-12-03 06:32:27.399 CST][DEBUG][net.sourceforge.jnlp.security.CertificateUtils] CN=GlobalSign,O=GlobalSign,OU=GlobalSign Root CA - R3 found in cacerts (/Users/travisll/.asdf/installs/java/microsoft-17.0.4/lib/security/cacerts)
[ITW-CORE][2022-12-03 06:32:27.399 CST][DEBUG][net.sourceforge.jnlp.tools.JarCertVerifier] Jar found at /Users/travisll/.cache/icedtea-web/cache/0/4/insteon.jar has been verified as SIGNED_OK
[ITW-CORE][2022-12-03 06:32:27.399 CST][DEBUG][net.sourceforge.jnlp.security.KeyStores] Keystore file /Users/travisll/.asdf/installs/java/microsoft-17.0.4/lib/security/trusted.jssecerts does not exists.
[ITW-CORE][2022-12-03 06:32:27.399 CST][DEBUG][net.sourceforge.jnlp.security.SecurityUtil] Loading Keystore Unknown
[ITW-CORE][2022-12-03 06:32:27.399 CST][DEBUG][net.sourceforge.jnlp.security.KeystorePasswordAttempter] Operating Keystore Unknown
[ITW-CORE][2022-12-03 06:32:27.399 CST][DEBUG][net.sourceforge.jnlp.security.KeyStores] Keystore file /Users/travisll/.asdf/installs/java/microsoft-17.0.4/lib/security/trusted.certs does not exists.
[ITW-CORE][2022-12-03 06:32:27.399 CST][DEBUG][net.sourceforge.jnlp.security.SecurityUtil] Loading Keystore Unknown
[ITW-CORE][2022-12-03 06:32:27.399 CST][DEBUG][net.sourceforge.jnlp.security.KeystorePasswordAttempter] Operating Keystore Unknown
[ITW-CORE][2022-12-03 06:32:27.399 CST][DEBUG][net.sourceforge.jnlp.security.KeyStores] Keystore file /Users/travisll/.config/icedtea-web/security/trusted.jssecerts exists.
[ITW-CORE][2022-12-03 06:32:27.399 CST][DEBUG][net.sourceforge.jnlp.security.SecurityUtil] Loading Keystore /Users/travisll/.config/icedtea-web/security/trusted.jssecerts
[ITW-CORE][2022-12-03 06:32:27.399 CST][DEBUG][net.sourceforge.jnlp.security.KeystorePasswordAttempter] Operating Keystore /Users/travisll/.config/icedtea-web/security/trusted.jssecerts
[ITW-CORE][2022-12-03 06:32:27.399 CST][DEBUG][net.sourceforge.jnlp.security.KeyStores] Keystore file /Users/travisll/.config/icedtea-web/security/trusted.certs exists.
[ITW-CORE][2022-12-03 06:32:27.399 CST][DEBUG][net.sourceforge.jnlp.security.SecurityUtil] Loading Keystore /Users/travisll/.config/icedtea-web/security/trusted.certs
[ITW-CORE][2022-12-03 06:32:27.399 CST][DEBUG][net.sourceforge.jnlp.security.KeystorePasswordAttempter] Operating Keystore /Users/travisll/.config/icedtea-web/security/trusted.certs
[ITW-CORE][2022-12-03 06:32:27.400 CST][DEBUG][net.sourceforge.jnlp.security.CertificateUtils] 1.2.840.113549.1.9.1=#161d737570706f727440756e6976657273616c2d646576696365732e636f6d,CN=Universal Devices Inc.,OU=ISY,O=Universal Devices Inc.,L=Encino,ST=CA,C=US found in cacerts (/Users/travisll/.config/icedtea-web/security/trusted.certs)
[ITW-CORE][2022-12-03 06:32:27.400 CST][DEBUG][net.sourceforge.jnlp.security.KeyStores] Keystore file /Users/travisll/.asdf/installs/java/microsoft-17.0.4/lib/security/jssecacerts does not exists.
[ITW-CORE][2022-12-03 06:32:27.400 CST][DEBUG][net.sourceforge.jnlp.security.SecurityUtil] Loading Keystore Unknown
[ITW-CORE][2022-12-03 06:32:27.400 CST][DEBUG][net.sourceforge.jnlp.security.KeystorePasswordAttempter] Operating Keystore Unknown
[ITW-CORE][2022-12-03 06:32:27.400 CST][DEBUG][net.sourceforge.jnlp.security.KeyStores] Keystore file /Users/travisll/.asdf/installs/java/microsoft-17.0.4/lib/security/cacerts exists.
[ITW-CORE][2022-12-03 06:32:27.400 CST][DEBUG][net.sourceforge.jnlp.security.SecurityUtil] Loading Keystore /Users/travisll/.asdf/installs/java/microsoft-17.0.4/lib/security/cacerts
[ITW-CORE][2022-12-03 06:32:27.400 CST][DEBUG][net.sourceforge.jnlp.security.KeystorePasswordAttempter] Operating Keystore /Users/travisll/.asdf/installs/java/microsoft-17.0.4/lib/security/cacerts
[ITW-CORE][2022-12-03 06:32:27.402 CST][DEBUG][net.sourceforge.jnlp.security.KeyStores] Keystore file /Users/travisll/.config/icedtea-web/security/trusted.jssecacerts exists.
[ITW-CORE][2022-12-03 06:32:27.402 CST][DEBUG][net.sourceforge.jnlp.security.SecurityUtil] Loading Keystore /Users/travisll/.config/icedtea-web/security/trusted.jssecacerts
[ITW-CORE][2022-12-03 06:32:27.402 CST][DEBUG][net.sourceforge.jnlp.security.KeystorePasswordAttempter] Operating Keystore /Users/travisll/.config/icedtea-web/security/trusted.jssecacerts
[ITW-CORE][2022-12-03 06:32:27.402 CST][DEBUG][net.sourceforge.jnlp.security.KeyStores] Keystore file /Users/travisll/.config/icedtea-web/security/trusted.cacerts exists.
[ITW-CORE][2022-12-03 06:32:27.403 CST][DEBUG][net.sourceforge.jnlp.security.SecurityUtil] Loading Keystore /Users/travisll/.config/icedtea-web/security/trusted.cacerts
[ITW-CORE][2022-12-03 06:32:27.403 CST][DEBUG][net.sourceforge.jnlp.security.KeystorePasswordAttempter] Operating Keystore /Users/travisll/.config/icedtea-web/security/trusted.cacerts
[ITW-CORE][2022-12-03 06:32:27.403 CST][DEBUG][net.sourceforge.jnlp.tools.JarCertVerifier] App is signed: true
[ITW-CORE][2022-12-03 06:32:27.405 CST][DEBUG][net.sourceforge.jnlp.tools.JarCertVerifier] App is signed: true
[ITW-CORE][2022-12-03 06:32:27.406 CST][DEBUG][net.sourceforge.jnlp.runtime.classloader.JNLPClassLoader] Ending check for signed JNLP file...
[ITW-CORE][2022-12-03 06:32:27.406 CST][DEBUG][net.sourceforge.jnlp.tools.JarCertVerifier] App is signed: true
[ITW-CORE][2022-12-03 06:32:27.406 CST][DEBUG][net.sourceforge.jnlp.tools.JarCertVerifier] App already has trusted publisher: true
[ITW-CORE][2022-12-03 06:32:27.406 CST][DEBUG][net.adoptopenjdk.icedteaweb.resources.ResourceTracker] Error flag set for resource 'https://isy.universal-devices.com/994i/5.3.3/fp.jar'. Can not return a local file for the resource
[ITW-CORE][2022-12-03 06:32:27.406 CST][WARN ][net.sourceforge.jnlp.runtime.classloader.JNLPClassLoader] initializeResource JAR https://isy.universal-devices.com/994i/5.3.3/fp.jar not found. Continuing.
[ITW-CORE][2022-12-03 06:32:27.411 CST][DEBUG][net.sourceforge.jnlp.util.logging.UnixSystemLog] System logger called with result of 0
[ITW-CORE][2022-12-03 06:32:27.417 CST][DEBUG][net.sourceforge.jnlp.util.logging.UnixSystemLog] System logger called with result of 0
[ITW-CORE][2022-12-03 06:32:27.420 CST][DEBUG][net.adoptopenjdk.icedteaweb.resources.ResourceTracker] Error flag set for resource 'https://isy.universal-devices.com/994i/5.3.3/fp.jar'. Can not return a local file for the resource
[ITW-CORE][2022-12-03 06:32:27.420 CST][DEBUG][net.adoptopenjdk.icedteaweb.manifest.ManifestAttributesChecker] Trusted Only manifest attribute not found. Continuing.
[ITW-CORE][2022-12-03 06:32:27.422 CST][DEBUG][net.sourceforge.jnlp.util.logging.UnixSystemLog] System logger called with result of 0
[ITW-CORE][2022-12-03 06:32:27.431 CST][DEBUG][net.adoptopenjdk.icedteaweb.resources.ResourceTracker] Error flag set for resource 'https://isy.universal-devices.com/994i/5.3.3/fp.jar'. Can not return a local file for the resource
[ITW-CORE][2022-12-03 06:32:27.431 CST][WARN ][net.adoptopenjdk.icedteaweb.manifest.ManifestAttributesChecker] This application does not specify a Codebase in its manifest. Please verify with the applet''s vendor. Continuing. See: http://docs.oracle.com/javase/7/docs/technotes/guides/jweb/security/no_redeploy.html for details.
[ITW-CORE][2022-12-03 06:32:27.435 CST][DEBUG][net.adoptopenjdk.icedteaweb.manifest.ManifestAttributesChecker] OK - 'https://isy.universal-devices.com/994i/5.3.3' is from codebase 'https://isy.universal-devices.com/994i/5.3.3/'.
[ITW-CORE][2022-12-03 06:32:27.435 CST][DEBUG][net.adoptopenjdk.icedteaweb.manifest.ManifestAttributesChecker] All applications resources are from codebase https://isy.universal-devices.com/994i/5.3.3/, skipping Application-Library-Allowable-Codebase Attribute check.
[ITW-CORE][2022-12-03 06:32:27.436 CST][DEBUG][net.sourceforge.jnlp.util.logging.UnixSystemLog] System logger called with result of 0
[ITW-CORE][2022-12-03 06:32:27.444 CST][DEBUG][net.sourceforge.jnlp.util.logging.UnixSystemLog] System logger called with result of 0
[ITW-CORE][2022-12-03 06:32:27.446 CST][DEBUG][net.adoptopenjdk.icedteaweb.resources.ResourceTracker] Error flag set for resource 'https://isy.universal-devices.com/994i/5.3.3/fp.jar'. Can not return a local file for the resource
[ITW-CORE][2022-12-03 06:32:27.447 CST][DEBUG][net.adoptopenjdk.icedteaweb.manifest.ManifestAttributesChecker] Entry-Point manifest attribute for yours 'com.universaldevices.client.ui.UDClientApplet' not found. Continuing.
[ITW-CORE][2022-12-03 06:32:27.448 CST][DEBUG][net.sourceforge.jnlp.util.logging.UnixSystemLog] System logger called with result of 0
[ITW-CORE][2022-12-03 06:32:27.458 CST][DEBUG][net.adoptopenjdk.icedteaweb.resources.ResourceTracker] Error flag set for resource 'https://isy.universal-devices.com/994i/5.3.3/fp.jar'. Can not return a local file for the resource
[ITW-CORE][2022-12-03 06:32:27.459 CST][WARN ][net.sourceforge.jnlp.JNLPFile] Application title was not found in manifest. Check with application vendor
[ITW-CORE][2022-12-03 06:32:27.459 CST][DEBUG][com.openwebstart.download.ApplicationDownloadIndicator] DownloadServiceListener for ISY994 Administrative Console will be created
[ITW-CORE][2022-12-03 06:32:27.459 CST][DEBUG][net.adoptopenjdk.icedteaweb.resources.ResourceTracker] Download done. Shutting down executor
[ITW-CORE][2022-12-03 06:32:27.459 CST][DEBUG][com.openwebstart.download.ApplicationDownloadIndicator] DownloadServiceListener will be disposed
[ITW-CORE][2022-12-03 06:32:27.463 CST][DEBUG][net.adoptopenjdk.icedteaweb.jdk89access.JarIndexAccess] sun.misc.JarIndex not found - Running jdk9+ ?
[ITW-CORE][2022-12-03 06:32:27.472 CST][DEBUG][net.sourceforge.jnlp.util.logging.UnixSystemLog] System logger called with result of 0
[ITW-CORE][2022-12-03 06:32:27.477 CST][DEBUG][net.sourceforge.jnlp.runtime.classloader.JNLPClassLoader] Activate jar: file:/Users/travisll/.cache/icedtea-web/cache/0/4/insteon.jar
[ITW-CORE][2022-12-03 06:32:27.477 CST][INFO ][net.sourceforge.jnlp.cache.NativeLibraryStorage] Activate native: https://isy.universal-devices.com/994i/5.3.3/insteon.jar
[ITW-CORE][2022-12-03 06:32:27.479 CST][INFO ][net.sourceforge.jnlp.runtime.classloader.JNLPClassLoader] Permission added: ("java.io.FilePermission" "/Users/travisll/.cache/icedtea-web/cache/0/4/insteon.jar" "read")
[ITW-CORE][2022-12-03 06:32:27.479 CST][INFO ][net.sourceforge.jnlp.runtime.classloader.JNLPClassLoader] Permission added: ("java.io.FilePermission" "/Users/travisll/.cache/icedtea-web/cache/0/2/ce.jar" "read")
[ITW-CORE][2022-12-03 06:32:27.479 CST][INFO ][net.sourceforge.jnlp.runtime.classloader.JNLPClassLoader] Permission added: ("java.io.FilePermission" "/Users/travisll/.cache/icedtea-web/cache/0/5/chart.jar" "read")
[ITW-CORE][2022-12-03 06:32:27.480 CST][DEBUG][net.adoptopenjdk.icedteaweb.resources.ResourceTracker] Error flag set for resource 'https://isy.universal-devices.com/994i/5.3.3/fp.jar'. Can not return a local file for the resource
[ITW-CORE][2022-12-03 06:32:27.480 CST][DEBUG][net.sourceforge.jnlp.runtime.classloader.JNLPClassLoader] No cache file for cacheable resource 'https://isy.universal-devices.com/994i/5.3.3/fp.jar' found.
[ITW-CORE][2022-12-03 06:32:27.480 CST][INFO ][net.sourceforge.jnlp.runtime.classloader.JNLPClassLoader] Unable to add permission for https://isy.universal-devices.com/994i/5.3.3/fp.jar
[ITW-CORE][2022-12-03 06:32:27.480 CST][INFO ][net.sourceforge.jnlp.runtime.classloader.JNLPClassLoader] Permission added: ("java.io.FilePermission" "/Users/travisll/.cache/icedtea-web/cache/0/3/RXTX.jar" "read")
[ITW-CORE][2022-12-03 06:32:27.481 CST][INFO ][net.sourceforge.jnlp.Launcher] Starting application [com.universaldevices.client.ui.UDClientApplet] ...
[ITW-CORE][2022-12-03 06:32:27.485 CST][DEBUG][net.sourceforge.jnlp.util.logging.UnixSystemLog] System logger called with result of 0
[ITW-CORE][2022-12-03 06:32:27.486 CST][DEBUG][net.sourceforge.jnlp.runtime.CachedJarFileCallback] Class-Path attribute cleared for /Users/travisll/.cache/icedtea-web/cache/0/4/insteon.jar
[ITW-CORE][2022-12-03 06:32:27.490 CST][DEBUG][net.sourceforge.jnlp.util.logging.UnixSystemLog] System logger called with result of 0
[ITW-CORE][2022-12-03 06:32:27.519 CST][DEBUG][net.sourceforge.jnlp.Launcher] Setting net.sourceforge.jnlp.runtime.classloader.JNLPClassLoader@37358571 as the classloader for thread ISY994 Administrative Console
[ITW-CORE][2022-12-03 06:32:27.519 CST][DEBUG][net.sourceforge.jnlp.Launcher] Setting net.sourceforge.jnlp.runtime.classloader.JNLPClassLoader@37358571 as the classloader for thread AWT-EventQueue-1
[ITW-CORE][2022-12-03 06:32:27.519 CST][DEBUG][net.sourceforge.jnlp.Launcher] Setting net.sourceforge.jnlp.runtime.classloader.JNLPClassLoader@37358571 as the classloader for thread TimerQueue
[ITW-CORE][2022-12-03 06:32:27.519 CST][DEBUG][net.sourceforge.jnlp.Launcher] Setting net.sourceforge.jnlp.runtime.classloader.JNLPClassLoader@37358571 as the classloader for thread ows-daemon-pool-1
[ITW-CORE][2022-12-03 06:32:27.519 CST][DEBUG][net.sourceforge.jnlp.Launcher] Setting net.sourceforge.jnlp.runtime.classloader.JNLPClassLoader@37358571 as the classloader for thread ows-daemon-pool-2
[ITW-CORE][2022-12-03 06:32:27.528 CST][DEBUG][net.adoptopenjdk.icedteaweb.resources.ResourceTracker] Error flag set for resource 'https://isy.universal-devices.com/994i/5.3.3/fp.jar'. Can not return a local file for the resource
[ITW-CORE][2022-12-03 06:32:27.529 CST][WARN ][net.sourceforge.jnlp.JNLPFile] Application title was not found in manifest. Check with application vendor
[ITW-CORE][2022-12-03 06:32:27.529 CST][DEBUG][com.openwebstart.download.ApplicationDownloadIndicator] DownloadServiceListener for ISY994 Administrative Console will be created
[ITW-CORE][2022-12-03 06:32:27.529 CST][DEBUG][net.adoptopenjdk.icedteaweb.resources.ResourceTracker] Download done. Shutting down executor
[ITW-CORE][2022-12-03 06:32:27.529 CST][DEBUG][com.openwebstart.download.ApplicationDownloadIndicator] DownloadServiceListener will be disposed
[ITW-CORE][2022-12-03 06:32:27.532 CST][DEBUG][net.sourceforge.jnlp.runtime.classloader.JNLPClassLoader] Activate jar: file:/Users/travisll/.cache/icedtea-web/cache/0/2/ce.jar
[ITW-CORE][2022-12-03 06:32:27.532 CST][INFO ][net.sourceforge.jnlp.cache.NativeLibraryStorage] Activate native: https://isy.universal-devices.com/994i/5.3.3/ce.jar
[ITW-CORE][2022-12-03 06:32:27.533 CST][DEBUG][net.sourceforge.jnlp.runtime.CachedJarFileCallback] Class-Path attribute cleared for /Users/travisll/.cache/icedtea-web/cache/0/2/ce.jar
[ITW-CORE][2022-12-03 06:32:27.535 CST][DEBUG][net.sourceforge.jnlp.util.logging.UnixSystemLog] System logger called with result of 0
[ITW-CORE][2022-12-03 06:32:27.541 CST][DEBUG][net.sourceforge.jnlp.util.logging.UnixSystemLog] System logger called with result of 0
[ITW-CORE][2022-12-03 06:32:27.543 CST][DEBUG][net.adoptopenjdk.icedteaweb.resources.ResourceTracker] Error flag set for resource 'https://isy.universal-devices.com/994i/5.3.3/fp.jar'. Can not return a local file for the resource
[ITW-CORE][2022-12-03 06:32:27.544 CST][WARN ][net.sourceforge.jnlp.JNLPFile] Application title was not found in manifest. Check with application vendor
[ITW-CORE][2022-12-03 06:32:27.544 CST][DEBUG][com.openwebstart.download.ApplicationDownloadIndicator] DownloadServiceListener for ISY994 Administrative Console will be created
[ITW-CORE][2022-12-03 06:32:27.544 CST][DEBUG][net.adoptopenjdk.icedteaweb.resources.ResourceTracker] Download done. Shutting down executor
[ITW-CORE][2022-12-03 06:32:27.544 CST][DEBUG][com.openwebstart.download.ApplicationDownloadIndicator] DownloadServiceListener will be disposed
[ITW-CORE][2022-12-03 06:32:27.545 CST][DEBUG][net.sourceforge.jnlp.util.logging.UnixSystemLog] System logger called with result of 0
[ITW-CORE][2022-12-03 06:32:27.549 CST][DEBUG][net.sourceforge.jnlp.runtime.classloader.JNLPClassLoader] Activate jar: file:/Users/travisll/.cache/icedtea-web/cache/0/5/chart.jar
[ITW-CORE][2022-12-03 06:32:27.549 CST][INFO ][net.sourceforge.jnlp.cache.NativeLibraryStorage] Activate native: https://isy.universal-devices.com/994i/5.3.3/chart.jar
[ITW-CORE][2022-12-03 06:32:27.551 CST][DEBUG][net.sourceforge.jnlp.runtime.CachedJarFileCallback] Class-Path attribute cleared for /Users/travisll/.cache/icedtea-web/cache/0/5/chart.jar
[ITW-CORE][2022-12-03 06:32:27.551 CST][DEBUG][net.sourceforge.jnlp.util.logging.UnixSystemLog] System logger called with result of 0
[ITW-CORE][2022-12-03 06:32:27.554 CST][DEBUG][net.adoptopenjdk.icedteaweb.resources.ResourceTracker] Error flag set for resource 'https://isy.universal-devices.com/994i/5.3.3/fp.jar'. Can not return a local file for the resource
[ITW-CORE][2022-12-03 06:32:27.554 CST][WARN ][net.sourceforge.jnlp.runtime.classloader.JNLPClassLoader] checkForMain JAR https://isy.universal-devices.com/994i/5.3.3/fp.jar not found. Continuing.
[ITW-CORE][2022-12-03 06:32:27.557 CST][DEBUG][net.sourceforge.jnlp.util.logging.UnixSystemLog] System logger called with result of 0
[ITW-CORE][2022-12-03 06:32:27.561 CST][DEBUG][net.adoptopenjdk.icedteaweb.resources.ResourceTracker] Error flag set for resource 'https://isy.universal-devices.com/994i/5.3.3/fp.jar'. Can not return a local file for the resource
[ITW-CORE][2022-12-03 06:32:27.562 CST][WARN ][net.sourceforge.jnlp.JNLPFile] Application title was not found in manifest. Check with application vendor
[ITW-CORE][2022-12-03 06:32:27.562 CST][DEBUG][com.openwebstart.download.ApplicationDownloadIndicator] DownloadServiceListener for ISY994 Administrative Console will be created
[ITW-CORE][2022-12-03 06:32:27.562 CST][DEBUG][net.adoptopenjdk.icedteaweb.resources.ResourceTracker] Download done. Shutting down executor
[ITW-CORE][2022-12-03 06:32:27.562 CST][DEBUG][com.openwebstart.download.ApplicationDownloadIndicator] DownloadServiceListener will be disposed
[ITW-CORE][2022-12-03 06:32:27.562 CST][DEBUG][net.adoptopenjdk.icedteaweb.resources.ResourceTracker] Error flag set for resource 'https://isy.universal-devices.com/994i/5.3.3/fp.jar'. Can not return a local file for the resource
[ITW-CORE][2022-12-03 06:32:27.562 CST][DEBUG][net.sourceforge.jnlp.runtime.classloader.JNLPClassLoader] Activate jar: https://isy.universal-devices.com/994i/5.3.3/fp.jar
[ITW-CORE][2022-12-03 06:32:27.562 CST][INFO ][net.sourceforge.jnlp.cache.NativeLibraryStorage] Activate native: https://isy.universal-devices.com/994i/5.3.3/fp.jar
[ITW-CORE][2022-12-03 06:32:27.562 CST][DEBUG][net.adoptopenjdk.icedteaweb.resources.ResourceTracker] Error flag set for resource 'https://isy.universal-devices.com/994i/5.3.3/fp.jar'. Can not return a local file for the resource
[ITW-CORE][2022-12-03 06:32:27.563 CST][DEBUG][net.sourceforge.jnlp.util.logging.UnixSystemLog] System logger called with result of 0
[ITW-CORE][2022-12-03 06:32:27.570 CST][DEBUG][net.adoptopenjdk.icedteaweb.resources.ResourceTracker] Error flag set for resource 'https://isy.universal-devices.com/994i/5.3.3/fp.jar'. Can not return a local file for the resource
[ITW-CORE][2022-12-03 06:32:27.570 CST][DEBUG][net.sourceforge.jnlp.util.logging.UnixSystemLog] System logger called with result of 0
[ITW-CORE][2022-12-03 06:32:27.572 CST][WARN ][net.sourceforge.jnlp.JNLPFile] Application title was not found in manifest. Check with application vendor
[ITW-CORE][2022-12-03 06:32:27.572 CST][DEBUG][com.openwebstart.download.ApplicationDownloadIndicator] DownloadServiceListener for ISY994 Administrative Console will be created
[ITW-CORE][2022-12-03 06:32:27.572 CST][DEBUG][net.adoptopenjdk.icedteaweb.resources.ResourceTracker] Download done. Shutting down executor
[ITW-CORE][2022-12-03 06:32:27.572 CST][DEBUG][com.openwebstart.download.ApplicationDownloadIndicator] DownloadServiceListener will be disposed
[ITW-CORE][2022-12-03 06:32:27.575 CST][DEBUG][net.sourceforge.jnlp.runtime.classloader.JNLPClassLoader] Activate jar: file:/Users/travisll/.cache/icedtea-web/cache/0/3/RXTX.jar
[ITW-CORE][2022-12-03 06:32:27.575 CST][INFO ][net.sourceforge.jnlp.cache.NativeLibraryStorage] Activate native: https://isy.universal-devices.com/994i/5.3.3/RXTX.jar
[ITW-CORE][2022-12-03 06:32:27.575 CST][DEBUG][net.sourceforge.jnlp.runtime.CachedJarFileCallback] Class-Path attribute cleared for /Users/travisll/.cache/icedtea-web/cache/0/3/RXTX.jar
[ITW-CORE][2022-12-03 06:32:27.576 CST][DEBUG][net.sourceforge.jnlp.util.logging.UnixSystemLog] System logger called with result of 0
[ITW-CORE][2022-12-03 06:32:27.577 CST][INFO ][net.sourceforge.jnlp.Launcher] Invoking main() with args: [urn:udi-com:device:X_Insteon_Lighting_Device:1]
[ITW-CORE][2022-12-03 06:32:27.577 CST][INFO ][net.sourceforge.jnlp.Launcher] main completed
[ITW-CORE][2022-12-03 06:32:27.577 CST][DEBUG][net.sourceforge.jnlp.runtime.Boot] Exiting Boot.mainWithReturnCode() with 0
[ITW-CORE][2022-12-03 06:32:27.585 CST][DEBUG][net.sourceforge.jnlp.util.logging.UnixSystemLog] System logger called with result of 0
[ITW-CORE][2022-12-03 06:32:27.589 CST][DEBUG][net.sourceforge.jnlp.runtime.CachedJarFileCallback] Class-Path attribute cleared for /Users/travisll/.cache/icedtea-web/cache/0/4/insteon.jar
[ITW-CORE][2022-12-03 06:32:27.592 CST][DEBUG][net.sourceforge.jnlp.util.logging.UnixSystemLog] System logger called with result of 0
[ITW-CORE][2022-12-03 06:32:27.602 CST][DEBUG][net.sourceforge.jnlp.util.logging.UnixSystemLog] System logger called with result of 0
[ITW-CORE][2022-12-03 06:32:27.608 CST][DEBUG][net.sourceforge.jnlp.util.logging.UnixSystemLog] System logger called with result of 0
[ITW-CORE][2022-12-03 06:32:27.614 CST][DEBUG][net.sourceforge.jnlp.util.logging.UnixSystemLog] System logger called with result of 0
[ITW-CORE][2022-12-03 06:32:27.619 CST][DEBUG][net.sourceforge.jnlp.util.logging.UnixSystemLog] System logger called with result of 0
[ITW-CORE][2022-12-03 06:32:27.625 CST][DEBUG][net.sourceforge.jnlp.util.logging.UnixSystemLog] System logger called with result of 0
[ITW-CORE][2022-12-03 06:32:29.062 CST][DEBUG][com.openwebstart.download.ApplicationDownloadIndicator] Closing DownloadServiceListener
[ITW-CORE][2022-12-03 06:32:42.112 CST][DEBUG][com.openwebstart.proxy.direct.DirectProxyProvider] Using NO_PROXY for https://www.universal-devices.com/auto_update/updates_config
[ITW-CORE][2022-12-03 06:32:42.112 CST][DEBUG][com.openwebstart.proxy.direct.DirectProxyProvider] Using NO_PROXY for socket://www.universal-devices.com:443
[ITW-CORE][2022-12-03 06:32:42.295 CST][DEBUG][com.openwebstart.proxy.direct.DirectProxyProvider] Using NO_PROXY for https://www.universal-devices.com/auto_update/prod-updates.xml
[ITW-CORE][2022-12-03 06:32:42.386 CST][DEBUG][com.openwebstart.proxy.direct.DirectProxyProvider] Using NO_PROXY for https://www.universal-devices.com/sales/modules/status?uuid=uuid:00:21:b9:02:19:fc
[ITW-CORE][2022-12-03 06:43:55.265 CST][INFO ][net.sourceforge.jnlp.util.logging.OutputController] Increase polling interval for shutdown phase
[ITW-CORE][2022-12-03 06:43:55.265 CST][DEBUG][net.sourceforge.jnlp.runtime.JNLPRuntime] Releasing shared lock on /var/folders/qv/zd44h42s6h5fj4q235rr1_3wzgxmhk/T/travisll/netx/locks/netx_running
[ITW-CORE][2022-12-03 06:43:55.265 CST][DEBUG][net.sourceforge.jnlp.runtime.JNLPRuntime] Closing channel
[ITW-CORE][2022-12-03 06:43:55.265 CST][DEBUG][net.sourceforge.jnlp.runtime.JNLPRuntime] Releasing done
[ITW-CORE][2022-12-03 06:43:55.265 CST][DEBUG][net.adoptopenjdk.icedteaweb.resources.cache.CacheImpl] preparing to cleanup the cache
[ITW-CORE][2022-12-03 06:43:55.266 CST][INFO ][net.adoptopenjdk.icedteaweb.resources.cache.CacheImpl] Other instances of javaws are running
[ITW-CORE][2022-12-03 06:43:55.266 CST][INFO ][net.adoptopenjdk.icedteaweb.resources.cache.CacheImpl] Cannot clear the cache at this time. Try later. If the problem persists, try closing your browser(s) & JNLP applications. At the end you can try to kill all java applications. You can clear cache by javaws -Xclearcache or via itw-settings Cache -> View files -> Purge
