[travisll][ITW-CORE][2022-08-21 09:58:49.685 CDT][INFO ][net.sourceforge.jnlp.util.logging.filelogs.WriterBasedFileLog][Output controller consumer daemon#6cb09ff2] writer-based impl.
[ITW-CORE][2022-08-21 09:58:49.526 CDT][DEBUG][net.adoptopenjdk.icedteaweb.logging.LoggerFactory] init logger factory to net.sourceforge.jnlp.util.logging.OutputControllerLoggerFactory@10f87f48
[ITW-CORE][2022-08-21 09:58:49.573 CDT][INFO ][com.openwebstart.launcher.PhaseTwoWebStartLauncher] Starting OpenWebStart 1.6.0
[ITW-CORE][2022-08-21 09:58:49.656 CDT][INFO ][net.sourceforge.jnlp.config.DeploymentConfiguration] Ico provider registered correctly.
[ITW-CORE][2022-08-21 09:58:49.672 CDT][INFO ][net.sourceforge.jnlp.config.DeploymentConfiguration] Ico provider registered correctly.
[ITW-CORE][2022-08-21 09:58:49.673 CDT][INFO ][net.sourceforge.jnlp.config.DeploymentConfiguration] Loading USER level properties from: file:/Users/travisll/.config/icedtea-web/deployment.properties
[ITW-CORE][2022-08-21 09:58:49.685 CDT][DEBUG][net.sourceforge.jnlp.util.logging.FileLog] Start logging into: net.sourceforge.jnlp.util.logging.filelogs.WriterBasedFileLog@2144e86f
[ITW-CORE][2022-08-21 09:58:49.684 CDT][INFO ][net.sourceforge.jnlp.config.DeploymentConfiguration] Loading USER level properties from: file:/Users/travisll/.config/icedtea-web/deployment.properties
[ITW-CORE][2022-08-21 09:58:49.687 CDT][DEBUG][net.sourceforge.jnlp.runtime.JNLPRuntime] Trying to set download indicator
[ITW-CORE][2022-08-21 09:58:49.687 CDT][DEBUG][net.sourceforge.jnlp.runtime.JNLPRuntime] Setting download indicator to com.openwebstart.download.ApplicationDownloadIndicator@2b552920
[ITW-CORE][2022-08-21 09:58:49.698 CDT][DEBUG][com.openwebstart.launcher.InitialConfigurationCheck] Checking if installation time (1661046380050) is after last initial config time (1661046386579)
[ITW-CORE][2022-08-21 09:58:49.700 CDT][DEBUG][com.openwebstart.launcher.PhaseTwoWebStartLauncher] RelevantJavawsArgs: '[/Users/travisll/Downloads/launch-2.jnlp]'
[ITW-CORE][2022-08-21 09:58:49.733 CDT][INFO ][com.openwebstart.install4j.Install4JUpdateHandler] Checking for update on server https://download-openwebstart.com/updates/updates.xml
[ITW-CORE][2022-08-21 09:58:50.446 CDT][INFO ][com.openwebstart.install4j.Install4JUpdateHandler] No update found on server
[ITW-CORE][2022-08-21 09:58:50.446 CDT][INFO ][com.openwebstart.launcher.PhaseTwoWebStartLauncher] Calling ITW Boot with args [/Users/travisll/Downloads/launch-2.jnlp].
[ITW-CORE][2022-08-21 09:58:50.449 CDT][INFO ][net.sourceforge.jnlp.runtime.EnvironmentPrinter] OpenWebStartLauncher called with args: [/Users/travisll/Downloads/launch-2.jnlp].
[ITW-CORE][2022-08-21 09:58:50.450 CDT][INFO ][net.sourceforge.jnlp.runtime.EnvironmentPrinter] OS: Mac OS X
[ITW-CORE][2022-08-21 09:58:50.450 CDT][INFO ][net.sourceforge.jnlp.runtime.EnvironmentPrinter] Java Runtime BellSoft-1.8.0_332
[ITW-CORE][2022-08-21 09:58:50.453 CDT][DEBUG][net.sourceforge.jnlp.runtime.JNLPRuntime] using com.openwebstart.extensionpoint.OwsExtensionPoint extension point
[ITW-APP ][2022-08-21 09:58:50.727 CDT][ERROR][sun.nio.cs.StreamEncoder.writeBytes(StreamEncoder.java:221)] Warning: the fonts "Times" and "Lucida Bright" are not available for the Java logical font "Serif", which may have unexpected appearance or behavior. Re-enable the "Times" font to remove this warning.
[ITW-CORE][2022-08-21 09:58:50.884 CDT][DEBUG][net.adoptopenjdk.icedteaweb.client.parts.dialogs.security.SecurityDialogMessageHandler] Starting security dialog thread
[ITW-CORE][2022-08-21 09:58:50.885 CDT][DEBUG][net.sourceforge.jnlp.security.KeyStores] Keystore file /Users/travisll/.config/icedtea-web/security/trusted.clientcerts exists.
[ITW-CORE][2022-08-21 09:58:50.886 CDT][DEBUG][net.sourceforge.jnlp.security.SecurityUtil] Loading Keystore /Users/travisll/.config/icedtea-web/security/trusted.clientcerts
[ITW-CORE][2022-08-21 09:58:50.887 CDT][DEBUG][net.sourceforge.jnlp.security.KeystorePasswordAttempter] Operating Keystore /Users/travisll/.config/icedtea-web/security/trusted.clientcerts
[ITW-CORE][2022-08-21 09:58:50.887 CDT][DEBUG][net.sourceforge.jnlp.security.KeystorePasswordAttempter] Operating Keystore Unknown
[ITW-CORE][2022-08-21 09:58:50.888 CDT][DEBUG][net.sourceforge.jnlp.security.KeyStores] Keystore file /Applications/OpenWebStart/.install4j/jre.bundle/Contents/Home/lib/security/trusted.jssecerts does not exists.
[ITW-CORE][2022-08-21 09:58:50.888 CDT][DEBUG][net.sourceforge.jnlp.security.SecurityUtil] Loading Keystore Unknown
[ITW-CORE][2022-08-21 09:58:50.888 CDT][DEBUG][net.sourceforge.jnlp.security.KeystorePasswordAttempter] Operating Keystore Unknown
[ITW-CORE][2022-08-21 09:58:50.888 CDT][DEBUG][net.sourceforge.jnlp.security.KeyStores] Keystore file /Applications/OpenWebStart/.install4j/jre.bundle/Contents/Home/lib/security/trusted.certs does not exists.
[ITW-CORE][2022-08-21 09:58:50.889 CDT][DEBUG][net.sourceforge.jnlp.security.SecurityUtil] Loading Keystore Unknown
[ITW-CORE][2022-08-21 09:58:50.889 CDT][DEBUG][net.sourceforge.jnlp.security.KeystorePasswordAttempter] Operating Keystore Unknown
[ITW-CORE][2022-08-21 09:58:50.889 CDT][DEBUG][net.sourceforge.jnlp.security.KeyStores] Keystore file /Users/travisll/.config/icedtea-web/security/trusted.jssecerts exists.
[ITW-CORE][2022-08-21 09:58:50.889 CDT][DEBUG][net.sourceforge.jnlp.security.SecurityUtil] Loading Keystore /Users/travisll/.config/icedtea-web/security/trusted.jssecerts
[ITW-CORE][2022-08-21 09:58:50.889 CDT][DEBUG][net.sourceforge.jnlp.security.KeystorePasswordAttempter] Operating Keystore /Users/travisll/.config/icedtea-web/security/trusted.jssecerts
[ITW-CORE][2022-08-21 09:58:50.889 CDT][DEBUG][net.sourceforge.jnlp.security.KeyStores] Keystore file /Users/travisll/.config/icedtea-web/security/trusted.certs exists.
[ITW-CORE][2022-08-21 09:58:50.889 CDT][DEBUG][net.sourceforge.jnlp.security.SecurityUtil] Loading Keystore /Users/travisll/.config/icedtea-web/security/trusted.certs
[ITW-CORE][2022-08-21 09:58:50.890 CDT][DEBUG][net.sourceforge.jnlp.security.KeystorePasswordAttempter] Operating Keystore /Users/travisll/.config/icedtea-web/security/trusted.certs
[ITW-CORE][2022-08-21 09:58:50.891 CDT][DEBUG][net.sourceforge.jnlp.security.KeyStores] Keystore file /Applications/OpenWebStart/.install4j/jre.bundle/Contents/Home/lib/security/jssecacerts does not exists.
[ITW-CORE][2022-08-21 09:58:50.892 CDT][DEBUG][net.sourceforge.jnlp.security.SecurityUtil] Loading Keystore Unknown
[ITW-CORE][2022-08-21 09:58:50.892 CDT][DEBUG][net.sourceforge.jnlp.security.KeystorePasswordAttempter] Operating Keystore Unknown
[ITW-CORE][2022-08-21 09:58:50.892 CDT][DEBUG][net.sourceforge.jnlp.security.KeyStores] Keystore file /Applications/OpenWebStart/.install4j/jre.bundle/Contents/Home/lib/security/cacerts exists.
[ITW-CORE][2022-08-21 09:58:50.892 CDT][DEBUG][net.sourceforge.jnlp.security.SecurityUtil] Loading Keystore /Applications/OpenWebStart/.install4j/jre.bundle/Contents/Home/lib/security/cacerts
[ITW-CORE][2022-08-21 09:58:50.892 CDT][DEBUG][net.sourceforge.jnlp.security.KeystorePasswordAttempter] Operating Keystore /Applications/OpenWebStart/.install4j/jre.bundle/Contents/Home/lib/security/cacerts
[ITW-CORE][2022-08-21 09:58:50.896 CDT][DEBUG][net.sourceforge.jnlp.security.KeyStores] Keystore file /Users/travisll/.config/icedtea-web/security/trusted.jssecacerts exists.
[ITW-CORE][2022-08-21 09:58:50.896 CDT][DEBUG][net.sourceforge.jnlp.security.SecurityUtil] Loading Keystore /Users/travisll/.config/icedtea-web/security/trusted.jssecacerts
[ITW-CORE][2022-08-21 09:58:50.896 CDT][DEBUG][net.sourceforge.jnlp.security.KeystorePasswordAttempter] Operating Keystore /Users/travisll/.config/icedtea-web/security/trusted.jssecacerts
[ITW-CORE][2022-08-21 09:58:50.896 CDT][DEBUG][net.sourceforge.jnlp.security.KeyStores] Keystore file /Users/travisll/.config/icedtea-web/security/trusted.cacerts exists.
[ITW-CORE][2022-08-21 09:58:50.896 CDT][DEBUG][net.sourceforge.jnlp.security.SecurityUtil] Loading Keystore /Users/travisll/.config/icedtea-web/security/trusted.cacerts
[ITW-CORE][2022-08-21 09:58:50.897 CDT][DEBUG][net.sourceforge.jnlp.security.KeystorePasswordAttempter] Operating Keystore /Users/travisll/.config/icedtea-web/security/trusted.cacerts
[ITW-CORE][2022-08-21 09:58:50.897 CDT][DEBUG][net.sourceforge.jnlp.security.KeyStores] Keystore file /Applications/OpenWebStart/.install4j/jre.bundle/Contents/Home/lib/security/trusted.clientcerts does not exists.
[ITW-CORE][2022-08-21 09:58:50.897 CDT][DEBUG][net.sourceforge.jnlp.security.SecurityUtil] Loading Keystore Unknown
[ITW-CORE][2022-08-21 09:58:50.897 CDT][DEBUG][net.sourceforge.jnlp.security.KeystorePasswordAttempter] Operating Keystore Unknown
[ITW-CORE][2022-08-21 09:58:50.897 CDT][DEBUG][net.sourceforge.jnlp.security.KeyStores] Keystore file /Users/travisll/.config/icedtea-web/security/trusted.clientcerts exists.
[ITW-CORE][2022-08-21 09:58:50.897 CDT][DEBUG][net.sourceforge.jnlp.security.SecurityUtil] Loading Keystore /Users/travisll/.config/icedtea-web/security/trusted.clientcerts
[ITW-CORE][2022-08-21 09:58:50.897 CDT][DEBUG][net.sourceforge.jnlp.security.KeystorePasswordAttempter] Operating Keystore /Users/travisll/.config/icedtea-web/security/trusted.clientcerts
[ITW-CORE][2022-08-21 09:58:50.899 CDT][DEBUG][com.openwebstart.proxy.WebStartProxySelector] Selected ProxyProvider : NONE 
[ITW-CORE][2022-08-21 09:58:50.899 CDT][DEBUG][com.openwebstart.proxy.ProxyProviderType] Direct proxy created
[ITW-CORE][2022-08-21 09:58:50.900 CDT][INFO ][net.sourceforge.jnlp.runtime.Boot] Proceeding with jnlp
[ITW-CORE][2022-08-21 09:58:50.901 CDT][INFO ][net.sourceforge.jnlp.runtime.Boot] JNLP file location: /Users/travisll/Downloads/launch-2.jnlp
[ITW-CORE][2022-08-21 09:58:50.903 CDT][DEBUG][net.adoptopenjdk.icedteaweb.resources.ResourceTracker] Create resource for 'file:/Users/travisll/Downloads/launch-2.jnlp'
[ITW-CORE][2022-08-21 09:58:50.909 CDT][DEBUG][net.adoptopenjdk.icedteaweb.resources.ResourceHandler] Resource is not cacheable: launch-2.jnlp
[ITW-CORE][2022-08-21 09:58:50.909 CDT][DEBUG][net.adoptopenjdk.icedteaweb.resources.ResourceTracker] Download done. Shutting down executor
[ITW-CORE][2022-08-21 09:58:50.911 CDT][DEBUG][net.sourceforge.jnlp.JNLPFile] Parsing JNLP file
location: file:/Users/travisll/Downloads/launch-2.jnlp
codebase: null
content:
<jnlp spec="1.0+" codebase="http://192.168.1.94:80/">
  <information>
    <title>ATEN Java iKVM Viewer</title>
    <vendor>ATEN</vendor>
    <description>Java Web Start Application</description>
  </information>

  <security>
   <all-permissions/>
  </security>

  <resources>
    <property name="jnlp.packEnabled" value="true"/>
    <j2se version="1.6.0+" initial-heap-size="128M" max-heap-size="128M" java-vm-args="-XX:PermSize=32M -XX:MaxPermSize=32M"/>
    <jar href="iKVM__V1.69.25.0x0.jar" download="eager" main="true"/>
  </resources>

  <resources os="Windows" arch="x86">
    <nativelib href="libwin_x86__V1.0.8.jar" download="eager"/>
  </resources>
  <resources os="Windows" arch="x86_64">
    <nativelib href="libwin_x86_64__V1.0.8.jar" download="eager"/>
  </resources>
  <resources os="Windows" arch="amd64">
    <nativelib href="libwin_x86_64__V1.0.8.jar" download="eager"/>
  </resources>

  <resources os="Linux" arch="i386">
    <nativelib href="liblinux_x86__V1.0.8.jar" download="eager"/>
  </resources>
  <resources os="Linux" arch="x86">
    <nativelib href="liblinux_x86__V1.0.8.jar" download="eager"/>
  </resources>
  <resources os="Linux" arch="x86_64">
    <nativelib href="liblinux_x86_64__V1.0.8.jar" download="eager"/>
  </resources>
  <resources os="Linux" arch="amd64">
    <nativelib href="liblinux_x86_64__V1.0.8.jar" download="eager"/>
  </resources>

  <resources os="Mac OS X" arch="x86_64">
    <nativelib href="libmac_x86_64__V1.0.8.jar" download="eager"/>
  </resources>

  <application-desc main-class="tw.com.aten.ikvm.KVMMain">
    <argument>192.168.1.94</argument>
    <argument>virclwksnftvnrnq</argument>
    <argument>virclwksnftvnrnq</argument>
	<argument>null</argument>
    <argument>5900</argument>
    <argument>623</argument>
    <argument>0</argument>
    <argument>0</argument>
    <argument>1</argument>
    <argument>3520</argument>
  </application-desc>
</jnlp>
[ITW-CORE][2022-08-21 09:58:50.917 CDT][INFO ][net.adoptopenjdk.icedteaweb.xmlparser.MalformedXMLParser] Using MalformedXMLParser
[ITW-CORE][2022-08-21 09:58:51.155 CDT][INFO ][net.sourceforge.jnlp.Parser] Homepage: null
[ITW-CORE][2022-08-21 09:58:51.155 CDT][INFO ][net.sourceforge.jnlp.Parser] Description: Java Web Start Application
[ITW-CORE][2022-08-21 09:58:51.155 CDT][DEBUG][net.adoptopenjdk.icedteaweb.manifest.ManifestAttributesReader] Jars not ready to provide attribute Application-Name
[ITW-CORE][2022-08-21 09:58:51.156 CDT][INFO ][net.sourceforge.jnlp.JNLPFile] Acceptable vendor tag found, contains: ATEN
[ITW-CORE][2022-08-21 09:58:51.158 CDT][INFO ][net.sourceforge.jnlp.Parser] good - your JRE - 1.8.0_332 - match requested JRE - 1.6.0+
[ITW-CORE][2022-08-21 09:58:51.163 CDT][DEBUG][net.adoptopenjdk.icedteaweb.resources.ResourceTracker] Create resource for 'file:/Users/travisll/Downloads/launch-2.jnlp'
[ITW-CORE][2022-08-21 09:58:51.164 CDT][DEBUG][net.sourceforge.jnlp.JNLPFile] Parsing JNLP file
location: file:/Users/travisll/Downloads/launch-2.jnlp
codebase: null
content:
<jnlp spec="1.0+" codebase="http://192.168.1.94:80/">
  <information>
    <title>ATEN Java iKVM Viewer</title>
    <vendor>ATEN</vendor>
    <description>Java Web Start Application</description>
  </information>

  <security>
   <all-permissions/>
  </security>

  <resources>
    <property name="jnlp.packEnabled" value="true"/>
    <j2se version="1.6.0+" initial-heap-size="128M" max-heap-size="128M" java-vm-args="-XX:PermSize=32M -XX:MaxPermSize=32M"/>
    <jar href="iKVM__V1.69.25.0x0.jar" download="eager" main="true"/>
  </resources>

  <resources os="Windows" arch="x86">
    <nativelib href="libwin_x86__V1.0.8.jar" download="eager"/>
  </resources>
  <resources os="Windows" arch="x86_64">
    <nativelib href="libwin_x86_64__V1.0.8.jar" download="eager"/>
  </resources>
  <resources os="Windows" arch="amd64">
    <nativelib href="libwin_x86_64__V1.0.8.jar" download="eager"/>
  </resources>

  <resources os="Linux" arch="i386">
    <nativelib href="liblinux_x86__V1.0.8.jar" download="eager"/>
  </resources>
  <resources os="Linux" arch="x86">
    <nativelib href="liblinux_x86__V1.0.8.jar" download="eager"/>
  </resources>
  <resources os="Linux" arch="x86_64">
    <nativelib href="liblinux_x86_64__V1.0.8.jar" download="eager"/>
  </resources>
  <resources os="Linux" arch="amd64">
    <nativelib href="liblinux_x86_64__V1.0.8.jar" download="eager"/>
  </resources>

  <resources os="Mac OS X" arch="x86_64">
    <nativelib href="libmac_x86_64__V1.0.8.jar" download="eager"/>
  </resources>

  <application-desc main-class="tw.com.aten.ikvm.KVMMain">
    <argument>192.168.1.94</argument>
    <argument>virclwksnftvnrnq</argument>
    <argument>virclwksnftvnrnq</argument>
	<argument>null</argument>
    <argument>5900</argument>
    <argument>623</argument>
    <argument>0</argument>
    <argument>0</argument>
    <argument>1</argument>
    <argument>3520</argument>
  </application-desc>
</jnlp>
[ITW-CORE][2022-08-21 09:58:51.165 CDT][INFO ][net.adoptopenjdk.icedteaweb.xmlparser.MalformedXMLParser] Using MalformedXMLParser
[ITW-CORE][2022-08-21 09:58:51.167 CDT][INFO ][net.sourceforge.jnlp.Parser] Homepage: null
[ITW-CORE][2022-08-21 09:58:51.167 CDT][INFO ][net.sourceforge.jnlp.Parser] Description: Java Web Start Application
[ITW-CORE][2022-08-21 09:58:51.167 CDT][DEBUG][net.adoptopenjdk.icedteaweb.manifest.ManifestAttributesReader] Jars not ready to provide attribute Application-Name
[ITW-CORE][2022-08-21 09:58:51.167 CDT][INFO ][net.sourceforge.jnlp.JNLPFile] Acceptable vendor tag found, contains: ATEN
[ITW-CORE][2022-08-21 09:58:51.167 CDT][INFO ][net.sourceforge.jnlp.Parser] good - your JRE - 1.8.0_332 - match requested JRE - 1.6.0+
[ITW-CORE][2022-08-21 09:58:51.170 CDT][DEBUG][net.sourceforge.jnlp.runtime.JNLPRuntime] Acquired shared lock on /var/folders/qv/zd44h42s6h5fj4q235rr1_3wzgxmhk/T/travisll/netx/locks/netx_running to indicate javaws is running
[ITW-CORE][2022-08-21 09:58:51.171 CDT][DEBUG][net.adoptopenjdk.icedteaweb.manifest.ManifestAttributesReader] Jars not ready to provide attribute Application-Name
[ITW-CORE][2022-08-21 09:58:51.171 CDT][DEBUG][net.adoptopenjdk.icedteaweb.manifest.ManifestAttributesReader] Jars not ready to provide attribute Application-Name
[ITW-CORE][2022-08-21 09:58:51.172 CDT][DEBUG][net.sourceforge.jnlp.Launcher] Launching Application
[ITW-CORE][2022-08-21 09:58:51.172 CDT][DEBUG][net.sourceforge.jnlp.services.ServiceUtil] call privileged method: checkSingleInstanceRunning
[ITW-CORE][2022-08-21 09:58:51.172 CDT][DEBUG][net.sourceforge.jnlp.services.ServiceUtil] arg: net.sourceforge.jnlp.JNLPFile@177890bb
[ITW-CORE][2022-08-21 09:58:51.173 CDT][DEBUG][net.sourceforge.jnlp.services.ServiceUtil] result: null
[ITW-CORE][2022-08-21 09:58:51.177 CDT][DEBUG][com.openwebstart.jvm.LocalRuntimeManager] Loading runtime cache from filesystem
[ITW-CORE][2022-08-21 09:58:51.177 CDT][DEBUG][com.openwebstart.jvm.LocalRuntimeManager] Clearing runtime cache
[ITW-CORE][2022-08-21 09:58:51.210 CDT][DEBUG][com.openwebstart.jvm.JavaRuntimeSelector] requested: JRE with version string '1.6.0+' and vendor '*', require 32 bit = false, from null
[ITW-CORE][2022-08-21 09:58:51.210 CDT][DEBUG][com.openwebstart.jvm.JavaRuntimeSelector] Trying to find local Java runtime. Requested version: '1.6.0+', vendor: 'Azul Systems, Inc.', os: 'MACARM64'
[ITW-CORE][2022-08-21 09:58:51.210 CDT][DEBUG][com.openwebstart.jvm.LocalRuntimeManager] Trying to find local Java runtime. Requested version: '1.6.0+' Requested vendor: 'Azul Systems, Inc.' requested os: 'MACARM64' active: 'true'
[ITW-CORE][2022-08-21 09:58:51.214 CDT][DEBUG][com.openwebstart.jvm.JavaRuntimeSelector] Local runtime JavaRuntime{version=18.0.2, vendor=Azul Systems, Inc., operationSystem=MACARM64} found but remote endpoint is checked for newer versions
[ITW-CORE][2022-08-21 09:58:51.214 CDT][DEBUG][com.openwebstart.jvm.RemoteRuntimeManager] Trying to find remote Java runtime. Requested version: '1.6.0+' Requested vendor: 'Azul Systems, Inc.' requested os: 'MACARM64'
[ITW-CORE][2022-08-21 09:58:51.214 CDT][DEBUG][com.openwebstart.jvm.RemoteRuntimeManager] Endpoint to request for Java runtimes: https://download-openwebstart.com/jvms.json
[ITW-CORE][2022-08-21 09:58:51.216 CDT][DEBUG][com.openwebstart.proxy.direct.DirectProxyProvider] Using NO_PROXY for https://download-openwebstart.com/jvms.json
[ITW-CORE][2022-08-21 09:58:51.216 CDT][DEBUG][com.openwebstart.proxy.direct.DirectProxyProvider] Using NO_PROXY for socket://download-openwebstart.com:443
[ITW-CORE][2022-08-21 09:58:51.774 CDT][DEBUG][com.openwebstart.jvm.RemoteRuntimeManager] Received 33 possible runtime definitions from server
[ITW-CORE][2022-08-21 09:58:51.778 CDT][DEBUG][com.openwebstart.jvm.JavaRuntimeSelector] No newer version was installed
[ITW-CORE][2022-08-21 09:58:51.778 CDT][DEBUG][com.openwebstart.launcher.OwsJvmLauncher] Found JVM JavaRuntime{version=18.0.2, vendor=Azul Systems, Inc., operationSystem=MACARM64}
[ITW-CORE][2022-08-21 09:58:51.779 CDT][INFO ][com.openwebstart.launcher.OwsJvmLauncher] using java runtime at '/Library/Java/JavaVirtualMachines/zulu-18.jdk/Contents/Home' for launching managed application
[ITW-CORE][2022-08-21 09:58:51.781 CDT][DEBUG][com.openwebstart.launcher.OwsJvmLauncher] Set -D jvm arg for property jnlp.packEnabled from JNLP file properties map.
[ITW-CORE][2022-08-21 09:58:51.786 CDT][DEBUG][com.openwebstart.jvm.LocalRuntimeManager] Runtime cache is currently read only, not saving.
[ITW-CORE][2022-08-21 09:58:51.787 CDT][INFO ][com.openwebstart.launcher.OwsJvmLauncher] About to launch process with command:
/Library/Java/JavaVirtualMachines/zulu-18.jdk/Contents/Home/bin/java -Xbootclasspath/a:/Applications/OpenWebStart/openwebstart.jar -Xms128M -Xmx128M -XX:PermSize=32M -XX:MaxPermSize=32M -Djnlp.packEnabled=true --add-exports=java.base/sun.net.www.protocol.jar=ALL-UNNAMED,java.desktop --add-exports=java.base/jdk.internal.util.jar=ALL-UNNAMED,java.desktop --add-exports=java.base/com.sun.net.ssl.internal.ssl=ALL-UNNAMED,java.desktop --add-reads=java.naming=ALL-UNNAMED,java.desktop --add-exports=java.desktop/sun.awt.X11=ALL-UNNAMED,java.desktop --add-exports=java.desktop/sun.applet=ALL-UNNAMED,java.desktop,jdk.jsobject --add-exports=java.base/sun.security.action=ALL-UNNAMED,java.desktop --add-reads=java.base=ALL-UNNAMED,java.desktop --add-exports=java.base/sun.net.www.protocol.http=ALL-UNNAMED,java.desktop --add-exports=java.naming/com.sun.jndi.toolkit.url=ALL-UNNAMED,java.desktop --add-exports=java.base/sun.security.util=ALL-UNNAMED,java.desktop --add-reads=java.desktop=ALL-UNNAMED,java.naming --add-exports=java.desktop/sun.awt=ALL-UNNAMED,java.desktop --add-exports=java.base/sun.security.x509=ALL-UNNAMED,java.desktop --add-exports=java.desktop/javax.jnlp=ALL-UNNAMED,java.desktop --add-exports=java.base/sun.security.provider=ALL-UNNAMED,java.desktop --add-exports=java.base/sun.security.validator=ALL-UNNAMED,java.desktop net.sourceforge.jnlp.runtime.Boot -Xnofork /Users/travisll/Downloads/launch-2.jnlp
[ITW-CORE][2022-08-21 09:58:51.831 CDT][DEBUG][net.sourceforge.jnlp.runtime.Boot] Exiting Boot.mainWithReturnCode() with 0
[ITW-CORE][2022-08-21 09:58:51.832 CDT][INFO ][net.sourceforge.jnlp.util.logging.OutputController] Increase polling interval for shutdown phase
[ITW-CORE][2022-08-21 09:58:51.832 CDT][DEBUG][net.sourceforge.jnlp.runtime.JNLPRuntime] Releasing shared lock on /var/folders/qv/zd44h42s6h5fj4q235rr1_3wzgxmhk/T/travisll/netx/locks/netx_running
[ITW-CORE][2022-08-21 09:58:51.832 CDT][DEBUG][net.sourceforge.jnlp.runtime.JNLPRuntime] Closing channel
[ITW-CORE][2022-08-21 09:58:51.832 CDT][DEBUG][net.sourceforge.jnlp.runtime.JNLPRuntime] Releasing done
[ITW-CORE][2022-08-21 09:58:51.834 CDT][DEBUG][net.adoptopenjdk.icedteaweb.resources.cache.CacheImpl] preparing to cleanup the cache
[ITW-CORE][2022-08-21 09:58:51.835 CDT][INFO ][net.adoptopenjdk.icedteaweb.resources.cache.CacheImpl] No other instances of javaws are running
[ITW-CORE][2022-08-21 09:58:51.835 CDT][DEBUG][net.adoptopenjdk.icedteaweb.resources.cache.CacheImpl] cleanup cache
[ITW-CORE][2022-08-21 09:58:51.835 CDT][DEBUG][net.adoptopenjdk.icedteaweb.resources.cache.CacheImpl] found no folders in the cache dir - clear cache index
[ITW-CORE][2022-08-21 09:58:51.840 CDT][DEBUG][net.adoptopenjdk.icedteaweb.resources.cache.CacheImpl] done cleaning the cache
