[travisll][ITW-CORE][2022-09-11 18:17:02.969 CDT][INFO ][net.sourceforge.jnlp.util.logging.filelogs.WriterBasedFileLog][Output controller consumer daemon#5b51931a] writer-based impl.
[ITW-CORE][2022-09-11 18:17:02.761 CDT][DEBUG][net.adoptopenjdk.icedteaweb.logging.LoggerFactory] init logger factory to net.sourceforge.jnlp.util.logging.OutputControllerLoggerFactory@3caeaf62
[ITW-CORE][2022-09-11 18:17:02.773 CDT][INFO ][net.sourceforge.jnlp.runtime.EnvironmentPrinter] OpenWebStartLauncher called with args: [-Xnofork, /Applications/admin.jnlp].
[ITW-CORE][2022-09-11 18:17:02.773 CDT][INFO ][net.sourceforge.jnlp.runtime.EnvironmentPrinter] OS: Mac OS X
[ITW-CORE][2022-09-11 18:17:02.773 CDT][INFO ][net.sourceforge.jnlp.runtime.EnvironmentPrinter] Java Runtime Microsoft-17.0.4
[ITW-CORE][2022-09-11 18:17:02.776 CDT][DEBUG][net.sourceforge.jnlp.runtime.JNLPRuntime] using com.openwebstart.extensionpoint.OwsExtensionPoint extension point
[ITW-CORE][2022-09-11 18:17:02.937 CDT][INFO ][net.sourceforge.jnlp.config.DeploymentConfiguration] Ico provider registered correctly.
[ITW-CORE][2022-09-11 18:17:02.944 CDT][INFO ][net.sourceforge.jnlp.config.DeploymentConfiguration] Loading USER level properties from: file:/Users/travisll/.config/icedtea-web/deployment.properties
[ITW-CORE][2022-09-11 18:17:02.969 CDT][DEBUG][net.sourceforge.jnlp.util.logging.FileLog] Start logging into: net.sourceforge.jnlp.util.logging.filelogs.WriterBasedFileLog@750650c8
[ITW-CORE][2022-09-11 18:17:03.357 CDT][DEBUG][net.adoptopenjdk.icedteaweb.client.parts.dialogs.security.SecurityDialogMessageHandler] Starting security dialog thread
[ITW-CORE][2022-09-11 18:17:03.397 CDT][DEBUG][net.sourceforge.jnlp.security.KeyStores] Keystore file /Users/travisll/.config/icedtea-web/security/trusted.clientcerts exists.
[ITW-CORE][2022-09-11 18:17:03.397 CDT][DEBUG][net.sourceforge.jnlp.security.SecurityUtil] Loading Keystore /Users/travisll/.config/icedtea-web/security/trusted.clientcerts
[ITW-CORE][2022-09-11 18:17:03.398 CDT][DEBUG][net.sourceforge.jnlp.security.KeystorePasswordAttempter] Operating Keystore /Users/travisll/.config/icedtea-web/security/trusted.clientcerts
[ITW-CORE][2022-09-11 18:17:03.399 CDT][DEBUG][net.sourceforge.jnlp.security.KeystorePasswordAttempter] Operating Keystore Unknown
[ITW-CORE][2022-09-11 18:17:03.400 CDT][DEBUG][net.sourceforge.jnlp.security.KeyStores] Keystore file /Users/travisll/.asdf/installs/java/microsoft-17.0.4/lib/security/trusted.jssecerts does not exists.
[ITW-CORE][2022-09-11 18:17:03.400 CDT][DEBUG][net.sourceforge.jnlp.security.SecurityUtil] Loading Keystore Unknown
[ITW-CORE][2022-09-11 18:17:03.400 CDT][DEBUG][net.sourceforge.jnlp.security.KeystorePasswordAttempter] Operating Keystore Unknown
[ITW-CORE][2022-09-11 18:17:03.400 CDT][DEBUG][net.sourceforge.jnlp.security.KeyStores] Keystore file /Users/travisll/.asdf/installs/java/microsoft-17.0.4/lib/security/trusted.certs does not exists.
[ITW-CORE][2022-09-11 18:17:03.400 CDT][DEBUG][net.sourceforge.jnlp.security.SecurityUtil] Loading Keystore Unknown
[ITW-CORE][2022-09-11 18:17:03.400 CDT][DEBUG][net.sourceforge.jnlp.security.KeystorePasswordAttempter] Operating Keystore Unknown
[ITW-CORE][2022-09-11 18:17:03.400 CDT][DEBUG][net.sourceforge.jnlp.security.KeyStores] Keystore file /Users/travisll/.config/icedtea-web/security/trusted.jssecerts exists.
[ITW-CORE][2022-09-11 18:17:03.400 CDT][DEBUG][net.sourceforge.jnlp.security.SecurityUtil] Loading Keystore /Users/travisll/.config/icedtea-web/security/trusted.jssecerts
[ITW-CORE][2022-09-11 18:17:03.400 CDT][DEBUG][net.sourceforge.jnlp.security.KeystorePasswordAttempter] Operating Keystore /Users/travisll/.config/icedtea-web/security/trusted.jssecerts
[ITW-CORE][2022-09-11 18:17:03.401 CDT][DEBUG][net.sourceforge.jnlp.security.KeyStores] Keystore file /Users/travisll/.config/icedtea-web/security/trusted.certs exists.
[ITW-CORE][2022-09-11 18:17:03.401 CDT][DEBUG][net.sourceforge.jnlp.security.SecurityUtil] Loading Keystore /Users/travisll/.config/icedtea-web/security/trusted.certs
[ITW-CORE][2022-09-11 18:17:03.401 CDT][DEBUG][net.sourceforge.jnlp.security.KeystorePasswordAttempter] Operating Keystore /Users/travisll/.config/icedtea-web/security/trusted.certs
[ITW-CORE][2022-09-11 18:17:03.411 CDT][DEBUG][net.sourceforge.jnlp.security.KeyStores] Keystore file /Users/travisll/.asdf/installs/java/microsoft-17.0.4/lib/security/jssecacerts does not exists.
[ITW-CORE][2022-09-11 18:17:03.411 CDT][DEBUG][net.sourceforge.jnlp.security.SecurityUtil] Loading Keystore Unknown
[ITW-CORE][2022-09-11 18:17:03.411 CDT][DEBUG][net.sourceforge.jnlp.security.KeystorePasswordAttempter] Operating Keystore Unknown
[ITW-CORE][2022-09-11 18:17:03.411 CDT][DEBUG][net.sourceforge.jnlp.security.KeyStores] Keystore file /Users/travisll/.asdf/installs/java/microsoft-17.0.4/lib/security/cacerts exists.
[ITW-CORE][2022-09-11 18:17:03.411 CDT][DEBUG][net.sourceforge.jnlp.security.SecurityUtil] Loading Keystore /Users/travisll/.asdf/installs/java/microsoft-17.0.4/lib/security/cacerts
[ITW-CORE][2022-09-11 18:17:03.411 CDT][DEBUG][net.sourceforge.jnlp.security.KeystorePasswordAttempter] Operating Keystore /Users/travisll/.asdf/installs/java/microsoft-17.0.4/lib/security/cacerts
[ITW-CORE][2022-09-11 18:17:03.435 CDT][DEBUG][net.sourceforge.jnlp.security.KeyStores] Keystore file /Users/travisll/.config/icedtea-web/security/trusted.jssecacerts exists.
[ITW-CORE][2022-09-11 18:17:03.435 CDT][DEBUG][net.sourceforge.jnlp.security.SecurityUtil] Loading Keystore /Users/travisll/.config/icedtea-web/security/trusted.jssecacerts
[ITW-CORE][2022-09-11 18:17:03.435 CDT][DEBUG][net.sourceforge.jnlp.security.KeystorePasswordAttempter] Operating Keystore /Users/travisll/.config/icedtea-web/security/trusted.jssecacerts
[ITW-CORE][2022-09-11 18:17:03.435 CDT][DEBUG][net.sourceforge.jnlp.security.KeyStores] Keystore file /Users/travisll/.config/icedtea-web/security/trusted.cacerts exists.
[ITW-CORE][2022-09-11 18:17:03.435 CDT][DEBUG][net.sourceforge.jnlp.security.SecurityUtil] Loading Keystore /Users/travisll/.config/icedtea-web/security/trusted.cacerts
[ITW-CORE][2022-09-11 18:17:03.435 CDT][DEBUG][net.sourceforge.jnlp.security.KeystorePasswordAttempter] Operating Keystore /Users/travisll/.config/icedtea-web/security/trusted.cacerts
[ITW-CORE][2022-09-11 18:17:03.436 CDT][DEBUG][net.sourceforge.jnlp.security.KeyStores] Keystore file /Users/travisll/.asdf/installs/java/microsoft-17.0.4/lib/security/trusted.clientcerts does not exists.
[ITW-CORE][2022-09-11 18:17:03.436 CDT][DEBUG][net.sourceforge.jnlp.security.SecurityUtil] Loading Keystore Unknown
[ITW-CORE][2022-09-11 18:17:03.436 CDT][DEBUG][net.sourceforge.jnlp.security.KeystorePasswordAttempter] Operating Keystore Unknown
[ITW-CORE][2022-09-11 18:17:03.436 CDT][DEBUG][net.sourceforge.jnlp.security.KeyStores] Keystore file /Users/travisll/.config/icedtea-web/security/trusted.clientcerts exists.
[ITW-CORE][2022-09-11 18:17:03.436 CDT][DEBUG][net.sourceforge.jnlp.security.SecurityUtil] Loading Keystore /Users/travisll/.config/icedtea-web/security/trusted.clientcerts
[ITW-CORE][2022-09-11 18:17:03.437 CDT][DEBUG][net.sourceforge.jnlp.security.KeystorePasswordAttempter] Operating Keystore /Users/travisll/.config/icedtea-web/security/trusted.clientcerts
[ITW-CORE][2022-09-11 18:17:03.439 CDT][DEBUG][com.openwebstart.proxy.WebStartProxySelector] Selected ProxyProvider : NONE 
[ITW-CORE][2022-09-11 18:17:03.439 CDT][DEBUG][com.openwebstart.proxy.ProxyProviderType] Direct proxy created
[ITW-CORE][2022-09-11 18:17:03.439 CDT][INFO ][net.sourceforge.jnlp.runtime.Boot] Proceeding with jnlp
[ITW-CORE][2022-09-11 18:17:03.440 CDT][INFO ][net.sourceforge.jnlp.runtime.Boot] JNLP file location: /Applications/admin.jnlp
[ITW-CORE][2022-09-11 18:17:03.440 CDT][DEBUG][net.adoptopenjdk.icedteaweb.resources.ResourceTracker] Create resource for 'file:/Applications/admin.jnlp'
[ITW-CORE][2022-09-11 18:17:03.444 CDT][DEBUG][net.adoptopenjdk.icedteaweb.resources.ResourceHandler] Resource is not cacheable: admin.jnlp
[ITW-CORE][2022-09-11 18:17:03.445 CDT][DEBUG][net.adoptopenjdk.icedteaweb.resources.ResourceTracker] Download done. Shutting down executor
[ITW-CORE][2022-09-11 18:17:03.446 CDT][DEBUG][net.sourceforge.jnlp.JNLPFile] Parsing JNLP file
location: file:/Applications/admin.jnlp
codebase: null
content:
<?xml version="1.0" encoding="utf-8"?>
<jnlp spec="1.0+" codebase="https://isy.universal-devices.com/994i/5.3.3" href="admin.jnlp">
<information>
<title>ISY994 Administrative Console</title>
<vendor>Universal Devices, Inc.</vendor>
<description>Configuration Utility for ISY</description>
<homepage href="https://www.universal-devices.com"/>
<description kind="short">ISY Admin Console</description>
<shortcut online="true"><desktop/><menu submenu="ISY994 Series"/></shortcut>
<icon href="udlogo.png" kind="splash"/>
<icon href="isy.jpg" />
<offline-allowed/> 
</information>
<java version="1.7*" vendor="Microsoft"/>
<security><all-permissions/></security>
<update check="background" policy="always"/>
<resources>
<jar href="insteon.jar" download="eager"/>
<jar href="ce.jar" download="lazy"/>
<jar href="chart.jar" download="lazy"/>
<jar href="fp.jar" download="lazy"/>
<jar href="RXTX.jar" download="lazy"/>
<j2se version="1.8+" />
</resources>
<application-desc main-class="com.universaldevices.client.ui.UDClientApplet">
<argument>urn:udi-com:device:X_Insteon_Lighting_Device:1</argument>
</application-desc></jnlp>
[ITW-CORE][2022-09-11 18:17:03.447 CDT][INFO ][net.adoptopenjdk.icedteaweb.xmlparser.MalformedXMLParser] Using MalformedXMLParser
[ITW-CORE][2022-09-11 18:17:03.554 CDT][INFO ][net.sourceforge.jnlp.Parser] Homepage: https://www.universal-devices.com
[ITW-CORE][2022-09-11 18:17:03.554 CDT][INFO ][net.sourceforge.jnlp.Parser] Description: Configuration Utility for ISY
[ITW-CORE][2022-09-11 18:17:03.555 CDT][DEBUG][net.adoptopenjdk.icedteaweb.manifest.ManifestAttributesReader] Jars not ready to provide attribute Application-Name
[ITW-CORE][2022-09-11 18:17:03.555 CDT][INFO ][net.sourceforge.jnlp.JNLPFile] Acceptable vendor tag found, contains: Universal Devices, Inc.
[ITW-CORE][2022-09-11 18:17:03.558 CDT][INFO ][net.sourceforge.jnlp.Parser] good - your JRE - 17.0.4 - match requested JRE - 1.8+
[ITW-CORE][2022-09-11 18:17:03.560 CDT][DEBUG][net.adoptopenjdk.icedteaweb.resources.ResourceTracker] Create resource for 'https://isy.universal-devices.com/994i/5.3.3/admin.jnlp'
[ITW-CORE][2022-09-11 18:17:03.570 CDT][DEBUG][net.adoptopenjdk.icedteaweb.resources.ResourceHandler] Start processing resource: admin.jnlp
[ITW-CORE][2022-09-11 18:17:03.579 CDT][INFO ][net.adoptopenjdk.icedteaweb.resources.cache.CacheImpl] isCached: CacheKey{location=https://isy.universal-devices.com/994i/5.3.3/admin.jnlp, version=null} = true
[ITW-CORE][2022-09-11 18:17:03.580 CDT][DEBUG][net.adoptopenjdk.icedteaweb.resources.initializer.UnversionedResourceInitializer] needsUpdateCheck: https://isy.universal-devices.com/994i/5.3.3/admin.jnlp -> true
[ITW-CORE][2022-09-11 18:17:03.580 CDT][DEBUG][net.adoptopenjdk.icedteaweb.resources.initializer.UnversionedResourceInitializer] Candidate URLs for [l=https://isy.universal-devices.com/994i/5.3.3/admin.jnlp v=null s=I]: [https://isy.universal-devices.com/994i/5.3.3/admin.jnlp]
[ITW-CORE][2022-09-11 18:17:03.583 CDT][DEBUG][com.openwebstart.proxy.direct.DirectProxyProvider] Using NO_PROXY for https://isy.universal-devices.com/994i/5.3.3/admin.jnlp
[ITW-CORE][2022-09-11 18:17:03.608 CDT][DEBUG][com.openwebstart.proxy.direct.DirectProxyProvider] Using NO_PROXY for socket://isy.universal-devices.com:443
[ITW-CORE][2022-09-11 18:17:03.842 CDT][DEBUG][net.adoptopenjdk.icedteaweb.resources.initializer.UrlProber] URL connection 'https://isy.universal-devices.com/994i/5.3.3/admin.jnlp' header fields: {Accept-Ranges=[bytes], null=[HTTP/1.1 200 OK], Strict-Transport-Security=[max-age=31536000; includeSubDomains; preload], Server=[nginx/1.20.0], ETag=["6045b6eb-451"], Connection=[keep-alive], Last-Modified=[Mon, 08 Mar 2021 05:32:27 GMT], Content-Length=[1105], Date=[Sun, 11 Sep 2022 23:17:03 GMT], Content-Type=[application/x-java-jnlp-file]}
[ITW-CORE][2022-09-11 18:17:03.842 CDT][DEBUG][net.adoptopenjdk.icedteaweb.resources.initializer.BaseResourceInitializer] Best url for [l=https://isy.universal-devices.com/994i/5.3.3/admin.jnlp v=null s=I] is https://isy.universal-devices.com/994i/5.3.3/admin.jnlp by HEAD
[ITW-CORE][2022-09-11 18:17:03.844 CDT][DEBUG][net.adoptopenjdk.icedteaweb.resources.cache.CachedFile] CacheKey{location=https://isy.universal-devices.com/994i/5.3.3/admin.jnlp, version=null}: isCached true
[ITW-CORE][2022-09-11 18:17:03.844 CDT][DEBUG][net.adoptopenjdk.icedteaweb.resources.cache.CachedFile] CacheKey{location=https://isy.universal-devices.com/994i/5.3.3/admin.jnlp, version=null}: lastModified cache:1615181547000 actual:1615181547000 -> isCurrent = true
[ITW-CORE][2022-09-11 18:17:03.844 CDT][INFO ][net.adoptopenjdk.icedteaweb.resources.cache.CacheImpl] isUpToDate: CacheKey{location=https://isy.universal-devices.com/994i/5.3.3/admin.jnlp, version=null} = true
[ITW-CORE][2022-09-11 18:17:03.844 CDT][DEBUG][net.adoptopenjdk.icedteaweb.resources.initializer.UnversionedResourceInitializer] needsUpdate: https://isy.universal-devices.com/994i/5.3.3/admin.jnlp -> false
[ITW-CORE][2022-09-11 18:17:03.854 CDT][DEBUG][net.adoptopenjdk.icedteaweb.resources.initializer.BaseResourceInitializer] Use cached version of resource [l=https://isy.universal-devices.com/994i/5.3.3/admin.jnlp v=null s=D] at /Users/travisll/.cache/icedtea-web/cache/0/0/admin.jnlp
[ITW-CORE][2022-09-11 18:17:03.855 CDT][DEBUG][net.adoptopenjdk.icedteaweb.resources.ResourceTracker] Download done. Shutting down executor
[ITW-CORE][2022-09-11 18:17:03.855 CDT][DEBUG][net.sourceforge.jnlp.JNLPFile] Parsing JNLP file
location: https://isy.universal-devices.com/994i/5.3.3/admin.jnlp
codebase: null
content:
<?xml version="1.0" encoding="utf-8"?>
<jnlp spec="1.0+" codebase="https://isy.universal-devices.com/994i/5.3.3" href="admin.jnlp">
<information>
<title>ISY994 Administrative Console</title>
<vendor>Universal Devices, Inc.</vendor>
<description>Configuration Utility for ISY</description>
<homepage href="https://www.universal-devices.com"/>
<description kind="short">ISY Admin Console</description>
<shortcut online="true"><desktop/><menu submenu="ISY994 Series"/></shortcut>
<icon href="udlogo.png" kind="splash"/>
<icon href="isy.jpg" />
<offline-allowed/> 
</information>
<security><all-permissions/></security>
<update check="background" policy="always"/>
<resources>
<jar href="insteon.jar" download="eager"/>
<jar href="ce.jar" download="lazy"/>
<jar href="chart.jar" download="lazy"/>
<jar href="fp.jar" download="lazy"/>
<jar href="RXTX.jar" download="lazy"/>
<j2se version="1.8+" />
</resources>
<application-desc main-class="com.universaldevices.client.ui.UDClientApplet">
<argument>urn:udi-com:device:X_Insteon_Lighting_Device:1</argument>
</application-desc></jnlp>
[ITW-CORE][2022-09-11 18:17:03.855 CDT][INFO ][net.adoptopenjdk.icedteaweb.xmlparser.MalformedXMLParser] Using MalformedXMLParser
[ITW-CORE][2022-09-11 18:17:03.858 CDT][INFO ][net.sourceforge.jnlp.Parser] Homepage: https://www.universal-devices.com
[ITW-CORE][2022-09-11 18:17:03.858 CDT][INFO ][net.sourceforge.jnlp.Parser] Description: Configuration Utility for ISY
[ITW-CORE][2022-09-11 18:17:03.859 CDT][DEBUG][net.adoptopenjdk.icedteaweb.manifest.ManifestAttributesReader] Jars not ready to provide attribute Application-Name
[ITW-CORE][2022-09-11 18:17:03.859 CDT][INFO ][net.sourceforge.jnlp.JNLPFile] Acceptable vendor tag found, contains: Universal Devices, Inc.
[ITW-CORE][2022-09-11 18:17:03.859 CDT][INFO ][net.sourceforge.jnlp.Parser] good - your JRE - 17.0.4 - match requested JRE - 1.8+
[ITW-CORE][2022-09-11 18:17:03.860 CDT][DEBUG][net.sourceforge.jnlp.runtime.JNLPRuntime] Acquired shared lock on /var/folders/qv/zd44h42s6h5fj4q235rr1_3wzgxmhk/T/travisll/netx/locks/netx_running to indicate javaws is running
[ITW-CORE][2022-09-11 18:17:03.860 CDT][DEBUG][net.adoptopenjdk.icedteaweb.manifest.ManifestAttributesReader] Jars not ready to provide attribute Application-Name
[ITW-CORE][2022-09-11 18:17:03.860 CDT][DEBUG][net.adoptopenjdk.icedteaweb.manifest.ManifestAttributesReader] Jars not ready to provide attribute Application-Name
[ITW-CORE][2022-09-11 18:17:03.861 CDT][DEBUG][net.sourceforge.jnlp.Launcher] Launching Application
[ITW-CORE][2022-09-11 18:17:03.861 CDT][DEBUG][net.sourceforge.jnlp.services.ServiceUtil] call privileged method: checkSingleInstanceRunning
[ITW-CORE][2022-09-11 18:17:03.861 CDT][DEBUG][net.sourceforge.jnlp.services.ServiceUtil] arg: net.sourceforge.jnlp.JNLPFile@2805387f
[ITW-CORE][2022-09-11 18:17:03.862 CDT][DEBUG][net.sourceforge.jnlp.services.ServiceUtil] result: null
[ITW-CORE][2022-09-11 18:17:03.862 CDT][DEBUG][net.adoptopenjdk.icedteaweb.resources.ResourceTracker] Create resource for 'https://isy.universal-devices.com/994i/5.3.3/udlogo.png'
[ITW-CORE][2022-09-11 18:17:03.862 CDT][DEBUG][net.adoptopenjdk.icedteaweb.resources.ResourceTracker] Prefetching resource udlogo.png
[ITW-CORE][2022-09-11 18:17:03.862 CDT][DEBUG][net.adoptopenjdk.icedteaweb.resources.ResourceHandler] Start processing resource: udlogo.png
[ITW-CORE][2022-09-11 18:17:03.864 CDT][INFO ][net.adoptopenjdk.icedteaweb.resources.cache.CacheImpl] isCached: CacheKey{location=https://isy.universal-devices.com/994i/5.3.3/udlogo.png, version=null} = true
[ITW-CORE][2022-09-11 18:17:03.864 CDT][DEBUG][net.adoptopenjdk.icedteaweb.resources.initializer.UnversionedResourceInitializer] needsUpdateCheck: https://isy.universal-devices.com/994i/5.3.3/udlogo.png -> true
[ITW-CORE][2022-09-11 18:17:03.864 CDT][DEBUG][net.adoptopenjdk.icedteaweb.resources.initializer.UnversionedResourceInitializer] Candidate URLs for [l=https://isy.universal-devices.com/994i/5.3.3/udlogo.png v=null s=I]: [https://isy.universal-devices.com/994i/5.3.3/udlogo.png]
[ITW-CORE][2022-09-11 18:17:03.865 CDT][DEBUG][com.openwebstart.proxy.direct.DirectProxyProvider] Using NO_PROXY for https://isy.universal-devices.com/994i/5.3.3/udlogo.png
[ITW-CORE][2022-09-11 18:17:03.909 CDT][DEBUG][net.adoptopenjdk.icedteaweb.resources.initializer.UrlProber] URL connection 'https://isy.universal-devices.com/994i/5.3.3/udlogo.png' header fields: {Accept-Ranges=[bytes], null=[HTTP/1.1 200 OK], Strict-Transport-Security=[max-age=31536000; includeSubDomains; preload], Server=[nginx/1.20.0], ETag=["6045b6f9-a18e"], Connection=[keep-alive], Last-Modified=[Mon, 08 Mar 2021 05:32:41 GMT], Content-Length=[41358], Date=[Sun, 11 Sep 2022 23:17:03 GMT], Content-Type=[image/png]}
[ITW-CORE][2022-09-11 18:17:03.909 CDT][DEBUG][net.adoptopenjdk.icedteaweb.resources.initializer.BaseResourceInitializer] Best url for [l=https://isy.universal-devices.com/994i/5.3.3/udlogo.png v=null s=I] is https://isy.universal-devices.com/994i/5.3.3/udlogo.png by HEAD
[ITW-CORE][2022-09-11 18:17:03.910 CDT][DEBUG][net.adoptopenjdk.icedteaweb.resources.cache.CachedFile] CacheKey{location=https://isy.universal-devices.com/994i/5.3.3/udlogo.png, version=null}: isCached true
[ITW-CORE][2022-09-11 18:17:03.910 CDT][DEBUG][net.adoptopenjdk.icedteaweb.resources.cache.CachedFile] CacheKey{location=https://isy.universal-devices.com/994i/5.3.3/udlogo.png, version=null}: lastModified cache:1615181561000 actual:1615181561000 -> isCurrent = true
[ITW-CORE][2022-09-11 18:17:03.911 CDT][INFO ][net.adoptopenjdk.icedteaweb.resources.cache.CacheImpl] isUpToDate: CacheKey{location=https://isy.universal-devices.com/994i/5.3.3/udlogo.png, version=null} = true
[ITW-CORE][2022-09-11 18:17:03.911 CDT][DEBUG][net.adoptopenjdk.icedteaweb.resources.initializer.UnversionedResourceInitializer] needsUpdate: https://isy.universal-devices.com/994i/5.3.3/udlogo.png -> false
[ITW-CORE][2022-09-11 18:17:03.912 CDT][DEBUG][net.adoptopenjdk.icedteaweb.resources.initializer.BaseResourceInitializer] Use cached version of resource [l=https://isy.universal-devices.com/994i/5.3.3/udlogo.png v=null s=D] at /Users/travisll/.cache/icedtea-web/cache/0/1/udlogo.png
[ITW-CORE][2022-09-11 18:17:03.912 CDT][DEBUG][net.adoptopenjdk.icedteaweb.resources.ResourceTracker] Download done. Shutting down executor
[ITW-CORE][2022-09-11 18:17:03.928 CDT][INFO ][net.sourceforge.jnlp.runtime.classloader.JNLPClassLoader] New classloader: https://isy.universal-devices.com/994i/5.3.3/admin.jnlp
[ITW-CORE][2022-09-11 18:17:03.929 CDT][DEBUG][net.adoptopenjdk.icedteaweb.resources.ResourceTracker] Create resource for 'https://isy.universal-devices.com/994i/5.3.3/insteon.jar'
[ITW-CORE][2022-09-11 18:17:03.930 CDT][DEBUG][net.adoptopenjdk.icedteaweb.resources.ResourceTracker] Prefetching resource insteon.jar
[ITW-CORE][2022-09-11 18:17:03.930 CDT][DEBUG][net.adoptopenjdk.icedteaweb.resources.ResourceTracker] Create resource for 'https://isy.universal-devices.com/994i/5.3.3/ce.jar'
[ITW-CORE][2022-09-11 18:17:03.930 CDT][DEBUG][net.adoptopenjdk.icedteaweb.resources.ResourceTracker] Prefetching resource ce.jar
[ITW-CORE][2022-09-11 18:17:03.930 CDT][DEBUG][net.adoptopenjdk.icedteaweb.resources.ResourceHandler] Start processing resource: insteon.jar
[ITW-CORE][2022-09-11 18:17:03.930 CDT][DEBUG][net.adoptopenjdk.icedteaweb.resources.ResourceTracker] Create resource for 'https://isy.universal-devices.com/994i/5.3.3/chart.jar'
[ITW-CORE][2022-09-11 18:17:03.930 CDT][DEBUG][net.adoptopenjdk.icedteaweb.resources.ResourceHandler] Start processing resource: ce.jar
[ITW-CORE][2022-09-11 18:17:03.930 CDT][DEBUG][net.adoptopenjdk.icedteaweb.resources.ResourceTracker] Prefetching resource chart.jar
[ITW-CORE][2022-09-11 18:17:03.930 CDT][DEBUG][net.adoptopenjdk.icedteaweb.resources.ResourceTracker] Create resource for 'https://isy.universal-devices.com/994i/5.3.3/fp.jar'
[ITW-CORE][2022-09-11 18:17:03.930 CDT][DEBUG][net.adoptopenjdk.icedteaweb.resources.ResourceHandler] Start processing resource: chart.jar
[ITW-CORE][2022-09-11 18:17:03.930 CDT][DEBUG][net.adoptopenjdk.icedteaweb.resources.ResourceTracker] Prefetching resource fp.jar
[ITW-CORE][2022-09-11 18:17:03.930 CDT][DEBUG][net.adoptopenjdk.icedteaweb.resources.ResourceTracker] Create resource for 'https://isy.universal-devices.com/994i/5.3.3/RXTX.jar'
[ITW-CORE][2022-09-11 18:17:03.930 CDT][DEBUG][net.adoptopenjdk.icedteaweb.resources.ResourceHandler] Start processing resource: fp.jar
[ITW-CORE][2022-09-11 18:17:03.931 CDT][DEBUG][net.adoptopenjdk.icedteaweb.resources.ResourceTracker] Prefetching resource RXTX.jar
[ITW-CORE][2022-09-11 18:17:03.931 CDT][DEBUG][net.adoptopenjdk.icedteaweb.resources.ResourceHandler] Start processing resource: RXTX.jar
[ITW-CORE][2022-09-11 18:17:03.931 CDT][DEBUG][net.adoptopenjdk.icedteaweb.manifest.ManifestAttributesReader] Jars not ready to provide attribute Application-Name
[ITW-CORE][2022-09-11 18:17:03.931 CDT][DEBUG][com.openwebstart.download.ApplicationDownloadIndicator] DownloadServiceListener for ISY994 Administrative Console will be created
[ITW-CORE][2022-09-11 18:17:03.931 CDT][INFO ][net.adoptopenjdk.icedteaweb.resources.cache.CacheImpl] isCached: CacheKey{location=https://isy.universal-devices.com/994i/5.3.3/insteon.jar, version=null} = true
[ITW-CORE][2022-09-11 18:17:03.932 CDT][INFO ][net.adoptopenjdk.icedteaweb.resources.cache.CacheImpl] isCached: CacheKey{location=https://isy.universal-devices.com/994i/5.3.3/ce.jar, version=null} = true
[ITW-CORE][2022-09-11 18:17:03.933 CDT][INFO ][net.adoptopenjdk.icedteaweb.resources.cache.CacheImpl] isCached: CacheKey{location=https://isy.universal-devices.com/994i/5.3.3/chart.jar, version=null} = true
[ITW-CORE][2022-09-11 18:17:03.933 CDT][INFO ][net.adoptopenjdk.icedteaweb.resources.cache.CacheImpl] isCached: CacheKey{location=https://isy.universal-devices.com/994i/5.3.3/fp.jar, version=null} = false
[ITW-CORE][2022-09-11 18:17:03.933 CDT][DEBUG][net.adoptopenjdk.icedteaweb.resources.initializer.UnversionedResourceInitializer] Candidate URLs for [l=https://isy.universal-devices.com/994i/5.3.3/fp.jar v=null s=I]: [https://isy.universal-devices.com/994i/5.3.3/fp.jar]
[ITW-CORE][2022-09-11 18:17:03.933 CDT][DEBUG][com.openwebstart.proxy.direct.DirectProxyProvider] Using NO_PROXY for https://isy.universal-devices.com/994i/5.3.3/fp.jar
[ITW-CORE][2022-09-11 18:17:03.934 CDT][INFO ][net.adoptopenjdk.icedteaweb.resources.cache.CacheImpl] isCached: CacheKey{location=https://isy.universal-devices.com/994i/5.3.3/RXTX.jar, version=null} = true
[ITW-CORE][2022-09-11 18:17:03.934 CDT][DEBUG][net.adoptopenjdk.icedteaweb.resources.initializer.UnversionedResourceInitializer] needsUpdateCheck: https://isy.universal-devices.com/994i/5.3.3/insteon.jar -> true
[ITW-CORE][2022-09-11 18:17:03.934 CDT][DEBUG][net.adoptopenjdk.icedteaweb.resources.initializer.UnversionedResourceInitializer] Candidate URLs for [l=https://isy.universal-devices.com/994i/5.3.3/insteon.jar v=null s=I]: [https://isy.universal-devices.com/994i/5.3.3/insteon.jar]
[ITW-CORE][2022-09-11 18:17:03.934 CDT][DEBUG][com.openwebstart.proxy.direct.DirectProxyProvider] Using NO_PROXY for https://isy.universal-devices.com/994i/5.3.3/insteon.jar
[ITW-CORE][2022-09-11 18:17:03.934 CDT][DEBUG][com.openwebstart.proxy.direct.DirectProxyProvider] Using NO_PROXY for socket://isy.universal-devices.com:443
[ITW-CORE][2022-09-11 18:17:03.934 CDT][DEBUG][net.adoptopenjdk.icedteaweb.resources.initializer.UnversionedResourceInitializer] needsUpdateCheck: https://isy.universal-devices.com/994i/5.3.3/ce.jar -> true
[ITW-CORE][2022-09-11 18:17:03.934 CDT][DEBUG][net.adoptopenjdk.icedteaweb.resources.initializer.UnversionedResourceInitializer] Candidate URLs for [l=https://isy.universal-devices.com/994i/5.3.3/ce.jar v=null s=I]: [https://isy.universal-devices.com/994i/5.3.3/ce.jar]
[ITW-CORE][2022-09-11 18:17:03.935 CDT][DEBUG][com.openwebstart.proxy.direct.DirectProxyProvider] Using NO_PROXY for https://isy.universal-devices.com/994i/5.3.3/ce.jar
[ITW-CORE][2022-09-11 18:17:03.935 CDT][DEBUG][net.adoptopenjdk.icedteaweb.resources.initializer.UnversionedResourceInitializer] needsUpdateCheck: https://isy.universal-devices.com/994i/5.3.3/chart.jar -> true
[ITW-CORE][2022-09-11 18:17:03.935 CDT][DEBUG][net.adoptopenjdk.icedteaweb.resources.initializer.UnversionedResourceInitializer] Candidate URLs for [l=https://isy.universal-devices.com/994i/5.3.3/chart.jar v=null s=I]: [https://isy.universal-devices.com/994i/5.3.3/chart.jar]
[ITW-CORE][2022-09-11 18:17:03.935 CDT][DEBUG][com.openwebstart.proxy.direct.DirectProxyProvider] Using NO_PROXY for socket://isy.universal-devices.com:443
[ITW-CORE][2022-09-11 18:17:03.935 CDT][DEBUG][com.openwebstart.proxy.direct.DirectProxyProvider] Using NO_PROXY for https://isy.universal-devices.com/994i/5.3.3/chart.jar
[ITW-CORE][2022-09-11 18:17:03.935 CDT][DEBUG][com.openwebstart.proxy.direct.DirectProxyProvider] Using NO_PROXY for socket://isy.universal-devices.com:443
[ITW-CORE][2022-09-11 18:17:03.935 CDT][DEBUG][net.adoptopenjdk.icedteaweb.resources.initializer.UnversionedResourceInitializer] needsUpdateCheck: https://isy.universal-devices.com/994i/5.3.3/RXTX.jar -> true
[ITW-CORE][2022-09-11 18:17:03.935 CDT][DEBUG][net.adoptopenjdk.icedteaweb.resources.initializer.UnversionedResourceInitializer] Candidate URLs for [l=https://isy.universal-devices.com/994i/5.3.3/RXTX.jar v=null s=I]: [https://isy.universal-devices.com/994i/5.3.3/RXTX.jar]
[ITW-CORE][2022-09-11 18:17:03.936 CDT][DEBUG][com.openwebstart.proxy.direct.DirectProxyProvider] Using NO_PROXY for https://isy.universal-devices.com/994i/5.3.3/RXTX.jar
[ITW-CORE][2022-09-11 18:17:03.936 CDT][DEBUG][com.openwebstart.proxy.direct.DirectProxyProvider] Using NO_PROXY for socket://isy.universal-devices.com:443
[ITW-CORE][2022-09-11 18:17:03.975 CDT][DEBUG][net.adoptopenjdk.icedteaweb.http.HttpUtils]
Following exception should be harmless, but may help in finding root cause.
java.io.FileNotFoundException: https://isy.universal-devices.com/994i/5.3.3/fp.jar
	at java.base/sun.net.www.protocol.http.HttpURLConnection.getInputStream0(HttpURLConnection.java:1993)
	at java.base/sun.net.www.protocol.http.HttpURLConnection$9.run(HttpURLConnection.java:1581)
	at java.base/sun.net.www.protocol.http.HttpURLConnection$9.run(HttpURLConnection.java:1579)
	at java.base/java.security.AccessController.doPrivileged(AccessController.java:712)
	at java.base/java.security.AccessController.doPrivilegedWithCombiner(AccessController.java:962)
	at java.base/sun.net.www.protocol.http.HttpURLConnection.getInputStream(HttpURLConnection.java:1578)
	at java.base/sun.net.www.protocol.https.HttpsURLConnectionImpl.getInputStream(HttpsURLConnectionImpl.java:224)
	at net.adoptopenjdk.icedteaweb.http.CloseableConnection.getInputStream(CloseableConnection.java:58)
	at net.adoptopenjdk.icedteaweb.http.HttpUtils.consumeAndCloseConnection(HttpUtils.java:75)
	at net.adoptopenjdk.icedteaweb.http.HttpUtils.consumeAndCloseConnectionSilently(HttpUtils.java:62)
	at net.adoptopenjdk.icedteaweb.resources.initializer.UrlProber.getUrlResponseCodeWithRedirectionResult(UrlProber.java:67)
	at net.adoptopenjdk.icedteaweb.resources.initializer.BaseResourceInitializer.testUrl(BaseResourceInitializer.java:103)
	at net.adoptopenjdk.icedteaweb.resources.initializer.BaseResourceInitializer.lambda$null$0(BaseResourceInitializer.java:83)
	at java.base/java.util.concurrent.FutureTask.run(FutureTask.java:264)
	at java.base/java.util.concurrent.ThreadPoolExecutor.runWorker(ThreadPoolExecutor.java:1136)
	at java.base/java.util.concurrent.ThreadPoolExecutor$Worker.run(ThreadPoolExecutor.java:635)
	at java.base/java.lang.Thread.run(Thread.java:833)
[ITW-CORE][2022-09-11 18:17:03.975 CDT][DEBUG][net.adoptopenjdk.icedteaweb.resources.initializer.UrlProber] URL connection 'https://isy.universal-devices.com/994i/5.3.3/fp.jar' header fields: {null=[HTTP/1.1 404 Not Found], Strict-Transport-Security=[max-age=31536000; includeSubDomains; preload], Server=[nginx/1.20.0], Connection=[keep-alive], Content-Length=[153], Date=[Sun, 11 Sep 2022 23:17:04 GMT], Content-Type=[text/html]}
[ITW-CORE][2022-09-11 18:17:03.976 CDT][DEBUG][net.adoptopenjdk.icedteaweb.resources.initializer.BaseResourceInitializer] For [l=https://isy.universal-devices.com/994i/5.3.3/fp.jar v=null s=I] the server returned 404 code for HEAD request for https://isy.universal-devices.com/994i/5.3.3/fp.jar
[ITW-CORE][2022-09-11 18:17:03.976 CDT][DEBUG][net.adoptopenjdk.icedteaweb.resources.initializer.BaseResourceInitializer] failed to determine best URL: java.util.concurrent.ExecutionException: java.lang.RuntimeException: Server returned 404 for https://isy.universal-devices.com/994i/5.3.3/fp.jar
[ITW-CORE][2022-09-11 18:17:03.977 CDT][DEBUG][net.adoptopenjdk.icedteaweb.resources.initializer.UnversionedResourceInitializer] Failed to determine best URL for [l=https://isy.universal-devices.com/994i/5.3.3/fp.jar v=null s=I] will try all of [https://isy.universal-devices.com/994i/5.3.3/fp.jar]
[ITW-CORE][2022-09-11 18:17:03.978 CDT][DEBUG][net.adoptopenjdk.icedteaweb.resources.downloader.BaseResourceDownloader] Will download in background: https://isy.universal-devices.com/994i/5.3.3/fp.jar
[ITW-CORE][2022-09-11 18:17:03.978 CDT][DEBUG][com.openwebstart.proxy.direct.DirectProxyProvider] Using NO_PROXY for https://isy.universal-devices.com/994i/5.3.3/fp.jar
[ITW-CORE][2022-09-11 18:17:04.064 CDT][DEBUG][net.adoptopenjdk.icedteaweb.resources.downloader.BaseResourceDownloader] Exception while downloading resource [l=https://isy.universal-devices.com/994i/5.3.3/fp.jar v=null s=I] from https://isy.universal-devices.com/994i/5.3.3/fp.jar - message: https://isy.universal-devices.com/994i/5.3.3/fp.jar cause: java.io.FileNotFoundException: https://isy.universal-devices.com/994i/5.3.3/fp.jar 
[ITW-CORE][2022-09-11 18:17:04.065 CDT][ERROR][net.adoptopenjdk.icedteaweb.resources.downloader.BaseResourceDownloader] could not download resource [l=https://isy.universal-devices.com/994i/5.3.3/fp.jar v=null s=I] from any of theses urls [https://isy.universal-devices.com/994i/5.3.3/fp.jar] caused byExecutionException: java.io.FileNotFoundException: https://isy.universal-devices.com/994i/5.3.3/fp.jar caused by FileNotFoundException: https://isy.universal-devices.com/994i/5.3.3/fp.jar caused by FileNotFoundException: https://isy.universal-devices.com/994i/5.3.3/fp.jar
[ITW-CORE][2022-09-11 18:17:04.074 CDT][DEBUG][net.sourceforge.jnlp.util.logging.UnixSystemLog] System logger called with result of 0
[ITW-CORE][2022-09-11 18:17:04.079 CDT][DEBUG][net.sourceforge.jnlp.util.logging.UnixSystemLog] System logger called with result of 0
[ITW-CORE][2022-09-11 18:17:04.083 CDT][DEBUG][net.sourceforge.jnlp.util.logging.UnixSystemLog] System logger called with result of 0
[ITW-CORE][2022-09-11 18:17:04.117 CDT][DEBUG][net.adoptopenjdk.icedteaweb.resources.initializer.UrlProber] URL connection 'https://isy.universal-devices.com/994i/5.3.3/insteon.jar' header fields: {Accept-Ranges=[bytes], null=[HTTP/1.1 200 OK], Strict-Transport-Security=[max-age=31536000; includeSubDomains; preload], Server=[nginx/1.20.0], ETag=["6045b6f7-412ae0"], Connection=[keep-alive], Last-Modified=[Mon, 08 Mar 2021 05:32:39 GMT], Content-Length=[4270816], Date=[Sun, 11 Sep 2022 23:17:04 GMT], Content-Type=[application/java-archive]}
[ITW-CORE][2022-09-11 18:17:04.117 CDT][DEBUG][net.adoptopenjdk.icedteaweb.resources.initializer.BaseResourceInitializer] Best url for [l=https://isy.universal-devices.com/994i/5.3.3/insteon.jar v=null s=I] is https://isy.universal-devices.com/994i/5.3.3/insteon.jar by HEAD
[ITW-CORE][2022-09-11 18:17:04.118 CDT][DEBUG][net.adoptopenjdk.icedteaweb.resources.cache.CachedFile] CacheKey{location=https://isy.universal-devices.com/994i/5.3.3/insteon.jar, version=null}: isCached true
[ITW-CORE][2022-09-11 18:17:04.118 CDT][DEBUG][net.adoptopenjdk.icedteaweb.resources.initializer.UrlProber] URL connection 'https://isy.universal-devices.com/994i/5.3.3/ce.jar' header fields: {Accept-Ranges=[bytes], null=[HTTP/1.1 200 OK], Strict-Transport-Security=[max-age=31536000; includeSubDomains; preload], Server=[nginx/1.20.0], ETag=["6045b6eb-1b3b8"], Connection=[keep-alive], Last-Modified=[Mon, 08 Mar 2021 05:32:27 GMT], Content-Length=[111544], Date=[Sun, 11 Sep 2022 23:17:04 GMT], Content-Type=[application/java-archive]}
[ITW-CORE][2022-09-11 18:17:04.118 CDT][DEBUG][net.adoptopenjdk.icedteaweb.resources.cache.CachedFile] CacheKey{location=https://isy.universal-devices.com/994i/5.3.3/insteon.jar, version=null}: lastModified cache:1615181559000 actual:1615181559000 -> isCurrent = true
[ITW-CORE][2022-09-11 18:17:04.118 CDT][DEBUG][net.adoptopenjdk.icedteaweb.resources.initializer.BaseResourceInitializer] Best url for [l=https://isy.universal-devices.com/994i/5.3.3/ce.jar v=null s=I] is https://isy.universal-devices.com/994i/5.3.3/ce.jar by HEAD
[ITW-CORE][2022-09-11 18:17:04.118 CDT][INFO ][net.adoptopenjdk.icedteaweb.resources.cache.CacheImpl] isUpToDate: CacheKey{location=https://isy.universal-devices.com/994i/5.3.3/insteon.jar, version=null} = true
[ITW-CORE][2022-09-11 18:17:04.118 CDT][DEBUG][net.adoptopenjdk.icedteaweb.resources.initializer.UnversionedResourceInitializer] needsUpdate: https://isy.universal-devices.com/994i/5.3.3/insteon.jar -> false
[ITW-CORE][2022-09-11 18:17:04.119 CDT][DEBUG][net.adoptopenjdk.icedteaweb.resources.cache.CachedFile] CacheKey{location=https://isy.universal-devices.com/994i/5.3.3/ce.jar, version=null}: isCached true
[ITW-CORE][2022-09-11 18:17:04.119 CDT][DEBUG][net.adoptopenjdk.icedteaweb.resources.cache.CachedFile] CacheKey{location=https://isy.universal-devices.com/994i/5.3.3/ce.jar, version=null}: lastModified cache:1615181547000 actual:1615181547000 -> isCurrent = true
[ITW-CORE][2022-09-11 18:17:04.119 CDT][INFO ][net.adoptopenjdk.icedteaweb.resources.cache.CacheImpl] isUpToDate: CacheKey{location=https://isy.universal-devices.com/994i/5.3.3/ce.jar, version=null} = true
[ITW-CORE][2022-09-11 18:17:04.119 CDT][DEBUG][net.adoptopenjdk.icedteaweb.resources.initializer.UnversionedResourceInitializer] needsUpdate: https://isy.universal-devices.com/994i/5.3.3/ce.jar -> false
[ITW-CORE][2022-09-11 18:17:04.120 CDT][DEBUG][net.adoptopenjdk.icedteaweb.resources.initializer.BaseResourceInitializer] Use cached version of resource [l=https://isy.universal-devices.com/994i/5.3.3/ce.jar v=null s=D] at /Users/travisll/.cache/icedtea-web/cache/0/2/ce.jar
[ITW-CORE][2022-09-11 18:17:04.122 CDT][DEBUG][net.adoptopenjdk.icedteaweb.resources.initializer.UrlProber] URL connection 'https://isy.universal-devices.com/994i/5.3.3/RXTX.jar' header fields: {Accept-Ranges=[bytes], null=[HTTP/1.1 200 OK], Strict-Transport-Security=[max-age=31536000; includeSubDomains; preload], Server=[nginx/1.20.0], ETag=["6045b6f7-11055"], Connection=[keep-alive], Last-Modified=[Mon, 08 Mar 2021 05:32:39 GMT], Content-Length=[69717], Date=[Sun, 11 Sep 2022 23:17:04 GMT], Content-Type=[application/java-archive]}
[ITW-CORE][2022-09-11 18:17:04.122 CDT][DEBUG][net.adoptopenjdk.icedteaweb.resources.initializer.BaseResourceInitializer] Best url for [l=https://isy.universal-devices.com/994i/5.3.3/RXTX.jar v=null s=I] is https://isy.universal-devices.com/994i/5.3.3/RXTX.jar by HEAD
[ITW-CORE][2022-09-11 18:17:04.122 CDT][DEBUG][net.adoptopenjdk.icedteaweb.resources.initializer.BaseResourceInitializer] Use cached version of resource [l=https://isy.universal-devices.com/994i/5.3.3/insteon.jar v=null s=D] at /Users/travisll/.cache/icedtea-web/cache/0/4/insteon.jar
[ITW-CORE][2022-09-11 18:17:04.122 CDT][DEBUG][net.adoptopenjdk.icedteaweb.resources.ResourceTracker] Download done. Shutting down executor
[ITW-CORE][2022-09-11 18:17:04.122 CDT][DEBUG][com.openwebstart.download.ApplicationDownloadIndicator] DownloadServiceListener will be disposed
[ITW-CORE][2022-09-11 18:17:04.123 CDT][DEBUG][net.adoptopenjdk.icedteaweb.resources.cache.CachedFile] CacheKey{location=https://isy.universal-devices.com/994i/5.3.3/RXTX.jar, version=null}: isCached true
[ITW-CORE][2022-09-11 18:17:04.123 CDT][DEBUG][net.adoptopenjdk.icedteaweb.resources.cache.CachedFile] CacheKey{location=https://isy.universal-devices.com/994i/5.3.3/RXTX.jar, version=null}: lastModified cache:1615181559000 actual:1615181559000 -> isCurrent = true
[ITW-CORE][2022-09-11 18:17:04.123 CDT][INFO ][net.adoptopenjdk.icedteaweb.resources.cache.CacheImpl] isUpToDate: CacheKey{location=https://isy.universal-devices.com/994i/5.3.3/RXTX.jar, version=null} = true
[ITW-CORE][2022-09-11 18:17:04.123 CDT][DEBUG][net.adoptopenjdk.icedteaweb.resources.initializer.UnversionedResourceInitializer] needsUpdate: https://isy.universal-devices.com/994i/5.3.3/RXTX.jar -> false
[ITW-CORE][2022-09-11 18:17:04.124 CDT][DEBUG][net.adoptopenjdk.icedteaweb.resources.initializer.BaseResourceInitializer] Use cached version of resource [l=https://isy.universal-devices.com/994i/5.3.3/RXTX.jar v=null s=D] at /Users/travisll/.cache/icedtea-web/cache/0/3/RXTX.jar
[ITW-CORE][2022-09-11 18:17:04.131 CDT][DEBUG][net.adoptopenjdk.icedteaweb.resources.initializer.UrlProber] URL connection 'https://isy.universal-devices.com/994i/5.3.3/chart.jar' header fields: {Accept-Ranges=[bytes], null=[HTTP/1.1 200 OK], Strict-Transport-Security=[max-age=31536000; includeSubDomains; preload], Server=[nginx/1.20.0], ETag=["6045b6ed-f0343"], Connection=[keep-alive], Last-Modified=[Mon, 08 Mar 2021 05:32:29 GMT], Content-Length=[983875], Date=[Sun, 11 Sep 2022 23:17:04 GMT], Content-Type=[application/java-archive]}
[ITW-CORE][2022-09-11 18:17:04.131 CDT][DEBUG][net.adoptopenjdk.icedteaweb.resources.initializer.BaseResourceInitializer] Best url for [l=https://isy.universal-devices.com/994i/5.3.3/chart.jar v=null s=I] is https://isy.universal-devices.com/994i/5.3.3/chart.jar by HEAD
[ITW-CORE][2022-09-11 18:17:04.133 CDT][DEBUG][net.adoptopenjdk.icedteaweb.resources.cache.CachedFile] CacheKey{location=https://isy.universal-devices.com/994i/5.3.3/chart.jar, version=null}: isCached true
[ITW-CORE][2022-09-11 18:17:04.133 CDT][DEBUG][net.adoptopenjdk.icedteaweb.resources.cache.CachedFile] CacheKey{location=https://isy.universal-devices.com/994i/5.3.3/chart.jar, version=null}: lastModified cache:1615181549000 actual:1615181549000 -> isCurrent = true
[ITW-CORE][2022-09-11 18:17:04.133 CDT][INFO ][net.adoptopenjdk.icedteaweb.resources.cache.CacheImpl] isUpToDate: CacheKey{location=https://isy.universal-devices.com/994i/5.3.3/chart.jar, version=null} = true
[ITW-CORE][2022-09-11 18:17:04.133 CDT][DEBUG][net.adoptopenjdk.icedteaweb.resources.initializer.UnversionedResourceInitializer] needsUpdate: https://isy.universal-devices.com/994i/5.3.3/chart.jar -> false
[ITW-CORE][2022-09-11 18:17:04.135 CDT][DEBUG][net.adoptopenjdk.icedteaweb.resources.initializer.BaseResourceInitializer] Use cached version of resource [l=https://isy.universal-devices.com/994i/5.3.3/chart.jar v=null s=D] at /Users/travisll/.cache/icedtea-web/cache/0/5/chart.jar
[ITW-CORE][2022-09-11 18:17:04.251 CDT][DEBUG][net.sourceforge.jnlp.security.KeyStores] Keystore file /Users/travisll/.asdf/installs/java/microsoft-17.0.4/lib/security/jssecacerts does not exists.
[ITW-CORE][2022-09-11 18:17:04.251 CDT][DEBUG][net.sourceforge.jnlp.security.SecurityUtil] Loading Keystore Unknown
[ITW-CORE][2022-09-11 18:17:04.251 CDT][DEBUG][net.sourceforge.jnlp.security.KeystorePasswordAttempter] Operating Keystore Unknown
[ITW-CORE][2022-09-11 18:17:04.253 CDT][DEBUG][net.sourceforge.jnlp.security.KeyStores] Keystore file /Users/travisll/.asdf/installs/java/microsoft-17.0.4/lib/security/cacerts exists.
[ITW-CORE][2022-09-11 18:17:04.253 CDT][DEBUG][net.sourceforge.jnlp.security.SecurityUtil] Loading Keystore /Users/travisll/.asdf/installs/java/microsoft-17.0.4/lib/security/cacerts
[ITW-CORE][2022-09-11 18:17:04.253 CDT][DEBUG][net.sourceforge.jnlp.security.KeystorePasswordAttempter] Operating Keystore /Users/travisll/.asdf/installs/java/microsoft-17.0.4/lib/security/cacerts
[ITW-CORE][2022-09-11 18:17:04.255 CDT][DEBUG][net.sourceforge.jnlp.security.KeyStores] Keystore file /Users/travisll/.config/icedtea-web/security/trusted.jssecacerts exists.
[ITW-CORE][2022-09-11 18:17:04.255 CDT][DEBUG][net.sourceforge.jnlp.security.SecurityUtil] Loading Keystore /Users/travisll/.config/icedtea-web/security/trusted.jssecacerts
[ITW-CORE][2022-09-11 18:17:04.255 CDT][DEBUG][net.sourceforge.jnlp.security.KeystorePasswordAttempter] Operating Keystore /Users/travisll/.config/icedtea-web/security/trusted.jssecacerts
[ITW-CORE][2022-09-11 18:17:04.256 CDT][DEBUG][net.sourceforge.jnlp.security.KeyStores] Keystore file /Users/travisll/.config/icedtea-web/security/trusted.cacerts exists.
[ITW-CORE][2022-09-11 18:17:04.256 CDT][DEBUG][net.sourceforge.jnlp.security.SecurityUtil] Loading Keystore /Users/travisll/.config/icedtea-web/security/trusted.cacerts
[ITW-CORE][2022-09-11 18:17:04.256 CDT][DEBUG][net.sourceforge.jnlp.security.KeystorePasswordAttempter] Operating Keystore /Users/travisll/.config/icedtea-web/security/trusted.cacerts
[ITW-CORE][2022-09-11 18:17:04.256 CDT][DEBUG][net.sourceforge.jnlp.security.CertificateUtils] CN=GlobalSign,O=GlobalSign,OU=GlobalSign Root CA - R3 found in cacerts (/Users/travisll/.asdf/installs/java/microsoft-17.0.4/lib/security/cacerts)
[ITW-CORE][2022-09-11 18:17:04.257 CDT][DEBUG][net.sourceforge.jnlp.tools.JarCertVerifier] Jar found at /Users/travisll/.cache/icedtea-web/cache/0/4/insteon.jar has been verified as SIGNED_OK
[ITW-CORE][2022-09-11 18:17:04.257 CDT][DEBUG][net.sourceforge.jnlp.security.KeyStores] Keystore file /Users/travisll/.asdf/installs/java/microsoft-17.0.4/lib/security/trusted.jssecerts does not exists.
[ITW-CORE][2022-09-11 18:17:04.257 CDT][DEBUG][net.sourceforge.jnlp.security.SecurityUtil] Loading Keystore Unknown
[ITW-CORE][2022-09-11 18:17:04.257 CDT][DEBUG][net.sourceforge.jnlp.security.KeystorePasswordAttempter] Operating Keystore Unknown
[ITW-CORE][2022-09-11 18:17:04.257 CDT][DEBUG][net.sourceforge.jnlp.security.KeyStores] Keystore file /Users/travisll/.asdf/installs/java/microsoft-17.0.4/lib/security/trusted.certs does not exists.
[ITW-CORE][2022-09-11 18:17:04.257 CDT][DEBUG][net.sourceforge.jnlp.security.SecurityUtil] Loading Keystore Unknown
[ITW-CORE][2022-09-11 18:17:04.257 CDT][DEBUG][net.sourceforge.jnlp.security.KeystorePasswordAttempter] Operating Keystore Unknown
[ITW-CORE][2022-09-11 18:17:04.257 CDT][DEBUG][net.sourceforge.jnlp.security.KeyStores] Keystore file /Users/travisll/.config/icedtea-web/security/trusted.jssecerts exists.
[ITW-CORE][2022-09-11 18:17:04.257 CDT][DEBUG][net.sourceforge.jnlp.security.SecurityUtil] Loading Keystore /Users/travisll/.config/icedtea-web/security/trusted.jssecerts
[ITW-CORE][2022-09-11 18:17:04.257 CDT][DEBUG][net.sourceforge.jnlp.security.KeystorePasswordAttempter] Operating Keystore /Users/travisll/.config/icedtea-web/security/trusted.jssecerts
[ITW-CORE][2022-09-11 18:17:04.257 CDT][DEBUG][net.sourceforge.jnlp.security.KeyStores] Keystore file /Users/travisll/.config/icedtea-web/security/trusted.certs exists.
[ITW-CORE][2022-09-11 18:17:04.257 CDT][DEBUG][net.sourceforge.jnlp.security.SecurityUtil] Loading Keystore /Users/travisll/.config/icedtea-web/security/trusted.certs
[ITW-CORE][2022-09-11 18:17:04.257 CDT][DEBUG][net.sourceforge.jnlp.security.KeystorePasswordAttempter] Operating Keystore /Users/travisll/.config/icedtea-web/security/trusted.certs
[ITW-CORE][2022-09-11 18:17:04.258 CDT][DEBUG][net.sourceforge.jnlp.security.CertificateUtils] 1.2.840.113549.1.9.1=#161d737570706f727440756e6976657273616c2d646576696365732e636f6d,CN=Universal Devices Inc.,OU=ISY,O=Universal Devices Inc.,L=Encino,ST=CA,C=US found in cacerts (/Users/travisll/.config/icedtea-web/security/trusted.certs)
[ITW-CORE][2022-09-11 18:17:04.258 CDT][DEBUG][net.sourceforge.jnlp.security.KeyStores] Keystore file /Users/travisll/.asdf/installs/java/microsoft-17.0.4/lib/security/jssecacerts does not exists.
[ITW-CORE][2022-09-11 18:17:04.258 CDT][DEBUG][net.sourceforge.jnlp.security.SecurityUtil] Loading Keystore Unknown
[ITW-CORE][2022-09-11 18:17:04.258 CDT][DEBUG][net.sourceforge.jnlp.security.KeystorePasswordAttempter] Operating Keystore Unknown
[ITW-CORE][2022-09-11 18:17:04.258 CDT][DEBUG][net.sourceforge.jnlp.security.KeyStores] Keystore file /Users/travisll/.asdf/installs/java/microsoft-17.0.4/lib/security/cacerts exists.
[ITW-CORE][2022-09-11 18:17:04.258 CDT][DEBUG][net.sourceforge.jnlp.security.SecurityUtil] Loading Keystore /Users/travisll/.asdf/installs/java/microsoft-17.0.4/lib/security/cacerts
[ITW-CORE][2022-09-11 18:17:04.258 CDT][DEBUG][net.sourceforge.jnlp.security.KeystorePasswordAttempter] Operating Keystore /Users/travisll/.asdf/installs/java/microsoft-17.0.4/lib/security/cacerts
[ITW-CORE][2022-09-11 18:17:04.260 CDT][DEBUG][net.sourceforge.jnlp.security.KeyStores] Keystore file /Users/travisll/.config/icedtea-web/security/trusted.jssecacerts exists.
[ITW-CORE][2022-09-11 18:17:04.260 CDT][DEBUG][net.sourceforge.jnlp.security.SecurityUtil] Loading Keystore /Users/travisll/.config/icedtea-web/security/trusted.jssecacerts
[ITW-CORE][2022-09-11 18:17:04.260 CDT][DEBUG][net.sourceforge.jnlp.security.KeystorePasswordAttempter] Operating Keystore /Users/travisll/.config/icedtea-web/security/trusted.jssecacerts
[ITW-CORE][2022-09-11 18:17:04.260 CDT][DEBUG][net.sourceforge.jnlp.security.KeyStores] Keystore file /Users/travisll/.config/icedtea-web/security/trusted.cacerts exists.
[ITW-CORE][2022-09-11 18:17:04.260 CDT][DEBUG][net.sourceforge.jnlp.security.SecurityUtil] Loading Keystore /Users/travisll/.config/icedtea-web/security/trusted.cacerts
[ITW-CORE][2022-09-11 18:17:04.260 CDT][DEBUG][net.sourceforge.jnlp.security.KeystorePasswordAttempter] Operating Keystore /Users/travisll/.config/icedtea-web/security/trusted.cacerts
[ITW-CORE][2022-09-11 18:17:04.261 CDT][DEBUG][net.sourceforge.jnlp.tools.JarCertVerifier] App is signed: true
[ITW-CORE][2022-09-11 18:17:04.263 CDT][DEBUG][net.sourceforge.jnlp.tools.JarCertVerifier] App is signed: true
[ITW-CORE][2022-09-11 18:17:04.264 CDT][DEBUG][net.sourceforge.jnlp.runtime.classloader.JNLPClassLoader] Ending check for signed JNLP file...
[ITW-CORE][2022-09-11 18:17:04.264 CDT][DEBUG][net.sourceforge.jnlp.tools.JarCertVerifier] App is signed: true
[ITW-CORE][2022-09-11 18:17:04.264 CDT][DEBUG][net.sourceforge.jnlp.tools.JarCertVerifier] App already has trusted publisher: true
[ITW-CORE][2022-09-11 18:17:04.265 CDT][DEBUG][net.adoptopenjdk.icedteaweb.resources.ResourceTracker] Error flag set for resource 'https://isy.universal-devices.com/994i/5.3.3/fp.jar'. Can not return a local file for the resource
[ITW-CORE][2022-09-11 18:17:04.265 CDT][WARN ][net.sourceforge.jnlp.runtime.classloader.JNLPClassLoader] initializeResource JAR https://isy.universal-devices.com/994i/5.3.3/fp.jar not found. Continuing.
[ITW-CORE][2022-09-11 18:17:04.269 CDT][DEBUG][net.sourceforge.jnlp.util.logging.UnixSystemLog] System logger called with result of 0
[ITW-CORE][2022-09-11 18:17:04.272 CDT][DEBUG][net.sourceforge.jnlp.util.logging.UnixSystemLog] System logger called with result of 0
[ITW-CORE][2022-09-11 18:17:04.276 CDT][DEBUG][net.adoptopenjdk.icedteaweb.resources.ResourceTracker] Error flag set for resource 'https://isy.universal-devices.com/994i/5.3.3/fp.jar'. Can not return a local file for the resource
[ITW-CORE][2022-09-11 18:17:04.277 CDT][DEBUG][net.sourceforge.jnlp.util.logging.UnixSystemLog] System logger called with result of 0
[ITW-CORE][2022-09-11 18:17:04.277 CDT][DEBUG][net.adoptopenjdk.icedteaweb.manifest.ManifestAttributesChecker] Trusted Only manifest attribute not found. Continuing.
[ITW-CORE][2022-09-11 18:17:04.288 CDT][DEBUG][net.adoptopenjdk.icedteaweb.resources.ResourceTracker] Error flag set for resource 'https://isy.universal-devices.com/994i/5.3.3/fp.jar'. Can not return a local file for the resource
[ITW-CORE][2022-09-11 18:17:04.289 CDT][WARN ][net.adoptopenjdk.icedteaweb.manifest.ManifestAttributesChecker] This application does not specify a Codebase in its manifest. Please verify with the applet''s vendor. Continuing. See: http://docs.oracle.com/javase/7/docs/technotes/guides/jweb/security/no_redeploy.html for details.
[ITW-CORE][2022-09-11 18:17:04.293 CDT][DEBUG][net.sourceforge.jnlp.util.logging.UnixSystemLog] System logger called with result of 0
[ITW-CORE][2022-09-11 18:17:04.293 CDT][DEBUG][net.adoptopenjdk.icedteaweb.manifest.ManifestAttributesChecker] OK - 'https://isy.universal-devices.com/994i/5.3.3' is from codebase 'https://isy.universal-devices.com/994i/5.3.3/'.
[ITW-CORE][2022-09-11 18:17:04.293 CDT][DEBUG][net.adoptopenjdk.icedteaweb.manifest.ManifestAttributesChecker] All applications resources are from codebase https://isy.universal-devices.com/994i/5.3.3/, skipping Application-Library-Allowable-Codebase Attribute check.
[ITW-CORE][2022-09-11 18:17:04.296 CDT][DEBUG][net.sourceforge.jnlp.util.logging.UnixSystemLog] System logger called with result of 0
[ITW-CORE][2022-09-11 18:17:04.300 CDT][DEBUG][net.sourceforge.jnlp.util.logging.UnixSystemLog] System logger called with result of 0
[ITW-CORE][2022-09-11 18:17:04.304 CDT][DEBUG][net.adoptopenjdk.icedteaweb.resources.ResourceTracker] Error flag set for resource 'https://isy.universal-devices.com/994i/5.3.3/fp.jar'. Can not return a local file for the resource
[ITW-CORE][2022-09-11 18:17:04.305 CDT][DEBUG][net.adoptopenjdk.icedteaweb.manifest.ManifestAttributesChecker] Entry-Point manifest attribute for yours 'com.universaldevices.client.ui.UDClientApplet' not found. Continuing.
[ITW-CORE][2022-09-11 18:17:04.315 CDT][DEBUG][net.adoptopenjdk.icedteaweb.resources.ResourceTracker] Error flag set for resource 'https://isy.universal-devices.com/994i/5.3.3/fp.jar'. Can not return a local file for the resource
[ITW-CORE][2022-09-11 18:17:04.316 CDT][WARN ][net.sourceforge.jnlp.JNLPFile] Application title was not found in manifest. Check with application vendor
[ITW-CORE][2022-09-11 18:17:04.316 CDT][DEBUG][com.openwebstart.download.ApplicationDownloadIndicator] DownloadServiceListener for ISY994 Administrative Console will be created
[ITW-CORE][2022-09-11 18:17:04.316 CDT][DEBUG][net.adoptopenjdk.icedteaweb.resources.ResourceTracker] Download done. Shutting down executor
[ITW-CORE][2022-09-11 18:17:04.316 CDT][DEBUG][com.openwebstart.download.ApplicationDownloadIndicator] DownloadServiceListener will be disposed
[ITW-CORE][2022-09-11 18:17:04.320 CDT][DEBUG][net.adoptopenjdk.icedteaweb.jdk89access.JarIndexAccess] sun.misc.JarIndex not found - Running jdk9+ ?
[ITW-CORE][2022-09-11 18:17:04.321 CDT][DEBUG][net.sourceforge.jnlp.util.logging.UnixSystemLog] System logger called with result of 0
[ITW-CORE][2022-09-11 18:17:04.325 CDT][DEBUG][net.sourceforge.jnlp.util.logging.UnixSystemLog] System logger called with result of 0
[ITW-CORE][2022-09-11 18:17:04.330 CDT][DEBUG][net.sourceforge.jnlp.util.logging.UnixSystemLog] System logger called with result of 0
[ITW-CORE][2022-09-11 18:17:04.335 CDT][DEBUG][net.sourceforge.jnlp.runtime.classloader.JNLPClassLoader] Activate jar: file:/Users/travisll/.cache/icedtea-web/cache/0/4/insteon.jar
[ITW-CORE][2022-09-11 18:17:04.335 CDT][INFO ][net.sourceforge.jnlp.cache.NativeLibraryStorage] Activate native: https://isy.universal-devices.com/994i/5.3.3/insteon.jar
[ITW-CORE][2022-09-11 18:17:04.337 CDT][INFO ][net.sourceforge.jnlp.runtime.classloader.JNLPClassLoader] Permission added: ("java.io.FilePermission" "/Users/travisll/.cache/icedtea-web/cache/0/4/insteon.jar" "read")
[ITW-CORE][2022-09-11 18:17:04.337 CDT][INFO ][net.sourceforge.jnlp.runtime.classloader.JNLPClassLoader] Permission added: ("java.io.FilePermission" "/Users/travisll/.cache/icedtea-web/cache/0/2/ce.jar" "read")
[ITW-CORE][2022-09-11 18:17:04.337 CDT][INFO ][net.sourceforge.jnlp.runtime.classloader.JNLPClassLoader] Permission added: ("java.io.FilePermission" "/Users/travisll/.cache/icedtea-web/cache/0/5/chart.jar" "read")
[ITW-CORE][2022-09-11 18:17:04.337 CDT][DEBUG][net.adoptopenjdk.icedteaweb.resources.ResourceTracker] Error flag set for resource 'https://isy.universal-devices.com/994i/5.3.3/fp.jar'. Can not return a local file for the resource
[ITW-CORE][2022-09-11 18:17:04.337 CDT][DEBUG][net.sourceforge.jnlp.runtime.classloader.JNLPClassLoader] No cache file for cacheable resource 'https://isy.universal-devices.com/994i/5.3.3/fp.jar' found.
[ITW-CORE][2022-09-11 18:17:04.337 CDT][INFO ][net.sourceforge.jnlp.runtime.classloader.JNLPClassLoader] Unable to add permission for https://isy.universal-devices.com/994i/5.3.3/fp.jar
[ITW-CORE][2022-09-11 18:17:04.337 CDT][INFO ][net.sourceforge.jnlp.runtime.classloader.JNLPClassLoader] Permission added: ("java.io.FilePermission" "/Users/travisll/.cache/icedtea-web/cache/0/3/RXTX.jar" "read")
[ITW-CORE][2022-09-11 18:17:04.338 CDT][INFO ][net.sourceforge.jnlp.Launcher] Starting application [com.universaldevices.client.ui.UDClientApplet] ...
[ITW-CORE][2022-09-11 18:17:04.343 CDT][DEBUG][net.sourceforge.jnlp.runtime.CachedJarFileCallback] Class-Path attribute cleared for /Users/travisll/.cache/icedtea-web/cache/0/4/insteon.jar
[ITW-CORE][2022-09-11 18:17:04.377 CDT][DEBUG][net.sourceforge.jnlp.Launcher] Setting net.sourceforge.jnlp.runtime.classloader.JNLPClassLoader@78784a46 as the classloader for thread ISY994 Administrative Console
[ITW-CORE][2022-09-11 18:17:04.377 CDT][DEBUG][net.sourceforge.jnlp.Launcher] Setting net.sourceforge.jnlp.runtime.classloader.JNLPClassLoader@78784a46 as the classloader for thread AWT-EventQueue-1
[ITW-CORE][2022-09-11 18:17:04.377 CDT][DEBUG][net.sourceforge.jnlp.Launcher] Setting net.sourceforge.jnlp.runtime.classloader.JNLPClassLoader@78784a46 as the classloader for thread TimerQueue
[ITW-CORE][2022-09-11 18:17:04.377 CDT][DEBUG][net.sourceforge.jnlp.Launcher] Setting net.sourceforge.jnlp.runtime.classloader.JNLPClassLoader@78784a46 as the classloader for thread ows-daemon-pool-1
[ITW-CORE][2022-09-11 18:17:04.377 CDT][DEBUG][net.sourceforge.jnlp.Launcher] Setting net.sourceforge.jnlp.runtime.classloader.JNLPClassLoader@78784a46 as the classloader for thread ows-daemon-pool-2
[ITW-CORE][2022-09-11 18:17:04.386 CDT][DEBUG][net.adoptopenjdk.icedteaweb.resources.ResourceTracker] Error flag set for resource 'https://isy.universal-devices.com/994i/5.3.3/fp.jar'. Can not return a local file for the resource
[ITW-CORE][2022-09-11 18:17:04.386 CDT][WARN ][net.sourceforge.jnlp.JNLPFile] Application title was not found in manifest. Check with application vendor
[ITW-CORE][2022-09-11 18:17:04.386 CDT][DEBUG][com.openwebstart.download.ApplicationDownloadIndicator] DownloadServiceListener for ISY994 Administrative Console will be created
[ITW-CORE][2022-09-11 18:17:04.387 CDT][DEBUG][net.adoptopenjdk.icedteaweb.resources.ResourceTracker] Download done. Shutting down executor
[ITW-CORE][2022-09-11 18:17:04.387 CDT][DEBUG][com.openwebstart.download.ApplicationDownloadIndicator] DownloadServiceListener will be disposed
[ITW-CORE][2022-09-11 18:17:04.390 CDT][DEBUG][net.sourceforge.jnlp.runtime.classloader.JNLPClassLoader] Activate jar: file:/Users/travisll/.cache/icedtea-web/cache/0/2/ce.jar
[ITW-CORE][2022-09-11 18:17:04.390 CDT][INFO ][net.sourceforge.jnlp.cache.NativeLibraryStorage] Activate native: https://isy.universal-devices.com/994i/5.3.3/ce.jar
[ITW-CORE][2022-09-11 18:17:04.390 CDT][DEBUG][net.sourceforge.jnlp.util.logging.UnixSystemLog] System logger called with result of 0
[ITW-CORE][2022-09-11 18:17:04.391 CDT][DEBUG][net.sourceforge.jnlp.runtime.CachedJarFileCallback] Class-Path attribute cleared for /Users/travisll/.cache/icedtea-web/cache/0/2/ce.jar
[ITW-CORE][2022-09-11 18:17:04.396 CDT][DEBUG][net.sourceforge.jnlp.util.logging.UnixSystemLog] System logger called with result of 0
[ITW-CORE][2022-09-11 18:17:04.400 CDT][DEBUG][net.sourceforge.jnlp.util.logging.UnixSystemLog] System logger called with result of 0
[ITW-CORE][2022-09-11 18:17:04.401 CDT][DEBUG][net.adoptopenjdk.icedteaweb.resources.ResourceTracker] Error flag set for resource 'https://isy.universal-devices.com/994i/5.3.3/fp.jar'. Can not return a local file for the resource
[ITW-CORE][2022-09-11 18:17:04.402 CDT][WARN ][net.sourceforge.jnlp.JNLPFile] Application title was not found in manifest. Check with application vendor
[ITW-CORE][2022-09-11 18:17:04.402 CDT][DEBUG][com.openwebstart.download.ApplicationDownloadIndicator] DownloadServiceListener for ISY994 Administrative Console will be created
[ITW-CORE][2022-09-11 18:17:04.402 CDT][DEBUG][net.adoptopenjdk.icedteaweb.resources.ResourceTracker] Download done. Shutting down executor
[ITW-CORE][2022-09-11 18:17:04.402 CDT][DEBUG][com.openwebstart.download.ApplicationDownloadIndicator] DownloadServiceListener will be disposed
[ITW-CORE][2022-09-11 18:17:04.405 CDT][DEBUG][net.sourceforge.jnlp.util.logging.UnixSystemLog] System logger called with result of 0
[ITW-CORE][2022-09-11 18:17:04.407 CDT][DEBUG][net.sourceforge.jnlp.runtime.classloader.JNLPClassLoader] Activate jar: file:/Users/travisll/.cache/icedtea-web/cache/0/5/chart.jar
[ITW-CORE][2022-09-11 18:17:04.407 CDT][INFO ][net.sourceforge.jnlp.cache.NativeLibraryStorage] Activate native: https://isy.universal-devices.com/994i/5.3.3/chart.jar
[ITW-CORE][2022-09-11 18:17:04.409 CDT][DEBUG][net.sourceforge.jnlp.runtime.CachedJarFileCallback] Class-Path attribute cleared for /Users/travisll/.cache/icedtea-web/cache/0/5/chart.jar
[ITW-CORE][2022-09-11 18:17:04.410 CDT][DEBUG][net.sourceforge.jnlp.util.logging.UnixSystemLog] System logger called with result of 0
[ITW-CORE][2022-09-11 18:17:04.412 CDT][DEBUG][net.adoptopenjdk.icedteaweb.resources.ResourceTracker] Error flag set for resource 'https://isy.universal-devices.com/994i/5.3.3/fp.jar'. Can not return a local file for the resource
[ITW-CORE][2022-09-11 18:17:04.412 CDT][WARN ][net.sourceforge.jnlp.runtime.classloader.JNLPClassLoader] checkForMain JAR https://isy.universal-devices.com/994i/5.3.3/fp.jar not found. Continuing.
[ITW-CORE][2022-09-11 18:17:04.415 CDT][DEBUG][net.sourceforge.jnlp.util.logging.UnixSystemLog] System logger called with result of 0
[ITW-CORE][2022-09-11 18:17:04.419 CDT][DEBUG][net.adoptopenjdk.icedteaweb.resources.ResourceTracker] Error flag set for resource 'https://isy.universal-devices.com/994i/5.3.3/fp.jar'. Can not return a local file for the resource
[ITW-CORE][2022-09-11 18:17:04.419 CDT][WARN ][net.sourceforge.jnlp.JNLPFile] Application title was not found in manifest. Check with application vendor
[ITW-CORE][2022-09-11 18:17:04.420 CDT][DEBUG][com.openwebstart.download.ApplicationDownloadIndicator] DownloadServiceListener for ISY994 Administrative Console will be created
[ITW-CORE][2022-09-11 18:17:04.420 CDT][DEBUG][net.adoptopenjdk.icedteaweb.resources.ResourceTracker] Download done. Shutting down executor
[ITW-CORE][2022-09-11 18:17:04.420 CDT][DEBUG][com.openwebstart.download.ApplicationDownloadIndicator] DownloadServiceListener will be disposed
[ITW-CORE][2022-09-11 18:17:04.420 CDT][DEBUG][net.sourceforge.jnlp.util.logging.UnixSystemLog] System logger called with result of 0
[ITW-CORE][2022-09-11 18:17:04.420 CDT][DEBUG][net.adoptopenjdk.icedteaweb.resources.ResourceTracker] Error flag set for resource 'https://isy.universal-devices.com/994i/5.3.3/fp.jar'. Can not return a local file for the resource
[ITW-CORE][2022-09-11 18:17:04.420 CDT][DEBUG][net.sourceforge.jnlp.runtime.classloader.JNLPClassLoader] Activate jar: https://isy.universal-devices.com/994i/5.3.3/fp.jar
[ITW-CORE][2022-09-11 18:17:04.420 CDT][INFO ][net.sourceforge.jnlp.cache.NativeLibraryStorage] Activate native: https://isy.universal-devices.com/994i/5.3.3/fp.jar
[ITW-CORE][2022-09-11 18:17:04.420 CDT][DEBUG][net.adoptopenjdk.icedteaweb.resources.ResourceTracker] Error flag set for resource 'https://isy.universal-devices.com/994i/5.3.3/fp.jar'. Can not return a local file for the resource
[ITW-CORE][2022-09-11 18:17:04.425 CDT][DEBUG][net.sourceforge.jnlp.util.logging.UnixSystemLog] System logger called with result of 0
[ITW-CORE][2022-09-11 18:17:04.427 CDT][DEBUG][net.adoptopenjdk.icedteaweb.resources.ResourceTracker] Error flag set for resource 'https://isy.universal-devices.com/994i/5.3.3/fp.jar'. Can not return a local file for the resource
[ITW-CORE][2022-09-11 18:17:04.428 CDT][WARN ][net.sourceforge.jnlp.JNLPFile] Application title was not found in manifest. Check with application vendor
[ITW-CORE][2022-09-11 18:17:04.428 CDT][DEBUG][com.openwebstart.download.ApplicationDownloadIndicator] DownloadServiceListener for ISY994 Administrative Console will be created
[ITW-CORE][2022-09-11 18:17:04.428 CDT][DEBUG][net.adoptopenjdk.icedteaweb.resources.ResourceTracker] Download done. Shutting down executor
[ITW-CORE][2022-09-11 18:17:04.428 CDT][DEBUG][com.openwebstart.download.ApplicationDownloadIndicator] DownloadServiceListener will be disposed
[ITW-CORE][2022-09-11 18:17:04.430 CDT][DEBUG][net.sourceforge.jnlp.util.logging.UnixSystemLog] System logger called with result of 0
[ITW-CORE][2022-09-11 18:17:04.431 CDT][DEBUG][net.sourceforge.jnlp.runtime.classloader.JNLPClassLoader] Activate jar: file:/Users/travisll/.cache/icedtea-web/cache/0/3/RXTX.jar
[ITW-CORE][2022-09-11 18:17:04.431 CDT][INFO ][net.sourceforge.jnlp.cache.NativeLibraryStorage] Activate native: https://isy.universal-devices.com/994i/5.3.3/RXTX.jar
[ITW-CORE][2022-09-11 18:17:04.432 CDT][DEBUG][net.sourceforge.jnlp.runtime.CachedJarFileCallback] Class-Path attribute cleared for /Users/travisll/.cache/icedtea-web/cache/0/3/RXTX.jar
[ITW-CORE][2022-09-11 18:17:04.433 CDT][INFO ][net.sourceforge.jnlp.Launcher] Invoking main() with args: [urn:udi-com:device:X_Insteon_Lighting_Device:1]
[ITW-CORE][2022-09-11 18:17:04.433 CDT][DEBUG][net.sourceforge.jnlp.util.logging.UnixSystemLog] System logger called with result of 0
[ITW-CORE][2022-09-11 18:17:04.434 CDT][INFO ][net.sourceforge.jnlp.Launcher] main completed
[ITW-CORE][2022-09-11 18:17:04.434 CDT][DEBUG][net.sourceforge.jnlp.runtime.Boot] Exiting Boot.mainWithReturnCode() with 0
[ITW-CORE][2022-09-11 18:17:04.438 CDT][DEBUG][net.sourceforge.jnlp.util.logging.UnixSystemLog] System logger called with result of 0
[ITW-CORE][2022-09-11 18:17:04.442 CDT][DEBUG][net.sourceforge.jnlp.util.logging.UnixSystemLog] System logger called with result of 0
[ITW-CORE][2022-09-11 18:17:04.445 CDT][DEBUG][net.sourceforge.jnlp.util.logging.UnixSystemLog] System logger called with result of 0
[ITW-CORE][2022-09-11 18:17:04.446 CDT][DEBUG][net.sourceforge.jnlp.runtime.CachedJarFileCallback] Class-Path attribute cleared for /Users/travisll/.cache/icedtea-web/cache/0/4/insteon.jar
[ITW-CORE][2022-09-11 18:17:04.449 CDT][DEBUG][net.sourceforge.jnlp.util.logging.UnixSystemLog] System logger called with result of 0
[ITW-CORE][2022-09-11 18:17:04.453 CDT][DEBUG][net.sourceforge.jnlp.util.logging.UnixSystemLog] System logger called with result of 0
[ITW-CORE][2022-09-11 18:17:05.815 CDT][DEBUG][com.openwebstart.download.ApplicationDownloadIndicator] Closing DownloadServiceListener
[ITW-CORE][2022-09-11 18:17:42.929 CDT][DEBUG][com.openwebstart.proxy.direct.DirectProxyProvider] Using NO_PROXY for https://www.universal-devices.com/auto_update/updates_config
[ITW-CORE][2022-09-11 18:17:42.929 CDT][DEBUG][com.openwebstart.proxy.direct.DirectProxyProvider] Using NO_PROXY for socket://www.universal-devices.com:443
[ITW-CORE][2022-09-11 18:17:43.105 CDT][DEBUG][com.openwebstart.proxy.direct.DirectProxyProvider] Using NO_PROXY for https://www.universal-devices.com/auto_update/prod-updates.xml
[ITW-CORE][2022-09-11 18:17:43.190 CDT][DEBUG][com.openwebstart.proxy.direct.DirectProxyProvider] Using NO_PROXY for https://www.universal-devices.com/sales/modules/status?uuid=uuid:00:21:b9:02:19:fc
[ITW-CORE][2022-09-12 07:20:42.755 CDT][INFO ][net.sourceforge.jnlp.util.logging.OutputController] Increase polling interval for shutdown phase
[ITW-CORE][2022-09-12 07:20:42.755 CDT][DEBUG][net.sourceforge.jnlp.runtime.JNLPRuntime] Releasing shared lock on /var/folders/qv/zd44h42s6h5fj4q235rr1_3wzgxmhk/T/travisll/netx/locks/netx_running
[ITW-CORE][2022-09-12 07:20:42.756 CDT][DEBUG][net.sourceforge.jnlp.runtime.JNLPRuntime] Closing channel
[ITW-CORE][2022-09-12 07:20:42.756 CDT][DEBUG][net.sourceforge.jnlp.runtime.JNLPRuntime] Releasing done
[ITW-CORE][2022-09-12 07:20:42.756 CDT][DEBUG][net.adoptopenjdk.icedteaweb.resources.cache.CacheImpl] preparing to cleanup the cache
[ITW-CORE][2022-09-12 07:20:42.756 CDT][INFO ][net.adoptopenjdk.icedteaweb.resources.cache.CacheImpl] Other instances of javaws are running
[ITW-CORE][2022-09-12 07:20:42.756 CDT][INFO ][net.adoptopenjdk.icedteaweb.resources.cache.CacheImpl] Cannot clear the cache at this time. Try later. If the problem persists, try closing your browser(s) & JNLP applications. At the end you can try to kill all java applications. You can clear cache by javaws -Xclearcache or via itw-settings Cache -> View files -> Purge
