[travisll][ITW-CORE][2022-09-05 05:36:24.583 CDT][INFO ][net.sourceforge.jnlp.util.logging.filelogs.WriterBasedFileLog][Output controller consumer daemon#6cb09ff2] writer-based impl.
[ITW-CORE][2022-09-05 05:36:24.426 CDT][DEBUG][net.adoptopenjdk.icedteaweb.logging.LoggerFactory] init logger factory to net.sourceforge.jnlp.util.logging.OutputControllerLoggerFactory@10f87f48
[ITW-CORE][2022-09-05 05:36:24.474 CDT][INFO ][com.openwebstart.launcher.PhaseTwoWebStartLauncher] Starting OpenWebStart 1.6.0
[ITW-CORE][2022-09-05 05:36:24.552 CDT][INFO ][net.sourceforge.jnlp.config.DeploymentConfiguration] Ico provider registered correctly.
[ITW-CORE][2022-09-05 05:36:24.569 CDT][INFO ][net.sourceforge.jnlp.config.DeploymentConfiguration] Ico provider registered correctly.
[ITW-CORE][2022-09-05 05:36:24.571 CDT][INFO ][net.sourceforge.jnlp.config.DeploymentConfiguration] Loading USER level properties from: file:/Users/travisll/.config/icedtea-web/deployment.properties
[ITW-CORE][2022-09-05 05:36:24.583 CDT][DEBUG][net.sourceforge.jnlp.util.logging.FileLog] Start logging into: net.sourceforge.jnlp.util.logging.filelogs.WriterBasedFileLog@2144e86f
[ITW-CORE][2022-09-05 05:36:24.582 CDT][INFO ][net.sourceforge.jnlp.config.DeploymentConfiguration] Loading USER level properties from: file:/Users/travisll/.config/icedtea-web/deployment.properties
[ITW-CORE][2022-09-05 05:36:24.584 CDT][DEBUG][net.sourceforge.jnlp.runtime.JNLPRuntime] Trying to set download indicator
[ITW-CORE][2022-09-05 05:36:24.584 CDT][DEBUG][net.sourceforge.jnlp.runtime.JNLPRuntime] Setting download indicator to com.openwebstart.download.ApplicationDownloadIndicator@2b552920
[ITW-CORE][2022-09-05 05:36:24.596 CDT][DEBUG][com.openwebstart.launcher.InitialConfigurationCheck] Checking if installation time (1661046380050) is after last initial config time (1661046386579)
[ITW-CORE][2022-09-05 05:36:24.598 CDT][DEBUG][com.openwebstart.launcher.PhaseTwoWebStartLauncher] RelevantJavawsArgs: '[/Users/travisll/Downloads/viewer.jnlp(10.9.225.100@0@okcfileridrac,+PowerEdge+R710,+User-admin@1662374178496@ST1=413382f765847ee61d2b42783f4c5501).jnlp]'
[ITW-CORE][2022-09-05 05:36:24.632 CDT][INFO ][com.openwebstart.install4j.Install4JUpdateHandler] Checking for update on server https://download-openwebstart.com/updates/updates.xml
[ITW-CORE][2022-09-05 05:36:25.467 CDT][INFO ][com.openwebstart.install4j.Install4JUpdateHandler] No update found on server
[ITW-CORE][2022-09-05 05:36:25.467 CDT][INFO ][com.openwebstart.launcher.PhaseTwoWebStartLauncher] Calling ITW Boot with args [/Users/travisll/Downloads/viewer.jnlp(10.9.225.100@0@okcfileridrac,+PowerEdge+R710,+User-admin@1662374178496@ST1=413382f765847ee61d2b42783f4c5501).jnlp].
[ITW-CORE][2022-09-05 05:36:25.470 CDT][INFO ][net.sourceforge.jnlp.runtime.EnvironmentPrinter] OpenWebStartLauncher called with args: [/Users/travisll/Downloads/viewer.jnlp(10.9.225.100@0@okcfileridrac,+PowerEdge+R710,+User-admin@1662374178496@ST1=413382f765847ee61d2b42783f4c5501).jnlp].
[ITW-CORE][2022-09-05 05:36:25.470 CDT][INFO ][net.sourceforge.jnlp.runtime.EnvironmentPrinter] OS: Mac OS X
[ITW-CORE][2022-09-05 05:36:25.471 CDT][INFO ][net.sourceforge.jnlp.runtime.EnvironmentPrinter] Java Runtime BellSoft-1.8.0_332
[ITW-CORE][2022-09-05 05:36:25.473 CDT][DEBUG][net.sourceforge.jnlp.runtime.JNLPRuntime] using com.openwebstart.extensionpoint.OwsExtensionPoint extension point
[ITW-APP ][2022-09-05 05:36:25.779 CDT][ERROR][sun.nio.cs.StreamEncoder.writeBytes(StreamEncoder.java:221)] Warning: the fonts "Times" and "Lucida Bright" are not available for the Java logical font "Serif", which may have unexpected appearance or behavior. Re-enable the "Times" font to remove this warning.
[ITW-CORE][2022-09-05 05:36:25.919 CDT][DEBUG][net.adoptopenjdk.icedteaweb.client.parts.dialogs.security.SecurityDialogMessageHandler] Starting security dialog thread
[ITW-CORE][2022-09-05 05:36:25.920 CDT][DEBUG][net.sourceforge.jnlp.security.KeyStores] Keystore file /Users/travisll/.config/icedtea-web/security/trusted.clientcerts exists.
[ITW-CORE][2022-09-05 05:36:25.921 CDT][DEBUG][net.sourceforge.jnlp.security.SecurityUtil] Loading Keystore /Users/travisll/.config/icedtea-web/security/trusted.clientcerts
[ITW-CORE][2022-09-05 05:36:25.922 CDT][DEBUG][net.sourceforge.jnlp.security.KeystorePasswordAttempter] Operating Keystore /Users/travisll/.config/icedtea-web/security/trusted.clientcerts
[ITW-CORE][2022-09-05 05:36:25.922 CDT][DEBUG][net.sourceforge.jnlp.security.KeystorePasswordAttempter] Operating Keystore Unknown
[ITW-CORE][2022-09-05 05:36:25.923 CDT][DEBUG][net.sourceforge.jnlp.security.KeyStores] Keystore file /Applications/OpenWebStart/.install4j/jre.bundle/Contents/Home/lib/security/trusted.jssecerts does not exists.
[ITW-CORE][2022-09-05 05:36:25.923 CDT][DEBUG][net.sourceforge.jnlp.security.SecurityUtil] Loading Keystore Unknown
[ITW-CORE][2022-09-05 05:36:25.924 CDT][DEBUG][net.sourceforge.jnlp.security.KeystorePasswordAttempter] Operating Keystore Unknown
[ITW-CORE][2022-09-05 05:36:25.924 CDT][DEBUG][net.sourceforge.jnlp.security.KeyStores] Keystore file /Applications/OpenWebStart/.install4j/jre.bundle/Contents/Home/lib/security/trusted.certs does not exists.
[ITW-CORE][2022-09-05 05:36:25.924 CDT][DEBUG][net.sourceforge.jnlp.security.SecurityUtil] Loading Keystore Unknown
[ITW-CORE][2022-09-05 05:36:25.924 CDT][DEBUG][net.sourceforge.jnlp.security.KeystorePasswordAttempter] Operating Keystore Unknown
[ITW-CORE][2022-09-05 05:36:25.924 CDT][DEBUG][net.sourceforge.jnlp.security.KeyStores] Keystore file /Users/travisll/.config/icedtea-web/security/trusted.jssecerts exists.
[ITW-CORE][2022-09-05 05:36:25.924 CDT][DEBUG][net.sourceforge.jnlp.security.SecurityUtil] Loading Keystore /Users/travisll/.config/icedtea-web/security/trusted.jssecerts
[ITW-CORE][2022-09-05 05:36:25.924 CDT][DEBUG][net.sourceforge.jnlp.security.KeystorePasswordAttempter] Operating Keystore /Users/travisll/.config/icedtea-web/security/trusted.jssecerts
[ITW-CORE][2022-09-05 05:36:25.924 CDT][DEBUG][net.sourceforge.jnlp.security.KeyStores] Keystore file /Users/travisll/.config/icedtea-web/security/trusted.certs exists.
[ITW-CORE][2022-09-05 05:36:25.924 CDT][DEBUG][net.sourceforge.jnlp.security.SecurityUtil] Loading Keystore /Users/travisll/.config/icedtea-web/security/trusted.certs
[ITW-CORE][2022-09-05 05:36:25.924 CDT][DEBUG][net.sourceforge.jnlp.security.KeystorePasswordAttempter] Operating Keystore /Users/travisll/.config/icedtea-web/security/trusted.certs
[ITW-CORE][2022-09-05 05:36:25.926 CDT][DEBUG][net.sourceforge.jnlp.security.KeyStores] Keystore file /Applications/OpenWebStart/.install4j/jre.bundle/Contents/Home/lib/security/jssecacerts does not exists.
[ITW-CORE][2022-09-05 05:36:25.926 CDT][DEBUG][net.sourceforge.jnlp.security.SecurityUtil] Loading Keystore Unknown
[ITW-CORE][2022-09-05 05:36:25.926 CDT][DEBUG][net.sourceforge.jnlp.security.KeystorePasswordAttempter] Operating Keystore Unknown
[ITW-CORE][2022-09-05 05:36:25.926 CDT][DEBUG][net.sourceforge.jnlp.security.KeyStores] Keystore file /Applications/OpenWebStart/.install4j/jre.bundle/Contents/Home/lib/security/cacerts exists.
[ITW-CORE][2022-09-05 05:36:25.926 CDT][DEBUG][net.sourceforge.jnlp.security.SecurityUtil] Loading Keystore /Applications/OpenWebStart/.install4j/jre.bundle/Contents/Home/lib/security/cacerts
[ITW-CORE][2022-09-05 05:36:25.926 CDT][DEBUG][net.sourceforge.jnlp.security.KeystorePasswordAttempter] Operating Keystore /Applications/OpenWebStart/.install4j/jre.bundle/Contents/Home/lib/security/cacerts
[ITW-CORE][2022-09-05 05:36:25.933 CDT][DEBUG][net.sourceforge.jnlp.security.KeyStores] Keystore file /Users/travisll/.config/icedtea-web/security/trusted.jssecacerts exists.
[ITW-CORE][2022-09-05 05:36:25.933 CDT][DEBUG][net.sourceforge.jnlp.security.SecurityUtil] Loading Keystore /Users/travisll/.config/icedtea-web/security/trusted.jssecacerts
[ITW-CORE][2022-09-05 05:36:25.933 CDT][DEBUG][net.sourceforge.jnlp.security.KeystorePasswordAttempter] Operating Keystore /Users/travisll/.config/icedtea-web/security/trusted.jssecacerts
[ITW-CORE][2022-09-05 05:36:25.934 CDT][DEBUG][net.sourceforge.jnlp.security.KeyStores] Keystore file /Users/travisll/.config/icedtea-web/security/trusted.cacerts exists.
[ITW-CORE][2022-09-05 05:36:25.934 CDT][DEBUG][net.sourceforge.jnlp.security.SecurityUtil] Loading Keystore /Users/travisll/.config/icedtea-web/security/trusted.cacerts
[ITW-CORE][2022-09-05 05:36:25.934 CDT][DEBUG][net.sourceforge.jnlp.security.KeystorePasswordAttempter] Operating Keystore /Users/travisll/.config/icedtea-web/security/trusted.cacerts
[ITW-CORE][2022-09-05 05:36:25.934 CDT][DEBUG][net.sourceforge.jnlp.security.KeyStores] Keystore file /Applications/OpenWebStart/.install4j/jre.bundle/Contents/Home/lib/security/trusted.clientcerts does not exists.
[ITW-CORE][2022-09-05 05:36:25.934 CDT][DEBUG][net.sourceforge.jnlp.security.SecurityUtil] Loading Keystore Unknown
[ITW-CORE][2022-09-05 05:36:25.934 CDT][DEBUG][net.sourceforge.jnlp.security.KeystorePasswordAttempter] Operating Keystore Unknown
[ITW-CORE][2022-09-05 05:36:25.934 CDT][DEBUG][net.sourceforge.jnlp.security.KeyStores] Keystore file /Users/travisll/.config/icedtea-web/security/trusted.clientcerts exists.
[ITW-CORE][2022-09-05 05:36:25.934 CDT][DEBUG][net.sourceforge.jnlp.security.SecurityUtil] Loading Keystore /Users/travisll/.config/icedtea-web/security/trusted.clientcerts
[ITW-CORE][2022-09-05 05:36:25.935 CDT][DEBUG][net.sourceforge.jnlp.security.KeystorePasswordAttempter] Operating Keystore /Users/travisll/.config/icedtea-web/security/trusted.clientcerts
[ITW-CORE][2022-09-05 05:36:25.937 CDT][DEBUG][com.openwebstart.proxy.WebStartProxySelector] Selected ProxyProvider : NONE 
[ITW-CORE][2022-09-05 05:36:25.937 CDT][DEBUG][com.openwebstart.proxy.ProxyProviderType] Direct proxy created
[ITW-CORE][2022-09-05 05:36:25.937 CDT][INFO ][net.sourceforge.jnlp.runtime.Boot] Proceeding with jnlp
[ITW-CORE][2022-09-05 05:36:25.939 CDT][INFO ][net.sourceforge.jnlp.runtime.Boot] JNLP file location: /Users/travisll/Downloads/viewer.jnlp(10.9.225.100@0@okcfileridrac,+PowerEdge+R710,+User-admin@1662374178496@ST1=413382f765847ee61d2b42783f4c5501).jnlp
[ITW-CORE][2022-09-05 05:36:25.940 CDT][DEBUG][net.adoptopenjdk.icedteaweb.resources.ResourceTracker] Create resource for 'file:/Users/travisll/Downloads/viewer.jnlp(10.9.225.100@0@okcfileridrac,+PowerEdge+R710,+User-admin@1662374178496@ST1=413382f765847ee61d2b42783f4c5501).jnlp'
[ITW-CORE][2022-09-05 05:36:25.945 CDT][DEBUG][net.adoptopenjdk.icedteaweb.resources.ResourceHandler] Resource is not cacheable: viewer.jnlp(10.9.225.100@0@okcfileridrac,+PowerEdge+R710,+User-admin@1662374178496@ST1=413382f765847ee61d2b42783f4c5501).jnlp
[ITW-CORE][2022-09-05 05:36:25.945 CDT][DEBUG][net.adoptopenjdk.icedteaweb.resources.ResourceTracker] Download done. Shutting down executor
[ITW-CORE][2022-09-05 05:36:25.947 CDT][ERROR][net.sourceforge.jnlp.AbstractLaunchHandler]
netx: Read Error: Could not read or parse the JNLP file at 'file:/Users/travisll/Downloads/viewer.jnlp(10.9.225.100@0@okcfileridrac,+PowerEdge+R710,+User-admin@1662374178496@ST1=413382f765847ee61d2b42783f4c5501).jnlp'. (/Users/travisll/Downloads/viewer.jnlp(10.9.225.100@0@okcfileridrac, PowerEdge R710, User-admin@1662374178496@ST1=413382f765847ee61d2b42783f4c5501).jnlp (No such file or directory))
net.sourceforge.jnlp.LaunchException: Fatal: Read Error: Could not read or parse the JNLP file at 'file:/Users/travisll/Downloads/viewer.jnlp(10.9.225.100@0@okcfileridrac,+PowerEdge+R710,+User-admin@1662374178496@ST1=413382f765847ee61d2b42783f4c5501).jnlp'. You can try to download this file manually and send it as bug report to IcedTea-Web team.
	at net.sourceforge.jnlp.Launcher.fromUrl(Launcher.java:332)
	at net.sourceforge.jnlp.Launcher.launch(Launcher.java:192)
	at net.sourceforge.jnlp.runtime.Boot.launch(Boot.java:355)
	at net.sourceforge.jnlp.runtime.Boot.run(Boot.java:335)
	at net.sourceforge.jnlp.runtime.Boot.run(Boot.java:73)
	at java.security.AccessController.doPrivileged(Native Method)
	at net.sourceforge.jnlp.runtime.Boot.runMain(Boot.java:279)
	at net.sourceforge.jnlp.runtime.Boot.mainWithReturnCode(Boot.java:132)
	at net.sourceforge.jnlp.runtime.Boot.main(Boot.java:114)
	at com.openwebstart.launcher.PhaseTwoWebStartLauncher.main(PhaseTwoWebStartLauncher.java:93)
Caused by: java.io.FileNotFoundException: /Users/travisll/Downloads/viewer.jnlp(10.9.225.100@0@okcfileridrac, PowerEdge R710, User-admin@1662374178496@ST1=413382f765847ee61d2b42783f4c5501).jnlp (No such file or directory)
	at java.io.FileInputStream.open0(Native Method)
	at java.io.FileInputStream.open(FileInputStream.java:195)
	at java.io.FileInputStream.<init>(FileInputStream.java:138)
	at net.sourceforge.jnlp.JNLPFileFactory.openURL(JNLPFileFactory.java:103)
	at net.sourceforge.jnlp.JNLPFileFactory.create(JNLPFileFactory.java:79)
	at net.sourceforge.jnlp.JNLPFileFactory.create(JNLPFileFactory.java:63)
	at net.sourceforge.jnlp.Launcher.fromUrl(Launcher.java:300)
	... 9 more
[ITW-CORE][2022-09-05 05:36:25.947 CDT][ERROR][net.sourceforge.jnlp.runtime.Boot]
failed to launch
net.sourceforge.jnlp.LaunchException: Fatal: Read Error: Could not read or parse the JNLP file at 'file:/Users/travisll/Downloads/viewer.jnlp(10.9.225.100@0@okcfileridrac,+PowerEdge+R710,+User-admin@1662374178496@ST1=413382f765847ee61d2b42783f4c5501).jnlp'. You can try to download this file manually and send it as bug report to IcedTea-Web team.
	at net.sourceforge.jnlp.Launcher.fromUrl(Launcher.java:332)
	at net.sourceforge.jnlp.Launcher.launch(Launcher.java:192)
	at net.sourceforge.jnlp.runtime.Boot.launch(Boot.java:355)
	at net.sourceforge.jnlp.runtime.Boot.run(Boot.java:335)
	at net.sourceforge.jnlp.runtime.Boot.run(Boot.java:73)
	at java.security.AccessController.doPrivileged(Native Method)
	at net.sourceforge.jnlp.runtime.Boot.runMain(Boot.java:279)
	at net.sourceforge.jnlp.runtime.Boot.mainWithReturnCode(Boot.java:132)
	at net.sourceforge.jnlp.runtime.Boot.main(Boot.java:114)
	at com.openwebstart.launcher.PhaseTwoWebStartLauncher.main(PhaseTwoWebStartLauncher.java:93)
Caused by: java.io.FileNotFoundException: /Users/travisll/Downloads/viewer.jnlp(10.9.225.100@0@okcfileridrac, PowerEdge R710, User-admin@1662374178496@ST1=413382f765847ee61d2b42783f4c5501).jnlp (No such file or directory)
	at java.io.FileInputStream.open0(Native Method)
	at java.io.FileInputStream.open(FileInputStream.java:195)
	at java.io.FileInputStream.<init>(FileInputStream.java:138)
	at net.sourceforge.jnlp.JNLPFileFactory.openURL(JNLPFileFactory.java:103)
	at net.sourceforge.jnlp.JNLPFileFactory.create(JNLPFileFactory.java:79)
	at net.sourceforge.jnlp.JNLPFileFactory.create(JNLPFileFactory.java:63)
	at net.sourceforge.jnlp.Launcher.fromUrl(Launcher.java:300)
	... 9 more
[ITW-CORE][2022-09-05 05:36:25.948 CDT][DEBUG][net.sourceforge.jnlp.runtime.Boot] Exiting Boot.mainWithReturnCode() with 1
[ITW-CORE][2022-09-05 05:36:25.948 CDT][DEBUG][net.sourceforge.jnlp.runtime.JNLPRuntime] Waiting for exception dialog to be closed
[ITW-CORE][2022-09-05 05:36:25.956 CDT][DEBUG][net.sourceforge.jnlp.util.logging.UnixSystemLog] System logger called with result of 0
[ITW-CORE][2022-09-05 05:36:25.959 CDT][DEBUG][net.sourceforge.jnlp.util.logging.UnixSystemLog] System logger called with result of 0
[ITW-CORE][2022-09-05 05:36:25.962 CDT][DEBUG][net.sourceforge.jnlp.util.logging.UnixSystemLog] System logger called with result of 0
[ITW-CORE][2022-09-05 05:36:25.965 CDT][DEBUG][net.sourceforge.jnlp.util.logging.UnixSystemLog] System logger called with result of 0
[ITW-CORE][2022-09-05 05:36:25.968 CDT][DEBUG][net.sourceforge.jnlp.util.logging.UnixSystemLog] System logger called with result of 0
[ITW-CORE][2022-09-05 05:36:25.976 CDT][DEBUG][net.sourceforge.jnlp.util.logging.UnixSystemLog] System logger called with result of 0
