[travisll][ITW-CORE][2023-01-15 08:37:21.935 CST][INFO ][net.sourceforge.jnlp.util.logging.filelogs.WriterBasedFileLog][Output controller consumer daemon#3b41117f] writer-based impl.
[ITW-CORE][2023-01-15 08:37:21.680 CST][DEBUG][net.adoptopenjdk.icedteaweb.logging.LoggerFactory] init logger factory to net.sourceforge.jnlp.util.logging.OutputControllerLoggerFactory@7382f612
[ITW-CORE][2023-01-15 08:37:21.692 CST][INFO ][net.sourceforge.jnlp.runtime.EnvironmentPrinter] OpenWebStartLauncher called with args: [-Xnofork, /Applications/admin.jnlp].
[ITW-CORE][2023-01-15 08:37:21.692 CST][INFO ][net.sourceforge.jnlp.runtime.EnvironmentPrinter] OS: Mac OS X
[ITW-CORE][2023-01-15 08:37:21.692 CST][INFO ][net.sourceforge.jnlp.runtime.EnvironmentPrinter] Java Runtime Eclipse Adoptium-17.0.5
[ITW-CORE][2023-01-15 08:37:21.696 CST][DEBUG][net.sourceforge.jnlp.runtime.JNLPRuntime] using com.openwebstart.extensionpoint.OwsExtensionPoint extension point
[ITW-CORE][2023-01-15 08:37:21.729 CST][DEBUG][net.sourceforge.jnlp.runtime.JNLPRuntime] Begin JNLPRuntime.initialize()
[ITW-CORE][2023-01-15 08:37:21.901 CST][INFO ][net.sourceforge.jnlp.config.DeploymentConfiguration] Ico provider registered correctly.
[ITW-CORE][2023-01-15 08:37:21.901 CST][DEBUG][net.sourceforge.jnlp.config.DeploymentConfiguration] Start DeploymentConfiguration.load()
[ITW-CORE][2023-01-15 08:37:21.909 CST][INFO ][net.sourceforge.jnlp.config.DeploymentConfiguration] Loading USER level properties from: file:/Users/travisll/.config/icedtea-web/deployment.properties
[ITW-CORE][2023-01-15 08:37:21.932 CST][DEBUG][net.sourceforge.jnlp.config.DeploymentConfiguration] End DeploymentConfiguration.load()
[ITW-CORE][2023-01-15 08:37:21.935 CST][DEBUG][net.sourceforge.jnlp.util.logging.FileLog] Start logging into: net.sourceforge.jnlp.util.logging.filelogs.WriterBasedFileLog@100c9357
[ITW-CORE][2023-01-15 08:37:21.945 CST][DEBUG][net.sourceforge.jnlp.runtime.JNLPRuntime] Start get JavaPolicy
[ITW-CORE][2023-01-15 08:37:21.950 CST][DEBUG][net.sourceforge.jnlp.runtime.JNLPPolicy] Begin getPolicyFromUrl(null)
[ITW-CORE][2023-01-15 08:37:21.950 CST][DEBUG][net.sourceforge.jnlp.runtime.JNLPPolicy] End getPolicyFromUrl()
[ITW-CORE][2023-01-15 08:37:21.950 CST][DEBUG][net.sourceforge.jnlp.runtime.JNLPPolicy] Begin getPolicyFromUrl(file:///Users/travisll/.config/icedtea-web/security/java.policy)
[ITW-CORE][2023-01-15 08:37:21.950 CST][DEBUG][net.sourceforge.jnlp.runtime.JNLPPolicy] Start Policy.getInstance(file:/Users/travisll/.config/icedtea-web/security/java.policy)
[ITW-CORE][2023-01-15 08:37:21.958 CST][DEBUG][net.sourceforge.jnlp.runtime.JNLPPolicy] End Policy.getInstance(file:/Users/travisll/.config/icedtea-web/security/java.policy)
[ITW-CORE][2023-01-15 08:37:21.958 CST][DEBUG][net.sourceforge.jnlp.runtime.JNLPPolicy] End getPolicyFromUrl()
[ITW-CORE][2023-01-15 08:37:21.958 CST][DEBUG][net.sourceforge.jnlp.runtime.JNLPRuntime] Finished get JavaPolicy
[ITW-CORE][2023-01-15 08:37:22.370 CST][DEBUG][net.sourceforge.jnlp.runtime.JNLPRuntime] Started Security Thread
[ITW-CORE][2023-01-15 08:37:22.370 CST][DEBUG][net.adoptopenjdk.icedteaweb.client.parts.dialogs.security.SecurityDialogMessageHandler] Starting security dialog thread
[ITW-CORE][2023-01-15 08:37:22.410 CST][DEBUG][net.sourceforge.jnlp.security.KeyStores] Keystore file /Users/travisll/.config/icedtea-web/security/trusted.clientcerts exists.
[ITW-CORE][2023-01-15 08:37:22.410 CST][DEBUG][net.sourceforge.jnlp.security.SecurityUtil] Loading Keystore /Users/travisll/.config/icedtea-web/security/trusted.clientcerts
[ITW-CORE][2023-01-15 08:37:22.411 CST][DEBUG][net.sourceforge.jnlp.security.KeystorePasswordAttempter] Operating Keystore /Users/travisll/.config/icedtea-web/security/trusted.clientcerts
[ITW-CORE][2023-01-15 08:37:22.411 CST][DEBUG][net.sourceforge.jnlp.security.KeystorePasswordAttempter] Operating Keystore Unknown
[ITW-CORE][2023-01-15 08:37:22.412 CST][DEBUG][net.sourceforge.jnlp.security.KeyStores] Keystore file /Users/travisll/.cache/icedtea-web/jvm-cache/adoptium_17.0.5_aarch64/lib/security/trusted.jssecerts does not exists.
[ITW-CORE][2023-01-15 08:37:22.412 CST][DEBUG][net.sourceforge.jnlp.security.SecurityUtil] Loading Keystore Unknown
[ITW-CORE][2023-01-15 08:37:22.412 CST][DEBUG][net.sourceforge.jnlp.security.KeystorePasswordAttempter] Operating Keystore Unknown
[ITW-CORE][2023-01-15 08:37:22.412 CST][DEBUG][net.sourceforge.jnlp.security.KeyStores] Keystore file /Users/travisll/.cache/icedtea-web/jvm-cache/adoptium_17.0.5_aarch64/lib/security/trusted.certs does not exists.
[ITW-CORE][2023-01-15 08:37:22.412 CST][DEBUG][net.sourceforge.jnlp.security.SecurityUtil] Loading Keystore Unknown
[ITW-CORE][2023-01-15 08:37:22.412 CST][DEBUG][net.sourceforge.jnlp.security.KeystorePasswordAttempter] Operating Keystore Unknown
[ITW-CORE][2023-01-15 08:37:22.413 CST][DEBUG][net.sourceforge.jnlp.security.KeyStores] Keystore file /Users/travisll/.config/icedtea-web/security/trusted.jssecerts exists.
[ITW-CORE][2023-01-15 08:37:22.413 CST][DEBUG][net.sourceforge.jnlp.security.SecurityUtil] Loading Keystore /Users/travisll/.config/icedtea-web/security/trusted.jssecerts
[ITW-CORE][2023-01-15 08:37:22.413 CST][DEBUG][net.sourceforge.jnlp.security.KeystorePasswordAttempter] Operating Keystore /Users/travisll/.config/icedtea-web/security/trusted.jssecerts
[ITW-CORE][2023-01-15 08:37:22.413 CST][DEBUG][net.sourceforge.jnlp.security.KeyStores] Keystore file /Users/travisll/.config/icedtea-web/security/trusted.certs exists.
[ITW-CORE][2023-01-15 08:37:22.413 CST][DEBUG][net.sourceforge.jnlp.security.SecurityUtil] Loading Keystore /Users/travisll/.config/icedtea-web/security/trusted.certs
[ITW-CORE][2023-01-15 08:37:22.413 CST][DEBUG][net.sourceforge.jnlp.security.KeystorePasswordAttempter] Operating Keystore /Users/travisll/.config/icedtea-web/security/trusted.certs
[ITW-CORE][2023-01-15 08:37:22.423 CST][DEBUG][net.sourceforge.jnlp.security.KeyStores] Keystore file /Users/travisll/.cache/icedtea-web/jvm-cache/adoptium_17.0.5_aarch64/lib/security/jssecacerts does not exists.
[ITW-CORE][2023-01-15 08:37:22.423 CST][DEBUG][net.sourceforge.jnlp.security.SecurityUtil] Loading Keystore Unknown
[ITW-CORE][2023-01-15 08:37:22.423 CST][DEBUG][net.sourceforge.jnlp.security.KeystorePasswordAttempter] Operating Keystore Unknown
[ITW-CORE][2023-01-15 08:37:22.423 CST][DEBUG][net.sourceforge.jnlp.security.KeyStores] Keystore file /Users/travisll/.cache/icedtea-web/jvm-cache/adoptium_17.0.5_aarch64/lib/security/cacerts exists.
[ITW-CORE][2023-01-15 08:37:22.423 CST][DEBUG][net.sourceforge.jnlp.security.SecurityUtil] Loading Keystore /Users/travisll/.cache/icedtea-web/jvm-cache/adoptium_17.0.5_aarch64/lib/security/cacerts
[ITW-CORE][2023-01-15 08:37:22.423 CST][DEBUG][net.sourceforge.jnlp.security.KeystorePasswordAttempter] Operating Keystore /Users/travisll/.cache/icedtea-web/jvm-cache/adoptium_17.0.5_aarch64/lib/security/cacerts
[ITW-CORE][2023-01-15 08:37:22.447 CST][DEBUG][net.sourceforge.jnlp.security.KeyStores] Keystore file /Users/travisll/.config/icedtea-web/security/trusted.jssecacerts exists.
[ITW-CORE][2023-01-15 08:37:22.447 CST][DEBUG][net.sourceforge.jnlp.security.SecurityUtil] Loading Keystore /Users/travisll/.config/icedtea-web/security/trusted.jssecacerts
[ITW-CORE][2023-01-15 08:37:22.447 CST][DEBUG][net.sourceforge.jnlp.security.KeystorePasswordAttempter] Operating Keystore /Users/travisll/.config/icedtea-web/security/trusted.jssecacerts
[ITW-CORE][2023-01-15 08:37:22.448 CST][DEBUG][net.sourceforge.jnlp.security.KeyStores] Keystore file /Users/travisll/.config/icedtea-web/security/trusted.cacerts exists.
[ITW-CORE][2023-01-15 08:37:22.448 CST][DEBUG][net.sourceforge.jnlp.security.SecurityUtil] Loading Keystore /Users/travisll/.config/icedtea-web/security/trusted.cacerts
[ITW-CORE][2023-01-15 08:37:22.448 CST][DEBUG][net.sourceforge.jnlp.security.KeystorePasswordAttempter] Operating Keystore /Users/travisll/.config/icedtea-web/security/trusted.cacerts
[ITW-CORE][2023-01-15 08:37:22.449 CST][DEBUG][net.sourceforge.jnlp.security.KeyStores] Keystore file /Users/travisll/.cache/icedtea-web/jvm-cache/adoptium_17.0.5_aarch64/lib/security/trusted.clientcerts does not exists.
[ITW-CORE][2023-01-15 08:37:22.449 CST][DEBUG][net.sourceforge.jnlp.security.SecurityUtil] Loading Keystore Unknown
[ITW-CORE][2023-01-15 08:37:22.449 CST][DEBUG][net.sourceforge.jnlp.security.KeystorePasswordAttempter] Operating Keystore Unknown
[ITW-CORE][2023-01-15 08:37:22.449 CST][DEBUG][net.sourceforge.jnlp.security.KeyStores] Keystore file /Users/travisll/.config/icedtea-web/security/trusted.clientcerts exists.
[ITW-CORE][2023-01-15 08:37:22.449 CST][DEBUG][net.sourceforge.jnlp.security.SecurityUtil] Loading Keystore /Users/travisll/.config/icedtea-web/security/trusted.clientcerts
[ITW-CORE][2023-01-15 08:37:22.449 CST][DEBUG][net.sourceforge.jnlp.security.KeystorePasswordAttempter] Operating Keystore /Users/travisll/.config/icedtea-web/security/trusted.clientcerts
[ITW-CORE][2023-01-15 08:37:22.450 CST][DEBUG][net.sourceforge.jnlp.runtime.JNLPRuntime] Start Proxy Selector
[ITW-CORE][2023-01-15 08:37:22.452 CST][DEBUG][com.openwebstart.proxy.WebStartProxySelector] Selected ProxyProvider : NONE 
[ITW-CORE][2023-01-15 08:37:22.452 CST][DEBUG][com.openwebstart.proxy.ProxyProviderType] Direct proxy created
[ITW-CORE][2023-01-15 08:37:22.452 CST][DEBUG][net.sourceforge.jnlp.runtime.JNLPRuntime] Finished Proxy Selector
[ITW-CORE][2023-01-15 08:37:22.453 CST][DEBUG][net.sourceforge.jnlp.runtime.JNLPRuntime] End JNLPRuntime.initialize()
[ITW-CORE][2023-01-15 08:37:22.453 CST][INFO ][net.sourceforge.jnlp.runtime.Boot] Proceeding with jnlp
[ITW-CORE][2023-01-15 08:37:22.453 CST][INFO ][net.sourceforge.jnlp.runtime.Boot] JNLP file location: /Applications/admin.jnlp
[ITW-CORE][2023-01-15 08:37:22.454 CST][DEBUG][net.adoptopenjdk.icedteaweb.resources.ResourceTracker] Create resource for 'file:/Applications/admin.jnlp'
[ITW-CORE][2023-01-15 08:37:22.458 CST][DEBUG][net.adoptopenjdk.icedteaweb.resources.ResourceHandler] Resource is not cacheable: admin.jnlp
[ITW-CORE][2023-01-15 08:37:22.459 CST][DEBUG][net.adoptopenjdk.icedteaweb.resources.ResourceTracker] Download done. Shutting down executor
[ITW-CORE][2023-01-15 08:37:22.460 CST][DEBUG][net.sourceforge.jnlp.JNLPFile] Parsing JNLP file
location: file:/Applications/admin.jnlp
codebase: null
content:
<?xml version="1.0" encoding="utf-8"?>
<jnlp spec="1.0+" codebase="https://isy.universal-devices.com/994i/5.3.3" href="admin.jnlp">
<information>
<title>ISY994 Administrative Console</title>
<vendor>Universal Devices, Inc.</vendor>
<description>Configuration Utility for ISY</description>
<homepage href="https://www.universal-devices.com"/>
<description kind="short">ISY Admin Console</description>
<shortcut online="true"><desktop/><menu submenu="ISY994 Series"/></shortcut>
<icon href="udlogo.png" kind="splash"/>
<icon href="isy.jpg" />
<offline-allowed/> 
</information>
<java version="1.7*" vendor="Microsoft"/>
<security><all-permissions/></security>
<update check="background" policy="always"/>
<resources>
<jar href="insteon.jar" download="eager"/>
<jar href="ce.jar" download="lazy"/>
<jar href="chart.jar" download="lazy"/>
<jar href="fp.jar" download="lazy"/>
<jar href="RXTX.jar" download="lazy"/>
<j2se version="1.8+" />
</resources>
<application-desc main-class="com.universaldevices.client.ui.UDClientApplet">
<argument>urn:udi-com:device:X_Insteon_Lighting_Device:1</argument>
</application-desc></jnlp>
[ITW-CORE][2023-01-15 08:37:22.462 CST][INFO ][net.adoptopenjdk.icedteaweb.xmlparser.MalformedXMLParser] Using MalformedXMLParser
[ITW-CORE][2023-01-15 08:37:22.568 CST][INFO ][net.sourceforge.jnlp.Parser] Homepage: https://www.universal-devices.com
[ITW-CORE][2023-01-15 08:37:22.568 CST][INFO ][net.sourceforge.jnlp.Parser] Description: Configuration Utility for ISY
[ITW-CORE][2023-01-15 08:37:22.569 CST][DEBUG][net.adoptopenjdk.icedteaweb.manifest.ManifestAttributesReader] Jars not ready to provide attribute Application-Name
[ITW-CORE][2023-01-15 08:37:22.569 CST][INFO ][net.sourceforge.jnlp.JNLPFile] Acceptable vendor tag found, contains: Universal Devices, Inc.
[ITW-CORE][2023-01-15 08:37:22.570 CST][INFO ][net.sourceforge.jnlp.Parser] good - your JRE - 17.0.5 - match requested JRE - 1.8+
[ITW-CORE][2023-01-15 08:37:22.572 CST][DEBUG][net.adoptopenjdk.icedteaweb.resources.ResourceTracker] Create resource for 'https://isy.universal-devices.com/994i/5.3.3/admin.jnlp'
[ITW-CORE][2023-01-15 08:37:22.582 CST][DEBUG][net.adoptopenjdk.icedteaweb.resources.ResourceHandler] Start processing resource: admin.jnlp
[ITW-CORE][2023-01-15 08:37:22.589 CST][INFO ][net.adoptopenjdk.icedteaweb.resources.cache.CacheImpl] isCached: CacheKey{location=https://isy.universal-devices.com/994i/5.3.3/admin.jnlp, version=null} = true
[ITW-CORE][2023-01-15 08:37:22.589 CST][DEBUG][net.adoptopenjdk.icedteaweb.resources.initializer.UnversionedResourceInitializer] needsUpdateCheck: https://isy.universal-devices.com/994i/5.3.3/admin.jnlp -> true
[ITW-CORE][2023-01-15 08:37:22.590 CST][DEBUG][net.adoptopenjdk.icedteaweb.resources.initializer.UnversionedResourceInitializer] Candidate URLs for [l=https://isy.universal-devices.com/994i/5.3.3/admin.jnlp v=null s=I]: [https://isy.universal-devices.com/994i/5.3.3/admin.jnlp]
[ITW-CORE][2023-01-15 08:37:22.593 CST][DEBUG][com.openwebstart.proxy.direct.DirectProxyProvider] Using NO_PROXY for https://isy.universal-devices.com/994i/5.3.3/admin.jnlp
[ITW-CORE][2023-01-15 08:37:22.617 CST][DEBUG][com.openwebstart.proxy.direct.DirectProxyProvider] Using NO_PROXY for socket://isy.universal-devices.com:443
[ITW-CORE][2023-01-15 08:37:22.808 CST][DEBUG][net.adoptopenjdk.icedteaweb.resources.initializer.UrlProber] URL connection 'https://isy.universal-devices.com/994i/5.3.3/admin.jnlp' header fields: {null=[HTTP/1.1 200 OK], X-Cache=[Hit from cloudfront], Alt-Svc=[h3=":443"; ma=86400], Server=[nginx/1.22.1], X-Amz-Cf-Pop=[DEN52-C1], Connection=[keep-alive], Last-Modified=[Mon, 08 Mar 2021 05:32:27 GMT], Date=[Sun, 15 Jan 2023 14:37:20 GMT], Via=[1.1 5950a1c2bfcf1f3e07bedbb2efad39f2.cloudfront.net (CloudFront)], Accept-Ranges=[bytes], Strict-Transport-Security=[max-age=31536000; includeSubDomains; preload], ETag=["6045b6eb-451"], X-Amz-Cf-Id=[DkQ7VeS01EUDd-CEtlDPNIxU4a2fax0o43Gu6E2bPhp3hQmlOF9zUA==], Content-Length=[1105], Age=[2], Content-Type=[application/x-java-jnlp-file]}
[ITW-CORE][2023-01-15 08:37:22.808 CST][DEBUG][net.adoptopenjdk.icedteaweb.resources.initializer.BaseResourceInitializer] Best url for [l=https://isy.universal-devices.com/994i/5.3.3/admin.jnlp v=null s=I] is https://isy.universal-devices.com/994i/5.3.3/admin.jnlp by HEAD
[ITW-CORE][2023-01-15 08:37:22.810 CST][DEBUG][net.adoptopenjdk.icedteaweb.resources.cache.CachedFile] CacheKey{location=https://isy.universal-devices.com/994i/5.3.3/admin.jnlp, version=null}: isCached true
[ITW-CORE][2023-01-15 08:37:22.810 CST][DEBUG][net.adoptopenjdk.icedteaweb.resources.cache.CachedFile] CacheKey{location=https://isy.universal-devices.com/994i/5.3.3/admin.jnlp, version=null}: lastModified cache:1615181547000 actual:1615181547000 -> isCurrent = true
[ITW-CORE][2023-01-15 08:37:22.810 CST][INFO ][net.adoptopenjdk.icedteaweb.resources.cache.CacheImpl] isUpToDate: CacheKey{location=https://isy.universal-devices.com/994i/5.3.3/admin.jnlp, version=null} = true
[ITW-CORE][2023-01-15 08:37:22.811 CST][DEBUG][net.adoptopenjdk.icedteaweb.resources.initializer.UnversionedResourceInitializer] needsUpdate: https://isy.universal-devices.com/994i/5.3.3/admin.jnlp -> false
[ITW-CORE][2023-01-15 08:37:22.814 CST][DEBUG][net.adoptopenjdk.icedteaweb.resources.initializer.BaseResourceInitializer] Use cached version of resource [l=https://isy.universal-devices.com/994i/5.3.3/admin.jnlp v=null s=D] at /Users/travisll/.cache/icedtea-web/cache/0/0/admin.jnlp
[ITW-CORE][2023-01-15 08:37:22.815 CST][DEBUG][net.adoptopenjdk.icedteaweb.resources.ResourceTracker] Download done. Shutting down executor
[ITW-CORE][2023-01-15 08:37:22.815 CST][DEBUG][net.sourceforge.jnlp.JNLPFile] Parsing JNLP file
location: https://isy.universal-devices.com/994i/5.3.3/admin.jnlp
codebase: null
content:
<?xml version="1.0" encoding="utf-8"?>
<jnlp spec="1.0+" codebase="https://isy.universal-devices.com/994i/5.3.3" href="admin.jnlp">
<information>
<title>ISY994 Administrative Console</title>
<vendor>Universal Devices, Inc.</vendor>
<description>Configuration Utility for ISY</description>
<homepage href="https://www.universal-devices.com"/>
<description kind="short">ISY Admin Console</description>
<shortcut online="true"><desktop/><menu submenu="ISY994 Series"/></shortcut>
<icon href="udlogo.png" kind="splash"/>
<icon href="isy.jpg" />
<offline-allowed/> 
</information>
<security><all-permissions/></security>
<update check="background" policy="always"/>
<resources>
<jar href="insteon.jar" download="eager"/>
<jar href="ce.jar" download="lazy"/>
<jar href="chart.jar" download="lazy"/>
<jar href="fp.jar" download="lazy"/>
<jar href="RXTX.jar" download="lazy"/>
<j2se version="1.8+" />
</resources>
<application-desc main-class="com.universaldevices.client.ui.UDClientApplet">
<argument>urn:udi-com:device:X_Insteon_Lighting_Device:1</argument>
</application-desc></jnlp>
[ITW-CORE][2023-01-15 08:37:22.815 CST][INFO ][net.adoptopenjdk.icedteaweb.xmlparser.MalformedXMLParser] Using MalformedXMLParser
[ITW-CORE][2023-01-15 08:37:22.819 CST][INFO ][net.sourceforge.jnlp.Parser] Homepage: https://www.universal-devices.com
[ITW-CORE][2023-01-15 08:37:22.819 CST][INFO ][net.sourceforge.jnlp.Parser] Description: Configuration Utility for ISY
[ITW-CORE][2023-01-15 08:37:22.819 CST][DEBUG][net.adoptopenjdk.icedteaweb.manifest.ManifestAttributesReader] Jars not ready to provide attribute Application-Name
[ITW-CORE][2023-01-15 08:37:22.819 CST][INFO ][net.sourceforge.jnlp.JNLPFile] Acceptable vendor tag found, contains: Universal Devices, Inc.
[ITW-CORE][2023-01-15 08:37:22.819 CST][INFO ][net.sourceforge.jnlp.Parser] good - your JRE - 17.0.5 - match requested JRE - 1.8+
[ITW-CORE][2023-01-15 08:37:22.820 CST][DEBUG][net.sourceforge.jnlp.runtime.JNLPRuntime] Acquired shared lock on /var/folders/qv/zd44h42s6h5fj4q235rr1_3wzgxmhk/T/travisll/netx/locks/netx_running to indicate javaws is running
[ITW-CORE][2023-01-15 08:37:22.820 CST][DEBUG][net.adoptopenjdk.icedteaweb.manifest.ManifestAttributesReader] Jars not ready to provide attribute Application-Name
[ITW-CORE][2023-01-15 08:37:22.820 CST][DEBUG][net.adoptopenjdk.icedteaweb.manifest.ManifestAttributesReader] Jars not ready to provide attribute Application-Name
[ITW-CORE][2023-01-15 08:37:22.822 CST][DEBUG][net.sourceforge.jnlp.Launcher] Launching Application
[ITW-CORE][2023-01-15 08:37:22.822 CST][DEBUG][net.sourceforge.jnlp.services.ServiceUtil] call privileged method: checkSingleInstanceRunning
[ITW-CORE][2023-01-15 08:37:22.822 CST][DEBUG][net.sourceforge.jnlp.services.ServiceUtil] arg: net.sourceforge.jnlp.JNLPFile@562c126b
[ITW-CORE][2023-01-15 08:37:22.823 CST][DEBUG][net.sourceforge.jnlp.services.ServiceUtil] result: null
[ITW-CORE][2023-01-15 08:37:22.823 CST][DEBUG][net.adoptopenjdk.icedteaweb.resources.ResourceTracker] Create resource for 'https://isy.universal-devices.com/994i/5.3.3/udlogo.png'
[ITW-CORE][2023-01-15 08:37:22.823 CST][DEBUG][net.adoptopenjdk.icedteaweb.resources.ResourceTracker] Prefetching resource udlogo.png
[ITW-CORE][2023-01-15 08:37:22.823 CST][DEBUG][net.adoptopenjdk.icedteaweb.resources.ResourceHandler] Start processing resource: udlogo.png
[ITW-CORE][2023-01-15 08:37:22.825 CST][INFO ][net.adoptopenjdk.icedteaweb.resources.cache.CacheImpl] isCached: CacheKey{location=https://isy.universal-devices.com/994i/5.3.3/udlogo.png, version=null} = true
[ITW-CORE][2023-01-15 08:37:22.826 CST][DEBUG][net.adoptopenjdk.icedteaweb.resources.initializer.UnversionedResourceInitializer] needsUpdateCheck: https://isy.universal-devices.com/994i/5.3.3/udlogo.png -> true
[ITW-CORE][2023-01-15 08:37:22.826 CST][DEBUG][net.adoptopenjdk.icedteaweb.resources.initializer.UnversionedResourceInitializer] Candidate URLs for [l=https://isy.universal-devices.com/994i/5.3.3/udlogo.png v=null s=I]: [https://isy.universal-devices.com/994i/5.3.3/udlogo.png]
[ITW-CORE][2023-01-15 08:37:22.826 CST][DEBUG][com.openwebstart.proxy.direct.DirectProxyProvider] Using NO_PROXY for https://isy.universal-devices.com/994i/5.3.3/udlogo.png
[ITW-CORE][2023-01-15 08:37:23.140 CST][DEBUG][net.adoptopenjdk.icedteaweb.resources.initializer.UrlProber] URL connection 'https://isy.universal-devices.com/994i/5.3.3/udlogo.png' header fields: {null=[HTTP/1.1 200 OK], X-Cache=[Miss from cloudfront], Alt-Svc=[h3=":443"; ma=86400], Server=[nginx/1.22.1], X-Amz-Cf-Pop=[DEN52-C1], Connection=[keep-alive], Last-Modified=[Mon, 08 Mar 2021 05:32:41 GMT], Date=[Sun, 15 Jan 2023 14:37:23 GMT], Via=[1.1 5950a1c2bfcf1f3e07bedbb2efad39f2.cloudfront.net (CloudFront)], Accept-Ranges=[bytes], Strict-Transport-Security=[max-age=31536000; includeSubDomains; preload], ETag=["6045b6f9-a18e"], X-Amz-Cf-Id=[lKHZXOQ_CfKDglvUhk9k9wdHOD4dvzdob8TWUhjCJLLH03V4MW4dRA==], Content-Length=[41358], Content-Type=[image/png]}
[ITW-CORE][2023-01-15 08:37:23.140 CST][DEBUG][net.adoptopenjdk.icedteaweb.resources.initializer.BaseResourceInitializer] Best url for [l=https://isy.universal-devices.com/994i/5.3.3/udlogo.png v=null s=I] is https://isy.universal-devices.com/994i/5.3.3/udlogo.png by HEAD
[ITW-CORE][2023-01-15 08:37:23.144 CST][DEBUG][net.adoptopenjdk.icedteaweb.resources.cache.CachedFile] CacheKey{location=https://isy.universal-devices.com/994i/5.3.3/udlogo.png, version=null}: isCached true
[ITW-CORE][2023-01-15 08:37:23.144 CST][DEBUG][net.adoptopenjdk.icedteaweb.resources.cache.CachedFile] CacheKey{location=https://isy.universal-devices.com/994i/5.3.3/udlogo.png, version=null}: lastModified cache:1615181561000 actual:1615181561000 -> isCurrent = true
[ITW-CORE][2023-01-15 08:37:23.144 CST][INFO ][net.adoptopenjdk.icedteaweb.resources.cache.CacheImpl] isUpToDate: CacheKey{location=https://isy.universal-devices.com/994i/5.3.3/udlogo.png, version=null} = true
[ITW-CORE][2023-01-15 08:37:23.144 CST][DEBUG][net.adoptopenjdk.icedteaweb.resources.initializer.UnversionedResourceInitializer] needsUpdate: https://isy.universal-devices.com/994i/5.3.3/udlogo.png -> false
[ITW-CORE][2023-01-15 08:37:23.147 CST][DEBUG][net.adoptopenjdk.icedteaweb.resources.initializer.BaseResourceInitializer] Use cached version of resource [l=https://isy.universal-devices.com/994i/5.3.3/udlogo.png v=null s=D] at /Users/travisll/.cache/icedtea-web/cache/0/1/udlogo.png
[ITW-CORE][2023-01-15 08:37:23.147 CST][DEBUG][net.adoptopenjdk.icedteaweb.resources.ResourceTracker] Download done. Shutting down executor
[ITW-CORE][2023-01-15 08:37:23.173 CST][INFO ][net.sourceforge.jnlp.runtime.classloader.JNLPClassLoader] New classloader: https://isy.universal-devices.com/994i/5.3.3/admin.jnlp
[ITW-CORE][2023-01-15 08:37:23.175 CST][DEBUG][net.adoptopenjdk.icedteaweb.resources.ResourceTracker] Create resource for 'https://isy.universal-devices.com/994i/5.3.3/insteon.jar'
[ITW-CORE][2023-01-15 08:37:23.175 CST][DEBUG][net.adoptopenjdk.icedteaweb.resources.ResourceTracker] Prefetching resource insteon.jar
[ITW-CORE][2023-01-15 08:37:23.175 CST][DEBUG][net.adoptopenjdk.icedteaweb.resources.ResourceTracker] Create resource for 'https://isy.universal-devices.com/994i/5.3.3/ce.jar'
[ITW-CORE][2023-01-15 08:37:23.175 CST][DEBUG][net.adoptopenjdk.icedteaweb.resources.ResourceHandler] Start processing resource: insteon.jar
[ITW-CORE][2023-01-15 08:37:23.175 CST][DEBUG][net.adoptopenjdk.icedteaweb.resources.ResourceTracker] Prefetching resource ce.jar
[ITW-CORE][2023-01-15 08:37:23.175 CST][DEBUG][net.adoptopenjdk.icedteaweb.resources.ResourceTracker] Create resource for 'https://isy.universal-devices.com/994i/5.3.3/chart.jar'
[ITW-CORE][2023-01-15 08:37:23.175 CST][DEBUG][net.adoptopenjdk.icedteaweb.resources.ResourceHandler] Start processing resource: ce.jar
[ITW-CORE][2023-01-15 08:37:23.176 CST][DEBUG][net.adoptopenjdk.icedteaweb.resources.ResourceTracker] Prefetching resource chart.jar
[ITW-CORE][2023-01-15 08:37:23.176 CST][DEBUG][net.adoptopenjdk.icedteaweb.resources.ResourceTracker] Create resource for 'https://isy.universal-devices.com/994i/5.3.3/fp.jar'
[ITW-CORE][2023-01-15 08:37:23.178 CST][DEBUG][net.adoptopenjdk.icedteaweb.resources.ResourceHandler] Start processing resource: chart.jar
[ITW-CORE][2023-01-15 08:37:23.179 CST][DEBUG][net.adoptopenjdk.icedteaweb.resources.ResourceTracker] Prefetching resource fp.jar
[ITW-CORE][2023-01-15 08:37:23.179 CST][DEBUG][net.adoptopenjdk.icedteaweb.resources.ResourceHandler] Start processing resource: fp.jar
[ITW-CORE][2023-01-15 08:37:23.179 CST][DEBUG][net.adoptopenjdk.icedteaweb.resources.ResourceTracker] Create resource for 'https://isy.universal-devices.com/994i/5.3.3/RXTX.jar'
[ITW-CORE][2023-01-15 08:37:23.179 CST][DEBUG][net.adoptopenjdk.icedteaweb.resources.ResourceTracker] Prefetching resource RXTX.jar
[ITW-CORE][2023-01-15 08:37:23.179 CST][DEBUG][net.adoptopenjdk.icedteaweb.resources.ResourceHandler] Start processing resource: RXTX.jar
[ITW-CORE][2023-01-15 08:37:23.179 CST][INFO ][net.adoptopenjdk.icedteaweb.resources.cache.CacheImpl] isCached: CacheKey{location=https://isy.universal-devices.com/994i/5.3.3/insteon.jar, version=null} = true
[ITW-CORE][2023-01-15 08:37:23.179 CST][DEBUG][net.adoptopenjdk.icedteaweb.manifest.ManifestAttributesReader] Jars not ready to provide attribute Application-Name
[ITW-CORE][2023-01-15 08:37:23.180 CST][DEBUG][com.openwebstart.download.ApplicationDownloadIndicator] DownloadServiceListener for ISY994 Administrative Console will be created
[ITW-CORE][2023-01-15 08:37:23.180 CST][INFO ][net.adoptopenjdk.icedteaweb.resources.cache.CacheImpl] isCached: CacheKey{location=https://isy.universal-devices.com/994i/5.3.3/ce.jar, version=null} = true
[ITW-CORE][2023-01-15 08:37:23.181 CST][INFO ][net.adoptopenjdk.icedteaweb.resources.cache.CacheImpl] isCached: CacheKey{location=https://isy.universal-devices.com/994i/5.3.3/chart.jar, version=null} = true
[ITW-CORE][2023-01-15 08:37:23.181 CST][INFO ][net.adoptopenjdk.icedteaweb.resources.cache.CacheImpl] isCached: CacheKey{location=https://isy.universal-devices.com/994i/5.3.3/fp.jar, version=null} = false
[ITW-CORE][2023-01-15 08:37:23.181 CST][DEBUG][net.adoptopenjdk.icedteaweb.resources.initializer.UnversionedResourceInitializer] Candidate URLs for [l=https://isy.universal-devices.com/994i/5.3.3/fp.jar v=null s=I]: [https://isy.universal-devices.com/994i/5.3.3/fp.jar]
[ITW-CORE][2023-01-15 08:37:23.182 CST][DEBUG][com.openwebstart.proxy.direct.DirectProxyProvider] Using NO_PROXY for https://isy.universal-devices.com/994i/5.3.3/fp.jar
[ITW-CORE][2023-01-15 08:37:23.182 CST][DEBUG][net.adoptopenjdk.icedteaweb.resources.initializer.UnversionedResourceInitializer] needsUpdateCheck: https://isy.universal-devices.com/994i/5.3.3/insteon.jar -> true
[ITW-CORE][2023-01-15 08:37:23.182 CST][DEBUG][net.adoptopenjdk.icedteaweb.resources.initializer.UnversionedResourceInitializer] Candidate URLs for [l=https://isy.universal-devices.com/994i/5.3.3/insteon.jar v=null s=I]: [https://isy.universal-devices.com/994i/5.3.3/insteon.jar]
[ITW-CORE][2023-01-15 08:37:23.182 CST][DEBUG][com.openwebstart.proxy.direct.DirectProxyProvider] Using NO_PROXY for https://isy.universal-devices.com/994i/5.3.3/insteon.jar
[ITW-CORE][2023-01-15 08:37:23.183 CST][DEBUG][com.openwebstart.proxy.direct.DirectProxyProvider] Using NO_PROXY for socket://isy.universal-devices.com:443
[ITW-CORE][2023-01-15 08:37:23.183 CST][INFO ][net.adoptopenjdk.icedteaweb.resources.cache.CacheImpl] isCached: CacheKey{location=https://isy.universal-devices.com/994i/5.3.3/RXTX.jar, version=null} = true
[ITW-CORE][2023-01-15 08:37:23.184 CST][DEBUG][net.adoptopenjdk.icedteaweb.resources.initializer.UnversionedResourceInitializer] needsUpdateCheck: https://isy.universal-devices.com/994i/5.3.3/ce.jar -> true
[ITW-CORE][2023-01-15 08:37:23.184 CST][DEBUG][net.adoptopenjdk.icedteaweb.resources.initializer.UnversionedResourceInitializer] Candidate URLs for [l=https://isy.universal-devices.com/994i/5.3.3/ce.jar v=null s=I]: [https://isy.universal-devices.com/994i/5.3.3/ce.jar]
[ITW-CORE][2023-01-15 08:37:23.185 CST][DEBUG][com.openwebstart.proxy.direct.DirectProxyProvider] Using NO_PROXY for https://isy.universal-devices.com/994i/5.3.3/ce.jar
[ITW-CORE][2023-01-15 08:37:23.185 CST][DEBUG][net.adoptopenjdk.icedteaweb.resources.initializer.UnversionedResourceInitializer] needsUpdateCheck: https://isy.universal-devices.com/994i/5.3.3/chart.jar -> true
[ITW-CORE][2023-01-15 08:37:23.185 CST][DEBUG][net.adoptopenjdk.icedteaweb.resources.initializer.UnversionedResourceInitializer] Candidate URLs for [l=https://isy.universal-devices.com/994i/5.3.3/chart.jar v=null s=I]: [https://isy.universal-devices.com/994i/5.3.3/chart.jar]
[ITW-CORE][2023-01-15 08:37:23.185 CST][DEBUG][com.openwebstart.proxy.direct.DirectProxyProvider] Using NO_PROXY for socket://isy.universal-devices.com:443
[ITW-CORE][2023-01-15 08:37:23.185 CST][DEBUG][com.openwebstart.proxy.direct.DirectProxyProvider] Using NO_PROXY for https://isy.universal-devices.com/994i/5.3.3/chart.jar
[ITW-CORE][2023-01-15 08:37:23.186 CST][DEBUG][com.openwebstart.proxy.direct.DirectProxyProvider] Using NO_PROXY for socket://isy.universal-devices.com:443
[ITW-CORE][2023-01-15 08:37:23.186 CST][DEBUG][net.adoptopenjdk.icedteaweb.resources.initializer.UnversionedResourceInitializer] needsUpdateCheck: https://isy.universal-devices.com/994i/5.3.3/RXTX.jar -> true
[ITW-CORE][2023-01-15 08:37:23.186 CST][DEBUG][net.adoptopenjdk.icedteaweb.resources.initializer.UnversionedResourceInitializer] Candidate URLs for [l=https://isy.universal-devices.com/994i/5.3.3/RXTX.jar v=null s=I]: [https://isy.universal-devices.com/994i/5.3.3/RXTX.jar]
[ITW-CORE][2023-01-15 08:37:23.186 CST][DEBUG][com.openwebstart.proxy.direct.DirectProxyProvider] Using NO_PROXY for https://isy.universal-devices.com/994i/5.3.3/RXTX.jar
[ITW-CORE][2023-01-15 08:37:23.186 CST][DEBUG][com.openwebstart.proxy.direct.DirectProxyProvider] Using NO_PROXY for socket://isy.universal-devices.com:443
[ITW-CORE][2023-01-15 08:37:23.323 CST][DEBUG][net.adoptopenjdk.icedteaweb.http.HttpUtils]
Following exception should be harmless, but may help in finding root cause.
java.io.FileNotFoundException: https://isy.universal-devices.com/994i/5.3.3/fp.jar
	at java.base/sun.net.www.protocol.http.HttpURLConnection.getInputStream0(HttpURLConnection.java:1993)
	at java.base/sun.net.www.protocol.http.HttpURLConnection$9.run(HttpURLConnection.java:1581)
	at java.base/sun.net.www.protocol.http.HttpURLConnection$9.run(HttpURLConnection.java:1579)
	at java.base/java.security.AccessController.doPrivileged(AccessController.java:712)
	at java.base/java.security.AccessController.doPrivilegedWithCombiner(AccessController.java:962)
	at java.base/sun.net.www.protocol.http.HttpURLConnection.getInputStream(HttpURLConnection.java:1578)
	at java.base/sun.net.www.protocol.https.HttpsURLConnectionImpl.getInputStream(HttpsURLConnectionImpl.java:224)
	at net.adoptopenjdk.icedteaweb.http.CloseableConnection.getInputStream(CloseableConnection.java:58)
	at net.adoptopenjdk.icedteaweb.http.HttpUtils.consumeAndCloseConnection(HttpUtils.java:75)
	at net.adoptopenjdk.icedteaweb.http.HttpUtils.consumeAndCloseConnectionSilently(HttpUtils.java:62)
	at net.adoptopenjdk.icedteaweb.resources.initializer.UrlProber.getUrlResponseCodeWithRedirectionResult(UrlProber.java:67)
	at net.adoptopenjdk.icedteaweb.resources.initializer.BaseResourceInitializer.testUrl(BaseResourceInitializer.java:103)
	at net.adoptopenjdk.icedteaweb.resources.initializer.BaseResourceInitializer.lambda$null$0(BaseResourceInitializer.java:83)
	at java.base/java.util.concurrent.FutureTask.run(FutureTask.java:264)
	at java.base/java.util.concurrent.ThreadPoolExecutor.runWorker(ThreadPoolExecutor.java:1136)
	at java.base/java.util.concurrent.ThreadPoolExecutor$Worker.run(ThreadPoolExecutor.java:635)
	at java.base/java.lang.Thread.run(Thread.java:833)
[ITW-CORE][2023-01-15 08:37:23.323 CST][DEBUG][net.adoptopenjdk.icedteaweb.resources.initializer.UrlProber] URL connection 'https://isy.universal-devices.com/994i/5.3.3/fp.jar' header fields: {null=[HTTP/1.1 404 Not Found], X-Cache=[Error from cloudfront], Strict-Transport-Security=[max-age=31536000; includeSubDomains; preload], Alt-Svc=[h3=":443"; ma=86400], Server=[nginx/1.22.1], X-Amz-Cf-Pop=[DEN52-C1], Connection=[keep-alive], X-Amz-Cf-Id=[H-8S-XtfT2JT5qURi9KkOIgaoWh1DnG0ivGswq7lXJM-R8mbW7Vtaw==], Content-Length=[153], Date=[Sun, 15 Jan 2023 14:37:23 GMT], Via=[1.1 5950a1c2bfcf1f3e07bedbb2efad39f2.cloudfront.net (CloudFront)], Content-Type=[text/html]}
[ITW-CORE][2023-01-15 08:37:23.324 CST][DEBUG][net.adoptopenjdk.icedteaweb.resources.initializer.BaseResourceInitializer] For [l=https://isy.universal-devices.com/994i/5.3.3/fp.jar v=null s=I] the server returned 404 code for HEAD request for https://isy.universal-devices.com/994i/5.3.3/fp.jar
[ITW-CORE][2023-01-15 08:37:23.324 CST][DEBUG][net.adoptopenjdk.icedteaweb.resources.initializer.BaseResourceInitializer] failed to determine best URL: java.util.concurrent.ExecutionException: java.lang.RuntimeException: Server returned 404 for https://isy.universal-devices.com/994i/5.3.3/fp.jar
[ITW-CORE][2023-01-15 08:37:23.324 CST][DEBUG][net.adoptopenjdk.icedteaweb.resources.initializer.UnversionedResourceInitializer] Failed to determine best URL for [l=https://isy.universal-devices.com/994i/5.3.3/fp.jar v=null s=I] will try all of [https://isy.universal-devices.com/994i/5.3.3/fp.jar]
[ITW-CORE][2023-01-15 08:37:23.325 CST][DEBUG][net.adoptopenjdk.icedteaweb.resources.downloader.BaseResourceDownloader] Will download in background: https://isy.universal-devices.com/994i/5.3.3/fp.jar
[ITW-CORE][2023-01-15 08:37:23.326 CST][DEBUG][com.openwebstart.proxy.direct.DirectProxyProvider] Using NO_PROXY for https://isy.universal-devices.com/994i/5.3.3/fp.jar
[ITW-CORE][2023-01-15 08:37:23.392 CST][DEBUG][net.adoptopenjdk.icedteaweb.resources.initializer.UrlProber] URL connection 'https://isy.universal-devices.com/994i/5.3.3/ce.jar' header fields: {null=[HTTP/1.1 200 OK], X-Cache=[Miss from cloudfront], Alt-Svc=[h3=":443"; ma=86400], Server=[nginx/1.22.1], X-Amz-Cf-Pop=[DEN52-C1], Connection=[keep-alive], Last-Modified=[Mon, 08 Mar 2021 05:32:27 GMT], Date=[Sun, 15 Jan 2023 14:37:23 GMT], Via=[1.1 12e4fc9256386a4cd8f000b9caa3e012.cloudfront.net (CloudFront)], Accept-Ranges=[bytes], Strict-Transport-Security=[max-age=31536000; includeSubDomains; preload], ETag=["6045b6eb-1b3b8"], X-Amz-Cf-Id=[P0KbJpOV9W3KYGW1jfWCA8pyulMbIGFC8nLsDTh7v_dB5nUEOYgpGg==], Content-Length=[111544], Content-Type=[application/java-archive]}
[ITW-CORE][2023-01-15 08:37:23.392 CST][DEBUG][net.adoptopenjdk.icedteaweb.resources.initializer.BaseResourceInitializer] Best url for [l=https://isy.universal-devices.com/994i/5.3.3/ce.jar v=null s=I] is https://isy.universal-devices.com/994i/5.3.3/ce.jar by HEAD
[ITW-CORE][2023-01-15 08:37:23.393 CST][DEBUG][net.adoptopenjdk.icedteaweb.resources.cache.CachedFile] CacheKey{location=https://isy.universal-devices.com/994i/5.3.3/ce.jar, version=null}: isCached true
[ITW-CORE][2023-01-15 08:37:23.393 CST][DEBUG][net.adoptopenjdk.icedteaweb.resources.cache.CachedFile] CacheKey{location=https://isy.universal-devices.com/994i/5.3.3/ce.jar, version=null}: lastModified cache:1615181547000 actual:1615181547000 -> isCurrent = true
[ITW-CORE][2023-01-15 08:37:23.393 CST][INFO ][net.adoptopenjdk.icedteaweb.resources.cache.CacheImpl] isUpToDate: CacheKey{location=https://isy.universal-devices.com/994i/5.3.3/ce.jar, version=null} = true
[ITW-CORE][2023-01-15 08:37:23.393 CST][DEBUG][net.adoptopenjdk.icedteaweb.resources.initializer.UnversionedResourceInitializer] needsUpdate: https://isy.universal-devices.com/994i/5.3.3/ce.jar -> false
[ITW-CORE][2023-01-15 08:37:23.395 CST][DEBUG][net.adoptopenjdk.icedteaweb.resources.initializer.BaseResourceInitializer] Use cached version of resource [l=https://isy.universal-devices.com/994i/5.3.3/ce.jar v=null s=D] at /Users/travisll/.cache/icedtea-web/cache/0/2/ce.jar
[ITW-CORE][2023-01-15 08:37:23.482 CST][DEBUG][net.adoptopenjdk.icedteaweb.resources.downloader.BaseResourceDownloader] Exception while downloading resource [l=https://isy.universal-devices.com/994i/5.3.3/fp.jar v=null s=I] from https://isy.universal-devices.com/994i/5.3.3/fp.jar - message: https://isy.universal-devices.com/994i/5.3.3/fp.jar cause: java.io.FileNotFoundException: https://isy.universal-devices.com/994i/5.3.3/fp.jar 
[ITW-CORE][2023-01-15 08:37:23.483 CST][ERROR][net.adoptopenjdk.icedteaweb.resources.downloader.BaseResourceDownloader] could not download resource [l=https://isy.universal-devices.com/994i/5.3.3/fp.jar v=null s=I] from any of theses urls [https://isy.universal-devices.com/994i/5.3.3/fp.jar] caused byExecutionException: java.io.FileNotFoundException: https://isy.universal-devices.com/994i/5.3.3/fp.jar caused by FileNotFoundException: https://isy.universal-devices.com/994i/5.3.3/fp.jar caused by FileNotFoundException: https://isy.universal-devices.com/994i/5.3.3/fp.jar
[ITW-CORE][2023-01-15 08:37:23.495 CST][DEBUG][net.sourceforge.jnlp.util.logging.UnixSystemLog] System logger called with result of 0
[ITW-CORE][2023-01-15 08:37:23.499 CST][DEBUG][net.sourceforge.jnlp.util.logging.UnixSystemLog] System logger called with result of 0
[ITW-CORE][2023-01-15 08:37:23.506 CST][DEBUG][net.sourceforge.jnlp.util.logging.UnixSystemLog] System logger called with result of 0
[ITW-CORE][2023-01-15 08:37:23.606 CST][DEBUG][net.adoptopenjdk.icedteaweb.resources.initializer.UrlProber] URL connection 'https://isy.universal-devices.com/994i/5.3.3/chart.jar' header fields: {null=[HTTP/1.1 200 OK], X-Cache=[Miss from cloudfront], Alt-Svc=[h3=":443"; ma=86400], Server=[nginx/1.22.1], X-Amz-Cf-Pop=[DEN52-C1], Connection=[keep-alive], Last-Modified=[Mon, 08 Mar 2021 05:32:29 GMT], Date=[Sun, 15 Jan 2023 14:37:23 GMT], Via=[1.1 0fdea8d3b1fc76e3ff9d36e8164171e8.cloudfront.net (CloudFront)], Accept-Ranges=[bytes], Strict-Transport-Security=[max-age=31536000; includeSubDomains; preload], ETag=["6045b6ed-f0343"], X-Amz-Cf-Id=[oFpcY8qP-XvpqDxLeSFXnTeDM7kgjiRfYi8npMYJfVsdLKjxXCc_kA==], Content-Length=[983875], Content-Type=[application/java-archive]}
[ITW-CORE][2023-01-15 08:37:23.606 CST][DEBUG][net.adoptopenjdk.icedteaweb.resources.initializer.BaseResourceInitializer] Best url for [l=https://isy.universal-devices.com/994i/5.3.3/chart.jar v=null s=I] is https://isy.universal-devices.com/994i/5.3.3/chart.jar by HEAD
[ITW-CORE][2023-01-15 08:37:23.608 CST][DEBUG][net.adoptopenjdk.icedteaweb.resources.cache.CachedFile] CacheKey{location=https://isy.universal-devices.com/994i/5.3.3/chart.jar, version=null}: isCached true
[ITW-CORE][2023-01-15 08:37:23.608 CST][DEBUG][net.adoptopenjdk.icedteaweb.resources.cache.CachedFile] CacheKey{location=https://isy.universal-devices.com/994i/5.3.3/chart.jar, version=null}: lastModified cache:1615181549000 actual:1615181549000 -> isCurrent = true
[ITW-CORE][2023-01-15 08:37:23.608 CST][INFO ][net.adoptopenjdk.icedteaweb.resources.cache.CacheImpl] isUpToDate: CacheKey{location=https://isy.universal-devices.com/994i/5.3.3/chart.jar, version=null} = true
[ITW-CORE][2023-01-15 08:37:23.608 CST][DEBUG][net.adoptopenjdk.icedteaweb.resources.initializer.UnversionedResourceInitializer] needsUpdate: https://isy.universal-devices.com/994i/5.3.3/chart.jar -> false
[ITW-CORE][2023-01-15 08:37:23.610 CST][DEBUG][net.adoptopenjdk.icedteaweb.resources.initializer.UrlProber] URL connection 'https://isy.universal-devices.com/994i/5.3.3/insteon.jar' header fields: {null=[HTTP/1.1 200 OK], X-Cache=[Miss from cloudfront], Alt-Svc=[h3=":443"; ma=86400], Server=[nginx/1.22.1], X-Amz-Cf-Pop=[DEN52-C1], Connection=[keep-alive], Last-Modified=[Mon, 08 Mar 2021 05:32:39 GMT], Date=[Sun, 15 Jan 2023 14:37:23 GMT], Via=[1.1 5539e869b7b6ea60eddee5f69c9a0d9c.cloudfront.net (CloudFront)], Accept-Ranges=[bytes], Strict-Transport-Security=[max-age=31536000; includeSubDomains; preload], ETag=["6045b6f7-412ae0"], X-Amz-Cf-Id=[U443vJWXjM_v_pT1eifFGRnGnwkVmOb1F2_3HyIjyf-OlnIlghw2gw==], Content-Length=[4270816], Content-Type=[application/java-archive]}
[ITW-CORE][2023-01-15 08:37:23.610 CST][DEBUG][net.adoptopenjdk.icedteaweb.resources.initializer.BaseResourceInitializer] Best url for [l=https://isy.universal-devices.com/994i/5.3.3/insteon.jar v=null s=I] is https://isy.universal-devices.com/994i/5.3.3/insteon.jar by HEAD
[ITW-CORE][2023-01-15 08:37:23.610 CST][DEBUG][net.adoptopenjdk.icedteaweb.resources.initializer.BaseResourceInitializer] Use cached version of resource [l=https://isy.universal-devices.com/994i/5.3.3/chart.jar v=null s=D] at /Users/travisll/.cache/icedtea-web/cache/0/5/chart.jar
[ITW-CORE][2023-01-15 08:37:23.611 CST][DEBUG][net.adoptopenjdk.icedteaweb.resources.cache.CachedFile] CacheKey{location=https://isy.universal-devices.com/994i/5.3.3/insteon.jar, version=null}: isCached true
[ITW-CORE][2023-01-15 08:37:23.611 CST][DEBUG][net.adoptopenjdk.icedteaweb.resources.cache.CachedFile] CacheKey{location=https://isy.universal-devices.com/994i/5.3.3/insteon.jar, version=null}: lastModified cache:1615181559000 actual:1615181559000 -> isCurrent = true
[ITW-CORE][2023-01-15 08:37:23.611 CST][INFO ][net.adoptopenjdk.icedteaweb.resources.cache.CacheImpl] isUpToDate: CacheKey{location=https://isy.universal-devices.com/994i/5.3.3/insteon.jar, version=null} = true
[ITW-CORE][2023-01-15 08:37:23.611 CST][DEBUG][net.adoptopenjdk.icedteaweb.resources.initializer.UnversionedResourceInitializer] needsUpdate: https://isy.universal-devices.com/994i/5.3.3/insteon.jar -> false
[ITW-CORE][2023-01-15 08:37:23.616 CST][DEBUG][net.adoptopenjdk.icedteaweb.resources.initializer.BaseResourceInitializer] Use cached version of resource [l=https://isy.universal-devices.com/994i/5.3.3/insteon.jar v=null s=D] at /Users/travisll/.cache/icedtea-web/cache/0/4/insteon.jar
[ITW-CORE][2023-01-15 08:37:23.616 CST][DEBUG][net.adoptopenjdk.icedteaweb.resources.ResourceTracker] Download done. Shutting down executor
[ITW-CORE][2023-01-15 08:37:23.616 CST][DEBUG][com.openwebstart.download.ApplicationDownloadIndicator] DownloadServiceListener will be disposed
[ITW-CORE][2023-01-15 08:37:23.622 CST][DEBUG][net.adoptopenjdk.icedteaweb.resources.initializer.UrlProber] URL connection 'https://isy.universal-devices.com/994i/5.3.3/RXTX.jar' header fields: {null=[HTTP/1.1 200 OK], X-Cache=[Miss from cloudfront], Alt-Svc=[h3=":443"; ma=86400], Server=[nginx/1.22.1], X-Amz-Cf-Pop=[DEN52-C1], Connection=[keep-alive], Last-Modified=[Mon, 08 Mar 2021 05:32:39 GMT], Date=[Sun, 15 Jan 2023 14:37:23 GMT], Via=[1.1 5babf08f08448687a0208408106aaed8.cloudfront.net (CloudFront)], Accept-Ranges=[bytes], Strict-Transport-Security=[max-age=31536000; includeSubDomains; preload], ETag=["6045b6f7-11055"], X-Amz-Cf-Id=[7yb05vLZLDOhuKY3Qo4sHnDDIShwz8n-uCliJ7Q1t8-w0wcOQwBNOg==], Content-Length=[69717], Content-Type=[application/java-archive]}
[ITW-CORE][2023-01-15 08:37:23.622 CST][DEBUG][net.adoptopenjdk.icedteaweb.resources.initializer.BaseResourceInitializer] Best url for [l=https://isy.universal-devices.com/994i/5.3.3/RXTX.jar v=null s=I] is https://isy.universal-devices.com/994i/5.3.3/RXTX.jar by HEAD
[ITW-CORE][2023-01-15 08:37:23.623 CST][DEBUG][net.adoptopenjdk.icedteaweb.resources.cache.CachedFile] CacheKey{location=https://isy.universal-devices.com/994i/5.3.3/RXTX.jar, version=null}: isCached true
[ITW-CORE][2023-01-15 08:37:23.623 CST][DEBUG][net.adoptopenjdk.icedteaweb.resources.cache.CachedFile] CacheKey{location=https://isy.universal-devices.com/994i/5.3.3/RXTX.jar, version=null}: lastModified cache:1615181559000 actual:1615181559000 -> isCurrent = true
[ITW-CORE][2023-01-15 08:37:23.623 CST][INFO ][net.adoptopenjdk.icedteaweb.resources.cache.CacheImpl] isUpToDate: CacheKey{location=https://isy.universal-devices.com/994i/5.3.3/RXTX.jar, version=null} = true
[ITW-CORE][2023-01-15 08:37:23.623 CST][DEBUG][net.adoptopenjdk.icedteaweb.resources.initializer.UnversionedResourceInitializer] needsUpdate: https://isy.universal-devices.com/994i/5.3.3/RXTX.jar -> false
[ITW-CORE][2023-01-15 08:37:23.624 CST][DEBUG][net.adoptopenjdk.icedteaweb.resources.initializer.BaseResourceInitializer] Use cached version of resource [l=https://isy.universal-devices.com/994i/5.3.3/RXTX.jar v=null s=D] at /Users/travisll/.cache/icedtea-web/cache/0/3/RXTX.jar
[ITW-CORE][2023-01-15 08:37:23.746 CST][DEBUG][net.sourceforge.jnlp.security.KeyStores] Keystore file /Users/travisll/.cache/icedtea-web/jvm-cache/adoptium_17.0.5_aarch64/lib/security/jssecacerts does not exists.
[ITW-CORE][2023-01-15 08:37:23.746 CST][DEBUG][net.sourceforge.jnlp.security.SecurityUtil] Loading Keystore Unknown
[ITW-CORE][2023-01-15 08:37:23.746 CST][DEBUG][net.sourceforge.jnlp.security.KeystorePasswordAttempter] Operating Keystore Unknown
[ITW-CORE][2023-01-15 08:37:23.746 CST][DEBUG][net.sourceforge.jnlp.security.KeyStores] Keystore file /Users/travisll/.cache/icedtea-web/jvm-cache/adoptium_17.0.5_aarch64/lib/security/cacerts exists.
[ITW-CORE][2023-01-15 08:37:23.746 CST][DEBUG][net.sourceforge.jnlp.security.SecurityUtil] Loading Keystore /Users/travisll/.cache/icedtea-web/jvm-cache/adoptium_17.0.5_aarch64/lib/security/cacerts
[ITW-CORE][2023-01-15 08:37:23.747 CST][DEBUG][net.sourceforge.jnlp.security.KeystorePasswordAttempter] Operating Keystore /Users/travisll/.cache/icedtea-web/jvm-cache/adoptium_17.0.5_aarch64/lib/security/cacerts
[ITW-CORE][2023-01-15 08:37:23.750 CST][DEBUG][net.sourceforge.jnlp.security.KeyStores] Keystore file /Users/travisll/.config/icedtea-web/security/trusted.jssecacerts exists.
[ITW-CORE][2023-01-15 08:37:23.750 CST][DEBUG][net.sourceforge.jnlp.security.SecurityUtil] Loading Keystore /Users/travisll/.config/icedtea-web/security/trusted.jssecacerts
[ITW-CORE][2023-01-15 08:37:23.750 CST][DEBUG][net.sourceforge.jnlp.security.KeystorePasswordAttempter] Operating Keystore /Users/travisll/.config/icedtea-web/security/trusted.jssecacerts
[ITW-CORE][2023-01-15 08:37:23.750 CST][DEBUG][net.sourceforge.jnlp.security.KeyStores] Keystore file /Users/travisll/.config/icedtea-web/security/trusted.cacerts exists.
[ITW-CORE][2023-01-15 08:37:23.750 CST][DEBUG][net.sourceforge.jnlp.security.SecurityUtil] Loading Keystore /Users/travisll/.config/icedtea-web/security/trusted.cacerts
[ITW-CORE][2023-01-15 08:37:23.750 CST][DEBUG][net.sourceforge.jnlp.security.KeystorePasswordAttempter] Operating Keystore /Users/travisll/.config/icedtea-web/security/trusted.cacerts
[ITW-CORE][2023-01-15 08:37:23.751 CST][DEBUG][net.sourceforge.jnlp.security.CertificateUtils] CN=GlobalSign,O=GlobalSign,OU=GlobalSign Root CA - R3 found in cacerts (/Users/travisll/.cache/icedtea-web/jvm-cache/adoptium_17.0.5_aarch64/lib/security/cacerts)
[ITW-CORE][2023-01-15 08:37:23.751 CST][DEBUG][net.sourceforge.jnlp.tools.JarCertVerifier] Jar found at /Users/travisll/.cache/icedtea-web/cache/0/4/insteon.jar has been verified as SIGNED_OK
[ITW-CORE][2023-01-15 08:37:23.751 CST][DEBUG][net.sourceforge.jnlp.security.KeyStores] Keystore file /Users/travisll/.cache/icedtea-web/jvm-cache/adoptium_17.0.5_aarch64/lib/security/trusted.jssecerts does not exists.
[ITW-CORE][2023-01-15 08:37:23.752 CST][DEBUG][net.sourceforge.jnlp.security.SecurityUtil] Loading Keystore Unknown
[ITW-CORE][2023-01-15 08:37:23.752 CST][DEBUG][net.sourceforge.jnlp.security.KeystorePasswordAttempter] Operating Keystore Unknown
[ITW-CORE][2023-01-15 08:37:23.752 CST][DEBUG][net.sourceforge.jnlp.security.KeyStores] Keystore file /Users/travisll/.cache/icedtea-web/jvm-cache/adoptium_17.0.5_aarch64/lib/security/trusted.certs does not exists.
[ITW-CORE][2023-01-15 08:37:23.752 CST][DEBUG][net.sourceforge.jnlp.security.SecurityUtil] Loading Keystore Unknown
[ITW-CORE][2023-01-15 08:37:23.752 CST][DEBUG][net.sourceforge.jnlp.security.KeystorePasswordAttempter] Operating Keystore Unknown
[ITW-CORE][2023-01-15 08:37:23.752 CST][DEBUG][net.sourceforge.jnlp.security.KeyStores] Keystore file /Users/travisll/.config/icedtea-web/security/trusted.jssecerts exists.
[ITW-CORE][2023-01-15 08:37:23.752 CST][DEBUG][net.sourceforge.jnlp.security.SecurityUtil] Loading Keystore /Users/travisll/.config/icedtea-web/security/trusted.jssecerts
[ITW-CORE][2023-01-15 08:37:23.752 CST][DEBUG][net.sourceforge.jnlp.security.KeystorePasswordAttempter] Operating Keystore /Users/travisll/.config/icedtea-web/security/trusted.jssecerts
[ITW-CORE][2023-01-15 08:37:23.752 CST][DEBUG][net.sourceforge.jnlp.security.KeyStores] Keystore file /Users/travisll/.config/icedtea-web/security/trusted.certs exists.
[ITW-CORE][2023-01-15 08:37:23.752 CST][DEBUG][net.sourceforge.jnlp.security.SecurityUtil] Loading Keystore /Users/travisll/.config/icedtea-web/security/trusted.certs
[ITW-CORE][2023-01-15 08:37:23.752 CST][DEBUG][net.sourceforge.jnlp.security.KeystorePasswordAttempter] Operating Keystore /Users/travisll/.config/icedtea-web/security/trusted.certs
[ITW-CORE][2023-01-15 08:37:23.753 CST][DEBUG][net.sourceforge.jnlp.security.CertificateUtils] 1.2.840.113549.1.9.1=#161d737570706f727440756e6976657273616c2d646576696365732e636f6d,CN=Universal Devices Inc.,OU=ISY,O=Universal Devices Inc.,L=Encino,ST=CA,C=US found in cacerts (/Users/travisll/.config/icedtea-web/security/trusted.certs)
[ITW-CORE][2023-01-15 08:37:23.753 CST][DEBUG][net.sourceforge.jnlp.security.KeyStores] Keystore file /Users/travisll/.cache/icedtea-web/jvm-cache/adoptium_17.0.5_aarch64/lib/security/jssecacerts does not exists.
[ITW-CORE][2023-01-15 08:37:23.753 CST][DEBUG][net.sourceforge.jnlp.security.SecurityUtil] Loading Keystore Unknown
[ITW-CORE][2023-01-15 08:37:23.753 CST][DEBUG][net.sourceforge.jnlp.security.KeystorePasswordAttempter] Operating Keystore Unknown
[ITW-CORE][2023-01-15 08:37:23.753 CST][DEBUG][net.sourceforge.jnlp.security.KeyStores] Keystore file /Users/travisll/.cache/icedtea-web/jvm-cache/adoptium_17.0.5_aarch64/lib/security/cacerts exists.
[ITW-CORE][2023-01-15 08:37:23.753 CST][DEBUG][net.sourceforge.jnlp.security.SecurityUtil] Loading Keystore /Users/travisll/.cache/icedtea-web/jvm-cache/adoptium_17.0.5_aarch64/lib/security/cacerts
[ITW-CORE][2023-01-15 08:37:23.753 CST][DEBUG][net.sourceforge.jnlp.security.KeystorePasswordAttempter] Operating Keystore /Users/travisll/.cache/icedtea-web/jvm-cache/adoptium_17.0.5_aarch64/lib/security/cacerts
[ITW-CORE][2023-01-15 08:37:23.756 CST][DEBUG][net.sourceforge.jnlp.security.KeyStores] Keystore file /Users/travisll/.config/icedtea-web/security/trusted.jssecacerts exists.
[ITW-CORE][2023-01-15 08:37:23.756 CST][DEBUG][net.sourceforge.jnlp.security.SecurityUtil] Loading Keystore /Users/travisll/.config/icedtea-web/security/trusted.jssecacerts
[ITW-CORE][2023-01-15 08:37:23.756 CST][DEBUG][net.sourceforge.jnlp.security.KeystorePasswordAttempter] Operating Keystore /Users/travisll/.config/icedtea-web/security/trusted.jssecacerts
[ITW-CORE][2023-01-15 08:37:23.756 CST][DEBUG][net.sourceforge.jnlp.security.KeyStores] Keystore file /Users/travisll/.config/icedtea-web/security/trusted.cacerts exists.
[ITW-CORE][2023-01-15 08:37:23.756 CST][DEBUG][net.sourceforge.jnlp.security.SecurityUtil] Loading Keystore /Users/travisll/.config/icedtea-web/security/trusted.cacerts
[ITW-CORE][2023-01-15 08:37:23.756 CST][DEBUG][net.sourceforge.jnlp.security.KeystorePasswordAttempter] Operating Keystore /Users/travisll/.config/icedtea-web/security/trusted.cacerts
[ITW-CORE][2023-01-15 08:37:23.757 CST][DEBUG][net.sourceforge.jnlp.tools.JarCertVerifier] App is signed: true
[ITW-CORE][2023-01-15 08:37:23.759 CST][DEBUG][net.sourceforge.jnlp.tools.JarCertVerifier] App is signed: true
[ITW-CORE][2023-01-15 08:37:23.760 CST][DEBUG][net.sourceforge.jnlp.runtime.classloader.JNLPClassLoader] Ending check for signed JNLP file...
[ITW-CORE][2023-01-15 08:37:23.760 CST][DEBUG][net.sourceforge.jnlp.tools.JarCertVerifier] App is signed: true
[ITW-CORE][2023-01-15 08:37:23.760 CST][DEBUG][net.sourceforge.jnlp.tools.JarCertVerifier] App already has trusted publisher: true
[ITW-CORE][2023-01-15 08:37:23.760 CST][DEBUG][net.adoptopenjdk.icedteaweb.resources.ResourceTracker] Error flag set for resource 'https://isy.universal-devices.com/994i/5.3.3/fp.jar'. Can not return a local file for the resource
[ITW-CORE][2023-01-15 08:37:23.760 CST][WARN ][net.sourceforge.jnlp.runtime.classloader.JNLPClassLoader] initializeResource JAR https://isy.universal-devices.com/994i/5.3.3/fp.jar not found. Continuing.
[ITW-CORE][2023-01-15 08:37:23.766 CST][DEBUG][net.sourceforge.jnlp.util.logging.UnixSystemLog] System logger called with result of 0
[ITW-CORE][2023-01-15 08:37:23.771 CST][DEBUG][net.sourceforge.jnlp.util.logging.UnixSystemLog] System logger called with result of 0
[ITW-CORE][2023-01-15 08:37:23.776 CST][DEBUG][net.sourceforge.jnlp.util.logging.UnixSystemLog] System logger called with result of 0
[ITW-CORE][2023-01-15 08:37:23.777 CST][DEBUG][net.adoptopenjdk.icedteaweb.resources.ResourceTracker] Error flag set for resource 'https://isy.universal-devices.com/994i/5.3.3/fp.jar'. Can not return a local file for the resource
[ITW-CORE][2023-01-15 08:37:23.777 CST][DEBUG][net.adoptopenjdk.icedteaweb.manifest.ManifestAttributesChecker] Trusted Only manifest attribute not found. Continuing.
[ITW-CORE][2023-01-15 08:37:23.790 CST][DEBUG][net.adoptopenjdk.icedteaweb.resources.ResourceTracker] Error flag set for resource 'https://isy.universal-devices.com/994i/5.3.3/fp.jar'. Can not return a local file for the resource
[ITW-CORE][2023-01-15 08:37:23.790 CST][WARN ][net.adoptopenjdk.icedteaweb.manifest.ManifestAttributesChecker] This application does not specify a Codebase in its manifest. Please verify with the applet''s vendor. Continuing. See: http://docs.oracle.com/javase/7/docs/technotes/guides/jweb/security/no_redeploy.html for details.
[ITW-CORE][2023-01-15 08:37:23.794 CST][DEBUG][net.adoptopenjdk.icedteaweb.manifest.ManifestAttributesChecker] OK - 'https://isy.universal-devices.com/994i/5.3.3' is from codebase 'https://isy.universal-devices.com/994i/5.3.3/'.
[ITW-CORE][2023-01-15 08:37:23.794 CST][DEBUG][net.adoptopenjdk.icedteaweb.manifest.ManifestAttributesChecker] All applications resources are from codebase https://isy.universal-devices.com/994i/5.3.3/, skipping Application-Library-Allowable-Codebase Attribute check.
[ITW-CORE][2023-01-15 08:37:23.802 CST][DEBUG][net.sourceforge.jnlp.util.logging.UnixSystemLog] System logger called with result of 0
[ITW-CORE][2023-01-15 08:37:23.806 CST][DEBUG][net.adoptopenjdk.icedteaweb.resources.ResourceTracker] Error flag set for resource 'https://isy.universal-devices.com/994i/5.3.3/fp.jar'. Can not return a local file for the resource
[ITW-CORE][2023-01-15 08:37:23.806 CST][DEBUG][net.adoptopenjdk.icedteaweb.manifest.ManifestAttributesChecker] Entry-Point manifest attribute for yours 'com.universaldevices.client.ui.UDClientApplet' not found. Continuing.
[ITW-CORE][2023-01-15 08:37:23.811 CST][DEBUG][net.sourceforge.jnlp.util.logging.UnixSystemLog] System logger called with result of 0
[ITW-CORE][2023-01-15 08:37:23.815 CST][DEBUG][net.sourceforge.jnlp.util.logging.UnixSystemLog] System logger called with result of 0
[ITW-CORE][2023-01-15 08:37:23.817 CST][DEBUG][net.adoptopenjdk.icedteaweb.resources.ResourceTracker] Error flag set for resource 'https://isy.universal-devices.com/994i/5.3.3/fp.jar'. Can not return a local file for the resource
[ITW-CORE][2023-01-15 08:37:23.818 CST][WARN ][net.sourceforge.jnlp.JNLPFile] Application title was not found in manifest. Check with application vendor
[ITW-CORE][2023-01-15 08:37:23.818 CST][DEBUG][com.openwebstart.download.ApplicationDownloadIndicator] DownloadServiceListener for ISY994 Administrative Console will be created
[ITW-CORE][2023-01-15 08:37:23.818 CST][DEBUG][net.adoptopenjdk.icedteaweb.resources.ResourceTracker] Download done. Shutting down executor
[ITW-CORE][2023-01-15 08:37:23.818 CST][DEBUG][com.openwebstart.download.ApplicationDownloadIndicator] DownloadServiceListener will be disposed
[ITW-CORE][2023-01-15 08:37:23.822 CST][DEBUG][net.adoptopenjdk.icedteaweb.jdk89access.JarIndexAccess] sun.misc.JarIndex not found - Running jdk9+ ?
[ITW-CORE][2023-01-15 08:37:23.824 CST][DEBUG][net.sourceforge.jnlp.util.logging.UnixSystemLog] System logger called with result of 0
[ITW-CORE][2023-01-15 08:37:23.831 CST][DEBUG][net.sourceforge.jnlp.util.logging.UnixSystemLog] System logger called with result of 0
[ITW-CORE][2023-01-15 08:37:23.836 CST][DEBUG][net.sourceforge.jnlp.runtime.classloader.JNLPClassLoader] Activate jar: file:/Users/travisll/.cache/icedtea-web/cache/0/4/insteon.jar
[ITW-CORE][2023-01-15 08:37:23.836 CST][INFO ][net.sourceforge.jnlp.cache.NativeLibraryStorage] Activate native: https://isy.universal-devices.com/994i/5.3.3/insteon.jar
[ITW-CORE][2023-01-15 08:37:23.838 CST][DEBUG][net.sourceforge.jnlp.util.logging.UnixSystemLog] System logger called with result of 0
[ITW-CORE][2023-01-15 08:37:23.838 CST][DEBUG][net.sourceforge.jnlp.runtime.classloader.JNLPClassLoader] Permission added: ("java.io.FilePermission" "/Users/travisll/.cache/icedtea-web/cache/0/4/insteon.jar" "read")
[ITW-CORE][2023-01-15 08:37:23.838 CST][DEBUG][net.sourceforge.jnlp.runtime.classloader.JNLPClassLoader] Permission added: ("java.io.FilePermission" "/Users/travisll/.cache/icedtea-web/cache/0/2/ce.jar" "read")
[ITW-CORE][2023-01-15 08:37:23.838 CST][DEBUG][net.sourceforge.jnlp.runtime.classloader.JNLPClassLoader] Permission added: ("java.io.FilePermission" "/Users/travisll/.cache/icedtea-web/cache/0/5/chart.jar" "read")
[ITW-CORE][2023-01-15 08:37:23.839 CST][DEBUG][net.adoptopenjdk.icedteaweb.resources.ResourceTracker] Error flag set for resource 'https://isy.universal-devices.com/994i/5.3.3/fp.jar'. Can not return a local file for the resource
[ITW-CORE][2023-01-15 08:37:23.839 CST][DEBUG][net.sourceforge.jnlp.runtime.classloader.JNLPClassLoader] No cache file for cacheable resource 'https://isy.universal-devices.com/994i/5.3.3/fp.jar' found.
[ITW-CORE][2023-01-15 08:37:23.839 CST][INFO ][net.sourceforge.jnlp.runtime.classloader.JNLPClassLoader] Unable to add permission for https://isy.universal-devices.com/994i/5.3.3/fp.jar
[ITW-CORE][2023-01-15 08:37:23.839 CST][DEBUG][net.sourceforge.jnlp.runtime.classloader.JNLPClassLoader] Permission added: ("java.io.FilePermission" "/Users/travisll/.cache/icedtea-web/cache/0/3/RXTX.jar" "read")
[ITW-CORE][2023-01-15 08:37:23.839 CST][INFO ][net.sourceforge.jnlp.runtime.classloader.JNLPClassLoader] Added permissions for 4 jars
[ITW-CORE][2023-01-15 08:37:23.840 CST][INFO ][net.sourceforge.jnlp.Launcher] Starting application [com.universaldevices.client.ui.UDClientApplet] ...
[ITW-CORE][2023-01-15 08:37:23.844 CST][DEBUG][net.sourceforge.jnlp.runtime.CachedJarFileCallback] Class-Path attribute cleared for /Users/travisll/.cache/icedtea-web/cache/0/4/insteon.jar
[ITW-CORE][2023-01-15 08:37:23.878 CST][DEBUG][net.sourceforge.jnlp.Launcher] Setting net.sourceforge.jnlp.runtime.classloader.JNLPClassLoader@4a3536f8 as the classloader for thread ISY994 Administrative Console
[ITW-CORE][2023-01-15 08:37:23.878 CST][DEBUG][net.sourceforge.jnlp.Launcher] Setting net.sourceforge.jnlp.runtime.classloader.JNLPClassLoader@4a3536f8 as the classloader for thread AWT-EventQueue-1
[ITW-CORE][2023-01-15 08:37:23.878 CST][DEBUG][net.sourceforge.jnlp.Launcher] Setting net.sourceforge.jnlp.runtime.classloader.JNLPClassLoader@4a3536f8 as the classloader for thread TimerQueue
[ITW-CORE][2023-01-15 08:37:23.878 CST][DEBUG][net.sourceforge.jnlp.Launcher] Setting net.sourceforge.jnlp.runtime.classloader.JNLPClassLoader@4a3536f8 as the classloader for thread ows-daemon-pool-1
[ITW-CORE][2023-01-15 08:37:23.878 CST][DEBUG][net.sourceforge.jnlp.Launcher] Setting net.sourceforge.jnlp.runtime.classloader.JNLPClassLoader@4a3536f8 as the classloader for thread ows-daemon-pool-2
[ITW-CORE][2023-01-15 08:37:23.891 CST][DEBUG][net.adoptopenjdk.icedteaweb.resources.ResourceTracker] Error flag set for resource 'https://isy.universal-devices.com/994i/5.3.3/fp.jar'. Can not return a local file for the resource
[ITW-CORE][2023-01-15 08:37:23.891 CST][WARN ][net.sourceforge.jnlp.JNLPFile] Application title was not found in manifest. Check with application vendor
[ITW-CORE][2023-01-15 08:37:23.891 CST][DEBUG][com.openwebstart.download.ApplicationDownloadIndicator] DownloadServiceListener for ISY994 Administrative Console will be created
[ITW-CORE][2023-01-15 08:37:23.892 CST][DEBUG][net.adoptopenjdk.icedteaweb.resources.ResourceTracker] Download done. Shutting down executor
[ITW-CORE][2023-01-15 08:37:23.892 CST][DEBUG][com.openwebstart.download.ApplicationDownloadIndicator] DownloadServiceListener will be disposed
[ITW-CORE][2023-01-15 08:37:23.895 CST][DEBUG][net.sourceforge.jnlp.runtime.classloader.JNLPClassLoader] Activate jar: file:/Users/travisll/.cache/icedtea-web/cache/0/2/ce.jar
[ITW-CORE][2023-01-15 08:37:23.895 CST][INFO ][net.sourceforge.jnlp.cache.NativeLibraryStorage] Activate native: https://isy.universal-devices.com/994i/5.3.3/ce.jar
[ITW-CORE][2023-01-15 08:37:23.896 CST][DEBUG][net.sourceforge.jnlp.runtime.CachedJarFileCallback] Class-Path attribute cleared for /Users/travisll/.cache/icedtea-web/cache/0/2/ce.jar
[ITW-CORE][2023-01-15 08:37:23.899 CST][DEBUG][net.sourceforge.jnlp.util.logging.UnixSystemLog] System logger called with result of 0
[ITW-CORE][2023-01-15 08:37:23.906 CST][DEBUG][net.adoptopenjdk.icedteaweb.resources.ResourceTracker] Error flag set for resource 'https://isy.universal-devices.com/994i/5.3.3/fp.jar'. Can not return a local file for the resource
[ITW-CORE][2023-01-15 08:37:23.906 CST][WARN ][net.sourceforge.jnlp.JNLPFile] Application title was not found in manifest. Check with application vendor
[ITW-CORE][2023-01-15 08:37:23.906 CST][DEBUG][com.openwebstart.download.ApplicationDownloadIndicator] DownloadServiceListener for ISY994 Administrative Console will be created
[ITW-CORE][2023-01-15 08:37:23.906 CST][DEBUG][net.adoptopenjdk.icedteaweb.resources.ResourceTracker] Download done. Shutting down executor
[ITW-CORE][2023-01-15 08:37:23.906 CST][DEBUG][com.openwebstart.download.ApplicationDownloadIndicator] DownloadServiceListener will be disposed
[ITW-CORE][2023-01-15 08:37:23.911 CST][DEBUG][net.sourceforge.jnlp.util.logging.UnixSystemLog] System logger called with result of 0
[ITW-CORE][2023-01-15 08:37:23.911 CST][DEBUG][net.sourceforge.jnlp.runtime.classloader.JNLPClassLoader] Activate jar: file:/Users/travisll/.cache/icedtea-web/cache/0/5/chart.jar
[ITW-CORE][2023-01-15 08:37:23.911 CST][INFO ][net.sourceforge.jnlp.cache.NativeLibraryStorage] Activate native: https://isy.universal-devices.com/994i/5.3.3/chart.jar
[ITW-CORE][2023-01-15 08:37:23.913 CST][DEBUG][net.sourceforge.jnlp.runtime.CachedJarFileCallback] Class-Path attribute cleared for /Users/travisll/.cache/icedtea-web/cache/0/5/chart.jar
[ITW-CORE][2023-01-15 08:37:23.916 CST][DEBUG][net.sourceforge.jnlp.util.logging.UnixSystemLog] System logger called with result of 0
[ITW-CORE][2023-01-15 08:37:23.916 CST][DEBUG][net.adoptopenjdk.icedteaweb.resources.ResourceTracker] Error flag set for resource 'https://isy.universal-devices.com/994i/5.3.3/fp.jar'. Can not return a local file for the resource
[ITW-CORE][2023-01-15 08:37:23.916 CST][WARN ][net.sourceforge.jnlp.runtime.classloader.JNLPClassLoader] checkForMain JAR https://isy.universal-devices.com/994i/5.3.3/fp.jar not found. Continuing.
[ITW-CORE][2023-01-15 08:37:23.922 CST][DEBUG][net.sourceforge.jnlp.util.logging.UnixSystemLog] System logger called with result of 0
[ITW-CORE][2023-01-15 08:37:23.924 CST][DEBUG][net.adoptopenjdk.icedteaweb.resources.ResourceTracker] Error flag set for resource 'https://isy.universal-devices.com/994i/5.3.3/fp.jar'. Can not return a local file for the resource
[ITW-CORE][2023-01-15 08:37:23.924 CST][WARN ][net.sourceforge.jnlp.JNLPFile] Application title was not found in manifest. Check with application vendor
[ITW-CORE][2023-01-15 08:37:23.924 CST][DEBUG][com.openwebstart.download.ApplicationDownloadIndicator] DownloadServiceListener for ISY994 Administrative Console will be created
[ITW-CORE][2023-01-15 08:37:23.925 CST][DEBUG][net.adoptopenjdk.icedteaweb.resources.ResourceTracker] Download done. Shutting down executor
[ITW-CORE][2023-01-15 08:37:23.925 CST][DEBUG][com.openwebstart.download.ApplicationDownloadIndicator] DownloadServiceListener will be disposed
[ITW-CORE][2023-01-15 08:37:23.925 CST][DEBUG][net.adoptopenjdk.icedteaweb.resources.ResourceTracker] Error flag set for resource 'https://isy.universal-devices.com/994i/5.3.3/fp.jar'. Can not return a local file for the resource
[ITW-CORE][2023-01-15 08:37:23.925 CST][DEBUG][net.sourceforge.jnlp.runtime.classloader.JNLPClassLoader] Activate jar: https://isy.universal-devices.com/994i/5.3.3/fp.jar
[ITW-CORE][2023-01-15 08:37:23.925 CST][INFO ][net.sourceforge.jnlp.cache.NativeLibraryStorage] Activate native: https://isy.universal-devices.com/994i/5.3.3/fp.jar
[ITW-CORE][2023-01-15 08:37:23.925 CST][DEBUG][net.adoptopenjdk.icedteaweb.resources.ResourceTracker] Error flag set for resource 'https://isy.universal-devices.com/994i/5.3.3/fp.jar'. Can not return a local file for the resource
[ITW-CORE][2023-01-15 08:37:23.925 CST][DEBUG][net.sourceforge.jnlp.cache.NativeLibraryStorage] No local file found for https://isy.universal-devices.com/994i/5.3.3/fp.jar
[ITW-CORE][2023-01-15 08:37:23.932 CST][DEBUG][net.adoptopenjdk.icedteaweb.resources.ResourceTracker] Error flag set for resource 'https://isy.universal-devices.com/994i/5.3.3/fp.jar'. Can not return a local file for the resource
[ITW-CORE][2023-01-15 08:37:23.932 CST][DEBUG][net.sourceforge.jnlp.util.logging.UnixSystemLog] System logger called with result of 0
[ITW-CORE][2023-01-15 08:37:23.932 CST][WARN ][net.sourceforge.jnlp.JNLPFile] Application title was not found in manifest. Check with application vendor
[ITW-CORE][2023-01-15 08:37:23.932 CST][DEBUG][com.openwebstart.download.ApplicationDownloadIndicator] DownloadServiceListener for ISY994 Administrative Console will be created
[ITW-CORE][2023-01-15 08:37:23.933 CST][DEBUG][net.adoptopenjdk.icedteaweb.resources.ResourceTracker] Download done. Shutting down executor
[ITW-CORE][2023-01-15 08:37:23.933 CST][DEBUG][com.openwebstart.download.ApplicationDownloadIndicator] DownloadServiceListener will be disposed
[ITW-CORE][2023-01-15 08:37:23.935 CST][DEBUG][net.sourceforge.jnlp.runtime.classloader.JNLPClassLoader] Activate jar: file:/Users/travisll/.cache/icedtea-web/cache/0/3/RXTX.jar
[ITW-CORE][2023-01-15 08:37:23.935 CST][INFO ][net.sourceforge.jnlp.cache.NativeLibraryStorage] Activate native: https://isy.universal-devices.com/994i/5.3.3/RXTX.jar
[ITW-CORE][2023-01-15 08:37:23.936 CST][DEBUG][net.sourceforge.jnlp.runtime.CachedJarFileCallback] Class-Path attribute cleared for /Users/travisll/.cache/icedtea-web/cache/0/3/RXTX.jar
[ITW-CORE][2023-01-15 08:37:23.937 CST][INFO ][net.sourceforge.jnlp.Launcher] Invoking main() with args: [urn:udi-com:device:X_Insteon_Lighting_Device:1]
[ITW-CORE][2023-01-15 08:37:23.937 CST][INFO ][net.sourceforge.jnlp.Launcher] main completed
[ITW-CORE][2023-01-15 08:37:23.938 CST][DEBUG][net.sourceforge.jnlp.runtime.Boot] Exiting Boot.mainWithReturnCode() with 0
[ITW-CORE][2023-01-15 08:37:23.939 CST][DEBUG][net.sourceforge.jnlp.util.logging.UnixSystemLog] System logger called with result of 0
[ITW-CORE][2023-01-15 08:37:23.947 CST][DEBUG][net.sourceforge.jnlp.util.logging.UnixSystemLog] System logger called with result of 0
[ITW-CORE][2023-01-15 08:37:23.953 CST][DEBUG][net.sourceforge.jnlp.util.logging.UnixSystemLog] System logger called with result of 0
[ITW-CORE][2023-01-15 08:37:23.957 CST][DEBUG][net.sourceforge.jnlp.runtime.CachedJarFileCallback] Class-Path attribute cleared for /Users/travisll/.cache/icedtea-web/cache/0/4/insteon.jar
[ITW-CORE][2023-01-15 08:37:23.962 CST][DEBUG][net.sourceforge.jnlp.util.logging.UnixSystemLog] System logger called with result of 0
[ITW-CORE][2023-01-15 08:37:23.969 CST][DEBUG][net.sourceforge.jnlp.util.logging.UnixSystemLog] System logger called with result of 0
[ITW-CORE][2023-01-15 08:37:23.975 CST][DEBUG][net.sourceforge.jnlp.util.logging.UnixSystemLog] System logger called with result of 0
[ITW-CORE][2023-01-15 08:37:23.983 CST][DEBUG][net.sourceforge.jnlp.util.logging.UnixSystemLog] System logger called with result of 0
[ITW-CORE][2023-01-15 08:37:23.992 CST][DEBUG][net.sourceforge.jnlp.util.logging.UnixSystemLog] System logger called with result of 0
[ITW-CORE][2023-01-15 08:37:23.996 CST][DEBUG][net.sourceforge.jnlp.util.logging.UnixSystemLog] System logger called with result of 0
[ITW-CORE][2023-01-15 08:37:24.001 CST][DEBUG][net.sourceforge.jnlp.util.logging.UnixSystemLog] System logger called with result of 0
[ITW-CORE][2023-01-15 08:37:25.343 CST][DEBUG][com.openwebstart.download.ApplicationDownloadIndicator] Closing DownloadServiceListener
[ITW-CORE][2023-01-15 08:37:41.958 CST][INFO ][net.sourceforge.jnlp.util.logging.OutputController] Increase polling interval for shutdown phase
[ITW-CORE][2023-01-15 08:37:41.958 CST][DEBUG][net.sourceforge.jnlp.runtime.JNLPRuntime] Releasing shared lock on /var/folders/qv/zd44h42s6h5fj4q235rr1_3wzgxmhk/T/travisll/netx/locks/netx_running
[ITW-CORE][2023-01-15 08:37:41.958 CST][DEBUG][net.sourceforge.jnlp.runtime.JNLPRuntime] Closing channel
[ITW-CORE][2023-01-15 08:37:41.958 CST][DEBUG][net.sourceforge.jnlp.runtime.JNLPRuntime] Releasing done
[ITW-CORE][2023-01-15 08:37:41.959 CST][DEBUG][net.adoptopenjdk.icedteaweb.resources.cache.CacheImpl] preparing to cleanup the cache
[ITW-CORE][2023-01-15 08:37:41.959 CST][INFO ][net.adoptopenjdk.icedteaweb.resources.cache.CacheImpl] Other instances of javaws are running
[ITW-CORE][2023-01-15 08:37:41.959 CST][INFO ][net.adoptopenjdk.icedteaweb.resources.cache.CacheImpl] Cannot clear the cache at this time. Try later. If the problem persists, try closing your browser(s) & JNLP applications. At the end you can try to kill all java applications. You can clear cache by javaws -Xclearcache or via itw-settings Cache -> View files -> Purge
