[travisll][ITW-CORE][2023-01-15 08:41:57.346 CST][INFO ][net.sourceforge.jnlp.util.logging.filelogs.WriterBasedFileLog][Output controller consumer daemon#1a1eb296] writer-based impl.
[ITW-CORE][2023-01-15 08:41:57.174 CST][DEBUG][net.adoptopenjdk.icedteaweb.logging.LoggerFactory] init logger factory to net.sourceforge.jnlp.util.logging.OutputControllerLoggerFactory@10f87f48
[ITW-CORE][2023-01-15 08:41:57.225 CST][INFO ][com.openwebstart.launcher.PhaseTwoWebStartLauncher] Starting OpenWebStart 1.7.0
[ITW-CORE][2023-01-15 08:41:57.318 CST][INFO ][net.sourceforge.jnlp.config.DeploymentConfiguration] Ico provider registered correctly.
[ITW-CORE][2023-01-15 08:41:57.318 CST][DEBUG][net.sourceforge.jnlp.config.DeploymentConfiguration] Start DeploymentConfiguration.load()
[ITW-CORE][2023-01-15 08:41:57.334 CST][INFO ][net.sourceforge.jnlp.config.DeploymentConfiguration] Ico provider registered correctly.
[ITW-CORE][2023-01-15 08:41:57.334 CST][DEBUG][net.sourceforge.jnlp.config.DeploymentConfiguration] Start DeploymentConfiguration.load()
[ITW-CORE][2023-01-15 08:41:57.335 CST][INFO ][net.sourceforge.jnlp.config.DeploymentConfiguration] Loading USER level properties from: file:/Users/travisll/.config/icedtea-web/deployment.properties
[ITW-CORE][2023-01-15 08:41:57.338 CST][DEBUG][net.sourceforge.jnlp.config.DeploymentConfiguration] End DeploymentConfiguration.load()
[ITW-CORE][2023-01-15 08:41:57.346 CST][DEBUG][net.sourceforge.jnlp.util.logging.FileLog] Start logging into: net.sourceforge.jnlp.util.logging.filelogs.WriterBasedFileLog@5a116e0c
[ITW-CORE][2023-01-15 08:41:57.345 CST][INFO ][net.sourceforge.jnlp.config.DeploymentConfiguration] Loading USER level properties from: file:/Users/travisll/.config/icedtea-web/deployment.properties
[ITW-CORE][2023-01-15 08:41:57.347 CST][DEBUG][net.sourceforge.jnlp.config.DeploymentConfiguration] End DeploymentConfiguration.load()
[ITW-CORE][2023-01-15 08:41:57.348 CST][DEBUG][net.sourceforge.jnlp.runtime.JNLPRuntime] Trying to set download indicator
[ITW-CORE][2023-01-15 08:41:57.348 CST][DEBUG][net.sourceforge.jnlp.runtime.JNLPRuntime] Setting download indicator to com.openwebstart.download.ApplicationDownloadIndicator@2b552920
[ITW-CORE][2023-01-15 08:41:57.359 CST][DEBUG][com.openwebstart.launcher.InitialConfigurationCheck] Checking if installation time (1673704863693) is after last initial config time (1673792700744)
[ITW-CORE][2023-01-15 08:41:57.360 CST][DEBUG][com.openwebstart.launcher.PhaseTwoWebStartLauncher] RelevantJavawsArgs: '[/Applications/admin.jnlp]'
[ITW-CORE][2023-01-15 08:41:57.394 CST][INFO ][com.openwebstart.install4j.Install4JUpdateHandler] Checking for update on server https://download-openwebstart.com/updates/updates.xml
[ITW-CORE][2023-01-15 08:41:58.512 CST][INFO ][com.openwebstart.install4j.Install4JUpdateHandler] No update found on server
[ITW-CORE][2023-01-15 08:41:58.512 CST][INFO ][com.openwebstart.launcher.PhaseTwoWebStartLauncher] Calling ITW Boot with args [/Applications/admin.jnlp].
[ITW-CORE][2023-01-15 08:41:58.515 CST][INFO ][net.sourceforge.jnlp.runtime.EnvironmentPrinter] OpenWebStartLauncher called with args: [/Applications/admin.jnlp].
[ITW-CORE][2023-01-15 08:41:58.515 CST][INFO ][net.sourceforge.jnlp.runtime.EnvironmentPrinter] OS: Mac OS X
[ITW-CORE][2023-01-15 08:41:58.515 CST][INFO ][net.sourceforge.jnlp.runtime.EnvironmentPrinter] Java Runtime BellSoft-1.8.0_345
[ITW-CORE][2023-01-15 08:41:58.518 CST][DEBUG][net.sourceforge.jnlp.runtime.JNLPRuntime] using com.openwebstart.extensionpoint.OwsExtensionPoint extension point
[ITW-CORE][2023-01-15 08:41:58.523 CST][DEBUG][net.sourceforge.jnlp.runtime.JNLPRuntime] Begin JNLPRuntime.initialize()
[ITW-CORE][2023-01-15 08:41:58.565 CST][DEBUG][net.sourceforge.jnlp.runtime.JNLPRuntime] Start get JavaPolicy
[ITW-CORE][2023-01-15 08:41:58.568 CST][DEBUG][net.sourceforge.jnlp.runtime.JNLPPolicy] Begin getPolicyFromUrl(null)
[ITW-CORE][2023-01-15 08:41:58.568 CST][DEBUG][net.sourceforge.jnlp.runtime.JNLPPolicy] End getPolicyFromUrl()
[ITW-CORE][2023-01-15 08:41:58.568 CST][DEBUG][net.sourceforge.jnlp.runtime.JNLPPolicy] Begin getPolicyFromUrl(file:///Users/travisll/.config/icedtea-web/security/java.policy)
[ITW-CORE][2023-01-15 08:41:58.568 CST][DEBUG][net.sourceforge.jnlp.runtime.JNLPPolicy] Start Policy.getInstance(file:/Users/travisll/.config/icedtea-web/security/java.policy)
[ITW-CORE][2023-01-15 08:41:58.568 CST][DEBUG][net.sourceforge.jnlp.runtime.JNLPPolicy] End Policy.getInstance(file:/Users/travisll/.config/icedtea-web/security/java.policy)
[ITW-CORE][2023-01-15 08:41:58.568 CST][DEBUG][net.sourceforge.jnlp.runtime.JNLPPolicy] End getPolicyFromUrl()
[ITW-CORE][2023-01-15 08:41:58.568 CST][DEBUG][net.sourceforge.jnlp.runtime.JNLPRuntime] Finished get JavaPolicy
[ITW-APP ][2023-01-15 08:41:58.774 CST][ERROR][sun.nio.cs.StreamEncoder.writeBytes(StreamEncoder.java:221)] Warning: the fonts "Times" and "Lucida Bright" are not available for the Java logical font "Serif", which may have unexpected appearance or behavior. Re-enable the "Times" font to remove this warning.
[ITW-CORE][2023-01-15 08:41:58.932 CST][DEBUG][net.sourceforge.jnlp.runtime.JNLPRuntime] Started Security Thread
[ITW-CORE][2023-01-15 08:41:58.932 CST][DEBUG][net.adoptopenjdk.icedteaweb.client.parts.dialogs.security.SecurityDialogMessageHandler] Starting security dialog thread
[ITW-CORE][2023-01-15 08:41:58.933 CST][DEBUG][net.sourceforge.jnlp.security.KeyStores] Keystore file /Users/travisll/.config/icedtea-web/security/trusted.clientcerts exists.
[ITW-CORE][2023-01-15 08:41:58.934 CST][DEBUG][net.sourceforge.jnlp.security.SecurityUtil] Loading Keystore /Users/travisll/.config/icedtea-web/security/trusted.clientcerts
[ITW-CORE][2023-01-15 08:41:58.935 CST][DEBUG][net.sourceforge.jnlp.security.KeystorePasswordAttempter] Operating Keystore /Users/travisll/.config/icedtea-web/security/trusted.clientcerts
[ITW-CORE][2023-01-15 08:41:58.935 CST][DEBUG][net.sourceforge.jnlp.security.KeystorePasswordAttempter] Operating Keystore Unknown
[ITW-CORE][2023-01-15 08:41:58.936 CST][DEBUG][net.sourceforge.jnlp.security.KeyStores] Keystore file /Applications/OpenWebStart/.install4j/jre.bundle/Contents/Home/lib/security/trusted.jssecerts does not exists.
[ITW-CORE][2023-01-15 08:41:58.936 CST][DEBUG][net.sourceforge.jnlp.security.SecurityUtil] Loading Keystore Unknown
[ITW-CORE][2023-01-15 08:41:58.936 CST][DEBUG][net.sourceforge.jnlp.security.KeystorePasswordAttempter] Operating Keystore Unknown
[ITW-CORE][2023-01-15 08:41:58.936 CST][DEBUG][net.sourceforge.jnlp.security.KeyStores] Keystore file /Applications/OpenWebStart/.install4j/jre.bundle/Contents/Home/lib/security/trusted.certs does not exists.
[ITW-CORE][2023-01-15 08:41:58.936 CST][DEBUG][net.sourceforge.jnlp.security.SecurityUtil] Loading Keystore Unknown
[ITW-CORE][2023-01-15 08:41:58.936 CST][DEBUG][net.sourceforge.jnlp.security.KeystorePasswordAttempter] Operating Keystore Unknown
[ITW-CORE][2023-01-15 08:41:58.936 CST][DEBUG][net.sourceforge.jnlp.security.KeyStores] Keystore file /Users/travisll/.config/icedtea-web/security/trusted.jssecerts exists.
[ITW-CORE][2023-01-15 08:41:58.936 CST][DEBUG][net.sourceforge.jnlp.security.SecurityUtil] Loading Keystore /Users/travisll/.config/icedtea-web/security/trusted.jssecerts
[ITW-CORE][2023-01-15 08:41:58.936 CST][DEBUG][net.sourceforge.jnlp.security.KeystorePasswordAttempter] Operating Keystore /Users/travisll/.config/icedtea-web/security/trusted.jssecerts
[ITW-CORE][2023-01-15 08:41:58.937 CST][DEBUG][net.sourceforge.jnlp.security.KeyStores] Keystore file /Users/travisll/.config/icedtea-web/security/trusted.certs exists.
[ITW-CORE][2023-01-15 08:41:58.937 CST][DEBUG][net.sourceforge.jnlp.security.SecurityUtil] Loading Keystore /Users/travisll/.config/icedtea-web/security/trusted.certs
[ITW-CORE][2023-01-15 08:41:58.937 CST][DEBUG][net.sourceforge.jnlp.security.KeystorePasswordAttempter] Operating Keystore /Users/travisll/.config/icedtea-web/security/trusted.certs
[ITW-CORE][2023-01-15 08:41:58.939 CST][DEBUG][net.sourceforge.jnlp.security.KeyStores] Keystore file /Applications/OpenWebStart/.install4j/jre.bundle/Contents/Home/lib/security/jssecacerts does not exists.
[ITW-CORE][2023-01-15 08:41:58.939 CST][DEBUG][net.sourceforge.jnlp.security.SecurityUtil] Loading Keystore Unknown
[ITW-CORE][2023-01-15 08:41:58.939 CST][DEBUG][net.sourceforge.jnlp.security.KeystorePasswordAttempter] Operating Keystore Unknown
[ITW-CORE][2023-01-15 08:41:58.940 CST][DEBUG][net.sourceforge.jnlp.security.KeyStores] Keystore file /Applications/OpenWebStart/.install4j/jre.bundle/Contents/Home/lib/security/cacerts exists.
[ITW-CORE][2023-01-15 08:41:58.940 CST][DEBUG][net.sourceforge.jnlp.security.SecurityUtil] Loading Keystore /Applications/OpenWebStart/.install4j/jre.bundle/Contents/Home/lib/security/cacerts
[ITW-CORE][2023-01-15 08:41:58.940 CST][DEBUG][net.sourceforge.jnlp.security.KeystorePasswordAttempter] Operating Keystore /Applications/OpenWebStart/.install4j/jre.bundle/Contents/Home/lib/security/cacerts
[ITW-CORE][2023-01-15 08:41:58.945 CST][DEBUG][net.sourceforge.jnlp.security.KeyStores] Keystore file /Users/travisll/.config/icedtea-web/security/trusted.jssecacerts exists.
[ITW-CORE][2023-01-15 08:41:58.945 CST][DEBUG][net.sourceforge.jnlp.security.SecurityUtil] Loading Keystore /Users/travisll/.config/icedtea-web/security/trusted.jssecacerts
[ITW-CORE][2023-01-15 08:41:58.945 CST][DEBUG][net.sourceforge.jnlp.security.KeystorePasswordAttempter] Operating Keystore /Users/travisll/.config/icedtea-web/security/trusted.jssecacerts
[ITW-CORE][2023-01-15 08:41:58.946 CST][DEBUG][net.sourceforge.jnlp.security.KeyStores] Keystore file /Users/travisll/.config/icedtea-web/security/trusted.cacerts exists.
[ITW-CORE][2023-01-15 08:41:58.946 CST][DEBUG][net.sourceforge.jnlp.security.SecurityUtil] Loading Keystore /Users/travisll/.config/icedtea-web/security/trusted.cacerts
[ITW-CORE][2023-01-15 08:41:58.946 CST][DEBUG][net.sourceforge.jnlp.security.KeystorePasswordAttempter] Operating Keystore /Users/travisll/.config/icedtea-web/security/trusted.cacerts
[ITW-CORE][2023-01-15 08:41:58.946 CST][DEBUG][net.sourceforge.jnlp.security.KeyStores] Keystore file /Applications/OpenWebStart/.install4j/jre.bundle/Contents/Home/lib/security/trusted.clientcerts does not exists.
[ITW-CORE][2023-01-15 08:41:58.946 CST][DEBUG][net.sourceforge.jnlp.security.SecurityUtil] Loading Keystore Unknown
[ITW-CORE][2023-01-15 08:41:58.946 CST][DEBUG][net.sourceforge.jnlp.security.KeystorePasswordAttempter] Operating Keystore Unknown
[ITW-CORE][2023-01-15 08:41:58.946 CST][DEBUG][net.sourceforge.jnlp.security.KeyStores] Keystore file /Users/travisll/.config/icedtea-web/security/trusted.clientcerts exists.
[ITW-CORE][2023-01-15 08:41:58.946 CST][DEBUG][net.sourceforge.jnlp.security.SecurityUtil] Loading Keystore /Users/travisll/.config/icedtea-web/security/trusted.clientcerts
[ITW-CORE][2023-01-15 08:41:58.946 CST][DEBUG][net.sourceforge.jnlp.security.KeystorePasswordAttempter] Operating Keystore /Users/travisll/.config/icedtea-web/security/trusted.clientcerts
[ITW-CORE][2023-01-15 08:41:58.947 CST][DEBUG][net.sourceforge.jnlp.runtime.JNLPRuntime] Start Proxy Selector
[ITW-CORE][2023-01-15 08:41:58.948 CST][DEBUG][com.openwebstart.proxy.WebStartProxySelector] Selected ProxyProvider : NONE 
[ITW-CORE][2023-01-15 08:41:58.948 CST][DEBUG][com.openwebstart.proxy.ProxyProviderType] Direct proxy created
[ITW-CORE][2023-01-15 08:41:58.948 CST][DEBUG][net.sourceforge.jnlp.runtime.JNLPRuntime] Finished Proxy Selector
[ITW-CORE][2023-01-15 08:41:58.949 CST][DEBUG][net.sourceforge.jnlp.runtime.JNLPRuntime] End JNLPRuntime.initialize()
[ITW-CORE][2023-01-15 08:41:58.949 CST][INFO ][net.sourceforge.jnlp.runtime.Boot] Proceeding with jnlp
[ITW-CORE][2023-01-15 08:41:58.952 CST][INFO ][net.sourceforge.jnlp.runtime.Boot] JNLP file location: /Applications/admin.jnlp
[ITW-CORE][2023-01-15 08:41:58.953 CST][DEBUG][net.adoptopenjdk.icedteaweb.resources.ResourceTracker] Create resource for 'file:/Applications/admin.jnlp'
[ITW-CORE][2023-01-15 08:41:58.959 CST][DEBUG][net.adoptopenjdk.icedteaweb.resources.ResourceHandler] Resource is not cacheable: admin.jnlp
[ITW-CORE][2023-01-15 08:41:58.960 CST][DEBUG][net.adoptopenjdk.icedteaweb.resources.ResourceTracker] Download done. Shutting down executor
[ITW-CORE][2023-01-15 08:41:58.962 CST][DEBUG][net.sourceforge.jnlp.JNLPFile] Parsing JNLP file
location: file:/Applications/admin.jnlp
codebase: null
content:
<?xml version="1.0" encoding="utf-8"?>
<jnlp spec="1.0+" codebase="https://isy.universal-devices.com/994i/5.3.4" href="admin.jnlp">
<information>
<title>ISY994 Administrative Console</title>
<vendor>Universal Devices, Inc.</vendor>
<description>Configuration Utility for ISY</description>
<homepage href="https://www.universal-devices.com"/>
<description kind="short">ISY Admin Console</description>
<shortcut online="true"><desktop/><menu submenu="ISY994 Series"/></shortcut>
<icon href="udlogo.png" kind="splash"/>
<icon href="isy.jpg" />
<offline-allowed/> 
</information>
<security><all-permissions/></security>
<update check="background" policy="always"/>
<resources>
<jar href="insteon.jar" download="eager"/>
<jar href="ce.jar" download="lazy"/>
<jar href="chart.jar" download="lazy"/>
<jar href="fp.jar" download="lazy"/>
<jar href="RXTX.jar" download="lazy"/>
<j2se version="1.8+" />
</resources>
<application-desc main-class="com.universaldevices.client.ui.UDClientApplet">
<argument>urn:udi-com:device:X_Insteon_Lighting_Device:1</argument>
</application-desc></jnlp>
[ITW-CORE][2023-01-15 08:41:58.966 CST][INFO ][net.adoptopenjdk.icedteaweb.xmlparser.MalformedXMLParser] Using MalformedXMLParser
[ITW-CORE][2023-01-15 08:41:59.200 CST][INFO ][net.sourceforge.jnlp.Parser] Homepage: https://www.universal-devices.com
[ITW-CORE][2023-01-15 08:41:59.200 CST][INFO ][net.sourceforge.jnlp.Parser] Description: Configuration Utility for ISY
[ITW-CORE][2023-01-15 08:41:59.200 CST][DEBUG][net.adoptopenjdk.icedteaweb.manifest.ManifestAttributesReader] Jars not ready to provide attribute Application-Name
[ITW-CORE][2023-01-15 08:41:59.200 CST][INFO ][net.sourceforge.jnlp.JNLPFile] Acceptable vendor tag found, contains: Universal Devices, Inc.
[ITW-CORE][2023-01-15 08:41:59.202 CST][INFO ][net.sourceforge.jnlp.Parser] good - your JRE - 1.8.0_345 - match requested JRE - 1.8+
[ITW-CORE][2023-01-15 08:41:59.204 CST][DEBUG][net.adoptopenjdk.icedteaweb.resources.ResourceTracker] Create resource for 'https://isy.universal-devices.com/994i/5.3.4/admin.jnlp'
[ITW-CORE][2023-01-15 08:41:59.207 CST][DEBUG][net.adoptopenjdk.icedteaweb.resources.ResourceHandler] Start processing resource: admin.jnlp
[ITW-CORE][2023-01-15 08:41:59.216 CST][INFO ][net.adoptopenjdk.icedteaweb.resources.cache.CacheImpl] isCached: CacheKey{location=https://isy.universal-devices.com/994i/5.3.4/admin.jnlp, version=null} = false
[ITW-CORE][2023-01-15 08:41:59.217 CST][DEBUG][net.adoptopenjdk.icedteaweb.resources.initializer.UnversionedResourceInitializer] Candidate URLs for [l=https://isy.universal-devices.com/994i/5.3.4/admin.jnlp v=null s=I]: [https://isy.universal-devices.com/994i/5.3.4/admin.jnlp]
[ITW-CORE][2023-01-15 08:41:59.218 CST][DEBUG][com.openwebstart.proxy.direct.DirectProxyProvider] Using NO_PROXY for https://isy.universal-devices.com/994i/5.3.4/admin.jnlp
[ITW-CORE][2023-01-15 08:41:59.218 CST][DEBUG][com.openwebstart.proxy.direct.DirectProxyProvider] Using NO_PROXY for socket://isy.universal-devices.com:443
[ITW-CORE][2023-01-15 08:41:59.721 CST][DEBUG][net.adoptopenjdk.icedteaweb.resources.initializer.UrlProber] URL connection 'https://isy.universal-devices.com/994i/5.3.4/admin.jnlp' header fields: {null=[HTTP/1.1 200 OK], X-Cache=[Miss from cloudfront], Alt-Svc=[h3=":443"; ma=86400], Server=[nginx/1.22.1], X-Amz-Cf-Pop=[SFO5-C1], Connection=[keep-alive], Last-Modified=[Thu, 08 Jul 2021 16:49:20 GMT], Date=[Sun, 15 Jan 2023 14:41:59 GMT], Via=[1.1 28663e5849ed20a9d037ca8066957990.cloudfront.net (CloudFront)], Accept-Ranges=[bytes], Strict-Transport-Security=[max-age=31536000; includeSubDomains; preload], ETag=["60e72c90-451"], X-Amz-Cf-Id=[IkBfV1Jiyt3HrIxpZrWyX3vqAPMB7WroWZ1uOKtc-cL1Zk5pSf1Now==], Content-Length=[1105], Content-Type=[application/x-java-jnlp-file]}
[ITW-CORE][2023-01-15 08:41:59.722 CST][DEBUG][net.adoptopenjdk.icedteaweb.resources.initializer.BaseResourceInitializer] Best url for [l=https://isy.universal-devices.com/994i/5.3.4/admin.jnlp v=null s=I] is https://isy.universal-devices.com/994i/5.3.4/admin.jnlp by HEAD
[ITW-CORE][2023-01-15 08:41:59.723 CST][DEBUG][net.adoptopenjdk.icedteaweb.resources.initializer.UnversionedResourceInitializer] Found best URL for [l=https://isy.universal-devices.com/994i/5.3.4/admin.jnlp v=null s=I]: url:https://isy.universal-devices.com/994i/5.3.4/admin.jnlp; responseCode:200; location: null; version: null; lastModified: 1625762960000; contentLength: 1105; 
[ITW-CORE][2023-01-15 08:41:59.728 CST][DEBUG][net.adoptopenjdk.icedteaweb.resources.downloader.BaseResourceDownloader] Will download in background: https://isy.universal-devices.com/994i/5.3.4/admin.jnlp
[ITW-CORE][2023-01-15 08:41:59.729 CST][DEBUG][com.openwebstart.proxy.direct.DirectProxyProvider] Using NO_PROXY for https://isy.universal-devices.com/994i/5.3.4/admin.jnlp
[ITW-CORE][2023-01-15 08:41:59.787 CST][INFO ][net.adoptopenjdk.icedteaweb.resources.cache.CacheImpl] isCached: CacheKey{location=https://isy.universal-devices.com/994i/5.3.4/admin.jnlp, version=null} = false
[ITW-CORE][2023-01-15 08:41:59.788 CST][DEBUG][net.adoptopenjdk.icedteaweb.resources.downloader.StreamUnpacker] Will use no compression-unpacker for 'https://isy.universal-devices.com/994i/5.3.4/admin.jnlp'
[ITW-CORE][2023-01-15 08:41:59.788 CST][DEBUG][net.adoptopenjdk.icedteaweb.resources.downloader.StreamUnpacker] Will use no content-unpacker for 'https://isy.universal-devices.com/994i/5.3.4/admin.jnlp'
[ITW-CORE][2023-01-15 08:41:59.794 CST][DEBUG][net.adoptopenjdk.icedteaweb.resources.cache.CacheImpl] Downloading file: https://isy.universal-devices.com/994i/5.3.4/admin.jnlp into: /Users/travisll/.cache/icedtea-web/cache/0/12/admin.jnlp
[ITW-CORE][2023-01-15 08:41:59.796 CST][DEBUG][net.adoptopenjdk.icedteaweb.resources.ResourceTracker] Download done. Shutting down executor
[ITW-CORE][2023-01-15 08:41:59.796 CST][DEBUG][net.sourceforge.jnlp.JNLPFile] Parsing JNLP file
location: https://isy.universal-devices.com/994i/5.3.4/admin.jnlp
codebase: null
content:
<?xml version="1.0" encoding="utf-8"?>
<jnlp spec="1.0+" codebase="https://isy.universal-devices.com/994i/5.3.4" href="admin.jnlp">
<information>
<title>ISY994 Administrative Console</title>
<vendor>Universal Devices, Inc.</vendor>
<description>Configuration Utility for ISY</description>
<homepage href="https://www.universal-devices.com"/>
<description kind="short">ISY Admin Console</description>
<shortcut online="true"><desktop/><menu submenu="ISY994 Series"/></shortcut>
<icon href="udlogo.png" kind="splash"/>
<icon href="isy.jpg" />
<offline-allowed/> 
</information>
<security><all-permissions/></security>
<update check="background" policy="always"/>
<resources>
<jar href="insteon.jar" download="eager"/>
<jar href="ce.jar" download="lazy"/>
<jar href="chart.jar" download="lazy"/>
<jar href="fp.jar" download="lazy"/>
<jar href="RXTX.jar" download="lazy"/>
<j2se version="1.8+" />
</resources>
<application-desc main-class="com.universaldevices.client.ui.UDClientApplet">
<argument>urn:udi-com:device:X_Insteon_Lighting_Device:1</argument>
</application-desc></jnlp>
[ITW-CORE][2023-01-15 08:41:59.797 CST][INFO ][net.adoptopenjdk.icedteaweb.xmlparser.MalformedXMLParser] Using MalformedXMLParser
[ITW-CORE][2023-01-15 08:41:59.799 CST][INFO ][net.sourceforge.jnlp.Parser] Homepage: https://www.universal-devices.com
[ITW-CORE][2023-01-15 08:41:59.799 CST][INFO ][net.sourceforge.jnlp.Parser] Description: Configuration Utility for ISY
[ITW-CORE][2023-01-15 08:41:59.799 CST][DEBUG][net.adoptopenjdk.icedteaweb.manifest.ManifestAttributesReader] Jars not ready to provide attribute Application-Name
[ITW-CORE][2023-01-15 08:41:59.799 CST][INFO ][net.sourceforge.jnlp.JNLPFile] Acceptable vendor tag found, contains: Universal Devices, Inc.
[ITW-CORE][2023-01-15 08:41:59.800 CST][INFO ][net.sourceforge.jnlp.Parser] good - your JRE - 1.8.0_345 - match requested JRE - 1.8+
[ITW-CORE][2023-01-15 08:41:59.800 CST][DEBUG][net.sourceforge.jnlp.runtime.JNLPRuntime] Acquired shared lock on /var/folders/qv/zd44h42s6h5fj4q235rr1_3wzgxmhk/T/travisll/netx/locks/netx_running to indicate javaws is running
[ITW-CORE][2023-01-15 08:41:59.801 CST][DEBUG][net.adoptopenjdk.icedteaweb.manifest.ManifestAttributesReader] Jars not ready to provide attribute Application-Name
[ITW-CORE][2023-01-15 08:41:59.801 CST][DEBUG][net.adoptopenjdk.icedteaweb.manifest.ManifestAttributesReader] Jars not ready to provide attribute Application-Name
[ITW-CORE][2023-01-15 08:41:59.802 CST][DEBUG][net.sourceforge.jnlp.Launcher] Launching Application
[ITW-CORE][2023-01-15 08:41:59.802 CST][DEBUG][net.sourceforge.jnlp.services.ServiceUtil] call privileged method: checkSingleInstanceRunning
[ITW-CORE][2023-01-15 08:41:59.803 CST][DEBUG][net.sourceforge.jnlp.services.ServiceUtil] arg: net.sourceforge.jnlp.JNLPFile@53078a71
[ITW-CORE][2023-01-15 08:41:59.803 CST][DEBUG][net.sourceforge.jnlp.services.ServiceUtil] result: null
[ITW-CORE][2023-01-15 08:41:59.807 CST][DEBUG][com.openwebstart.jvm.LocalRuntimeManager] Loading runtime cache from filesystem
[ITW-CORE][2023-01-15 08:41:59.809 CST][DEBUG][com.openwebstart.jvm.LocalRuntimeManager] Clearing runtime cache
[ITW-CORE][2023-01-15 08:41:59.843 CST][DEBUG][com.openwebstart.jvm.JavaRuntimeSelector] requested: JRE with version string '1.8+' and vendor '*', require 32 bit = false, from null
[ITW-CORE][2023-01-15 08:41:59.843 CST][DEBUG][com.openwebstart.jvm.JavaRuntimeSelector] Trying to find local Java runtime. Requested version: '1.8+', vendor: '*', os: 'MACARM64'
[ITW-CORE][2023-01-15 08:41:59.843 CST][DEBUG][com.openwebstart.jvm.LocalRuntimeManager] Trying to find local Java runtime. Requested version: '1.8+' Requested vendor: '*' requested os: 'MACARM64' active: 'true'
[ITW-CORE][2023-01-15 08:41:59.847 CST][DEBUG][com.openwebstart.jvm.JavaRuntimeSelector] Local runtime JavaRuntime{version=17.0.5, vendor=Eclipse Adoptium, operationSystem=MACARM64} found but remote endpoint is checked for newer versions
[ITW-CORE][2023-01-15 08:41:59.847 CST][DEBUG][com.openwebstart.jvm.RemoteRuntimeManager] Trying to find remote Java runtime. Requested version: '1.8+' Requested vendor: '*' requested os: 'MACARM64'
[ITW-CORE][2023-01-15 08:41:59.847 CST][DEBUG][com.openwebstart.jvm.RemoteRuntimeManager] Endpoint to request for Java runtimes: https://download-openwebstart.com/jvms.json
[ITW-CORE][2023-01-15 08:41:59.849 CST][DEBUG][com.openwebstart.proxy.direct.DirectProxyProvider] Using NO_PROXY for https://download-openwebstart.com/jvms.json
[ITW-CORE][2023-01-15 08:41:59.849 CST][DEBUG][com.openwebstart.proxy.direct.DirectProxyProvider] Using NO_PROXY for socket://download-openwebstart.com:443
[ITW-CORE][2023-01-15 08:42:00.503 CST][DEBUG][com.openwebstart.jvm.RemoteRuntimeManager] Received 50 possible runtime definitions from server
[ITW-CORE][2023-01-15 08:42:00.509 CST][DEBUG][com.openwebstart.jvm.JavaRuntimeSelector] No newer version was installed
[ITW-CORE][2023-01-15 08:42:00.509 CST][DEBUG][com.openwebstart.launcher.OwsJvmLauncher] Found JVM JavaRuntime{version=17.0.5, vendor=Eclipse Adoptium, operationSystem=MACARM64}
[ITW-CORE][2023-01-15 08:42:00.509 CST][INFO ][com.openwebstart.launcher.OwsJvmLauncher] using java runtime at '/Users/travisll/.cache/icedtea-web/jvm-cache/adoptium_17.0.5_aarch64' for launching managed application
[ITW-CORE][2023-01-15 08:42:00.518 CST][DEBUG][com.openwebstart.jvm.LocalRuntimeManager] Replacing runtime definition with new one
[ITW-CORE][2023-01-15 08:42:00.518 CST][DEBUG][com.openwebstart.jvm.LocalRuntimeManager] Saving runtime cache to filesystem
[ITW-CORE][2023-01-15 08:42:00.523 CST][INFO ][com.openwebstart.launcher.OwsJvmLauncher] About to launch process with command:
/Users/travisll/.cache/icedtea-web/jvm-cache/adoptium_17.0.5_aarch64/bin/java -Xbootclasspath/a:/Applications/OpenWebStart/openwebstart.jar --add-exports=java.base/sun.net.www.protocol.jar=ALL-UNNAMED,java.desktop --add-exports=java.base/jdk.internal.util.jar=ALL-UNNAMED,java.desktop --add-exports=java.base/com.sun.net.ssl.internal.ssl=ALL-UNNAMED,java.desktop --add-reads=java.naming=ALL-UNNAMED,java.desktop --add-exports=java.desktop/sun.awt.X11=ALL-UNNAMED,java.desktop --add-exports=java.desktop/sun.applet=ALL-UNNAMED,java.desktop,jdk.jsobject --add-exports=java.base/sun.security.action=ALL-UNNAMED,java.desktop --add-reads=java.base=ALL-UNNAMED,java.desktop --add-exports=java.base/sun.net.www.protocol.http=ALL-UNNAMED,java.desktop --add-exports=java.naming/com.sun.jndi.toolkit.url=ALL-UNNAMED,java.desktop --add-exports=java.base/sun.security.util=ALL-UNNAMED,java.desktop --add-reads=java.desktop=ALL-UNNAMED,java.naming --add-exports=java.desktop/sun.awt=ALL-UNNAMED,java.desktop --add-exports=java.base/sun.security.x509=ALL-UNNAMED,java.desktop --add-exports=java.desktop/javax.jnlp=ALL-UNNAMED,java.desktop --add-exports=java.base/sun.security.provider=ALL-UNNAMED,java.desktop --add-exports=java.base/sun.security.validator=ALL-UNNAMED,java.desktop net.sourceforge.jnlp.runtime.Boot -Xnofork /Applications/admin.jnlp
[ITW-CORE][2023-01-15 08:42:38.970 CST][DEBUG][net.sourceforge.jnlp.runtime.Boot] Exiting Boot.mainWithReturnCode() with 0
[ITW-CORE][2023-01-15 08:42:38.971 CST][DEBUG][net.sourceforge.jnlp.runtime.JNLPRuntime] Releasing shared lock on /var/folders/qv/zd44h42s6h5fj4q235rr1_3wzgxmhk/T/travisll/netx/locks/netx_running
[ITW-CORE][2023-01-15 08:42:38.971 CST][INFO ][net.sourceforge.jnlp.util.logging.OutputController] Increase polling interval for shutdown phase
[ITW-CORE][2023-01-15 08:42:38.971 CST][DEBUG][net.sourceforge.jnlp.runtime.JNLPRuntime] Closing channel
[ITW-CORE][2023-01-15 08:42:38.971 CST][DEBUG][net.sourceforge.jnlp.runtime.JNLPRuntime] Releasing done
[ITW-CORE][2023-01-15 08:42:38.971 CST][DEBUG][net.adoptopenjdk.icedteaweb.resources.cache.CacheImpl] preparing to cleanup the cache
[ITW-CORE][2023-01-15 08:42:38.976 CST][INFO ][net.adoptopenjdk.icedteaweb.resources.cache.CacheImpl] No other instances of javaws are running
[ITW-CORE][2023-01-15 08:42:38.976 CST][DEBUG][net.adoptopenjdk.icedteaweb.resources.cache.CacheImpl] cleanup cache
[ITW-CORE][2023-01-15 08:42:38.977 CST][DEBUG][net.adoptopenjdk.icedteaweb.resources.cache.CacheImpl] start cleaning the cache
[ITW-CORE][2023-01-15 08:42:38.986 CST][DEBUG][net.adoptopenjdk.icedteaweb.resources.cache.CacheImpl] done cleaning the cache
